ARM GAS  C:\Users\filip\AppData\Local\Temp\ccxofwAd.s 			page 1


   1              		.syntax unified
   2              		.cpu cortex-m3
   3              		.fpu softvfp
   4              		.eabi_attribute 20, 1
   5              		.eabi_attribute 21, 1
   6              		.eabi_attribute 23, 3
   7              		.eabi_attribute 24, 1
   8              		.eabi_attribute 25, 1
   9              		.eabi_attribute 26, 1
  10              		.eabi_attribute 30, 1
  11              		.eabi_attribute 34, 1
  12              		.eabi_attribute 18, 4
  13              		.thumb
  14              		.syntax unified
  15              		.file	"bsp.c"
  16              		.text
  17              	.Ltext0:
  18              		.cfi_sections	.debug_frame
  19              		.section	.text.BSP_PreInit,"ax",%progbits
  20              		.align	2
  21              		.global	BSP_PreInit
  22              		.thumb
  23              		.thumb_func
  24              		.type	BSP_PreInit, %function
  25              	BSP_PreInit:
  26              	.LFB1:
  27              		.file 1 "BSP\\bsp.c"
   1:BSP/bsp.c     **** /*
   2:BSP/bsp.c     **** ***************************************************************************************************
   3:BSP/bsp.c     **** *                                     MICIRUM BOARD SUPPORT PACKAGE
   4:BSP/bsp.c     **** *
   5:BSP/bsp.c     **** *                             (c) Copyright 2012; Micrium, Inc.; Weston, FL
   6:BSP/bsp.c     **** *
   7:BSP/bsp.c     **** *               All rights reserved.  Protected by international copyright laws.
   8:BSP/bsp.c     **** *               Knowledge of the source code may NOT be used to develop a similar product.
   9:BSP/bsp.c     **** *               Please help us continue to provide the Embedded community with the finest
  10:BSP/bsp.c     **** *               software available.  Your honesty is greatly appreciated.
  11:BSP/bsp.c     **** ***************************************************************************************************
  12:BSP/bsp.c     **** */
  13:BSP/bsp.c     **** 
  14:BSP/bsp.c     **** /*
  15:BSP/bsp.c     **** ***************************************************************************************************
  16:BSP/bsp.c     **** *
  17:BSP/bsp.c     **** *                                        BOARD SUPPORT PACKAGE
  18:BSP/bsp.c     **** *
  19:BSP/bsp.c     **** *                                           CYPRESS PSoC5
  20:BSP/bsp.c     **** *                                              with the
  21:BSP/bsp.c     **** *                                     CY8CKIT-050 Development Kit
  22:BSP/bsp.c     **** *
  23:BSP/bsp.c     **** * Filename      : bsp.c
  24:BSP/bsp.c     **** * Version       : V1.01
  25:BSP/bsp.c     **** * Programmer(s) : Filip Wagner
  26:BSP/bsp.c     **** ***************************************************************************************************
  27:BSP/bsp.c     **** */
  28:BSP/bsp.c     **** 
  29:BSP/bsp.c     **** /*
  30:BSP/bsp.c     **** ***************************************************************************************************
ARM GAS  C:\Users\filip\AppData\Local\Temp\ccxofwAd.s 			page 2


  31:BSP/bsp.c     **** *                                             INCLUDE FILES
  32:BSP/bsp.c     **** ***************************************************************************************************
  33:BSP/bsp.c     **** */
  34:BSP/bsp.c     **** 
  35:BSP/bsp.c     **** #include <cyapicallbacks.h>
  36:BSP/bsp.c     **** 
  37:BSP/bsp.c     **** #define  BSP_MODULE
  38:BSP/bsp.c     **** #include <bsp.h>
  39:BSP/bsp.c     **** #include <bsp_psoc.h>
  40:BSP/bsp.c     **** 
  41:BSP/bsp.c     **** #include <bsp_uart.h>
  42:BSP/bsp.c     **** #include <bsp_gpio.h>
  43:BSP/bsp.c     **** 
  44:BSP/bsp.c     **** 
  45:BSP/bsp.c     **** /*
  46:BSP/bsp.c     **** ***************************************************************************************************
  47:BSP/bsp.c     **** *                                            LOCAL DEFINES
  48:BSP/bsp.c     **** ***************************************************************************************************
  49:BSP/bsp.c     **** */
  50:BSP/bsp.c     **** 
  51:BSP/bsp.c     **** 
  52:BSP/bsp.c     **** /*
  53:BSP/bsp.c     **** ***************************************************************************************************
  54:BSP/bsp.c     **** *                                           LOCAL CONSTANTS
  55:BSP/bsp.c     **** ***************************************************************************************************
  56:BSP/bsp.c     **** */
  57:BSP/bsp.c     ****                                                                   
  58:BSP/bsp.c     **** 
  59:BSP/bsp.c     **** /*
  60:BSP/bsp.c     **** ***************************************************************************************************
  61:BSP/bsp.c     **** *                                          LOCAL DATA TYPES
  62:BSP/bsp.c     **** ***************************************************************************************************
  63:BSP/bsp.c     **** */
  64:BSP/bsp.c     **** 
  65:BSP/bsp.c     **** 
  66:BSP/bsp.c     **** /*
  67:BSP/bsp.c     **** ***************************************************************************************************
  68:BSP/bsp.c     **** *                                            LOCAL TABLES
  69:BSP/bsp.c     **** ***************************************************************************************************
  70:BSP/bsp.c     **** */
  71:BSP/bsp.c     **** 
  72:BSP/bsp.c     **** 
  73:BSP/bsp.c     **** /*
  74:BSP/bsp.c     **** ***************************************************************************************************
  75:BSP/bsp.c     **** *                                       LOCAL GLOBAL VARIABLES
  76:BSP/bsp.c     **** ***************************************************************************************************
  77:BSP/bsp.c     **** */
  78:BSP/bsp.c     **** 
  79:BSP/bsp.c     **** 
  80:BSP/bsp.c     **** /*
  81:BSP/bsp.c     **** ***************************************************************************************************
  82:BSP/bsp.c     **** *                                      LOCAL FUNCTION PROTOTYPES
  83:BSP/bsp.c     **** ***************************************************************************************************
  84:BSP/bsp.c     **** */
  85:BSP/bsp.c     **** 
  86:BSP/bsp.c     **** 
  87:BSP/bsp.c     **** /*
ARM GAS  C:\Users\filip\AppData\Local\Temp\ccxofwAd.s 			page 3


  88:BSP/bsp.c     **** ***************************************************************************************************
  89:BSP/bsp.c     **** *                                            REGISTER BITS
  90:BSP/bsp.c     **** ***************************************************************************************************
  91:BSP/bsp.c     **** */
  92:BSP/bsp.c     **** 
  93:BSP/bsp.c     **** 
  94:BSP/bsp.c     **** /*
  95:BSP/bsp.c     **** ***************************************************************************************************
  96:BSP/bsp.c     **** *                                     LOCAL CONFIGURATION ERRORS
  97:BSP/bsp.c     **** ***************************************************************************************************
  98:BSP/bsp.c     **** */
  99:BSP/bsp.c     **** 
 100:BSP/bsp.c     **** 
 101:BSP/bsp.c     **** /*
 102:BSP/bsp.c     **** ***************************************************************************************************
 103:BSP/bsp.c     **** *                                             BSP_PreInit()
 104:BSP/bsp.c     **** *
 105:BSP/bsp.c     **** * Description : Board support package pre-initialization funtion.
 106:BSP/bsp.c     **** *
 107:BSP/bsp.c     **** * Argument(s) : none.
 108:BSP/bsp.c     **** *
 109:BSP/bsp.c     **** * Return(s)   : none.
 110:BSP/bsp.c     **** *
 111:BSP/bsp.c     **** * Caller(s)   : Application.
 112:BSP/bsp.c     **** *
 113:BSP/bsp.c     **** * Note(s)     : (1) This funtion initializes peripherals required before the OS is initialized (e.g
 114:BSP/bsp.c     **** *                   external memory.
 115:BSP/bsp.c     **** ***************************************************************************************************
 116:BSP/bsp.c     **** */
 117:BSP/bsp.c     **** 
 118:BSP/bsp.c     **** 
 119:BSP/bsp.c     **** void BSP_PreInit (void)
 120:BSP/bsp.c     **** {
  28              		.loc 1 120 0
  29              		.cfi_startproc
  30              		@ args = 0, pretend = 0, frame = 0
  31              		@ frame_needed = 0, uses_anonymous_args = 0
  32              		@ link register save eliminated.
 121:BSP/bsp.c     ****     CPU_INT32U  reg_val;
 122:BSP/bsp.c     ****     CPU_INT32U *p_vect_tbl;
 123:BSP/bsp.c     ****     
 124:BSP/bsp.c     ****     
 125:BSP/bsp.c     ****     reg_val = CPU_REG_NVIC_VTOR;                                   /* Get the NVIC offset table    
  33              		.loc 1 125 0
  34 0000 044B     		ldr	r3, .L2
  35 0002 1B68     		ldr	r3, [r3]
  36              	.LVL0:
 126:BSP/bsp.c     ****     DEF_BIT_CLR(reg_val, DEF_BIT_29);                              /* Clear the TBLBASE bit        
  37              		.loc 1 126 0
  38 0004 23F00053 		bic	r3, r3, #536870912
  39              	.LVL1:
 127:BSP/bsp.c     ****     
 128:BSP/bsp.c     ****      
 129:BSP/bsp.c     ****     p_vect_tbl                  = (CPU_INT32U *)reg_val;           
 130:BSP/bsp.c     ****                                                                    /* Install the PendSV & Systick 
 131:BSP/bsp.c     ****     p_vect_tbl[CPU_INT_PENDSV]  = (CPU_INT32U  )OS_CPU_PendSVHandler;
  40              		.loc 1 131 0
ARM GAS  C:\Users\filip\AppData\Local\Temp\ccxofwAd.s 			page 4


  41 0008 034A     		ldr	r2, .L2+4
  42 000a 9A63     		str	r2, [r3, #56]
 132:BSP/bsp.c     ****     p_vect_tbl[CPU_INT_SYSTICK] = (CPU_INT32U  )OS_CPU_SysTickHandler;
  43              		.loc 1 132 0
  44 000c 034A     		ldr	r2, .L2+8
  45 000e DA63     		str	r2, [r3, #60]
  46 0010 7047     		bx	lr
  47              	.L3:
  48 0012 00BF     		.align	2
  49              	.L2:
  50 0014 08ED00E0 		.word	-536810232
  51 0018 00000000 		.word	OS_CPU_PendSVHandler
  52 001c 00000000 		.word	OS_CPU_SysTickHandler
  53              		.cfi_endproc
  54              	.LFE1:
  55              		.size	BSP_PreInit, .-BSP_PreInit
  56              		.section	.text.BSP_PostInit,"ax",%progbits
  57              		.align	2
  58              		.global	BSP_PostInit
  59              		.thumb
  60              		.thumb_func
  61              		.type	BSP_PostInit, %function
  62              	BSP_PostInit:
  63              	.LFB2:
 133:BSP/bsp.c     **** }
 134:BSP/bsp.c     **** 
 135:BSP/bsp.c     **** 
 136:BSP/bsp.c     **** /*
 137:BSP/bsp.c     **** ***************************************************************************************************
 138:BSP/bsp.c     **** *                                               BSP_PostInit()
 139:BSP/bsp.c     **** *
 140:BSP/bsp.c     **** * Description : Board Support Package Post initialization.
 141:BSP/bsp.c     **** *
 142:BSP/bsp.c     **** * Argument(s) : none.
 143:BSP/bsp.c     **** *
 144:BSP/bsp.c     **** * Return(s)   : none.
 145:BSP/bsp.c     **** *
 146:BSP/bsp.c     **** * Caller(s)   : Application.
 147:BSP/bsp.c     **** *
 148:BSP/bsp.c     **** * Note(s)     : (1) This funtion initilize peripherlas that requires the OS to be initialized.
 149:BSP/bsp.c     **** ***************************************************************************************************
 150:BSP/bsp.c     **** */
 151:BSP/bsp.c     **** 
 152:BSP/bsp.c     **** void  BSP_PostInit (void)
 153:BSP/bsp.c     **** {
  64              		.loc 1 153 0
  65              		.cfi_startproc
  66              		@ args = 0, pretend = 0, frame = 0
  67              		@ frame_needed = 0, uses_anonymous_args = 0
  68 0000 08B5     		push	{r3, lr}
  69              		.cfi_def_cfa_offset 8
  70              		.cfi_offset 3, -8
  71              		.cfi_offset 14, -4
 154:BSP/bsp.c     ****     init_gpio();
  72              		.loc 1 154 0
  73 0002 FFF7FEFF 		bl	init_gpio
  74              	.LVL2:
ARM GAS  C:\Users\filip\AppData\Local\Temp\ccxofwAd.s 			page 5


 155:BSP/bsp.c     ****     init_uart();
  75              		.loc 1 155 0
  76 0006 FFF7FEFF 		bl	init_uart
  77              	.LVL3:
 156:BSP/bsp.c     ****     init_spi();
  78              		.loc 1 156 0
  79 000a FFF7FEFF 		bl	init_spi
  80              	.LVL4:
  81 000e 08BD     		pop	{r3, pc}
  82              		.cfi_endproc
  83              	.LFE2:
  84              		.size	BSP_PostInit, .-BSP_PostInit
  85              		.section	.text.BSP_CPU_ClkFreq,"ax",%progbits
  86              		.align	2
  87              		.global	BSP_CPU_ClkFreq
  88              		.thumb
  89              		.thumb_func
  90              		.type	BSP_CPU_ClkFreq, %function
  91              	BSP_CPU_ClkFreq:
  92              	.LFB4:
 157:BSP/bsp.c     **** }
 158:BSP/bsp.c     **** 
 159:BSP/bsp.c     **** 
 160:BSP/bsp.c     **** /*
 161:BSP/bsp.c     **** ***************************************************************************************************
 162:BSP/bsp.c     **** *                                       BSP_CPU_TickInit()
 163:BSP/bsp.c     **** *
 164:BSP/bsp.c     **** * Description : This function reads CPU registers to determine the CPU clock frequency of the chip 
 165:BSP/bsp.c     **** *
 166:BSP/bsp.c     **** * Argument(s) : none.
 167:BSP/bsp.c     **** *
 168:BSP/bsp.c     **** * Return(s)   : none.
 169:BSP/bsp.c     **** *
 170:BSP/bsp.c     **** * Caller(s)   : Application.
 171:BSP/bsp.c     **** *
 172:BSP/bsp.c     **** * Note(s)     : none.
 173:BSP/bsp.c     **** ***************************************************************************************************
 174:BSP/bsp.c     **** */
 175:BSP/bsp.c     **** void  BSP_CPU_TickInit  (void)
 176:BSP/bsp.c     **** {
 177:BSP/bsp.c     ****     CPU_INT32U   cpu_clk_freq;
 178:BSP/bsp.c     ****     CPU_INT32U   cnts;
 179:BSP/bsp.c     ****     
 180:BSP/bsp.c     ****     cpu_clk_freq = BSP_CPU_ClkFreq();                             /* Determine SysTick reference fr
 181:BSP/bsp.c     **** #if (OS_VERSION > 30000u)                                         /* Determine nbr SysTick incremen
 182:BSP/bsp.c     ****     cnts         = (cpu_clk_freq / OSCfg_TickRate_Hz);
 183:BSP/bsp.c     **** #else
 184:BSP/bsp.c     ****     cnts         = (cpu_clk_freq / OS_TICKS_PER_SEC);
 185:BSP/bsp.c     **** #endif
 186:BSP/bsp.c     ****     OS_CPU_SysTickInit(cnts);                                     /* Init uC/OS periodic time src (
 187:BSP/bsp.c     ****     
 188:BSP/bsp.c     **** }
 189:BSP/bsp.c     **** 
 190:BSP/bsp.c     **** /*
 191:BSP/bsp.c     **** ***************************************************************************************************
 192:BSP/bsp.c     **** *                                            BSP_CPU_ClkFreq()
 193:BSP/bsp.c     **** *
ARM GAS  C:\Users\filip\AppData\Local\Temp\ccxofwAd.s 			page 6


 194:BSP/bsp.c     **** * Description : Read CPU registers to determine the CPU clock frequency of the chip.
 195:BSP/bsp.c     **** *
 196:BSP/bsp.c     **** * Argument(s) : none.
 197:BSP/bsp.c     **** *
 198:BSP/bsp.c     **** * Return(s)   : The CPU clock frequency, in Hz.
 199:BSP/bsp.c     **** *
 200:BSP/bsp.c     **** * Caller(s)   : Application.
 201:BSP/bsp.c     **** *
 202:BSP/bsp.c     **** * Note(s)     : none.
 203:BSP/bsp.c     **** ***************************************************************************************************
 204:BSP/bsp.c     **** */
 205:BSP/bsp.c     **** 
 206:BSP/bsp.c     **** CPU_INT32U  BSP_CPU_ClkFreq (void)
 207:BSP/bsp.c     **** {
  93              		.loc 1 207 0
  94              		.cfi_startproc
  95              		@ args = 0, pretend = 0, frame = 0
  96              		@ frame_needed = 0, uses_anonymous_args = 0
  97              		@ link register save eliminated.
 208:BSP/bsp.c     ****     return ((CPU_INT32U)BSP_PSOC_CPU_FREQ);
 209:BSP/bsp.c     **** }
  98              		.loc 1 209 0
  99 0000 0048     		ldr	r0, .L7
 100 0002 7047     		bx	lr
 101              	.L8:
 102              		.align	2
 103              	.L7:
 104 0004 00366E01 		.word	24000000
 105              		.cfi_endproc
 106              	.LFE4:
 107              		.size	BSP_CPU_ClkFreq, .-BSP_CPU_ClkFreq
 108              		.section	.text.BSP_CPU_TickInit,"ax",%progbits
 109              		.align	2
 110              		.global	BSP_CPU_TickInit
 111              		.thumb
 112              		.thumb_func
 113              		.type	BSP_CPU_TickInit, %function
 114              	BSP_CPU_TickInit:
 115              	.LFB3:
 176:BSP/bsp.c     ****     CPU_INT32U   cpu_clk_freq;
 116              		.loc 1 176 0
 117              		.cfi_startproc
 118              		@ args = 0, pretend = 0, frame = 0
 119              		@ frame_needed = 0, uses_anonymous_args = 0
 120 0000 08B5     		push	{r3, lr}
 121              		.cfi_def_cfa_offset 8
 122              		.cfi_offset 3, -8
 123              		.cfi_offset 14, -4
 180:BSP/bsp.c     **** #if (OS_VERSION > 30000u)                                         /* Determine nbr SysTick incremen
 124              		.loc 1 180 0
 125 0002 FFF7FEFF 		bl	BSP_CPU_ClkFreq
 126              	.LVL5:
 182:BSP/bsp.c     **** #else
 127              		.loc 1 182 0
 128 0006 034B     		ldr	r3, .L11
 129 0008 1B68     		ldr	r3, [r3]
 130              	.LVL6:
ARM GAS  C:\Users\filip\AppData\Local\Temp\ccxofwAd.s 			page 7


 186:BSP/bsp.c     ****     
 131              		.loc 1 186 0
 132 000a B0FBF3F0 		udiv	r0, r0, r3
 133              	.LVL7:
 134 000e FFF7FEFF 		bl	OS_CPU_SysTickInit
 135              	.LVL8:
 136 0012 08BD     		pop	{r3, pc}
 137              	.L12:
 138              		.align	2
 139              	.L11:
 140 0014 00000000 		.word	OSCfg_TickRate_Hz
 141              		.cfi_endproc
 142              	.LFE3:
 143              		.size	BSP_CPU_TickInit, .-BSP_CPU_TickInit
 144              		.section	.text.BSP_STR_ISBLANC,"ax",%progbits
 145              		.align	2
 146              		.global	BSP_STR_ISBLANC
 147              		.thumb
 148              		.thumb_func
 149              		.type	BSP_STR_ISBLANC, %function
 150              	BSP_STR_ISBLANC:
 151              	.LFB5:
 210:BSP/bsp.c     **** 
 211:BSP/bsp.c     **** 
 212:BSP/bsp.c     **** /*
 213:BSP/bsp.c     **** ***************************************************************************************************
 214:BSP/bsp.c     **** ***************************************************************************************************
 215:BSP/bsp.c     **** *                                             STRING FUNCTIONS
 216:BSP/bsp.c     **** ***************************************************************************************************
 217:BSP/bsp.c     **** ***************************************************************************************************
 218:BSP/bsp.c     **** */
 219:BSP/bsp.c     **** 
 220:BSP/bsp.c     **** 
 221:BSP/bsp.c     **** /*
 222:BSP/bsp.c     **** ***************************************************************************************************
 223:BSP/bsp.c     **** *                                        BSP_STR_ISBLANC()
 224:BSP/bsp.c     **** *
 225:BSP/bsp.c     **** * Description : determinate if given string contains within the first p characters
 226:BSP/bsp.c     **** *               only blanc characters
 227:BSP/bsp.c     **** *
 228:BSP/bsp.c     **** * Argument(s) : s     the string
 229:BSP/bsp.c     **** *               p     number of characters
 230:BSP/bsp.c     **** *
 231:BSP/bsp.c     **** * Return(s)   : DEF_TRUE    If the first p characters contains only blanc character
 232:BSP/bsp.c     **** *               DEF_FALSE   If the first p characters contains a non blanc character
 233:BSP/bsp.c     **** *
 234:BSP/bsp.c     **** * Caller(s)   : application
 235:BSP/bsp.c     **** *
 236:BSP/bsp.c     **** * Note(s)     : none.
 237:BSP/bsp.c     **** ***************************************************************************************************
 238:BSP/bsp.c     **** */
 239:BSP/bsp.c     **** 
 240:BSP/bsp.c     **** CPU_BOOLEAN BSP_STR_ISBLANC(char s[], int p) {
 152              		.loc 1 240 0
 153              		.cfi_startproc
 154              		@ args = 0, pretend = 0, frame = 0
 155              		@ frame_needed = 0, uses_anonymous_args = 0
ARM GAS  C:\Users\filip\AppData\Local\Temp\ccxofwAd.s 			page 8


 156              		@ link register save eliminated.
 157              	.LVL9:
 158 0000 10B4     		push	{r4}
 159              		.cfi_def_cfa_offset 4
 160              		.cfi_offset 4, -4
 161              	.LVL10:
 241:BSP/bsp.c     ****   int i = 0;
 162              		.loc 1 241 0
 163 0002 0023     		movs	r3, #0
 242:BSP/bsp.c     ****   
 243:BSP/bsp.c     ****   while (i < p) {
 164              		.loc 1 243 0
 165 0004 10E0     		b	.L14
 166              	.LVL11:
 167              	.L17:
 168              	.LBB2:
 244:BSP/bsp.c     ****     if (!isblank(s[i])) {
 169              		.loc 1 244 0
 170 0006 C45C     		ldrb	r4, [r0, r3]	@ zero_extendqisi2
 171              	.LVL12:
 172 0008 0B4A     		ldr	r2, .L22
 173 000a 1268     		ldr	r2, [r2]
 174 000c 2244     		add	r2, r2, r4
 175 000e 92F90120 		ldrsb	r2, [r2, #1]
 176 0012 002A     		cmp	r2, #0
 177 0014 03DB     		blt	.L18
 178              		.loc 1 244 0 is_stmt 0 discriminator 2
 179 0016 092C     		cmp	r4, #9
 180 0018 03D1     		bne	.L19
 181              		.loc 1 244 0
 182 001a 0122     		movs	r2, #1
 183 001c 02E0     		b	.L15
 184              	.L18:
 185 001e 0122     		movs	r2, #1
 186 0020 00E0     		b	.L15
 187              	.L19:
 188 0022 0022     		movs	r2, #0
 189              	.L15:
 190              	.LBE2:
 191              		.loc 1 244 0 discriminator 6
 192 0024 22B1     		cbz	r2, .L20
 245:BSP/bsp.c     ****       return DEF_FALSE;
 246:BSP/bsp.c     ****     }
 247:BSP/bsp.c     ****     i++;
 193              		.loc 1 247 0 is_stmt 1
 194 0026 0133     		adds	r3, r3, #1
 195              	.LVL13:
 196              	.L14:
 243:BSP/bsp.c     ****     if (!isblank(s[i])) {
 197              		.loc 1 243 0
 198 0028 8B42     		cmp	r3, r1
 199 002a ECDB     		blt	.L17
 248:BSP/bsp.c     ****   }
 249:BSP/bsp.c     ****   return DEF_TRUE;
 200              		.loc 1 249 0
 201 002c 0120     		movs	r0, #1
 202              	.LVL14:
ARM GAS  C:\Users\filip\AppData\Local\Temp\ccxofwAd.s 			page 9


 203 002e 00E0     		b	.L16
 204              	.LVL15:
 205              	.L20:
 245:BSP/bsp.c     ****     }
 206              		.loc 1 245 0
 207 0030 0020     		movs	r0, #0
 208              	.LVL16:
 209              	.L16:
 250:BSP/bsp.c     **** }
 210              		.loc 1 250 0
 211 0032 10BC     		pop	{r4}
 212              		.cfi_restore 4
 213              		.cfi_def_cfa_offset 0
 214 0034 7047     		bx	lr
 215              	.L23:
 216 0036 00BF     		.align	2
 217              	.L22:
 218 0038 00000000 		.word	__ctype_ptr__
 219              		.cfi_endproc
 220              	.LFE5:
 221              		.size	BSP_STR_ISBLANC, .-BSP_STR_ISBLANC
 222              		.section	.text.BSP_STR_ISNUMBER,"ax",%progbits
 223              		.align	2
 224              		.global	BSP_STR_ISNUMBER
 225              		.thumb
 226              		.thumb_func
 227              		.type	BSP_STR_ISNUMBER, %function
 228              	BSP_STR_ISNUMBER:
 229              	.LFB6:
 251:BSP/bsp.c     **** 
 252:BSP/bsp.c     **** /*
 253:BSP/bsp.c     **** ***************************************************************************************************
 254:BSP/bsp.c     **** *                                  BSP_STR_ISNUMBER()
 255:BSP/bsp.c     **** *
 256:BSP/bsp.c     **** * Description : determinate if given string contains within the first p characters
 257:BSP/bsp.c     **** *               only numeric characters
 258:BSP/bsp.c     **** *
 259:BSP/bsp.c     **** * Argument(s) : s     the string
 260:BSP/bsp.c     **** *               p     number of characters
 261:BSP/bsp.c     **** *
 262:BSP/bsp.c     **** * Return(s)   : DEF_TRUE    If the first p characters contains only numeric character
 263:BSP/bsp.c     **** *               DEF_FALSE   If the first p characters contains a non numeric character
 264:BSP/bsp.c     **** *
 265:BSP/bsp.c     **** * Caller(s)   : application
 266:BSP/bsp.c     **** *
 267:BSP/bsp.c     **** * Note(s)     : none.
 268:BSP/bsp.c     **** ***************************************************************************************************
 269:BSP/bsp.c     **** */
 270:BSP/bsp.c     **** 
 271:BSP/bsp.c     **** CPU_BOOLEAN BSP_STR_ISNUMBER(char s[], int p)
 272:BSP/bsp.c     **** {
 230              		.loc 1 272 0
 231              		.cfi_startproc
 232              		@ args = 0, pretend = 0, frame = 0
 233              		@ frame_needed = 0, uses_anonymous_args = 0
 234              		@ link register save eliminated.
 235              	.LVL17:
ARM GAS  C:\Users\filip\AppData\Local\Temp\ccxofwAd.s 			page 10


 236 0000 10B4     		push	{r4}
 237              		.cfi_def_cfa_offset 4
 238              		.cfi_offset 4, -4
 239              	.LVL18:
 273:BSP/bsp.c     ****   int i = 0;
 240              		.loc 1 273 0
 241 0002 0023     		movs	r3, #0
 274:BSP/bsp.c     ****   
 275:BSP/bsp.c     ****   while (i < p) {
 242              		.loc 1 275 0
 243 0004 08E0     		b	.L25
 244              	.LVL19:
 245              	.L27:
 276:BSP/bsp.c     ****     if (isdigit(s[i]) == 0) {
 246              		.loc 1 276 0
 247 0006 C25C     		ldrb	r2, [r0, r3]	@ zero_extendqisi2
 248 0008 074C     		ldr	r4, .L30
 249 000a 2468     		ldr	r4, [r4]
 250 000c 2244     		add	r2, r2, r4
 251 000e 5278     		ldrb	r2, [r2, #1]	@ zero_extendqisi2
 252 0010 12F0040F 		tst	r2, #4
 253 0014 04D0     		beq	.L28
 277:BSP/bsp.c     ****       return DEF_FALSE;
 278:BSP/bsp.c     ****     }
 279:BSP/bsp.c     ****     i++;
 254              		.loc 1 279 0
 255 0016 0133     		adds	r3, r3, #1
 256              	.LVL20:
 257              	.L25:
 275:BSP/bsp.c     ****     if (isdigit(s[i]) == 0) {
 258              		.loc 1 275 0
 259 0018 8B42     		cmp	r3, r1
 260 001a F4DB     		blt	.L27
 280:BSP/bsp.c     ****   }
 281:BSP/bsp.c     ****   return DEF_TRUE;
 261              		.loc 1 281 0
 262 001c 0120     		movs	r0, #1
 263              	.LVL21:
 264 001e 00E0     		b	.L26
 265              	.LVL22:
 266              	.L28:
 277:BSP/bsp.c     ****     }
 267              		.loc 1 277 0
 268 0020 0020     		movs	r0, #0
 269              	.LVL23:
 270              	.L26:
 282:BSP/bsp.c     **** }
 271              		.loc 1 282 0
 272 0022 10BC     		pop	{r4}
 273              		.cfi_restore 4
 274              		.cfi_def_cfa_offset 0
 275 0024 7047     		bx	lr
 276              	.L31:
 277 0026 00BF     		.align	2
 278              	.L30:
 279 0028 00000000 		.word	__ctype_ptr__
 280              		.cfi_endproc
ARM GAS  C:\Users\filip\AppData\Local\Temp\ccxofwAd.s 			page 11


 281              	.LFE6:
 282              		.size	BSP_STR_ISNUMBER, .-BSP_STR_ISNUMBER
 283              		.text
 284              	.Letext0:
 285              		.file 2 ".\\uC-CPU\\ARM-Cortex-M3\\GNU/cpu.h"
 286              		.file 3 ".\\uCOS-III\\Source/os_type.h"
 287              		.file 4 ".\\uCOS-III\\Source/os.h"
 288              		.file 5 "c:\\program files (x86)\\cypress\\psoc creator\\4.2\\psoc creator\\import\\gnu\\arm\\5.4.
 289              		.file 6 "./bsp_gpio.h"
 290              		.file 7 "./bsp_uart.h"
 291              		.file 8 "./bsp_spi.h"
 292              		.file 9 ".\\uCOS-III\\Ports\\ARM-Cortex-M3\\Generic\\GNU/os_cpu.h"
 293              		.section	.debug_info,"",%progbits
 294              	.Ldebug_info0:
 295 0000 93020000 		.4byte	0x293
 296 0004 0400     		.2byte	0x4
 297 0006 00000000 		.4byte	.Ldebug_abbrev0
 298 000a 04       		.byte	0x4
 299 000b 01       		.uleb128 0x1
 300 000c B6000000 		.4byte	.LASF36
 301 0010 0C       		.byte	0xc
 302 0011 0C000000 		.4byte	.LASF37
 303 0015 28000000 		.4byte	.LASF38
 304 0019 00000000 		.4byte	.Ldebug_ranges0+0
 305 001d 00000000 		.4byte	0
 306 0021 00000000 		.4byte	.Ldebug_line0
 307 0025 02       		.uleb128 0x2
 308 0026 04       		.byte	0x4
 309 0027 07       		.byte	0x7
 310 0028 B6010000 		.4byte	.LASF0
 311 002c 02       		.uleb128 0x2
 312 002d 01       		.byte	0x1
 313 002e 08       		.byte	0x8
 314 002f 34020000 		.4byte	.LASF1
 315 0033 03       		.uleb128 0x3
 316 0034 DA010000 		.4byte	.LASF3
 317 0038 02       		.byte	0x2
 318 0039 77       		.byte	0x77
 319 003a 3E000000 		.4byte	0x3e
 320 003e 02       		.uleb128 0x2
 321 003f 01       		.byte	0x1
 322 0040 08       		.byte	0x8
 323 0041 A8000000 		.4byte	.LASF2
 324 0045 03       		.uleb128 0x3
 325 0046 70010000 		.4byte	.LASF4
 326 004a 02       		.byte	0x2
 327 004b 78       		.byte	0x78
 328 004c 3E000000 		.4byte	0x3e
 329 0050 02       		.uleb128 0x2
 330 0051 01       		.byte	0x1
 331 0052 06       		.byte	0x6
 332 0053 F0010000 		.4byte	.LASF5
 333 0057 03       		.uleb128 0x3
 334 0058 FC010000 		.4byte	.LASF6
 335 005c 02       		.byte	0x2
 336 005d 7A       		.byte	0x7a
 337 005e 62000000 		.4byte	0x62
ARM GAS  C:\Users\filip\AppData\Local\Temp\ccxofwAd.s 			page 12


 338 0062 02       		.uleb128 0x2
 339 0063 02       		.byte	0x2
 340 0064 07       		.byte	0x7
 341 0065 9E020000 		.4byte	.LASF7
 342 0069 02       		.uleb128 0x2
 343 006a 02       		.byte	0x2
 344 006b 05       		.byte	0x5
 345 006c 50020000 		.4byte	.LASF8
 346 0070 03       		.uleb128 0x3
 347 0071 9D000000 		.4byte	.LASF9
 348 0075 02       		.byte	0x2
 349 0076 7C       		.byte	0x7c
 350 0077 25000000 		.4byte	0x25
 351 007b 04       		.uleb128 0x4
 352 007c 04       		.byte	0x4
 353 007d 05       		.byte	0x5
 354 007e 696E7400 		.ascii	"int\000"
 355 0082 03       		.uleb128 0x3
 356 0083 4C010000 		.4byte	.LASF10
 357 0087 02       		.byte	0x2
 358 0088 7E       		.byte	0x7e
 359 0089 8D000000 		.4byte	0x8d
 360 008d 02       		.uleb128 0x2
 361 008e 08       		.byte	0x8
 362 008f 07       		.byte	0x7
 363 0090 C3010000 		.4byte	.LASF11
 364 0094 02       		.uleb128 0x2
 365 0095 08       		.byte	0x8
 366 0096 05       		.byte	0x5
 367 0097 26020000 		.4byte	.LASF12
 368 009b 02       		.uleb128 0x2
 369 009c 04       		.byte	0x4
 370 009d 04       		.byte	0x4
 371 009e 97000000 		.4byte	.LASF13
 372 00a2 02       		.uleb128 0x2
 373 00a3 08       		.byte	0x8
 374 00a4 04       		.byte	0x4
 375 00a5 79000000 		.4byte	.LASF14
 376 00a9 03       		.uleb128 0x3
 377 00aa 46020000 		.4byte	.LASF15
 378 00ae 02       		.byte	0x2
 379 00af 87       		.byte	0x87
 380 00b0 B4000000 		.4byte	0xb4
 381 00b4 05       		.uleb128 0x5
 382 00b5 70000000 		.4byte	0x70
 383 00b9 02       		.uleb128 0x2
 384 00ba 04       		.byte	0x4
 385 00bb 05       		.byte	0x5
 386 00bc 76020000 		.4byte	.LASF16
 387 00c0 02       		.uleb128 0x2
 388 00c1 04       		.byte	0x4
 389 00c2 07       		.byte	0x7
 390 00c3 94010000 		.4byte	.LASF17
 391 00c7 02       		.uleb128 0x2
 392 00c8 08       		.byte	0x8
 393 00c9 04       		.byte	0x4
 394 00ca 7F020000 		.4byte	.LASF18
ARM GAS  C:\Users\filip\AppData\Local\Temp\ccxofwAd.s 			page 13


 395 00ce 02       		.uleb128 0x2
 396 00cf 04       		.byte	0x4
 397 00d0 07       		.byte	0x7
 398 00d1 18020000 		.4byte	.LASF19
 399 00d5 06       		.uleb128 0x6
 400 00d6 04       		.byte	0x4
 401 00d7 2C000000 		.4byte	0x2c
 402 00db 06       		.uleb128 0x6
 403 00dc 04       		.byte	0x4
 404 00dd E1000000 		.4byte	0xe1
 405 00e1 07       		.uleb128 0x7
 406 00e2 2C000000 		.4byte	0x2c
 407 00e6 03       		.uleb128 0x3
 408 00e7 57010000 		.4byte	.LASF20
 409 00eb 03       		.byte	0x3
 410 00ec 4D       		.byte	0x4d
 411 00ed 70000000 		.4byte	0x70
 412 00f1 08       		.uleb128 0x8
 413 00f2 00000000 		.4byte	.LASF23
 414 00f6 01       		.byte	0x1
 415 00f7 77       		.byte	0x77
 416 00f8 00000000 		.4byte	.LFB1
 417 00fc 20000000 		.4byte	.LFE1-.LFB1
 418 0100 01       		.uleb128 0x1
 419 0101 9C       		.byte	0x9c
 420 0102 21010000 		.4byte	0x121
 421 0106 09       		.uleb128 0x9
 422 0107 44010000 		.4byte	.LASF21
 423 010b 01       		.byte	0x1
 424 010c 79       		.byte	0x79
 425 010d 70000000 		.4byte	0x70
 426 0111 01       		.uleb128 0x1
 427 0112 53       		.byte	0x53
 428 0113 09       		.uleb128 0x9
 429 0114 6B020000 		.4byte	.LASF22
 430 0118 01       		.byte	0x1
 431 0119 7A       		.byte	0x7a
 432 011a 21010000 		.4byte	0x121
 433 011e 01       		.uleb128 0x1
 434 011f 53       		.byte	0x53
 435 0120 00       		.byte	0
 436 0121 06       		.uleb128 0x6
 437 0122 04       		.byte	0x4
 438 0123 70000000 		.4byte	0x70
 439 0127 08       		.uleb128 0x8
 440 0128 39020000 		.4byte	.LASF24
 441 012c 01       		.byte	0x1
 442 012d 98       		.byte	0x98
 443 012e 00000000 		.4byte	.LFB2
 444 0132 10000000 		.4byte	.LFE2-.LFB2
 445 0136 01       		.uleb128 0x1
 446 0137 9C       		.byte	0x9c
 447 0138 58010000 		.4byte	0x158
 448 013c 0A       		.uleb128 0xa
 449 013d 06000000 		.4byte	.LVL2
 450 0141 6A020000 		.4byte	0x26a
 451 0145 0A       		.uleb128 0xa
ARM GAS  C:\Users\filip\AppData\Local\Temp\ccxofwAd.s 			page 14


 452 0146 0A000000 		.4byte	.LVL3
 453 014a 75020000 		.4byte	0x275
 454 014e 0A       		.uleb128 0xa
 455 014f 0E000000 		.4byte	.LVL4
 456 0153 80020000 		.4byte	0x280
 457 0157 00       		.byte	0
 458 0158 0B       		.uleb128 0xb
 459 0159 A6010000 		.4byte	.LASF39
 460 015d 01       		.byte	0x1
 461 015e CE       		.byte	0xce
 462 015f 70000000 		.4byte	0x70
 463 0163 00000000 		.4byte	.LFB4
 464 0167 08000000 		.4byte	.LFE4-.LFB4
 465 016b 01       		.uleb128 0x1
 466 016c 9C       		.byte	0x9c
 467 016d 08       		.uleb128 0x8
 468 016e 5A020000 		.4byte	.LASF25
 469 0172 01       		.byte	0x1
 470 0173 AF       		.byte	0xaf
 471 0174 00000000 		.4byte	.LFB3
 472 0178 18000000 		.4byte	.LFE3-.LFB3
 473 017c 01       		.uleb128 0x1
 474 017d 9C       		.byte	0x9c
 475 017e B3010000 		.4byte	0x1b3
 476 0182 0C       		.uleb128 0xc
 477 0183 8A000000 		.4byte	.LASF26
 478 0187 01       		.byte	0x1
 479 0188 B1       		.byte	0xb1
 480 0189 70000000 		.4byte	0x70
 481 018d 00000000 		.4byte	.LLST0
 482 0191 0C       		.uleb128 0xc
 483 0192 21020000 		.4byte	.LASF27
 484 0196 01       		.byte	0x1
 485 0197 B2       		.byte	0xb2
 486 0198 70000000 		.4byte	0x70
 487 019c 13000000 		.4byte	.LLST1
 488 01a0 0A       		.uleb128 0xa
 489 01a1 06000000 		.4byte	.LVL5
 490 01a5 58010000 		.4byte	0x158
 491 01a9 0A       		.uleb128 0xa
 492 01aa 12000000 		.4byte	.LVL8
 493 01ae 8B020000 		.4byte	0x28b
 494 01b2 00       		.byte	0
 495 01b3 0D       		.uleb128 0xd
 496 01b4 7B010000 		.4byte	.LASF28
 497 01b8 01       		.byte	0x1
 498 01b9 F0       		.byte	0xf0
 499 01ba 33000000 		.4byte	0x33
 500 01be 00000000 		.4byte	.LFB5
 501 01c2 3C000000 		.4byte	.LFE5-.LFB5
 502 01c6 01       		.uleb128 0x1
 503 01c7 9C       		.byte	0x9c
 504 01c8 0B020000 		.4byte	0x20b
 505 01cc 0E       		.uleb128 0xe
 506 01cd 7300     		.ascii	"s\000"
 507 01cf 01       		.byte	0x1
 508 01d0 F0       		.byte	0xf0
ARM GAS  C:\Users\filip\AppData\Local\Temp\ccxofwAd.s 			page 15


 509 01d1 D5000000 		.4byte	0xd5
 510 01d5 3C000000 		.4byte	.LLST2
 511 01d9 0F       		.uleb128 0xf
 512 01da 7000     		.ascii	"p\000"
 513 01dc 01       		.byte	0x1
 514 01dd F0       		.byte	0xf0
 515 01de 7B000000 		.4byte	0x7b
 516 01e2 01       		.uleb128 0x1
 517 01e3 51       		.byte	0x51
 518 01e4 10       		.uleb128 0x10
 519 01e5 6900     		.ascii	"i\000"
 520 01e7 01       		.byte	0x1
 521 01e8 F1       		.byte	0xf1
 522 01e9 7B000000 		.4byte	0x7b
 523 01ed 76000000 		.4byte	.LLST3
 524 01f1 11       		.uleb128 0x11
 525 01f2 06000000 		.4byte	.LBB2
 526 01f6 1E000000 		.4byte	.LBE2-.LBB2
 527 01fa 10       		.uleb128 0x10
 528 01fb 5F5F7800 		.ascii	"__x\000"
 529 01ff 01       		.byte	0x1
 530 0200 F4       		.byte	0xf4
 531 0201 2C000000 		.4byte	0x2c
 532 0205 95000000 		.4byte	.LLST4
 533 0209 00       		.byte	0
 534 020a 00       		.byte	0
 535 020b 12       		.uleb128 0x12
 536 020c 07020000 		.4byte	.LASF29
 537 0210 01       		.byte	0x1
 538 0211 0F01     		.2byte	0x10f
 539 0213 33000000 		.4byte	0x33
 540 0217 00000000 		.4byte	.LFB6
 541 021b 2C000000 		.4byte	.LFE6-.LFB6
 542 021f 01       		.uleb128 0x1
 543 0220 9C       		.byte	0x9c
 544 0221 4E020000 		.4byte	0x24e
 545 0225 13       		.uleb128 0x13
 546 0226 7300     		.ascii	"s\000"
 547 0228 01       		.byte	0x1
 548 0229 0F01     		.2byte	0x10f
 549 022b D5000000 		.4byte	0xd5
 550 022f B3000000 		.4byte	.LLST5
 551 0233 14       		.uleb128 0x14
 552 0234 7000     		.ascii	"p\000"
 553 0236 01       		.byte	0x1
 554 0237 0F01     		.2byte	0x10f
 555 0239 7B000000 		.4byte	0x7b
 556 023d 01       		.uleb128 0x1
 557 023e 51       		.byte	0x51
 558 023f 15       		.uleb128 0x15
 559 0240 6900     		.ascii	"i\000"
 560 0242 01       		.byte	0x1
 561 0243 1101     		.2byte	0x111
 562 0245 7B000000 		.4byte	0x7b
 563 0249 ED000000 		.4byte	.LLST6
 564 024d 00       		.byte	0
 565 024e 16       		.uleb128 0x16
ARM GAS  C:\Users\filip\AppData\Local\Temp\ccxofwAd.s 			page 16


 566 024f 16000000 		.4byte	.LASF30
 567 0253 04       		.byte	0x4
 568 0254 0F05     		.2byte	0x50f
 569 0256 5A020000 		.4byte	0x25a
 570 025a 07       		.uleb128 0x7
 571 025b E6000000 		.4byte	0xe6
 572 025f 17       		.uleb128 0x17
 573 0260 62010000 		.4byte	.LASF31
 574 0264 05       		.byte	0x5
 575 0265 2E       		.byte	0x2e
 576 0266 DB000000 		.4byte	0xdb
 577 026a 18       		.uleb128 0x18
 578 026b E6010000 		.4byte	.LASF32
 579 026f E6010000 		.4byte	.LASF32
 580 0273 06       		.byte	0x6
 581 0274 1F       		.byte	0x1f
 582 0275 18       		.uleb128 0x18
 583 0276 80000000 		.4byte	.LASF33
 584 027a 80000000 		.4byte	.LASF33
 585 027e 07       		.byte	0x7
 586 027f 13       		.byte	0x13
 587 0280 18       		.uleb128 0x18
 588 0281 8B010000 		.4byte	.LASF34
 589 0285 8B010000 		.4byte	.LASF34
 590 0289 08       		.byte	0x8
 591 028a 11       		.byte	0x11
 592 028b 18       		.uleb128 0x18
 593 028c 8B020000 		.4byte	.LASF35
 594 0290 8B020000 		.4byte	.LASF35
 595 0294 09       		.byte	0x9
 596 0295 89       		.byte	0x89
 597 0296 00       		.byte	0
 598              		.section	.debug_abbrev,"",%progbits
 599              	.Ldebug_abbrev0:
 600 0000 01       		.uleb128 0x1
 601 0001 11       		.uleb128 0x11
 602 0002 01       		.byte	0x1
 603 0003 25       		.uleb128 0x25
 604 0004 0E       		.uleb128 0xe
 605 0005 13       		.uleb128 0x13
 606 0006 0B       		.uleb128 0xb
 607 0007 03       		.uleb128 0x3
 608 0008 0E       		.uleb128 0xe
 609 0009 1B       		.uleb128 0x1b
 610 000a 0E       		.uleb128 0xe
 611 000b 55       		.uleb128 0x55
 612 000c 17       		.uleb128 0x17
 613 000d 11       		.uleb128 0x11
 614 000e 01       		.uleb128 0x1
 615 000f 10       		.uleb128 0x10
 616 0010 17       		.uleb128 0x17
 617 0011 00       		.byte	0
 618 0012 00       		.byte	0
 619 0013 02       		.uleb128 0x2
 620 0014 24       		.uleb128 0x24
 621 0015 00       		.byte	0
 622 0016 0B       		.uleb128 0xb
ARM GAS  C:\Users\filip\AppData\Local\Temp\ccxofwAd.s 			page 17


 623 0017 0B       		.uleb128 0xb
 624 0018 3E       		.uleb128 0x3e
 625 0019 0B       		.uleb128 0xb
 626 001a 03       		.uleb128 0x3
 627 001b 0E       		.uleb128 0xe
 628 001c 00       		.byte	0
 629 001d 00       		.byte	0
 630 001e 03       		.uleb128 0x3
 631 001f 16       		.uleb128 0x16
 632 0020 00       		.byte	0
 633 0021 03       		.uleb128 0x3
 634 0022 0E       		.uleb128 0xe
 635 0023 3A       		.uleb128 0x3a
 636 0024 0B       		.uleb128 0xb
 637 0025 3B       		.uleb128 0x3b
 638 0026 0B       		.uleb128 0xb
 639 0027 49       		.uleb128 0x49
 640 0028 13       		.uleb128 0x13
 641 0029 00       		.byte	0
 642 002a 00       		.byte	0
 643 002b 04       		.uleb128 0x4
 644 002c 24       		.uleb128 0x24
 645 002d 00       		.byte	0
 646 002e 0B       		.uleb128 0xb
 647 002f 0B       		.uleb128 0xb
 648 0030 3E       		.uleb128 0x3e
 649 0031 0B       		.uleb128 0xb
 650 0032 03       		.uleb128 0x3
 651 0033 08       		.uleb128 0x8
 652 0034 00       		.byte	0
 653 0035 00       		.byte	0
 654 0036 05       		.uleb128 0x5
 655 0037 35       		.uleb128 0x35
 656 0038 00       		.byte	0
 657 0039 49       		.uleb128 0x49
 658 003a 13       		.uleb128 0x13
 659 003b 00       		.byte	0
 660 003c 00       		.byte	0
 661 003d 06       		.uleb128 0x6
 662 003e 0F       		.uleb128 0xf
 663 003f 00       		.byte	0
 664 0040 0B       		.uleb128 0xb
 665 0041 0B       		.uleb128 0xb
 666 0042 49       		.uleb128 0x49
 667 0043 13       		.uleb128 0x13
 668 0044 00       		.byte	0
 669 0045 00       		.byte	0
 670 0046 07       		.uleb128 0x7
 671 0047 26       		.uleb128 0x26
 672 0048 00       		.byte	0
 673 0049 49       		.uleb128 0x49
 674 004a 13       		.uleb128 0x13
 675 004b 00       		.byte	0
 676 004c 00       		.byte	0
 677 004d 08       		.uleb128 0x8
 678 004e 2E       		.uleb128 0x2e
 679 004f 01       		.byte	0x1
ARM GAS  C:\Users\filip\AppData\Local\Temp\ccxofwAd.s 			page 18


 680 0050 3F       		.uleb128 0x3f
 681 0051 19       		.uleb128 0x19
 682 0052 03       		.uleb128 0x3
 683 0053 0E       		.uleb128 0xe
 684 0054 3A       		.uleb128 0x3a
 685 0055 0B       		.uleb128 0xb
 686 0056 3B       		.uleb128 0x3b
 687 0057 0B       		.uleb128 0xb
 688 0058 27       		.uleb128 0x27
 689 0059 19       		.uleb128 0x19
 690 005a 11       		.uleb128 0x11
 691 005b 01       		.uleb128 0x1
 692 005c 12       		.uleb128 0x12
 693 005d 06       		.uleb128 0x6
 694 005e 40       		.uleb128 0x40
 695 005f 18       		.uleb128 0x18
 696 0060 9742     		.uleb128 0x2117
 697 0062 19       		.uleb128 0x19
 698 0063 01       		.uleb128 0x1
 699 0064 13       		.uleb128 0x13
 700 0065 00       		.byte	0
 701 0066 00       		.byte	0
 702 0067 09       		.uleb128 0x9
 703 0068 34       		.uleb128 0x34
 704 0069 00       		.byte	0
 705 006a 03       		.uleb128 0x3
 706 006b 0E       		.uleb128 0xe
 707 006c 3A       		.uleb128 0x3a
 708 006d 0B       		.uleb128 0xb
 709 006e 3B       		.uleb128 0x3b
 710 006f 0B       		.uleb128 0xb
 711 0070 49       		.uleb128 0x49
 712 0071 13       		.uleb128 0x13
 713 0072 02       		.uleb128 0x2
 714 0073 18       		.uleb128 0x18
 715 0074 00       		.byte	0
 716 0075 00       		.byte	0
 717 0076 0A       		.uleb128 0xa
 718 0077 898201   		.uleb128 0x4109
 719 007a 00       		.byte	0
 720 007b 11       		.uleb128 0x11
 721 007c 01       		.uleb128 0x1
 722 007d 31       		.uleb128 0x31
 723 007e 13       		.uleb128 0x13
 724 007f 00       		.byte	0
 725 0080 00       		.byte	0
 726 0081 0B       		.uleb128 0xb
 727 0082 2E       		.uleb128 0x2e
 728 0083 00       		.byte	0
 729 0084 3F       		.uleb128 0x3f
 730 0085 19       		.uleb128 0x19
 731 0086 03       		.uleb128 0x3
 732 0087 0E       		.uleb128 0xe
 733 0088 3A       		.uleb128 0x3a
 734 0089 0B       		.uleb128 0xb
 735 008a 3B       		.uleb128 0x3b
 736 008b 0B       		.uleb128 0xb
ARM GAS  C:\Users\filip\AppData\Local\Temp\ccxofwAd.s 			page 19


 737 008c 27       		.uleb128 0x27
 738 008d 19       		.uleb128 0x19
 739 008e 49       		.uleb128 0x49
 740 008f 13       		.uleb128 0x13
 741 0090 11       		.uleb128 0x11
 742 0091 01       		.uleb128 0x1
 743 0092 12       		.uleb128 0x12
 744 0093 06       		.uleb128 0x6
 745 0094 40       		.uleb128 0x40
 746 0095 18       		.uleb128 0x18
 747 0096 9742     		.uleb128 0x2117
 748 0098 19       		.uleb128 0x19
 749 0099 00       		.byte	0
 750 009a 00       		.byte	0
 751 009b 0C       		.uleb128 0xc
 752 009c 34       		.uleb128 0x34
 753 009d 00       		.byte	0
 754 009e 03       		.uleb128 0x3
 755 009f 0E       		.uleb128 0xe
 756 00a0 3A       		.uleb128 0x3a
 757 00a1 0B       		.uleb128 0xb
 758 00a2 3B       		.uleb128 0x3b
 759 00a3 0B       		.uleb128 0xb
 760 00a4 49       		.uleb128 0x49
 761 00a5 13       		.uleb128 0x13
 762 00a6 02       		.uleb128 0x2
 763 00a7 17       		.uleb128 0x17
 764 00a8 00       		.byte	0
 765 00a9 00       		.byte	0
 766 00aa 0D       		.uleb128 0xd
 767 00ab 2E       		.uleb128 0x2e
 768 00ac 01       		.byte	0x1
 769 00ad 3F       		.uleb128 0x3f
 770 00ae 19       		.uleb128 0x19
 771 00af 03       		.uleb128 0x3
 772 00b0 0E       		.uleb128 0xe
 773 00b1 3A       		.uleb128 0x3a
 774 00b2 0B       		.uleb128 0xb
 775 00b3 3B       		.uleb128 0x3b
 776 00b4 0B       		.uleb128 0xb
 777 00b5 27       		.uleb128 0x27
 778 00b6 19       		.uleb128 0x19
 779 00b7 49       		.uleb128 0x49
 780 00b8 13       		.uleb128 0x13
 781 00b9 11       		.uleb128 0x11
 782 00ba 01       		.uleb128 0x1
 783 00bb 12       		.uleb128 0x12
 784 00bc 06       		.uleb128 0x6
 785 00bd 40       		.uleb128 0x40
 786 00be 18       		.uleb128 0x18
 787 00bf 9742     		.uleb128 0x2117
 788 00c1 19       		.uleb128 0x19
 789 00c2 01       		.uleb128 0x1
 790 00c3 13       		.uleb128 0x13
 791 00c4 00       		.byte	0
 792 00c5 00       		.byte	0
 793 00c6 0E       		.uleb128 0xe
ARM GAS  C:\Users\filip\AppData\Local\Temp\ccxofwAd.s 			page 20


 794 00c7 05       		.uleb128 0x5
 795 00c8 00       		.byte	0
 796 00c9 03       		.uleb128 0x3
 797 00ca 08       		.uleb128 0x8
 798 00cb 3A       		.uleb128 0x3a
 799 00cc 0B       		.uleb128 0xb
 800 00cd 3B       		.uleb128 0x3b
 801 00ce 0B       		.uleb128 0xb
 802 00cf 49       		.uleb128 0x49
 803 00d0 13       		.uleb128 0x13
 804 00d1 02       		.uleb128 0x2
 805 00d2 17       		.uleb128 0x17
 806 00d3 00       		.byte	0
 807 00d4 00       		.byte	0
 808 00d5 0F       		.uleb128 0xf
 809 00d6 05       		.uleb128 0x5
 810 00d7 00       		.byte	0
 811 00d8 03       		.uleb128 0x3
 812 00d9 08       		.uleb128 0x8
 813 00da 3A       		.uleb128 0x3a
 814 00db 0B       		.uleb128 0xb
 815 00dc 3B       		.uleb128 0x3b
 816 00dd 0B       		.uleb128 0xb
 817 00de 49       		.uleb128 0x49
 818 00df 13       		.uleb128 0x13
 819 00e0 02       		.uleb128 0x2
 820 00e1 18       		.uleb128 0x18
 821 00e2 00       		.byte	0
 822 00e3 00       		.byte	0
 823 00e4 10       		.uleb128 0x10
 824 00e5 34       		.uleb128 0x34
 825 00e6 00       		.byte	0
 826 00e7 03       		.uleb128 0x3
 827 00e8 08       		.uleb128 0x8
 828 00e9 3A       		.uleb128 0x3a
 829 00ea 0B       		.uleb128 0xb
 830 00eb 3B       		.uleb128 0x3b
 831 00ec 0B       		.uleb128 0xb
 832 00ed 49       		.uleb128 0x49
 833 00ee 13       		.uleb128 0x13
 834 00ef 02       		.uleb128 0x2
 835 00f0 17       		.uleb128 0x17
 836 00f1 00       		.byte	0
 837 00f2 00       		.byte	0
 838 00f3 11       		.uleb128 0x11
 839 00f4 0B       		.uleb128 0xb
 840 00f5 01       		.byte	0x1
 841 00f6 11       		.uleb128 0x11
 842 00f7 01       		.uleb128 0x1
 843 00f8 12       		.uleb128 0x12
 844 00f9 06       		.uleb128 0x6
 845 00fa 00       		.byte	0
 846 00fb 00       		.byte	0
 847 00fc 12       		.uleb128 0x12
 848 00fd 2E       		.uleb128 0x2e
 849 00fe 01       		.byte	0x1
 850 00ff 3F       		.uleb128 0x3f
ARM GAS  C:\Users\filip\AppData\Local\Temp\ccxofwAd.s 			page 21


 851 0100 19       		.uleb128 0x19
 852 0101 03       		.uleb128 0x3
 853 0102 0E       		.uleb128 0xe
 854 0103 3A       		.uleb128 0x3a
 855 0104 0B       		.uleb128 0xb
 856 0105 3B       		.uleb128 0x3b
 857 0106 05       		.uleb128 0x5
 858 0107 27       		.uleb128 0x27
 859 0108 19       		.uleb128 0x19
 860 0109 49       		.uleb128 0x49
 861 010a 13       		.uleb128 0x13
 862 010b 11       		.uleb128 0x11
 863 010c 01       		.uleb128 0x1
 864 010d 12       		.uleb128 0x12
 865 010e 06       		.uleb128 0x6
 866 010f 40       		.uleb128 0x40
 867 0110 18       		.uleb128 0x18
 868 0111 9742     		.uleb128 0x2117
 869 0113 19       		.uleb128 0x19
 870 0114 01       		.uleb128 0x1
 871 0115 13       		.uleb128 0x13
 872 0116 00       		.byte	0
 873 0117 00       		.byte	0
 874 0118 13       		.uleb128 0x13
 875 0119 05       		.uleb128 0x5
 876 011a 00       		.byte	0
 877 011b 03       		.uleb128 0x3
 878 011c 08       		.uleb128 0x8
 879 011d 3A       		.uleb128 0x3a
 880 011e 0B       		.uleb128 0xb
 881 011f 3B       		.uleb128 0x3b
 882 0120 05       		.uleb128 0x5
 883 0121 49       		.uleb128 0x49
 884 0122 13       		.uleb128 0x13
 885 0123 02       		.uleb128 0x2
 886 0124 17       		.uleb128 0x17
 887 0125 00       		.byte	0
 888 0126 00       		.byte	0
 889 0127 14       		.uleb128 0x14
 890 0128 05       		.uleb128 0x5
 891 0129 00       		.byte	0
 892 012a 03       		.uleb128 0x3
 893 012b 08       		.uleb128 0x8
 894 012c 3A       		.uleb128 0x3a
 895 012d 0B       		.uleb128 0xb
 896 012e 3B       		.uleb128 0x3b
 897 012f 05       		.uleb128 0x5
 898 0130 49       		.uleb128 0x49
 899 0131 13       		.uleb128 0x13
 900 0132 02       		.uleb128 0x2
 901 0133 18       		.uleb128 0x18
 902 0134 00       		.byte	0
 903 0135 00       		.byte	0
 904 0136 15       		.uleb128 0x15
 905 0137 34       		.uleb128 0x34
 906 0138 00       		.byte	0
 907 0139 03       		.uleb128 0x3
ARM GAS  C:\Users\filip\AppData\Local\Temp\ccxofwAd.s 			page 22


 908 013a 08       		.uleb128 0x8
 909 013b 3A       		.uleb128 0x3a
 910 013c 0B       		.uleb128 0xb
 911 013d 3B       		.uleb128 0x3b
 912 013e 05       		.uleb128 0x5
 913 013f 49       		.uleb128 0x49
 914 0140 13       		.uleb128 0x13
 915 0141 02       		.uleb128 0x2
 916 0142 17       		.uleb128 0x17
 917 0143 00       		.byte	0
 918 0144 00       		.byte	0
 919 0145 16       		.uleb128 0x16
 920 0146 34       		.uleb128 0x34
 921 0147 00       		.byte	0
 922 0148 03       		.uleb128 0x3
 923 0149 0E       		.uleb128 0xe
 924 014a 3A       		.uleb128 0x3a
 925 014b 0B       		.uleb128 0xb
 926 014c 3B       		.uleb128 0x3b
 927 014d 05       		.uleb128 0x5
 928 014e 49       		.uleb128 0x49
 929 014f 13       		.uleb128 0x13
 930 0150 3F       		.uleb128 0x3f
 931 0151 19       		.uleb128 0x19
 932 0152 3C       		.uleb128 0x3c
 933 0153 19       		.uleb128 0x19
 934 0154 00       		.byte	0
 935 0155 00       		.byte	0
 936 0156 17       		.uleb128 0x17
 937 0157 34       		.uleb128 0x34
 938 0158 00       		.byte	0
 939 0159 03       		.uleb128 0x3
 940 015a 0E       		.uleb128 0xe
 941 015b 3A       		.uleb128 0x3a
 942 015c 0B       		.uleb128 0xb
 943 015d 3B       		.uleb128 0x3b
 944 015e 0B       		.uleb128 0xb
 945 015f 49       		.uleb128 0x49
 946 0160 13       		.uleb128 0x13
 947 0161 3F       		.uleb128 0x3f
 948 0162 19       		.uleb128 0x19
 949 0163 3C       		.uleb128 0x3c
 950 0164 19       		.uleb128 0x19
 951 0165 00       		.byte	0
 952 0166 00       		.byte	0
 953 0167 18       		.uleb128 0x18
 954 0168 2E       		.uleb128 0x2e
 955 0169 00       		.byte	0
 956 016a 3F       		.uleb128 0x3f
 957 016b 19       		.uleb128 0x19
 958 016c 3C       		.uleb128 0x3c
 959 016d 19       		.uleb128 0x19
 960 016e 6E       		.uleb128 0x6e
 961 016f 0E       		.uleb128 0xe
 962 0170 03       		.uleb128 0x3
 963 0171 0E       		.uleb128 0xe
 964 0172 3A       		.uleb128 0x3a
ARM GAS  C:\Users\filip\AppData\Local\Temp\ccxofwAd.s 			page 23


 965 0173 0B       		.uleb128 0xb
 966 0174 3B       		.uleb128 0x3b
 967 0175 0B       		.uleb128 0xb
 968 0176 00       		.byte	0
 969 0177 00       		.byte	0
 970 0178 00       		.byte	0
 971              		.section	.debug_loc,"",%progbits
 972              	.Ldebug_loc0:
 973              	.LLST0:
 974 0000 06000000 		.4byte	.LVL5
 975 0004 0E000000 		.4byte	.LVL7
 976 0008 0100     		.2byte	0x1
 977 000a 50       		.byte	0x50
 978 000b 00000000 		.4byte	0
 979 000f 00000000 		.4byte	0
 980              	.LLST1:
 981 0013 0A000000 		.4byte	.LVL6
 982 0017 0E000000 		.4byte	.LVL7
 983 001b 0C00     		.2byte	0xc
 984 001d 70       		.byte	0x70
 985 001e 00       		.sleb128 0
 986 001f F7       		.byte	0xf7
 987 0020 25       		.uleb128 0x25
 988 0021 73       		.byte	0x73
 989 0022 00       		.sleb128 0
 990 0023 F7       		.byte	0xf7
 991 0024 25       		.uleb128 0x25
 992 0025 1B       		.byte	0x1b
 993 0026 F7       		.byte	0xf7
 994 0027 00       		.uleb128 0
 995 0028 9F       		.byte	0x9f
 996 0029 0E000000 		.4byte	.LVL7
 997 002d 11000000 		.4byte	.LVL8-1
 998 0031 0100     		.2byte	0x1
 999 0033 50       		.byte	0x50
 1000 0034 00000000 		.4byte	0
 1001 0038 00000000 		.4byte	0
 1002              	.LLST2:
 1003 003c 00000000 		.4byte	.LVL9
 1004 0040 2E000000 		.4byte	.LVL14
 1005 0044 0100     		.2byte	0x1
 1006 0046 50       		.byte	0x50
 1007 0047 2E000000 		.4byte	.LVL14
 1008 004b 30000000 		.4byte	.LVL15
 1009 004f 0400     		.2byte	0x4
 1010 0051 F3       		.byte	0xf3
 1011 0052 01       		.uleb128 0x1
 1012 0053 50       		.byte	0x50
 1013 0054 9F       		.byte	0x9f
 1014 0055 30000000 		.4byte	.LVL15
 1015 0059 32000000 		.4byte	.LVL16
 1016 005d 0100     		.2byte	0x1
 1017 005f 50       		.byte	0x50
 1018 0060 32000000 		.4byte	.LVL16
 1019 0064 3C000000 		.4byte	.LFE5
 1020 0068 0400     		.2byte	0x4
 1021 006a F3       		.byte	0xf3
ARM GAS  C:\Users\filip\AppData\Local\Temp\ccxofwAd.s 			page 24


 1022 006b 01       		.uleb128 0x1
 1023 006c 50       		.byte	0x50
 1024 006d 9F       		.byte	0x9f
 1025 006e 00000000 		.4byte	0
 1026 0072 00000000 		.4byte	0
 1027              	.LLST3:
 1028 0076 02000000 		.4byte	.LVL10
 1029 007a 06000000 		.4byte	.LVL11
 1030 007e 0200     		.2byte	0x2
 1031 0080 30       		.byte	0x30
 1032 0081 9F       		.byte	0x9f
 1033 0082 06000000 		.4byte	.LVL11
 1034 0086 3C000000 		.4byte	.LFE5
 1035 008a 0100     		.2byte	0x1
 1036 008c 53       		.byte	0x53
 1037 008d 00000000 		.4byte	0
 1038 0091 00000000 		.4byte	0
 1039              	.LLST4:
 1040 0095 08000000 		.4byte	.LVL12
 1041 0099 28000000 		.4byte	.LVL13
 1042 009d 0100     		.2byte	0x1
 1043 009f 54       		.byte	0x54
 1044 00a0 30000000 		.4byte	.LVL15
 1045 00a4 32000000 		.4byte	.LVL16
 1046 00a8 0100     		.2byte	0x1
 1047 00aa 54       		.byte	0x54
 1048 00ab 00000000 		.4byte	0
 1049 00af 00000000 		.4byte	0
 1050              	.LLST5:
 1051 00b3 00000000 		.4byte	.LVL17
 1052 00b7 1E000000 		.4byte	.LVL21
 1053 00bb 0100     		.2byte	0x1
 1054 00bd 50       		.byte	0x50
 1055 00be 1E000000 		.4byte	.LVL21
 1056 00c2 20000000 		.4byte	.LVL22
 1057 00c6 0400     		.2byte	0x4
 1058 00c8 F3       		.byte	0xf3
 1059 00c9 01       		.uleb128 0x1
 1060 00ca 50       		.byte	0x50
 1061 00cb 9F       		.byte	0x9f
 1062 00cc 20000000 		.4byte	.LVL22
 1063 00d0 22000000 		.4byte	.LVL23
 1064 00d4 0100     		.2byte	0x1
 1065 00d6 50       		.byte	0x50
 1066 00d7 22000000 		.4byte	.LVL23
 1067 00db 2C000000 		.4byte	.LFE6
 1068 00df 0400     		.2byte	0x4
 1069 00e1 F3       		.byte	0xf3
 1070 00e2 01       		.uleb128 0x1
 1071 00e3 50       		.byte	0x50
 1072 00e4 9F       		.byte	0x9f
 1073 00e5 00000000 		.4byte	0
 1074 00e9 00000000 		.4byte	0
 1075              	.LLST6:
 1076 00ed 02000000 		.4byte	.LVL18
 1077 00f1 06000000 		.4byte	.LVL19
 1078 00f5 0200     		.2byte	0x2
ARM GAS  C:\Users\filip\AppData\Local\Temp\ccxofwAd.s 			page 25


 1079 00f7 30       		.byte	0x30
 1080 00f8 9F       		.byte	0x9f
 1081 00f9 06000000 		.4byte	.LVL19
 1082 00fd 2C000000 		.4byte	.LFE6
 1083 0101 0100     		.2byte	0x1
 1084 0103 53       		.byte	0x53
 1085 0104 00000000 		.4byte	0
 1086 0108 00000000 		.4byte	0
 1087              		.section	.debug_aranges,"",%progbits
 1088 0000 44000000 		.4byte	0x44
 1089 0004 0200     		.2byte	0x2
 1090 0006 00000000 		.4byte	.Ldebug_info0
 1091 000a 04       		.byte	0x4
 1092 000b 00       		.byte	0
 1093 000c 0000     		.2byte	0
 1094 000e 0000     		.2byte	0
 1095 0010 00000000 		.4byte	.LFB1
 1096 0014 20000000 		.4byte	.LFE1-.LFB1
 1097 0018 00000000 		.4byte	.LFB2
 1098 001c 10000000 		.4byte	.LFE2-.LFB2
 1099 0020 00000000 		.4byte	.LFB4
 1100 0024 08000000 		.4byte	.LFE4-.LFB4
 1101 0028 00000000 		.4byte	.LFB3
 1102 002c 18000000 		.4byte	.LFE3-.LFB3
 1103 0030 00000000 		.4byte	.LFB5
 1104 0034 3C000000 		.4byte	.LFE5-.LFB5
 1105 0038 00000000 		.4byte	.LFB6
 1106 003c 2C000000 		.4byte	.LFE6-.LFB6
 1107 0040 00000000 		.4byte	0
 1108 0044 00000000 		.4byte	0
 1109              		.section	.debug_ranges,"",%progbits
 1110              	.Ldebug_ranges0:
 1111 0000 00000000 		.4byte	.LFB1
 1112 0004 20000000 		.4byte	.LFE1
 1113 0008 00000000 		.4byte	.LFB2
 1114 000c 10000000 		.4byte	.LFE2
 1115 0010 00000000 		.4byte	.LFB4
 1116 0014 08000000 		.4byte	.LFE4
 1117 0018 00000000 		.4byte	.LFB3
 1118 001c 18000000 		.4byte	.LFE3
 1119 0020 00000000 		.4byte	.LFB5
 1120 0024 3C000000 		.4byte	.LFE5
 1121 0028 00000000 		.4byte	.LFB6
 1122 002c 2C000000 		.4byte	.LFE6
 1123 0030 00000000 		.4byte	0
 1124 0034 00000000 		.4byte	0
 1125              		.section	.debug_line,"",%progbits
 1126              	.Ldebug_line0:
 1127 0000 D2010000 		.section	.debug_str,"MS",%progbits,1
 1127      02004401 
 1127      00000201 
 1127      FB0E0D00 
 1127      01010101 
 1128              	.LASF23:
 1129 0000 4253505F 		.ascii	"BSP_PreInit\000"
 1129      50726549 
 1129      6E697400 
ARM GAS  C:\Users\filip\AppData\Local\Temp\ccxofwAd.s 			page 26


 1130              	.LASF37:
 1131 000c 4253505C 		.ascii	"BSP\\bsp.c\000"
 1131      6273702E 
 1131      6300
 1132              	.LASF30:
 1133 0016 4F534366 		.ascii	"OSCfg_TickRate_Hz\000"
 1133      675F5469 
 1133      636B5261 
 1133      74655F48 
 1133      7A00
 1134              	.LASF38:
 1135 0028 5C5C4D61 		.ascii	"\\\\Mac\\Home\\Documents\\cypress\\esw_bmp280_Petro"
 1135      635C486F 
 1135      6D655C44 
 1135      6F63756D 
 1135      656E7473 
 1136 0055 7669635F 		.ascii	"vic_Wagner\\BMP280_CY8CKIT_059.cydsn\000"
 1136      5761676E 
 1136      65725C42 
 1136      4D503238 
 1136      305F4359 
 1137              	.LASF14:
 1138 0079 646F7562 		.ascii	"double\000"
 1138      6C6500
 1139              	.LASF33:
 1140 0080 696E6974 		.ascii	"init_uart\000"
 1140      5F756172 
 1140      7400
 1141              	.LASF26:
 1142 008a 6370755F 		.ascii	"cpu_clk_freq\000"
 1142      636C6B5F 
 1142      66726571 
 1142      00
 1143              	.LASF13:
 1144 0097 666C6F61 		.ascii	"float\000"
 1144      7400
 1145              	.LASF9:
 1146 009d 4350555F 		.ascii	"CPU_INT32U\000"
 1146      494E5433 
 1146      325500
 1147              	.LASF2:
 1148 00a8 756E7369 		.ascii	"unsigned char\000"
 1148      676E6564 
 1148      20636861 
 1148      7200
 1149              	.LASF36:
 1150 00b6 474E5520 		.ascii	"GNU C11 5.4.1 20160609 (release) [ARM/embedded-5-br"
 1150      43313120 
 1150      352E342E 
 1150      31203230 
 1150      31363036 
 1151 00e9 616E6368 		.ascii	"anch revision 237715] -mcpu=cortex-m3 -mthumb -g -O"
 1151      20726576 
 1151      6973696F 
 1151      6E203233 
 1151      37373135 
 1152 011c 67202D66 		.ascii	"g -ffunction-sections -ffat-lto-objects\000"
ARM GAS  C:\Users\filip\AppData\Local\Temp\ccxofwAd.s 			page 27


 1152      66756E63 
 1152      74696F6E 
 1152      2D736563 
 1152      74696F6E 
 1153              	.LASF21:
 1154 0144 7265675F 		.ascii	"reg_val\000"
 1154      76616C00 
 1155              	.LASF10:
 1156 014c 4350555F 		.ascii	"CPU_INT64U\000"
 1156      494E5436 
 1156      345500
 1157              	.LASF20:
 1158 0157 4F535F52 		.ascii	"OS_RATE_HZ\000"
 1158      4154455F 
 1158      485A00
 1159              	.LASF31:
 1160 0162 5F5F6374 		.ascii	"__ctype_ptr__\000"
 1160      7970655F 
 1160      7074725F 
 1160      5F00
 1161              	.LASF4:
 1162 0170 4350555F 		.ascii	"CPU_INT08U\000"
 1162      494E5430 
 1162      385500
 1163              	.LASF28:
 1164 017b 4253505F 		.ascii	"BSP_STR_ISBLANC\000"
 1164      5354525F 
 1164      4953424C 
 1164      414E4300 
 1165              	.LASF34:
 1166 018b 696E6974 		.ascii	"init_spi\000"
 1166      5F737069 
 1166      00
 1167              	.LASF17:
 1168 0194 6C6F6E67 		.ascii	"long unsigned int\000"
 1168      20756E73 
 1168      69676E65 
 1168      6420696E 
 1168      7400
 1169              	.LASF39:
 1170 01a6 4253505F 		.ascii	"BSP_CPU_ClkFreq\000"
 1170      4350555F 
 1170      436C6B46 
 1170      72657100 
 1171              	.LASF0:
 1172 01b6 756E7369 		.ascii	"unsigned int\000"
 1172      676E6564 
 1172      20696E74 
 1172      00
 1173              	.LASF11:
 1174 01c3 6C6F6E67 		.ascii	"long long unsigned int\000"
 1174      206C6F6E 
 1174      6720756E 
 1174      7369676E 
 1174      65642069 
 1175              	.LASF3:
 1176 01da 4350555F 		.ascii	"CPU_BOOLEAN\000"
ARM GAS  C:\Users\filip\AppData\Local\Temp\ccxofwAd.s 			page 28


 1176      424F4F4C 
 1176      45414E00 
 1177              	.LASF32:
 1178 01e6 696E6974 		.ascii	"init_gpio\000"
 1178      5F677069 
 1178      6F00
 1179              	.LASF5:
 1180 01f0 7369676E 		.ascii	"signed char\000"
 1180      65642063 
 1180      68617200 
 1181              	.LASF6:
 1182 01fc 4350555F 		.ascii	"CPU_INT16U\000"
 1182      494E5431 
 1182      365500
 1183              	.LASF29:
 1184 0207 4253505F 		.ascii	"BSP_STR_ISNUMBER\000"
 1184      5354525F 
 1184      49534E55 
 1184      4D424552 
 1184      00
 1185              	.LASF19:
 1186 0218 73697A65 		.ascii	"sizetype\000"
 1186      74797065 
 1186      00
 1187              	.LASF27:
 1188 0221 636E7473 		.ascii	"cnts\000"
 1188      00
 1189              	.LASF12:
 1190 0226 6C6F6E67 		.ascii	"long long int\000"
 1190      206C6F6E 
 1190      6720696E 
 1190      7400
 1191              	.LASF1:
 1192 0234 63686172 		.ascii	"char\000"
 1192      00
 1193              	.LASF24:
 1194 0239 4253505F 		.ascii	"BSP_PostInit\000"
 1194      506F7374 
 1194      496E6974 
 1194      00
 1195              	.LASF15:
 1196 0246 4350555F 		.ascii	"CPU_REG32\000"
 1196      52454733 
 1196      3200
 1197              	.LASF8:
 1198 0250 73686F72 		.ascii	"short int\000"
 1198      7420696E 
 1198      7400
 1199              	.LASF25:
 1200 025a 4253505F 		.ascii	"BSP_CPU_TickInit\000"
 1200      4350555F 
 1200      5469636B 
 1200      496E6974 
 1200      00
 1201              	.LASF22:
 1202 026b 705F7665 		.ascii	"p_vect_tbl\000"
 1202      63745F74 
ARM GAS  C:\Users\filip\AppData\Local\Temp\ccxofwAd.s 			page 29


 1202      626C00
 1203              	.LASF16:
 1204 0276 6C6F6E67 		.ascii	"long int\000"
 1204      20696E74 
 1204      00
 1205              	.LASF18:
 1206 027f 6C6F6E67 		.ascii	"long double\000"
 1206      20646F75 
 1206      626C6500 
 1207              	.LASF35:
 1208 028b 4F535F43 		.ascii	"OS_CPU_SysTickInit\000"
 1208      50555F53 
 1208      79735469 
 1208      636B496E 
 1208      697400
 1209              	.LASF7:
 1210 029e 73686F72 		.ascii	"short unsigned int\000"
 1210      7420756E 
 1210      7369676E 
 1210      65642069 
 1210      6E7400
 1211              		.ident	"GCC: (GNU Tools for ARM Embedded Processors) 5.4.1 20160609 (release) [ARM/embedded-5-bran
