ARM GAS  C:\Users\filip\AppData\Local\Temp\cczHTgRb.s 			page 1


   1              		.syntax unified
   2              		.cpu cortex-m3
   3              		.fpu softvfp
   4              		.eabi_attribute 20, 1
   5              		.eabi_attribute 21, 1
   6              		.eabi_attribute 23, 3
   7              		.eabi_attribute 24, 1
   8              		.eabi_attribute 25, 1
   9              		.eabi_attribute 26, 1
  10              		.eabi_attribute 30, 1
  11              		.eabi_attribute 34, 1
  12              		.eabi_attribute 18, 4
  13              		.thumb
  14              		.syntax unified
  15              		.file	"bsp_spi.c"
  16              		.text
  17              	.Ltext0:
  18              		.cfi_sections	.debug_frame
  19              		.section	.text.init_spi,"ax",%progbits
  20              		.align	2
  21              		.global	init_spi
  22              		.thumb
  23              		.thumb_func
  24              		.type	init_spi, %function
  25              	init_spi:
  26              	.LFB0:
  27              		.file 1 "bsp_spi.c"
   1:bsp_spi.c     **** /* ========================================
   2:bsp_spi.c     ****  *
   3:bsp_spi.c     ****  * Copyright YOUR COMPANY, THE YEAR
   4:bsp_spi.c     ****  * All Rights Reserved
   5:bsp_spi.c     ****  * UNPUBLISHED, LICENSED SOFTWARE.
   6:bsp_spi.c     ****  *
   7:bsp_spi.c     ****  * CONFIDENTIAL AND PROPRIETARY INFORMATION
   8:bsp_spi.c     ****  * WHICH IS THE PROPERTY OF your company.
   9:bsp_spi.c     ****  *
  10:bsp_spi.c     ****  * ========================================
  11:bsp_spi.c     **** */
  12:bsp_spi.c     **** 
  13:bsp_spi.c     **** #include <bsp_spi.h>
  14:bsp_spi.c     **** 
  15:bsp_spi.c     **** /*
  16:bsp_spi.c     **** ***************************************************************************************************
  17:bsp_spi.c     **** *                                       init_spi()
  18:bsp_spi.c     **** *
  19:bsp_spi.c     **** * Description : This function initializes the SPIM_1 communication module. 
  20:bsp_spi.c     **** *               Configuration:  CPHA = 0; CPOL = 0; Data lines: MISO + MOSI;
  21:bsp_spi.c     **** *                               Data bits = 8; Shift direction = MSB first; 
  22:bsp_spi.c     **** *                               Data rate = 1000 kbps;
  23:bsp_spi.c     **** *
  24:bsp_spi.c     **** * Argument(s) : none.
  25:bsp_spi.c     **** *
  26:bsp_spi.c     **** * Return(s)   : none.
  27:bsp_spi.c     **** *
  28:bsp_spi.c     **** * Caller(s)   : Application.
  29:bsp_spi.c     **** *
  30:bsp_spi.c     **** * Note(s)     : Not re-entrant.
ARM GAS  C:\Users\filip\AppData\Local\Temp\cczHTgRb.s 			page 2


  31:bsp_spi.c     **** ***************************************************************************************************
  32:bsp_spi.c     **** */
  33:bsp_spi.c     **** 
  34:bsp_spi.c     **** CPU_VOID init_spi(CPU_VOID)
  35:bsp_spi.c     **** {
  28              		.loc 1 35 0
  29              		.cfi_startproc
  30              		@ args = 0, pretend = 0, frame = 0
  31              		@ frame_needed = 0, uses_anonymous_args = 0
  32 0000 08B5     		push	{r3, lr}
  33              		.cfi_def_cfa_offset 8
  34              		.cfi_offset 3, -8
  35              		.cfi_offset 14, -4
  36:bsp_spi.c     ****     SPIM_1_Start();
  36              		.loc 1 36 0
  37 0002 FFF7FEFF 		bl	SPIM_1_Start
  38              	.LVL0:
  39 0006 08BD     		pop	{r3, pc}
  40              		.cfi_endproc
  41              	.LFE0:
  42              		.size	init_spi, .-init_spi
  43              		.section	.text.prepare_and_wait_spi_send,"ax",%progbits
  44              		.align	2
  45              		.global	prepare_and_wait_spi_send
  46              		.thumb
  47              		.thumb_func
  48              		.type	prepare_and_wait_spi_send, %function
  49              	prepare_and_wait_spi_send:
  50              	.LFB1:
  37:bsp_spi.c     **** }
  38:bsp_spi.c     **** 
  39:bsp_spi.c     **** /*
  40:bsp_spi.c     **** ***************************************************************************************************
  41:bsp_spi.c     **** *                                prepare_and_wait_spi_send()
  42:bsp_spi.c     **** *
  43:bsp_spi.c     **** * Description : This fuction clears the transmit and receive buffer of the spi. 
  44:bsp_spi.c     **** *               Furthermore it waits for the spi status to be set to done or idle.
  45:bsp_spi.c     **** *
  46:bsp_spi.c     **** * Argument(s) : none.
  47:bsp_spi.c     **** *
  48:bsp_spi.c     **** * Return(s)   : none.
  49:bsp_spi.c     **** *
  50:bsp_spi.c     **** * Caller(s)   : Application.
  51:bsp_spi.c     **** *
  52:bsp_spi.c     **** * Note(s)     : Not re-entrant.
  53:bsp_spi.c     **** ***************************************************************************************************
  54:bsp_spi.c     **** */
  55:bsp_spi.c     **** 
  56:bsp_spi.c     **** CPU_VOID prepare_and_wait_spi_send(CPU_VOID) 
  57:bsp_spi.c     **** {
  51              		.loc 1 57 0
  52              		.cfi_startproc
  53              		@ args = 0, pretend = 0, frame = 0
  54              		@ frame_needed = 0, uses_anonymous_args = 0
  55 0000 08B5     		push	{r3, lr}
  56              		.cfi_def_cfa_offset 8
  57              		.cfi_offset 3, -8
ARM GAS  C:\Users\filip\AppData\Local\Temp\cczHTgRb.s 			page 3


  58              		.cfi_offset 14, -4
  58:bsp_spi.c     ****   /* Clear the transmit buffer before next reading (good practice) */
  59:bsp_spi.c     ****   SPIM_1_ClearTxBuffer();
  59              		.loc 1 59 0
  60 0002 FFF7FEFF 		bl	SPIM_1_ClearTxBuffer
  61              	.LVL1:
  60:bsp_spi.c     ****   /* Clear the receive buffer before next reading */
  61:bsp_spi.c     ****   SPIM_1_ClearRxBuffer();
  62              		.loc 1 61 0
  63 0006 FFF7FEFF 		bl	SPIM_1_ClearRxBuffer
  64              	.LVL2:
  65              	.L4:
  62:bsp_spi.c     ****   /* Ensure that previous SPI read is done, or SPI is idle before sending data */
  63:bsp_spi.c     ****   while(!(SPIM_1_ReadTxStatus() & (SPIM_1_STS_SPI_DONE | SPIM_1_STS_SPI_IDLE)));
  66              		.loc 1 63 0 discriminator 1
  67 000a FFF7FEFF 		bl	SPIM_1_ReadTxStatus
  68              	.LVL3:
  69 000e 10F0110F 		tst	r0, #17
  70 0012 FAD0     		beq	.L4
  64:bsp_spi.c     **** }
  71              		.loc 1 64 0
  72 0014 08BD     		pop	{r3, pc}
  73              		.cfi_endproc
  74              	.LFE1:
  75              		.size	prepare_and_wait_spi_send, .-prepare_and_wait_spi_send
  76 0016 00BF     		.section	.text.spi_send_n_bytes,"ax",%progbits
  77              		.align	2
  78              		.global	spi_send_n_bytes
  79              		.thumb
  80              		.thumb_func
  81              		.type	spi_send_n_bytes, %function
  82              	spi_send_n_bytes:
  83              	.LFB2:
  65:bsp_spi.c     **** 
  66:bsp_spi.c     **** /*
  67:bsp_spi.c     **** ***************************************************************************************************
  68:bsp_spi.c     **** *                                   spi_send_n_bytes()
  69:bsp_spi.c     **** *
  70:bsp_spi.c     **** * Description : This function writes n bytes to the spi tx buffer, beginning with
  71:bsp_spi.c     **** *               byte and continue with byte+1 till byte+n-1.
  72:bsp_spi.c     **** *
  73:bsp_spi.c     **** * Argument(s) : byte ... first byte that is written to spi tx buffer
  74:bsp_spi.c     **** *               n ... amount of bytes to be write spi tx buffer
  75:bsp_spi.c     **** *
  76:bsp_spi.c     **** * Return(s)   : none.
  77:bsp_spi.c     **** *
  78:bsp_spi.c     **** * Caller(s)   : Application.
  79:bsp_spi.c     **** *
  80:bsp_spi.c     **** * Note(s)     : Not re-entrant.
  81:bsp_spi.c     **** ***************************************************************************************************
  82:bsp_spi.c     **** */
  83:bsp_spi.c     **** 
  84:bsp_spi.c     **** CPU_VOID spi_send_n_bytes(CPU_INT08U byte, CPU_INT08U n)
  85:bsp_spi.c     **** {
  84              		.loc 1 85 0
  85              		.cfi_startproc
  86              		@ args = 0, pretend = 0, frame = 0
ARM GAS  C:\Users\filip\AppData\Local\Temp\cczHTgRb.s 			page 4


  87              		@ frame_needed = 0, uses_anonymous_args = 0
  88              	.LVL4:
  89 0000 70B5     		push	{r4, r5, r6, lr}
  90              		.cfi_def_cfa_offset 16
  91              		.cfi_offset 4, -16
  92              		.cfi_offset 5, -12
  93              		.cfi_offset 6, -8
  94              		.cfi_offset 14, -4
  95 0002 0646     		mov	r6, r0
  96 0004 0D46     		mov	r5, r1
  97              	.LVL5:
  98              	.LBB2:
  86:bsp_spi.c     ****   for(CPU_INT08U byteCountTemp = 0u; byteCountTemp < n; byteCountTemp++) {
  99              		.loc 1 86 0
 100 0006 0024     		movs	r4, #0
 101 0008 05E0     		b	.L7
 102              	.LVL6:
 103              	.L8:
  87:bsp_spi.c     ****     SPIM_1_WriteTxData(byte+byteCountTemp);
 104              		.loc 1 87 0 discriminator 3
 105 000a A019     		adds	r0, r4, r6
 106 000c C0B2     		uxtb	r0, r0
 107 000e FFF7FEFF 		bl	SPIM_1_WriteTxData
 108              	.LVL7:
  86:bsp_spi.c     ****   for(CPU_INT08U byteCountTemp = 0u; byteCountTemp < n; byteCountTemp++) {
 109              		.loc 1 86 0 discriminator 3
 110 0012 0134     		adds	r4, r4, #1
 111              	.LVL8:
 112 0014 E4B2     		uxtb	r4, r4
 113              	.LVL9:
 114              	.L7:
  86:bsp_spi.c     ****   for(CPU_INT08U byteCountTemp = 0u; byteCountTemp < n; byteCountTemp++) {
 115              		.loc 1 86 0 is_stmt 0 discriminator 1
 116 0016 AC42     		cmp	r4, r5
 117 0018 F7D3     		bcc	.L8
 118              	.LBE2:
  88:bsp_spi.c     ****   }
  89:bsp_spi.c     **** }
 119              		.loc 1 89 0 is_stmt 1
 120 001a 70BD     		pop	{r4, r5, r6, pc}
 121              		.cfi_endproc
 122              	.LFE2:
 123              		.size	spi_send_n_bytes, .-spi_send_n_bytes
 124              		.section	.text.wait_spi_tx,"ax",%progbits
 125              		.align	2
 126              		.global	wait_spi_tx
 127              		.thumb
 128              		.thumb_func
 129              		.type	wait_spi_tx, %function
 130              	wait_spi_tx:
 131              	.LFB3:
  90:bsp_spi.c     **** 
  91:bsp_spi.c     **** /*
  92:bsp_spi.c     **** ***************************************************************************************************
  93:bsp_spi.c     **** *                                   wait_spi_tx()
  94:bsp_spi.c     **** *
  95:bsp_spi.c     **** * Description : Waits for transmission of data stored in the spi tx buffer.
ARM GAS  C:\Users\filip\AppData\Local\Temp\cczHTgRb.s 			page 5


  96:bsp_spi.c     **** *
  97:bsp_spi.c     **** * Argument(s) : none.
  98:bsp_spi.c     **** *
  99:bsp_spi.c     **** * Return(s)   : none.
 100:bsp_spi.c     **** *
 101:bsp_spi.c     **** * Caller(s)   : Application.
 102:bsp_spi.c     **** *
 103:bsp_spi.c     **** * Note(s)     : Blocking.
 104:bsp_spi.c     **** ***************************************************************************************************
 105:bsp_spi.c     **** */
 106:bsp_spi.c     **** 
 107:bsp_spi.c     **** CPU_VOID wait_spi_tx(CPU_VOID)
 108:bsp_spi.c     **** {
 132              		.loc 1 108 0
 133              		.cfi_startproc
 134              		@ args = 0, pretend = 0, frame = 0
 135              		@ frame_needed = 0, uses_anonymous_args = 0
 136 0000 08B5     		push	{r3, lr}
 137              		.cfi_def_cfa_offset 8
 138              		.cfi_offset 3, -8
 139              		.cfi_offset 14, -4
 140              	.L11:
 109:bsp_spi.c     ****   while(!(SPIM_1_ReadTxStatus() & (SPIM_1_STS_SPI_DONE)));
 141              		.loc 1 109 0 discriminator 1
 142 0002 FFF7FEFF 		bl	SPIM_1_ReadTxStatus
 143              	.LVL10:
 144 0006 10F0010F 		tst	r0, #1
 145 000a FAD0     		beq	.L11
 110:bsp_spi.c     **** }
 146              		.loc 1 110 0
 147 000c 08BD     		pop	{r3, pc}
 148              		.cfi_endproc
 149              	.LFE3:
 150              		.size	wait_spi_tx, .-wait_spi_tx
 151 000e 00BF     		.section	.text.spi_get_byte,"ax",%progbits
 152              		.align	2
 153              		.global	spi_get_byte
 154              		.thumb
 155              		.thumb_func
 156              		.type	spi_get_byte, %function
 157              	spi_get_byte:
 158              	.LFB4:
 111:bsp_spi.c     **** 
 112:bsp_spi.c     **** /*
 113:bsp_spi.c     **** ***************************************************************************************************
 114:bsp_spi.c     **** *                                       spi_get_byte()
 115:bsp_spi.c     **** *
 116:bsp_spi.c     **** * Description : This function waits and returns first received data over spi interface.
 117:bsp_spi.c     **** *
 118:bsp_spi.c     **** * Argument(s) : none.
 119:bsp_spi.c     **** *
 120:bsp_spi.c     **** * Return(s)   : Next byte read from SPI RX buffer.
 121:bsp_spi.c     **** *
 122:bsp_spi.c     **** * Caller(s)   : Application.
 123:bsp_spi.c     **** *
 124:bsp_spi.c     **** * Note(s)     : Not re-entrant.
 125:bsp_spi.c     **** ***************************************************************************************************
ARM GAS  C:\Users\filip\AppData\Local\Temp\cczHTgRb.s 			page 6


 126:bsp_spi.c     **** */
 127:bsp_spi.c     **** 
 128:bsp_spi.c     **** CPU_INT08U spi_get_byte(CPU_VOID)
 129:bsp_spi.c     **** {
 159              		.loc 1 129 0
 160              		.cfi_startproc
 161              		@ args = 0, pretend = 0, frame = 0
 162              		@ frame_needed = 0, uses_anonymous_args = 0
 163 0000 08B5     		push	{r3, lr}
 164              		.cfi_def_cfa_offset 8
 165              		.cfi_offset 3, -8
 166              		.cfi_offset 14, -4
 167              	.L14:
 130:bsp_spi.c     ****   /* wait for receiving data over spi interface */
 131:bsp_spi.c     ****   while(SPIM_1_GetRxBufferSize() == 0);
 168              		.loc 1 131 0 discriminator 1
 169 0002 FFF7FEFF 		bl	SPIM_1_GetRxBufferSize
 170              	.LVL11:
 171 0006 0028     		cmp	r0, #0
 172 0008 FBD0     		beq	.L14
 132:bsp_spi.c     ****   /* No valid data (received during sending register address) */
 133:bsp_spi.c     ****   SPIM_1_ReadRxData();
 173              		.loc 1 133 0
 174 000a FFF7FEFF 		bl	SPIM_1_ReadRxData
 175              	.LVL12:
 134:bsp_spi.c     ****   /* Return first valid data */
 135:bsp_spi.c     ****   return SPIM_1_ReadRxData();
 176              		.loc 1 135 0
 177 000e FFF7FEFF 		bl	SPIM_1_ReadRxData
 178              	.LVL13:
 136:bsp_spi.c     **** }
 179              		.loc 1 136 0
 180 0012 08BD     		pop	{r3, pc}
 181              		.cfi_endproc
 182              	.LFE4:
 183              		.size	spi_get_byte, .-spi_get_byte
 184              		.section	.text.spi_get_n_bytes,"ax",%progbits
 185              		.align	2
 186              		.global	spi_get_n_bytes
 187              		.thumb
 188              		.thumb_func
 189              		.type	spi_get_n_bytes, %function
 190              	spi_get_n_bytes:
 191              	.LFB5:
 137:bsp_spi.c     **** 
 138:bsp_spi.c     **** /*
 139:bsp_spi.c     **** ***************************************************************************************************
 140:bsp_spi.c     **** *                                     spi_get_n_bytes()
 141:bsp_spi.c     **** *
 142:bsp_spi.c     **** * Description : This function waits to receive data over spi interface and write
 143:bsp_spi.c     **** *               n bytes to the given reg_values array.
 144:bsp_spi.c     **** *
 145:bsp_spi.c     **** * Argument(s) : reg_values ... array where data received over spi is written
 146:bsp_spi.c     **** *               n ... amount of bytes to be write to the reg_values array
 147:bsp_spi.c     **** *
 148:bsp_spi.c     **** * Return(s)   : none.
 149:bsp_spi.c     **** *
ARM GAS  C:\Users\filip\AppData\Local\Temp\cczHTgRb.s 			page 7


 150:bsp_spi.c     **** * Caller(s)   : Application.
 151:bsp_spi.c     **** *
 152:bsp_spi.c     **** * Note(s)     : Not re-entrant.
 153:bsp_spi.c     **** ***************************************************************************************************
 154:bsp_spi.c     **** */
 155:bsp_spi.c     **** 
 156:bsp_spi.c     **** CPU_VOID spi_get_n_bytes(CPU_INT08U reg_values[], CPU_INT08U n)
 157:bsp_spi.c     **** {
 192              		.loc 1 157 0
 193              		.cfi_startproc
 194              		@ args = 0, pretend = 0, frame = 0
 195              		@ frame_needed = 0, uses_anonymous_args = 0
 196              	.LVL14:
 197 0000 70B5     		push	{r4, r5, r6, lr}
 198              		.cfi_def_cfa_offset 16
 199              		.cfi_offset 4, -16
 200              		.cfi_offset 5, -12
 201              		.cfi_offset 6, -8
 202              		.cfi_offset 14, -4
 203 0002 0646     		mov	r6, r0
 204 0004 0D46     		mov	r5, r1
 205              	.LVL15:
 206              	.L17:
 158:bsp_spi.c     ****   /* wait for receiving data over spi interface */
 159:bsp_spi.c     ****     while(SPIM_1_GetRxBufferSize() == 0);
 207              		.loc 1 159 0 discriminator 1
 208 0006 FFF7FEFF 		bl	SPIM_1_GetRxBufferSize
 209              	.LVL16:
 210 000a 0028     		cmp	r0, #0
 211 000c FBD0     		beq	.L17
 160:bsp_spi.c     ****     /* No valid data (received during sending register address) */
 161:bsp_spi.c     ****     SPIM_1_ReadRxData();
 212              		.loc 1 161 0
 213 000e FFF7FEFF 		bl	SPIM_1_ReadRxData
 214              	.LVL17:
 215              	.LBB3:
 162:bsp_spi.c     ****     /* Write n valid data to array */
 163:bsp_spi.c     ****     for(CPU_INT08U byteCountTemp = 0u; byteCountTemp < n; byteCountTemp++) {
 216              		.loc 1 163 0
 217 0012 0024     		movs	r4, #0
 218 0014 04E0     		b	.L18
 219              	.LVL18:
 220              	.L19:
 164:bsp_spi.c     ****         reg_values[byteCountTemp] = SPIM_1_ReadRxData();
 221              		.loc 1 164 0 discriminator 3
 222 0016 FFF7FEFF 		bl	SPIM_1_ReadRxData
 223              	.LVL19:
 224 001a 3055     		strb	r0, [r6, r4]
 163:bsp_spi.c     ****         reg_values[byteCountTemp] = SPIM_1_ReadRxData();
 225              		.loc 1 163 0 discriminator 3
 226 001c 0134     		adds	r4, r4, #1
 227              	.LVL20:
 228 001e E4B2     		uxtb	r4, r4
 229              	.LVL21:
 230              	.L18:
 163:bsp_spi.c     ****         reg_values[byteCountTemp] = SPIM_1_ReadRxData();
 231              		.loc 1 163 0 is_stmt 0 discriminator 1
ARM GAS  C:\Users\filip\AppData\Local\Temp\cczHTgRb.s 			page 8


 232 0020 AC42     		cmp	r4, r5
 233 0022 F8D3     		bcc	.L19
 234              	.LBE3:
 165:bsp_spi.c     ****     }
 166:bsp_spi.c     **** }
 235              		.loc 1 166 0 is_stmt 1
 236 0024 70BD     		pop	{r4, r5, r6, pc}
 237              		.cfi_endproc
 238              	.LFE5:
 239              		.size	spi_get_n_bytes, .-spi_get_n_bytes
 240 0026 00BF     		.text
 241              	.Letext0:
 242              		.file 2 ".\\uC-CPU\\ARM-Cortex-M3\\GNU/cpu.h"
 243              		.file 3 "Generated_Source\\PSoC5/cytypes.h"
 244              		.file 4 "Generated_Source\\PSoC5/SPIM_1.h"
 245              		.section	.debug_info,"",%progbits
 246              	.Ldebug_info0:
 247 0000 61020000 		.4byte	0x261
 248 0004 0400     		.2byte	0x4
 249 0006 00000000 		.4byte	.Ldebug_abbrev0
 250 000a 04       		.byte	0x4
 251 000b 01       		.uleb128 0x1
 252 000c FE000000 		.4byte	.LASF31
 253 0010 0C       		.byte	0xc
 254 0011 00000000 		.4byte	.LASF32
 255 0015 1D000000 		.4byte	.LASF33
 256 0019 00000000 		.4byte	.Ldebug_ranges0+0
 257 001d 00000000 		.4byte	0
 258 0021 00000000 		.4byte	.Ldebug_line0
 259 0025 02       		.uleb128 0x2
 260 0026 01       		.byte	0x1
 261 0027 08       		.byte	0x8
 262 0028 14020000 		.4byte	.LASF0
 263 002c 02       		.uleb128 0x2
 264 002d 01       		.byte	0x1
 265 002e 08       		.byte	0x8
 266 002f F0000000 		.4byte	.LASF1
 267 0033 03       		.uleb128 0x3
 268 0034 A4010000 		.4byte	.LASF12
 269 0038 02       		.byte	0x2
 270 0039 78       		.byte	0x78
 271 003a 2C000000 		.4byte	0x2c
 272 003e 02       		.uleb128 0x2
 273 003f 01       		.byte	0x1
 274 0040 06       		.byte	0x6
 275 0041 68020000 		.4byte	.LASF2
 276 0045 02       		.uleb128 0x2
 277 0046 02       		.byte	0x2
 278 0047 07       		.byte	0x7
 279 0048 87020000 		.4byte	.LASF3
 280 004c 02       		.uleb128 0x2
 281 004d 02       		.byte	0x2
 282 004e 05       		.byte	0x5
 283 004f 34020000 		.4byte	.LASF4
 284 0053 02       		.uleb128 0x2
 285 0054 04       		.byte	0x4
 286 0055 07       		.byte	0x7
ARM GAS  C:\Users\filip\AppData\Local\Temp\cczHTgRb.s 			page 9


 287 0056 D9010000 		.4byte	.LASF5
 288 005a 04       		.uleb128 0x4
 289 005b 04       		.byte	0x4
 290 005c 05       		.byte	0x5
 291 005d 696E7400 		.ascii	"int\000"
 292 0061 02       		.uleb128 0x2
 293 0062 08       		.byte	0x8
 294 0063 07       		.byte	0x7
 295 0064 E6010000 		.4byte	.LASF6
 296 0068 02       		.uleb128 0x2
 297 0069 08       		.byte	0x8
 298 006a 05       		.byte	0x5
 299 006b 06020000 		.4byte	.LASF7
 300 006f 02       		.uleb128 0x2
 301 0070 04       		.byte	0x4
 302 0071 04       		.byte	0x4
 303 0072 17000000 		.4byte	.LASF8
 304 0076 02       		.uleb128 0x2
 305 0077 08       		.byte	0x8
 306 0078 04       		.byte	0x4
 307 0079 D2010000 		.4byte	.LASF9
 308 007d 02       		.uleb128 0x2
 309 007e 04       		.byte	0x4
 310 007f 05       		.byte	0x5
 311 0080 53020000 		.4byte	.LASF10
 312 0084 02       		.uleb128 0x2
 313 0085 04       		.byte	0x4
 314 0086 07       		.byte	0x7
 315 0087 8C010000 		.4byte	.LASF11
 316 008b 05       		.uleb128 0x5
 317 008c 9E010000 		.4byte	.LASF13
 318 0090 03       		.byte	0x3
 319 0091 E701     		.2byte	0x1e7
 320 0093 2C000000 		.4byte	0x2c
 321 0097 02       		.uleb128 0x2
 322 0098 08       		.byte	0x8
 323 0099 04       		.byte	0x4
 324 009a 5C020000 		.4byte	.LASF14
 325 009e 02       		.uleb128 0x2
 326 009f 04       		.byte	0x4
 327 00a0 07       		.byte	0x7
 328 00a1 FD010000 		.4byte	.LASF15
 329 00a5 06       		.uleb128 0x6
 330 00a6 19020000 		.4byte	.LASF16
 331 00aa 01       		.byte	0x1
 332 00ab 22       		.byte	0x22
 333 00ac 00000000 		.4byte	.LFB0
 334 00b0 08000000 		.4byte	.LFE0-.LFB0
 335 00b4 01       		.uleb128 0x1
 336 00b5 9C       		.byte	0x9c
 337 00b6 C4000000 		.4byte	0xc4
 338 00ba 07       		.uleb128 0x7
 339 00bb 06000000 		.4byte	.LVL0
 340 00bf 17020000 		.4byte	0x217
 341 00c3 00       		.byte	0
 342 00c4 06       		.uleb128 0x6
 343 00c5 73000000 		.4byte	.LASF17
ARM GAS  C:\Users\filip\AppData\Local\Temp\cczHTgRb.s 			page 10


 344 00c9 01       		.byte	0x1
 345 00ca 38       		.byte	0x38
 346 00cb 00000000 		.4byte	.LFB1
 347 00cf 16000000 		.4byte	.LFE1-.LFB1
 348 00d3 01       		.uleb128 0x1
 349 00d4 9C       		.byte	0x9c
 350 00d5 F5000000 		.4byte	0xf5
 351 00d9 07       		.uleb128 0x7
 352 00da 06000000 		.4byte	.LVL1
 353 00de 22020000 		.4byte	0x222
 354 00e2 07       		.uleb128 0x7
 355 00e3 0A000000 		.4byte	.LVL2
 356 00e7 2D020000 		.4byte	0x22d
 357 00eb 07       		.uleb128 0x7
 358 00ec 0E000000 		.4byte	.LVL3
 359 00f0 38020000 		.4byte	0x238
 360 00f4 00       		.byte	0
 361 00f5 06       		.uleb128 0x6
 362 00f6 A4000000 		.4byte	.LASF18
 363 00fa 01       		.byte	0x1
 364 00fb 54       		.byte	0x54
 365 00fc 00000000 		.4byte	.LFB2
 366 0100 1C000000 		.4byte	.LFE2-.LFB2
 367 0104 01       		.uleb128 0x1
 368 0105 9C       		.byte	0x9c
 369 0106 53010000 		.4byte	0x153
 370 010a 08       		.uleb128 0x8
 371 010b 6E000000 		.4byte	.LASF19
 372 010f 01       		.byte	0x1
 373 0110 54       		.byte	0x54
 374 0111 33000000 		.4byte	0x33
 375 0115 00000000 		.4byte	.LLST0
 376 0119 09       		.uleb128 0x9
 377 011a 6E00     		.ascii	"n\000"
 378 011c 01       		.byte	0x1
 379 011d 54       		.byte	0x54
 380 011e 33000000 		.4byte	0x33
 381 0122 21000000 		.4byte	.LLST1
 382 0126 0A       		.uleb128 0xa
 383 0127 06000000 		.4byte	.LBB2
 384 012b 14000000 		.4byte	.LBE2-.LBB2
 385 012f 0B       		.uleb128 0xb
 386 0130 AF010000 		.4byte	.LASF23
 387 0134 01       		.byte	0x1
 388 0135 56       		.byte	0x56
 389 0136 33000000 		.4byte	0x33
 390 013a 42000000 		.4byte	.LLST2
 391 013e 0C       		.uleb128 0xc
 392 013f 12000000 		.4byte	.LVL7
 393 0143 43020000 		.4byte	0x243
 394 0147 0D       		.uleb128 0xd
 395 0148 01       		.uleb128 0x1
 396 0149 50       		.byte	0x50
 397 014a 05       		.uleb128 0x5
 398 014b 74       		.byte	0x74
 399 014c 00       		.sleb128 0
 400 014d 76       		.byte	0x76
ARM GAS  C:\Users\filip\AppData\Local\Temp\cczHTgRb.s 			page 11


 401 014e 00       		.sleb128 0
 402 014f 22       		.byte	0x22
 403 0150 00       		.byte	0
 404 0151 00       		.byte	0
 405 0152 00       		.byte	0
 406 0153 06       		.uleb128 0x6
 407 0154 D4000000 		.4byte	.LASF20
 408 0158 01       		.byte	0x1
 409 0159 6B       		.byte	0x6b
 410 015a 00000000 		.4byte	.LFB3
 411 015e 0E000000 		.4byte	.LFE3-.LFB3
 412 0162 01       		.uleb128 0x1
 413 0163 9C       		.byte	0x9c
 414 0164 72010000 		.4byte	0x172
 415 0168 07       		.uleb128 0x7
 416 0169 06000000 		.4byte	.LVL10
 417 016d 38020000 		.4byte	0x238
 418 0171 00       		.byte	0
 419 0172 0E       		.uleb128 0xe
 420 0173 9A020000 		.4byte	.LASF34
 421 0177 01       		.byte	0x1
 422 0178 80       		.byte	0x80
 423 0179 33000000 		.4byte	0x33
 424 017d 00000000 		.4byte	.LFB4
 425 0181 14000000 		.4byte	.LFE4-.LFB4
 426 0185 01       		.uleb128 0x1
 427 0186 9C       		.byte	0x9c
 428 0187 A7010000 		.4byte	0x1a7
 429 018b 07       		.uleb128 0x7
 430 018c 06000000 		.4byte	.LVL11
 431 0190 4E020000 		.4byte	0x24e
 432 0194 07       		.uleb128 0x7
 433 0195 0E000000 		.4byte	.LVL12
 434 0199 59020000 		.4byte	0x259
 435 019d 07       		.uleb128 0x7
 436 019e 12000000 		.4byte	.LVL13
 437 01a2 59020000 		.4byte	0x259
 438 01a6 00       		.byte	0
 439 01a7 06       		.uleb128 0x6
 440 01a8 E0000000 		.4byte	.LASF21
 441 01ac 01       		.byte	0x1
 442 01ad 9C       		.byte	0x9c
 443 01ae 00000000 		.4byte	.LFB5
 444 01b2 26000000 		.4byte	.LFE5-.LFB5
 445 01b6 01       		.uleb128 0x1
 446 01b7 9C       		.byte	0x9c
 447 01b8 11020000 		.4byte	0x211
 448 01bc 08       		.uleb128 0x8
 449 01bd C9000000 		.4byte	.LASF22
 450 01c1 01       		.byte	0x1
 451 01c2 9C       		.byte	0x9c
 452 01c3 11020000 		.4byte	0x211
 453 01c7 6C000000 		.4byte	.LLST3
 454 01cb 09       		.uleb128 0x9
 455 01cc 6E00     		.ascii	"n\000"
 456 01ce 01       		.byte	0x1
 457 01cf 9C       		.byte	0x9c
ARM GAS  C:\Users\filip\AppData\Local\Temp\cczHTgRb.s 			page 12


 458 01d0 33000000 		.4byte	0x33
 459 01d4 8A000000 		.4byte	.LLST4
 460 01d8 0F       		.uleb128 0xf
 461 01d9 12000000 		.4byte	.LBB3
 462 01dd 12000000 		.4byte	.LBE3-.LBB3
 463 01e1 FE010000 		.4byte	0x1fe
 464 01e5 0B       		.uleb128 0xb
 465 01e6 AF010000 		.4byte	.LASF23
 466 01ea 01       		.byte	0x1
 467 01eb A3       		.byte	0xa3
 468 01ec 33000000 		.4byte	0x33
 469 01f0 AB000000 		.4byte	.LLST5
 470 01f4 07       		.uleb128 0x7
 471 01f5 1A000000 		.4byte	.LVL19
 472 01f9 59020000 		.4byte	0x259
 473 01fd 00       		.byte	0
 474 01fe 07       		.uleb128 0x7
 475 01ff 0A000000 		.4byte	.LVL16
 476 0203 4E020000 		.4byte	0x24e
 477 0207 07       		.uleb128 0x7
 478 0208 12000000 		.4byte	.LVL17
 479 020c 59020000 		.4byte	0x259
 480 0210 00       		.byte	0
 481 0211 10       		.uleb128 0x10
 482 0212 04       		.byte	0x4
 483 0213 33000000 		.4byte	0x33
 484 0217 11       		.uleb128 0x11
 485 0218 0A000000 		.4byte	.LASF24
 486 021c 0A000000 		.4byte	.LASF24
 487 0220 04       		.byte	0x4
 488 0221 4D       		.byte	0x4d
 489 0222 11       		.uleb128 0x11
 490 0223 BD010000 		.4byte	.LASF25
 491 0227 BD010000 		.4byte	.LASF25
 492 022b 04       		.byte	0x4
 493 022c 65       		.byte	0x65
 494 022d 11       		.uleb128 0x11
 495 022e 3E020000 		.4byte	.LASF26
 496 0232 3E020000 		.4byte	.LASF26
 497 0236 04       		.byte	0x4
 498 0237 64       		.byte	0x64
 499 0238 11       		.uleb128 0x11
 500 0239 B5000000 		.4byte	.LASF27
 501 023d B5000000 		.4byte	.LASF27
 502 0241 04       		.byte	0x4
 503 0242 5C       		.byte	0x5c
 504 0243 11       		.uleb128 0x11
 505 0244 74020000 		.4byte	.LASF28
 506 0248 74020000 		.4byte	.LASF28
 507 024c 04       		.byte	0x4
 508 024d 5E       		.byte	0x5e
 509 024e 11       		.uleb128 0x11
 510 024f 8D000000 		.4byte	.LASF29
 511 0253 8D000000 		.4byte	.LASF29
 512 0257 04       		.byte	0x4
 513 0258 62       		.byte	0x62
 514 0259 11       		.uleb128 0x11
ARM GAS  C:\Users\filip\AppData\Local\Temp\cczHTgRb.s 			page 13


 515 025a 22020000 		.4byte	.LASF30
 516 025e 22020000 		.4byte	.LASF30
 517 0262 04       		.byte	0x4
 518 0263 60       		.byte	0x60
 519 0264 00       		.byte	0
 520              		.section	.debug_abbrev,"",%progbits
 521              	.Ldebug_abbrev0:
 522 0000 01       		.uleb128 0x1
 523 0001 11       		.uleb128 0x11
 524 0002 01       		.byte	0x1
 525 0003 25       		.uleb128 0x25
 526 0004 0E       		.uleb128 0xe
 527 0005 13       		.uleb128 0x13
 528 0006 0B       		.uleb128 0xb
 529 0007 03       		.uleb128 0x3
 530 0008 0E       		.uleb128 0xe
 531 0009 1B       		.uleb128 0x1b
 532 000a 0E       		.uleb128 0xe
 533 000b 55       		.uleb128 0x55
 534 000c 17       		.uleb128 0x17
 535 000d 11       		.uleb128 0x11
 536 000e 01       		.uleb128 0x1
 537 000f 10       		.uleb128 0x10
 538 0010 17       		.uleb128 0x17
 539 0011 00       		.byte	0
 540 0012 00       		.byte	0
 541 0013 02       		.uleb128 0x2
 542 0014 24       		.uleb128 0x24
 543 0015 00       		.byte	0
 544 0016 0B       		.uleb128 0xb
 545 0017 0B       		.uleb128 0xb
 546 0018 3E       		.uleb128 0x3e
 547 0019 0B       		.uleb128 0xb
 548 001a 03       		.uleb128 0x3
 549 001b 0E       		.uleb128 0xe
 550 001c 00       		.byte	0
 551 001d 00       		.byte	0
 552 001e 03       		.uleb128 0x3
 553 001f 16       		.uleb128 0x16
 554 0020 00       		.byte	0
 555 0021 03       		.uleb128 0x3
 556 0022 0E       		.uleb128 0xe
 557 0023 3A       		.uleb128 0x3a
 558 0024 0B       		.uleb128 0xb
 559 0025 3B       		.uleb128 0x3b
 560 0026 0B       		.uleb128 0xb
 561 0027 49       		.uleb128 0x49
 562 0028 13       		.uleb128 0x13
 563 0029 00       		.byte	0
 564 002a 00       		.byte	0
 565 002b 04       		.uleb128 0x4
 566 002c 24       		.uleb128 0x24
 567 002d 00       		.byte	0
 568 002e 0B       		.uleb128 0xb
 569 002f 0B       		.uleb128 0xb
 570 0030 3E       		.uleb128 0x3e
 571 0031 0B       		.uleb128 0xb
ARM GAS  C:\Users\filip\AppData\Local\Temp\cczHTgRb.s 			page 14


 572 0032 03       		.uleb128 0x3
 573 0033 08       		.uleb128 0x8
 574 0034 00       		.byte	0
 575 0035 00       		.byte	0
 576 0036 05       		.uleb128 0x5
 577 0037 16       		.uleb128 0x16
 578 0038 00       		.byte	0
 579 0039 03       		.uleb128 0x3
 580 003a 0E       		.uleb128 0xe
 581 003b 3A       		.uleb128 0x3a
 582 003c 0B       		.uleb128 0xb
 583 003d 3B       		.uleb128 0x3b
 584 003e 05       		.uleb128 0x5
 585 003f 49       		.uleb128 0x49
 586 0040 13       		.uleb128 0x13
 587 0041 00       		.byte	0
 588 0042 00       		.byte	0
 589 0043 06       		.uleb128 0x6
 590 0044 2E       		.uleb128 0x2e
 591 0045 01       		.byte	0x1
 592 0046 3F       		.uleb128 0x3f
 593 0047 19       		.uleb128 0x19
 594 0048 03       		.uleb128 0x3
 595 0049 0E       		.uleb128 0xe
 596 004a 3A       		.uleb128 0x3a
 597 004b 0B       		.uleb128 0xb
 598 004c 3B       		.uleb128 0x3b
 599 004d 0B       		.uleb128 0xb
 600 004e 27       		.uleb128 0x27
 601 004f 19       		.uleb128 0x19
 602 0050 11       		.uleb128 0x11
 603 0051 01       		.uleb128 0x1
 604 0052 12       		.uleb128 0x12
 605 0053 06       		.uleb128 0x6
 606 0054 40       		.uleb128 0x40
 607 0055 18       		.uleb128 0x18
 608 0056 9742     		.uleb128 0x2117
 609 0058 19       		.uleb128 0x19
 610 0059 01       		.uleb128 0x1
 611 005a 13       		.uleb128 0x13
 612 005b 00       		.byte	0
 613 005c 00       		.byte	0
 614 005d 07       		.uleb128 0x7
 615 005e 898201   		.uleb128 0x4109
 616 0061 00       		.byte	0
 617 0062 11       		.uleb128 0x11
 618 0063 01       		.uleb128 0x1
 619 0064 31       		.uleb128 0x31
 620 0065 13       		.uleb128 0x13
 621 0066 00       		.byte	0
 622 0067 00       		.byte	0
 623 0068 08       		.uleb128 0x8
 624 0069 05       		.uleb128 0x5
 625 006a 00       		.byte	0
 626 006b 03       		.uleb128 0x3
 627 006c 0E       		.uleb128 0xe
 628 006d 3A       		.uleb128 0x3a
ARM GAS  C:\Users\filip\AppData\Local\Temp\cczHTgRb.s 			page 15


 629 006e 0B       		.uleb128 0xb
 630 006f 3B       		.uleb128 0x3b
 631 0070 0B       		.uleb128 0xb
 632 0071 49       		.uleb128 0x49
 633 0072 13       		.uleb128 0x13
 634 0073 02       		.uleb128 0x2
 635 0074 17       		.uleb128 0x17
 636 0075 00       		.byte	0
 637 0076 00       		.byte	0
 638 0077 09       		.uleb128 0x9
 639 0078 05       		.uleb128 0x5
 640 0079 00       		.byte	0
 641 007a 03       		.uleb128 0x3
 642 007b 08       		.uleb128 0x8
 643 007c 3A       		.uleb128 0x3a
 644 007d 0B       		.uleb128 0xb
 645 007e 3B       		.uleb128 0x3b
 646 007f 0B       		.uleb128 0xb
 647 0080 49       		.uleb128 0x49
 648 0081 13       		.uleb128 0x13
 649 0082 02       		.uleb128 0x2
 650 0083 17       		.uleb128 0x17
 651 0084 00       		.byte	0
 652 0085 00       		.byte	0
 653 0086 0A       		.uleb128 0xa
 654 0087 0B       		.uleb128 0xb
 655 0088 01       		.byte	0x1
 656 0089 11       		.uleb128 0x11
 657 008a 01       		.uleb128 0x1
 658 008b 12       		.uleb128 0x12
 659 008c 06       		.uleb128 0x6
 660 008d 00       		.byte	0
 661 008e 00       		.byte	0
 662 008f 0B       		.uleb128 0xb
 663 0090 34       		.uleb128 0x34
 664 0091 00       		.byte	0
 665 0092 03       		.uleb128 0x3
 666 0093 0E       		.uleb128 0xe
 667 0094 3A       		.uleb128 0x3a
 668 0095 0B       		.uleb128 0xb
 669 0096 3B       		.uleb128 0x3b
 670 0097 0B       		.uleb128 0xb
 671 0098 49       		.uleb128 0x49
 672 0099 13       		.uleb128 0x13
 673 009a 02       		.uleb128 0x2
 674 009b 17       		.uleb128 0x17
 675 009c 00       		.byte	0
 676 009d 00       		.byte	0
 677 009e 0C       		.uleb128 0xc
 678 009f 898201   		.uleb128 0x4109
 679 00a2 01       		.byte	0x1
 680 00a3 11       		.uleb128 0x11
 681 00a4 01       		.uleb128 0x1
 682 00a5 31       		.uleb128 0x31
 683 00a6 13       		.uleb128 0x13
 684 00a7 00       		.byte	0
 685 00a8 00       		.byte	0
ARM GAS  C:\Users\filip\AppData\Local\Temp\cczHTgRb.s 			page 16


 686 00a9 0D       		.uleb128 0xd
 687 00aa 8A8201   		.uleb128 0x410a
 688 00ad 00       		.byte	0
 689 00ae 02       		.uleb128 0x2
 690 00af 18       		.uleb128 0x18
 691 00b0 9142     		.uleb128 0x2111
 692 00b2 18       		.uleb128 0x18
 693 00b3 00       		.byte	0
 694 00b4 00       		.byte	0
 695 00b5 0E       		.uleb128 0xe
 696 00b6 2E       		.uleb128 0x2e
 697 00b7 01       		.byte	0x1
 698 00b8 3F       		.uleb128 0x3f
 699 00b9 19       		.uleb128 0x19
 700 00ba 03       		.uleb128 0x3
 701 00bb 0E       		.uleb128 0xe
 702 00bc 3A       		.uleb128 0x3a
 703 00bd 0B       		.uleb128 0xb
 704 00be 3B       		.uleb128 0x3b
 705 00bf 0B       		.uleb128 0xb
 706 00c0 27       		.uleb128 0x27
 707 00c1 19       		.uleb128 0x19
 708 00c2 49       		.uleb128 0x49
 709 00c3 13       		.uleb128 0x13
 710 00c4 11       		.uleb128 0x11
 711 00c5 01       		.uleb128 0x1
 712 00c6 12       		.uleb128 0x12
 713 00c7 06       		.uleb128 0x6
 714 00c8 40       		.uleb128 0x40
 715 00c9 18       		.uleb128 0x18
 716 00ca 9742     		.uleb128 0x2117
 717 00cc 19       		.uleb128 0x19
 718 00cd 01       		.uleb128 0x1
 719 00ce 13       		.uleb128 0x13
 720 00cf 00       		.byte	0
 721 00d0 00       		.byte	0
 722 00d1 0F       		.uleb128 0xf
 723 00d2 0B       		.uleb128 0xb
 724 00d3 01       		.byte	0x1
 725 00d4 11       		.uleb128 0x11
 726 00d5 01       		.uleb128 0x1
 727 00d6 12       		.uleb128 0x12
 728 00d7 06       		.uleb128 0x6
 729 00d8 01       		.uleb128 0x1
 730 00d9 13       		.uleb128 0x13
 731 00da 00       		.byte	0
 732 00db 00       		.byte	0
 733 00dc 10       		.uleb128 0x10
 734 00dd 0F       		.uleb128 0xf
 735 00de 00       		.byte	0
 736 00df 0B       		.uleb128 0xb
 737 00e0 0B       		.uleb128 0xb
 738 00e1 49       		.uleb128 0x49
 739 00e2 13       		.uleb128 0x13
 740 00e3 00       		.byte	0
 741 00e4 00       		.byte	0
 742 00e5 11       		.uleb128 0x11
ARM GAS  C:\Users\filip\AppData\Local\Temp\cczHTgRb.s 			page 17


 743 00e6 2E       		.uleb128 0x2e
 744 00e7 00       		.byte	0
 745 00e8 3F       		.uleb128 0x3f
 746 00e9 19       		.uleb128 0x19
 747 00ea 3C       		.uleb128 0x3c
 748 00eb 19       		.uleb128 0x19
 749 00ec 6E       		.uleb128 0x6e
 750 00ed 0E       		.uleb128 0xe
 751 00ee 03       		.uleb128 0x3
 752 00ef 0E       		.uleb128 0xe
 753 00f0 3A       		.uleb128 0x3a
 754 00f1 0B       		.uleb128 0xb
 755 00f2 3B       		.uleb128 0x3b
 756 00f3 0B       		.uleb128 0xb
 757 00f4 00       		.byte	0
 758 00f5 00       		.byte	0
 759 00f6 00       		.byte	0
 760              		.section	.debug_loc,"",%progbits
 761              	.Ldebug_loc0:
 762              	.LLST0:
 763 0000 00000000 		.4byte	.LVL4
 764 0004 0A000000 		.4byte	.LVL6
 765 0008 0100     		.2byte	0x1
 766 000a 50       		.byte	0x50
 767 000b 0A000000 		.4byte	.LVL6
 768 000f 1C000000 		.4byte	.LFE2
 769 0013 0400     		.2byte	0x4
 770 0015 F3       		.byte	0xf3
 771 0016 01       		.uleb128 0x1
 772 0017 50       		.byte	0x50
 773 0018 9F       		.byte	0x9f
 774 0019 00000000 		.4byte	0
 775 001d 00000000 		.4byte	0
 776              	.LLST1:
 777 0021 00000000 		.4byte	.LVL4
 778 0025 0A000000 		.4byte	.LVL6
 779 0029 0100     		.2byte	0x1
 780 002b 51       		.byte	0x51
 781 002c 0A000000 		.4byte	.LVL6
 782 0030 1C000000 		.4byte	.LFE2
 783 0034 0400     		.2byte	0x4
 784 0036 F3       		.byte	0xf3
 785 0037 01       		.uleb128 0x1
 786 0038 51       		.byte	0x51
 787 0039 9F       		.byte	0x9f
 788 003a 00000000 		.4byte	0
 789 003e 00000000 		.4byte	0
 790              	.LLST2:
 791 0042 06000000 		.4byte	.LVL5
 792 0046 0A000000 		.4byte	.LVL6
 793 004a 0200     		.2byte	0x2
 794 004c 30       		.byte	0x30
 795 004d 9F       		.byte	0x9f
 796 004e 0A000000 		.4byte	.LVL6
 797 0052 14000000 		.4byte	.LVL8
 798 0056 0100     		.2byte	0x1
 799 0058 54       		.byte	0x54
ARM GAS  C:\Users\filip\AppData\Local\Temp\cczHTgRb.s 			page 18


 800 0059 16000000 		.4byte	.LVL9
 801 005d 1C000000 		.4byte	.LFE2
 802 0061 0100     		.2byte	0x1
 803 0063 54       		.byte	0x54
 804 0064 00000000 		.4byte	0
 805 0068 00000000 		.4byte	0
 806              	.LLST3:
 807 006c 00000000 		.4byte	.LVL14
 808 0070 06000000 		.4byte	.LVL15
 809 0074 0100     		.2byte	0x1
 810 0076 50       		.byte	0x50
 811 0077 06000000 		.4byte	.LVL15
 812 007b 26000000 		.4byte	.LFE5
 813 007f 0100     		.2byte	0x1
 814 0081 56       		.byte	0x56
 815 0082 00000000 		.4byte	0
 816 0086 00000000 		.4byte	0
 817              	.LLST4:
 818 008a 00000000 		.4byte	.LVL14
 819 008e 06000000 		.4byte	.LVL15
 820 0092 0100     		.2byte	0x1
 821 0094 51       		.byte	0x51
 822 0095 06000000 		.4byte	.LVL15
 823 0099 26000000 		.4byte	.LFE5
 824 009d 0400     		.2byte	0x4
 825 009f F3       		.byte	0xf3
 826 00a0 01       		.uleb128 0x1
 827 00a1 51       		.byte	0x51
 828 00a2 9F       		.byte	0x9f
 829 00a3 00000000 		.4byte	0
 830 00a7 00000000 		.4byte	0
 831              	.LLST5:
 832 00ab 12000000 		.4byte	.LVL17
 833 00af 16000000 		.4byte	.LVL18
 834 00b3 0200     		.2byte	0x2
 835 00b5 30       		.byte	0x30
 836 00b6 9F       		.byte	0x9f
 837 00b7 16000000 		.4byte	.LVL18
 838 00bb 1E000000 		.4byte	.LVL20
 839 00bf 0100     		.2byte	0x1
 840 00c1 54       		.byte	0x54
 841 00c2 20000000 		.4byte	.LVL21
 842 00c6 26000000 		.4byte	.LFE5
 843 00ca 0100     		.2byte	0x1
 844 00cc 54       		.byte	0x54
 845 00cd 00000000 		.4byte	0
 846 00d1 00000000 		.4byte	0
 847              		.section	.debug_aranges,"",%progbits
 848 0000 44000000 		.4byte	0x44
 849 0004 0200     		.2byte	0x2
 850 0006 00000000 		.4byte	.Ldebug_info0
 851 000a 04       		.byte	0x4
 852 000b 00       		.byte	0
 853 000c 0000     		.2byte	0
 854 000e 0000     		.2byte	0
 855 0010 00000000 		.4byte	.LFB0
 856 0014 08000000 		.4byte	.LFE0-.LFB0
ARM GAS  C:\Users\filip\AppData\Local\Temp\cczHTgRb.s 			page 19


 857 0018 00000000 		.4byte	.LFB1
 858 001c 16000000 		.4byte	.LFE1-.LFB1
 859 0020 00000000 		.4byte	.LFB2
 860 0024 1C000000 		.4byte	.LFE2-.LFB2
 861 0028 00000000 		.4byte	.LFB3
 862 002c 0E000000 		.4byte	.LFE3-.LFB3
 863 0030 00000000 		.4byte	.LFB4
 864 0034 14000000 		.4byte	.LFE4-.LFB4
 865 0038 00000000 		.4byte	.LFB5
 866 003c 26000000 		.4byte	.LFE5-.LFB5
 867 0040 00000000 		.4byte	0
 868 0044 00000000 		.4byte	0
 869              		.section	.debug_ranges,"",%progbits
 870              	.Ldebug_ranges0:
 871 0000 00000000 		.4byte	.LFB0
 872 0004 08000000 		.4byte	.LFE0
 873 0008 00000000 		.4byte	.LFB1
 874 000c 16000000 		.4byte	.LFE1
 875 0010 00000000 		.4byte	.LFB2
 876 0014 1C000000 		.4byte	.LFE2
 877 0018 00000000 		.4byte	.LFB3
 878 001c 0E000000 		.4byte	.LFE3
 879 0020 00000000 		.4byte	.LFB4
 880 0024 14000000 		.4byte	.LFE4
 881 0028 00000000 		.4byte	.LFB5
 882 002c 26000000 		.4byte	.LFE5
 883 0030 00000000 		.4byte	0
 884 0034 00000000 		.4byte	0
 885              		.section	.debug_line,"",%progbits
 886              	.Ldebug_line0:
 887 0000 1B010000 		.section	.debug_str,"MS",%progbits,1
 887      02007400 
 887      00000201 
 887      FB0E0D00 
 887      01010101 
 888              	.LASF32:
 889 0000 6273705F 		.ascii	"bsp_spi.c\000"
 889      7370692E 
 889      6300
 890              	.LASF24:
 891 000a 5350494D 		.ascii	"SPIM_1_Start\000"
 891      5F315F53 
 891      74617274 
 891      00
 892              	.LASF8:
 893 0017 666C6F61 		.ascii	"float\000"
 893      7400
 894              	.LASF33:
 895 001d 5C5C4D61 		.ascii	"\\\\Mac\\Home\\Documents\\cypress\\esw_bmp280_Petro"
 895      635C486F 
 895      6D655C44 
 895      6F63756D 
 895      656E7473 
 896 004a 7669635F 		.ascii	"vic_Wagner\\BMP280_CY8CKIT_059.cydsn\000"
 896      5761676E 
 896      65725C42 
 896      4D503238 
ARM GAS  C:\Users\filip\AppData\Local\Temp\cczHTgRb.s 			page 20


 896      305F4359 
 897              	.LASF19:
 898 006e 62797465 		.ascii	"byte\000"
 898      00
 899              	.LASF17:
 900 0073 70726570 		.ascii	"prepare_and_wait_spi_send\000"
 900      6172655F 
 900      616E645F 
 900      77616974 
 900      5F737069 
 901              	.LASF29:
 902 008d 5350494D 		.ascii	"SPIM_1_GetRxBufferSize\000"
 902      5F315F47 
 902      65745278 
 902      42756666 
 902      65725369 
 903              	.LASF18:
 904 00a4 7370695F 		.ascii	"spi_send_n_bytes\000"
 904      73656E64 
 904      5F6E5F62 
 904      79746573 
 904      00
 905              	.LASF27:
 906 00b5 5350494D 		.ascii	"SPIM_1_ReadTxStatus\000"
 906      5F315F52 
 906      65616454 
 906      78537461 
 906      74757300 
 907              	.LASF22:
 908 00c9 7265675F 		.ascii	"reg_values\000"
 908      76616C75 
 908      657300
 909              	.LASF20:
 910 00d4 77616974 		.ascii	"wait_spi_tx\000"
 910      5F737069 
 910      5F747800 
 911              	.LASF21:
 912 00e0 7370695F 		.ascii	"spi_get_n_bytes\000"
 912      6765745F 
 912      6E5F6279 
 912      74657300 
 913              	.LASF1:
 914 00f0 756E7369 		.ascii	"unsigned char\000"
 914      676E6564 
 914      20636861 
 914      7200
 915              	.LASF31:
 916 00fe 474E5520 		.ascii	"GNU C11 5.4.1 20160609 (release) [ARM/embedded-5-br"
 916      43313120 
 916      352E342E 
 916      31203230 
 916      31363036 
 917 0131 616E6368 		.ascii	"anch revision 237715] -mcpu=cortex-m3 -mthumb -g -O"
 917      20726576 
 917      6973696F 
 917      6E203233 
 917      37373135 
ARM GAS  C:\Users\filip\AppData\Local\Temp\cczHTgRb.s 			page 21


 918 0164 67202D66 		.ascii	"g -ffunction-sections -ffat-lto-objects\000"
 918      66756E63 
 918      74696F6E 
 918      2D736563 
 918      74696F6E 
 919              	.LASF11:
 920 018c 6C6F6E67 		.ascii	"long unsigned int\000"
 920      20756E73 
 920      69676E65 
 920      6420696E 
 920      7400
 921              	.LASF13:
 922 019e 75696E74 		.ascii	"uint8\000"
 922      3800
 923              	.LASF12:
 924 01a4 4350555F 		.ascii	"CPU_INT08U\000"
 924      494E5430 
 924      385500
 925              	.LASF23:
 926 01af 62797465 		.ascii	"byteCountTemp\000"
 926      436F756E 
 926      7454656D 
 926      7000
 927              	.LASF25:
 928 01bd 5350494D 		.ascii	"SPIM_1_ClearTxBuffer\000"
 928      5F315F43 
 928      6C656172 
 928      54784275 
 928      66666572 
 929              	.LASF9:
 930 01d2 646F7562 		.ascii	"double\000"
 930      6C6500
 931              	.LASF5:
 932 01d9 756E7369 		.ascii	"unsigned int\000"
 932      676E6564 
 932      20696E74 
 932      00
 933              	.LASF6:
 934 01e6 6C6F6E67 		.ascii	"long long unsigned int\000"
 934      206C6F6E 
 934      6720756E 
 934      7369676E 
 934      65642069 
 935              	.LASF15:
 936 01fd 73697A65 		.ascii	"sizetype\000"
 936      74797065 
 936      00
 937              	.LASF7:
 938 0206 6C6F6E67 		.ascii	"long long int\000"
 938      206C6F6E 
 938      6720696E 
 938      7400
 939              	.LASF0:
 940 0214 63686172 		.ascii	"char\000"
 940      00
 941              	.LASF16:
 942 0219 696E6974 		.ascii	"init_spi\000"
ARM GAS  C:\Users\filip\AppData\Local\Temp\cczHTgRb.s 			page 22


 942      5F737069 
 942      00
 943              	.LASF30:
 944 0222 5350494D 		.ascii	"SPIM_1_ReadRxData\000"
 944      5F315F52 
 944      65616452 
 944      78446174 
 944      6100
 945              	.LASF4:
 946 0234 73686F72 		.ascii	"short int\000"
 946      7420696E 
 946      7400
 947              	.LASF26:
 948 023e 5350494D 		.ascii	"SPIM_1_ClearRxBuffer\000"
 948      5F315F43 
 948      6C656172 
 948      52784275 
 948      66666572 
 949              	.LASF10:
 950 0253 6C6F6E67 		.ascii	"long int\000"
 950      20696E74 
 950      00
 951              	.LASF14:
 952 025c 6C6F6E67 		.ascii	"long double\000"
 952      20646F75 
 952      626C6500 
 953              	.LASF2:
 954 0268 7369676E 		.ascii	"signed char\000"
 954      65642063 
 954      68617200 
 955              	.LASF28:
 956 0274 5350494D 		.ascii	"SPIM_1_WriteTxData\000"
 956      5F315F57 
 956      72697465 
 956      54784461 
 956      746100
 957              	.LASF3:
 958 0287 73686F72 		.ascii	"short unsigned int\000"
 958      7420756E 
 958      7369676E 
 958      65642069 
 958      6E7400
 959              	.LASF34:
 960 029a 7370695F 		.ascii	"spi_get_byte\000"
 960      6765745F 
 960      62797465 
 960      00
 961              		.ident	"GCC: (GNU Tools for ARM Embedded Processors) 5.4.1 20160609 (release) [ARM/embedded-5-bran
