ARM GAS  C:\Users\filip\AppData\Local\Temp\ccv9IppN.s 			page 1


   1              		.syntax unified
   2              		.cpu cortex-m3
   3              		.fpu softvfp
   4              		.eabi_attribute 20, 1
   5              		.eabi_attribute 21, 1
   6              		.eabi_attribute 23, 3
   7              		.eabi_attribute 24, 1
   8              		.eabi_attribute 25, 1
   9              		.eabi_attribute 26, 1
  10              		.eabi_attribute 30, 1
  11              		.eabi_attribute 34, 1
  12              		.eabi_attribute 18, 4
  13              		.thumb
  14              		.syntax unified
  15              		.file	"bsp_uart.c"
  16              		.text
  17              	.Ltext0:
  18              		.cfi_sections	.debug_frame
  19              		.section	.text.init_uart,"ax",%progbits
  20              		.align	2
  21              		.global	init_uart
  22              		.thumb
  23              		.thumb_func
  24              		.type	init_uart, %function
  25              	init_uart:
  26              	.LFB1:
  27              		.file 1 "bsp_uart.c"
   1:bsp_uart.c    **** /* ========================================
   2:bsp_uart.c    ****  *
   3:bsp_uart.c    ****  * Copyright YOUR COMPANY, THE YEAR
   4:bsp_uart.c    ****  * All Rights Reserved
   5:bsp_uart.c    ****  * UNPUBLISHED, LICENSED SOFTWARE.
   6:bsp_uart.c    ****  *
   7:bsp_uart.c    ****  * CONFIDENTIAL AND PROPRIETARY INFORMATION
   8:bsp_uart.c    ****  * WHICH IS THE PROPERTY OF your company.
   9:bsp_uart.c    ****  *
  10:bsp_uart.c    ****  * ========================================
  11:bsp_uart.c    **** */
  12:bsp_uart.c    **** 
  13:bsp_uart.c    **** #include <bsp_uart.h>
  14:bsp_uart.c    **** 
  15:bsp_uart.c    **** /*
  16:bsp_uart.c    **** ***************************************************************************************************
  17:bsp_uart.c    **** *                                       init_uart()
  18:bsp_uart.c    **** *
  19:bsp_uart.c    **** * Description : This function initializes the UART_1 communication module. Configuration: 115200,8N
  20:bsp_uart.c    **** *
  21:bsp_uart.c    **** * Argument(s) : none.
  22:bsp_uart.c    **** *
  23:bsp_uart.c    **** * Return(s)   : none.
  24:bsp_uart.c    **** *
  25:bsp_uart.c    **** * Caller(s)   : Application.
  26:bsp_uart.c    **** *
  27:bsp_uart.c    **** * Note(s)     : Not re-entrant.
  28:bsp_uart.c    **** ***************************************************************************************************
  29:bsp_uart.c    **** */
  30:bsp_uart.c    **** 
ARM GAS  C:\Users\filip\AppData\Local\Temp\ccv9IppN.s 			page 2


  31:bsp_uart.c    **** CPU_VOID init_uart(CPU_VOID)
  32:bsp_uart.c    **** {
  28              		.loc 1 32 0
  29              		.cfi_startproc
  30              		@ args = 0, pretend = 0, frame = 0
  31              		@ frame_needed = 0, uses_anonymous_args = 0
  32 0000 08B5     		push	{r3, lr}
  33              		.cfi_def_cfa_offset 8
  34              		.cfi_offset 3, -8
  35              		.cfi_offset 14, -4
  33:bsp_uart.c    ****     UART_1_Start();
  36              		.loc 1 33 0
  37 0002 FFF7FEFF 		bl	UART_1_Start
  38              	.LVL0:
  39 0006 08BD     		pop	{r3, pc}
  40              		.cfi_endproc
  41              	.LFE1:
  42              		.size	init_uart, .-init_uart
  43              		.section	.text.uart_get_byte,"ax",%progbits
  44              		.align	2
  45              		.global	uart_get_byte
  46              		.thumb
  47              		.thumb_func
  48              		.type	uart_get_byte, %function
  49              	uart_get_byte:
  50              	.LFB2:
  34:bsp_uart.c    **** }
  35:bsp_uart.c    **** 
  36:bsp_uart.c    **** /*
  37:bsp_uart.c    **** ***************************************************************************************************
  38:bsp_uart.c    **** *                                       uart_get_byte()
  39:bsp_uart.c    **** *
  40:bsp_uart.c    **** * Description : Returns the last received byte of data. UART_1_GetChar() is
  41:bsp_uart.c    **** *               designed for ASCII characters and returns a uint8 where 1 to 255 are values
  42:bsp_uart.c    **** *               for valid characters and 0 indicates an error occurred or no data is present 
  43:bsp_uart.c    **** *
  44:bsp_uart.c    **** * Argument(s) : none.
  45:bsp_uart.c    **** *
  46:bsp_uart.c    **** * Return(s)   : Character read from UART RX buffer. ASCII characters from 1 to 255 are valid.
  47:bsp_uart.c    **** *               A returned zero signifies an error condition or no data available.
  48:bsp_uart.c    **** *
  49:bsp_uart.c    **** * Caller(s)   : Application.
  50:bsp_uart.c    **** *
  51:bsp_uart.c    **** * Note(s)     : Not re-entrant, non-blocking.
  52:bsp_uart.c    **** ***************************************************************************************************
  53:bsp_uart.c    **** */
  54:bsp_uart.c    **** 
  55:bsp_uart.c    **** CPU_INT08U uart_get_byte(CPU_VOID)
  56:bsp_uart.c    **** {
  51              		.loc 1 56 0
  52              		.cfi_startproc
  53              		@ args = 0, pretend = 0, frame = 0
  54              		@ frame_needed = 0, uses_anonymous_args = 0
  55 0000 08B5     		push	{r3, lr}
  56              		.cfi_def_cfa_offset 8
  57              		.cfi_offset 3, -8
  58              		.cfi_offset 14, -4
ARM GAS  C:\Users\filip\AppData\Local\Temp\ccv9IppN.s 			page 3


  57:bsp_uart.c    ****     return UART_1_GetChar();
  59              		.loc 1 57 0
  60 0002 FFF7FEFF 		bl	UART_1_GetChar
  61              	.LVL1:
  58:bsp_uart.c    **** }
  62              		.loc 1 58 0
  63 0006 08BD     		pop	{r3, pc}
  64              		.cfi_endproc
  65              	.LFE2:
  66              		.size	uart_get_byte, .-uart_get_byte
  67              		.section	.text.uart_send_byte,"ax",%progbits
  68              		.align	2
  69              		.global	uart_send_byte
  70              		.thumb
  71              		.thumb_func
  72              		.type	uart_send_byte, %function
  73              	uart_send_byte:
  74              	.LFB3:
  59:bsp_uart.c    **** 
  60:bsp_uart.c    **** /*
  61:bsp_uart.c    **** ***************************************************************************************************
  62:bsp_uart.c    **** *                                       uart_send_byte()
  63:bsp_uart.c    **** *
  64:bsp_uart.c    **** * Description : Puts a byte of data into the transmit buffer to be sent when the bus is
  65:bsp_uart.c    **** *               available. This is a blocking API that waits until the TX buffer has room to
  66:bsp_uart.c    **** *               hold the data. 
  67:bsp_uart.c    **** *
  68:bsp_uart.c    **** * Argument(s) : byte ... containing the data to transmit
  69:bsp_uart.c    **** *
  70:bsp_uart.c    **** * Return(s)   : none.
  71:bsp_uart.c    **** *
  72:bsp_uart.c    **** * Caller(s)   : Application.
  73:bsp_uart.c    **** *
  74:bsp_uart.c    **** * Note(s)     : Not re-entrant.
  75:bsp_uart.c    **** ***************************************************************************************************
  76:bsp_uart.c    **** */
  77:bsp_uart.c    **** 
  78:bsp_uart.c    **** CPU_VOID uart_send_byte(CPU_INT08U byte)
  79:bsp_uart.c    **** {
  75              		.loc 1 79 0
  76              		.cfi_startproc
  77              		@ args = 0, pretend = 0, frame = 0
  78              		@ frame_needed = 0, uses_anonymous_args = 0
  79              	.LVL2:
  80 0000 08B5     		push	{r3, lr}
  81              		.cfi_def_cfa_offset 8
  82              		.cfi_offset 3, -8
  83              		.cfi_offset 14, -4
  80:bsp_uart.c    ****     UART_1_PutChar(byte);
  84              		.loc 1 80 0
  85 0002 FFF7FEFF 		bl	UART_1_PutChar
  86              	.LVL3:
  87 0006 08BD     		pop	{r3, pc}
  88              		.cfi_endproc
  89              	.LFE3:
  90              		.size	uart_send_byte, .-uart_send_byte
  91              		.section	.text.uart_send_string,"ax",%progbits
ARM GAS  C:\Users\filip\AppData\Local\Temp\ccv9IppN.s 			page 4


  92              		.align	2
  93              		.global	uart_send_string
  94              		.thumb
  95              		.thumb_func
  96              		.type	uart_send_string, %function
  97              	uart_send_string:
  98              	.LFB4:
  81:bsp_uart.c    **** }
  82:bsp_uart.c    **** 
  83:bsp_uart.c    **** /*
  84:bsp_uart.c    **** ***************************************************************************************************
  85:bsp_uart.c    **** *                                      uart_send_string()
  86:bsp_uart.c    **** *
  87:bsp_uart.c    **** * Description : Puts a string into the transmit buffer to be sent when the bus is
  88:bsp_uart.c    **** *               available. This is a blocking API that waits until the TX buffer has room to
  89:bsp_uart.c    **** *               hold the data. 
  90:bsp_uart.c    **** *
  91:bsp_uart.c    **** * Argument(s) : array ... containing the data to transmit
  92:bsp_uart.c    **** *
  93:bsp_uart.c    **** * Return(s)   : none.
  94:bsp_uart.c    **** *
  95:bsp_uart.c    **** * Caller(s)   : Application.
  96:bsp_uart.c    **** *
  97:bsp_uart.c    **** * Note(s)     : Not re-entrant.
  98:bsp_uart.c    **** ***************************************************************************************************
  99:bsp_uart.c    **** */
 100:bsp_uart.c    **** 
 101:bsp_uart.c    **** CPU_VOID uart_send_string(CPU_CHAR array[])
 102:bsp_uart.c    **** {
  99              		.loc 1 102 0
 100              		.cfi_startproc
 101              		@ args = 0, pretend = 0, frame = 0
 102              		@ frame_needed = 0, uses_anonymous_args = 0
 103              	.LVL4:
 104 0000 08B5     		push	{r3, lr}
 105              		.cfi_def_cfa_offset 8
 106              		.cfi_offset 3, -8
 107              		.cfi_offset 14, -4
 103:bsp_uart.c    ****     UART_1_PutString(array);
 108              		.loc 1 103 0
 109 0002 FFF7FEFF 		bl	UART_1_PutString
 110              	.LVL5:
 111 0006 08BD     		pop	{r3, pc}
 112              		.cfi_endproc
 113              	.LFE4:
 114              		.size	uart_send_string, .-uart_send_string
 115              		.section	.text.uart_send_array,"ax",%progbits
 116              		.align	2
 117              		.global	uart_send_array
 118              		.thumb
 119              		.thumb_func
 120              		.type	uart_send_array, %function
 121              	uart_send_array:
 122              	.LFB5:
 104:bsp_uart.c    **** }
 105:bsp_uart.c    **** 
 106:bsp_uart.c    **** /*
ARM GAS  C:\Users\filip\AppData\Local\Temp\ccv9IppN.s 			page 5


 107:bsp_uart.c    **** ***************************************************************************************************
 108:bsp_uart.c    **** *                                   uart_send_array()
 109:bsp_uart.c    **** *
 110:bsp_uart.c    **** * Description : Puts an array of size N into the transmit buffer to be sent when the bus is
 111:bsp_uart.c    **** *               available. This is a blocking API that waits until the TX buffer has room to
 112:bsp_uart.c    **** *               hold the data. 
 113:bsp_uart.c    **** *
 114:bsp_uart.c    **** * Argument(s) : array     ... containing the data to transmit
 115:bsp_uart.c    **** *               byteCount ... number of bytes to be transmitted
 116:bsp_uart.c    **** *
 117:bsp_uart.c    **** * Return(s)   : none.
 118:bsp_uart.c    **** *
 119:bsp_uart.c    **** * Caller(s)   : Application.
 120:bsp_uart.c    **** *
 121:bsp_uart.c    **** * Note(s)     : Not re-entrant.
 122:bsp_uart.c    **** ***************************************************************************************************
 123:bsp_uart.c    **** */
 124:bsp_uart.c    **** 
 125:bsp_uart.c    **** CPU_VOID uart_send_array(CPU_INT08U array[], CPU_INT08U byteCount) 
 126:bsp_uart.c    **** {
 123              		.loc 1 126 0
 124              		.cfi_startproc
 125              		@ args = 0, pretend = 0, frame = 0
 126              		@ frame_needed = 0, uses_anonymous_args = 0
 127              	.LVL6:
 128 0000 08B5     		push	{r3, lr}
 129              		.cfi_def_cfa_offset 8
 130              		.cfi_offset 3, -8
 131              		.cfi_offset 14, -4
 127:bsp_uart.c    ****     UART_1_PutArray(array, byteCount);
 132              		.loc 1 127 0
 133 0002 FFF7FEFF 		bl	UART_1_PutArray
 134              	.LVL7:
 135 0006 08BD     		pop	{r3, pc}
 136              		.cfi_endproc
 137              	.LFE5:
 138              		.size	uart_send_array, .-uart_send_array
 139              		.global	__aeabi_i2d
 140              		.global	__aeabi_ddiv
 141              		.global	__aeabi_dmul
 142              		.global	__aeabi_d2iz
 143              		.section	.text.uart_send_press_temp,"ax",%progbits
 144              		.align	2
 145              		.global	uart_send_press_temp
 146              		.thumb
 147              		.thumb_func
 148              		.type	uart_send_press_temp, %function
 149              	uart_send_press_temp:
 150              	.LFB6:
 128:bsp_uart.c    **** }
 129:bsp_uart.c    **** 
 130:bsp_uart.c    **** /*
 131:bsp_uart.c    **** ***************************************************************************************************
 132:bsp_uart.c    **** *                                  uart_send_press_temp()
 133:bsp_uart.c    **** *
 134:bsp_uart.c    **** * Description : Puts a string with measured pressure and temperature in the format "P:value-T:value
 135:bsp_uart.c    **** *               into the transmit buffer to be sent when the bus is available. This is a blocking 
ARM GAS  C:\Users\filip\AppData\Local\Temp\ccv9IppN.s 			page 6


 136:bsp_uart.c    **** *               API that waits until the TX buffer has room to hold the data.
 137:bsp_uart.c    **** *
 138:bsp_uart.c    **** * Argument(s) : bmp280_data  ... data from bmp280 containing pressure and temperature 
 139:bsp_uart.c    **** *
 140:bsp_uart.c    **** * Return(s)   : none.
 141:bsp_uart.c    **** *
 142:bsp_uart.c    **** * Caller(s)   : Application.
 143:bsp_uart.c    **** *
 144:bsp_uart.c    **** * Note(s)     : Not re-entrant.
 145:bsp_uart.c    **** ***************************************************************************************************
 146:bsp_uart.c    **** */
 147:bsp_uart.c    **** 
 148:bsp_uart.c    **** CPU_VOID uart_send_press_temp(Bmp280_press_temp bmp280_data)
 149:bsp_uart.c    **** {
 151              		.loc 1 149 0
 152              		.cfi_startproc
 153              		@ args = 0, pretend = 0, frame = 264
 154              		@ frame_needed = 0, uses_anonymous_args = 0
 155 0000 2DE9F047 		push	{r4, r5, r6, r7, r8, r9, r10, lr}
 156              		.cfi_def_cfa_offset 32
 157              		.cfi_offset 4, -32
 158              		.cfi_offset 5, -28
 159              		.cfi_offset 6, -24
 160              		.cfi_offset 7, -20
 161              		.cfi_offset 8, -16
 162              		.cfi_offset 9, -12
 163              		.cfi_offset 10, -8
 164              		.cfi_offset 14, -4
 165 0004 C4B0     		sub	sp, sp, #272
 166              		.cfi_def_cfa_offset 304
 167 0006 0DF10809 		add	r9, sp, #8
 168 000a 89E80300 		stmia	r9, {r0, r1}
 150:bsp_uart.c    ****     CPU_INT08U tx_msg[UART_1_TX_BUFFER_SIZE] = {0};
 169              		.loc 1 150 0
 170 000e 04AD     		add	r5, sp, #16
 171 0010 4FF0FF08 		mov	r8, #255
 172 0014 4246     		mov	r2, r8
 173 0016 0021     		movs	r1, #0
 174 0018 2846     		mov	r0, r5
 175 001a FFF7FEFF 		bl	memset
 176              	.LVL8:
 151:bsp_uart.c    ****     CPU_INT08U tx_msg_len = 0;
 152:bsp_uart.c    ****     
 153:bsp_uart.c    ****     CPU_FP64   temp = (CPU_FP64)bmp280_data.temp/100;
 177              		.loc 1 153 0
 178 001e D9F80000 		ldr	r0, [r9]
 179 0022 FFF7FEFF 		bl	__aeabi_i2d
 180              	.LVL9:
 181 0026 0022     		movs	r2, #0
 182 0028 274B     		ldr	r3, .L13
 183 002a FFF7FEFF 		bl	__aeabi_ddiv
 184              	.LVL10:
 185 002e 0646     		mov	r6, r0
 186 0030 0F46     		mov	r7, r1
 187              	.LVL11:
 154:bsp_uart.c    ****     
 155:bsp_uart.c    ****     tx_msg_len = strlen(strcpy((CPU_CHAR *)tx_msg, "P:"));
ARM GAS  C:\Users\filip\AppData\Local\Temp\ccv9IppN.s 			page 7


 188              		.loc 1 155 0
 189 0032 264B     		ldr	r3, .L13+4
 190 0034 1B68     		ldr	r3, [r3]
 191 0036 2B80     		strh	r3, [r5]	@ movhi
 192 0038 1B0C     		lsrs	r3, r3, #16
 193 003a 8DF81230 		strb	r3, [sp, #18]
 194 003e 2846     		mov	r0, r5
 195 0040 FFF7FEFF 		bl	strlen
 196              	.LVL12:
 197 0044 C4B2     		uxtb	r4, r0
 198              	.LVL13:
 156:bsp_uart.c    ****     tx_msg_len += snprintf((CPU_CHAR *)(tx_msg+tx_msg_len), 15, "%d-", (CPU_INT32U)bmp280_data.pres
 199              		.loc 1 156 0
 200 0046 D9F80430 		ldr	r3, [r9, #4]
 201 004a 214A     		ldr	r2, .L13+8
 202 004c 0F21     		movs	r1, #15
 203 004e 2819     		adds	r0, r5, r4
 204 0050 FFF7FEFF 		bl	snprintf
 205              	.LVL14:
 206 0054 2044     		add	r0, r0, r4
 207 0056 C4B2     		uxtb	r4, r0
 208              	.LVL15:
 157:bsp_uart.c    ****     tx_msg_len += strlen(strcpy((CPU_CHAR *)(tx_msg+tx_msg_len), "T:"));
 209              		.loc 1 157 0
 210 0058 2819     		adds	r0, r5, r4
 211 005a 1E4B     		ldr	r3, .L13+12
 212 005c 1A88     		ldrh	r2, [r3]	@ unaligned
 213 005e 9B78     		ldrb	r3, [r3, #2]	@ zero_extendqisi2
 214 0060 2A53     		strh	r2, [r5, r4]	@ unaligned
 215 0062 8370     		strb	r3, [r0, #2]
 216 0064 FFF7FEFF 		bl	strlen
 217              	.LVL16:
 218 0068 2044     		add	r0, r0, r4
 219 006a C4B2     		uxtb	r4, r0
 220              	.LVL17:
 158:bsp_uart.c    ****     tx_msg_len += snprintf((CPU_CHAR *)(tx_msg+tx_msg_len), 15, "%d.%2d\n", (CPU_INT32S)temp, (CPU_
 221              		.loc 1 158 0
 222 006c 05EB0409 		add	r9, r5, r4
 223 0070 0022     		movs	r2, #0
 224 0072 154B     		ldr	r3, .L13
 225 0074 3046     		mov	r0, r6
 226 0076 3946     		mov	r1, r7
 227 0078 FFF7FEFF 		bl	__aeabi_dmul
 228              	.LVL18:
 229 007c FFF7FEFF 		bl	__aeabi_d2iz
 230              	.LVL19:
 231 0080 8246     		mov	r10, r0
 232 0082 3046     		mov	r0, r6
 233 0084 3946     		mov	r1, r7
 234 0086 FFF7FEFF 		bl	__aeabi_d2iz
 235              	.LVL20:
 236 008a 134B     		ldr	r3, .L13+16
 237 008c 83FB0A23 		smull	r2, r3, r3, r10
 238 0090 4FEAEA72 		asr	r2, r10, #31
 239 0094 C2EB6313 		rsb	r3, r2, r3, asr #5
 240 0098 6422     		movs	r2, #100
 241 009a 02FB13A3 		mls	r3, r2, r3, r10
ARM GAS  C:\Users\filip\AppData\Local\Temp\ccv9IppN.s 			page 8


 242 009e 0093     		str	r3, [sp]
 243 00a0 0346     		mov	r3, r0
 244 00a2 0E4A     		ldr	r2, .L13+20
 245 00a4 0F21     		movs	r1, #15
 246 00a6 4846     		mov	r0, r9
 247 00a8 FFF7FEFF 		bl	snprintf
 248              	.LVL21:
 249 00ac 2044     		add	r0, r0, r4
 250              	.LVL22:
 159:bsp_uart.c    ****     
 160:bsp_uart.c    ****     uart_send_array(tx_msg, tx_msg_len);
 251              		.loc 1 160 0
 252 00ae C1B2     		uxtb	r1, r0
 253 00b0 2846     		mov	r0, r5
 254              	.LVL23:
 255 00b2 FFF7FEFF 		bl	uart_send_array
 256              	.LVL24:
 161:bsp_uart.c    ****     memset(&tx_msg[0],0,sizeof(tx_msg));
 257              		.loc 1 161 0
 258 00b6 4246     		mov	r2, r8
 259 00b8 0021     		movs	r1, #0
 260 00ba 2846     		mov	r0, r5
 261 00bc FFF7FEFF 		bl	memset
 262              	.LVL25:
 162:bsp_uart.c    **** }
 263              		.loc 1 162 0
 264 00c0 44B0     		add	sp, sp, #272
 265              		.cfi_def_cfa_offset 32
 266              		@ sp needed
 267 00c2 BDE8F087 		pop	{r4, r5, r6, r7, r8, r9, r10, pc}
 268              	.LVL26:
 269              	.L14:
 270 00c6 00BF     		.align	2
 271              	.L13:
 272 00c8 00005940 		.word	1079574528
 273 00cc 00000000 		.word	.LC0
 274 00d0 04000000 		.word	.LC1
 275 00d4 08000000 		.word	.LC2
 276 00d8 1F85EB51 		.word	1374389535
 277 00dc 0C000000 		.word	.LC3
 278              		.cfi_endproc
 279              	.LFE6:
 280              		.size	uart_send_press_temp, .-uart_send_press_temp
 281              		.section	.rodata.str1.4,"aMS",%progbits,1
 282              		.align	2
 283              	.LC0:
 284 0000 503A00   		.ascii	"P:\000"
 285 0003 00       		.space	1
 286              	.LC1:
 287 0004 25642D00 		.ascii	"%d-\000"
 288              	.LC2:
 289 0008 543A00   		.ascii	"T:\000"
 290 000b 00       		.space	1
 291              	.LC3:
 292 000c 25642E25 		.ascii	"%d.%2d\012\000"
 292      32640A00 
 293              		.text
ARM GAS  C:\Users\filip\AppData\Local\Temp\ccv9IppN.s 			page 9


 294              	.Letext0:
 295              		.file 2 ".\\uC-CPU\\ARM-Cortex-M3\\GNU/cpu.h"
 296              		.file 3 "./bmp280.h"
 297              		.file 4 "Generated_Source\\PSoC5/UART_1.h"
 298              		.file 5 "c:\\program files (x86)\\cypress\\psoc creator\\4.2\\psoc creator\\import\\gnu\\arm\\5.4.
 299              		.file 6 "c:\\program files (x86)\\cypress\\psoc creator\\4.2\\psoc creator\\import\\gnu\\arm\\5.4.
 300              		.section	.debug_info,"",%progbits
 301              	.Ldebug_info0:
 302 0000 8F030000 		.4byte	0x38f
 303 0004 0400     		.2byte	0x4
 304 0006 00000000 		.4byte	.Ldebug_abbrev0
 305 000a 04       		.byte	0x4
 306 000b 01       		.uleb128 0x1
 307 000c ED000000 		.4byte	.LASF40
 308 0010 0C       		.byte	0xc
 309 0011 34020000 		.4byte	.LASF41
 310 0015 31000000 		.4byte	.LASF42
 311 0019 00000000 		.4byte	.Ldebug_ranges0+0
 312 001d 00000000 		.4byte	0
 313 0021 00000000 		.4byte	.Ldebug_line0
 314 0025 02       		.uleb128 0x2
 315 0026 08       		.byte	0x8
 316 0027 07       		.byte	0x7
 317 0028 0D020000 		.4byte	.LASF0
 318 002c 02       		.uleb128 0x2
 319 002d 04       		.byte	0x4
 320 002e 07       		.byte	0x7
 321 002f 82000000 		.4byte	.LASF1
 322 0033 03       		.uleb128 0x3
 323 0034 04       		.byte	0x4
 324 0035 05       		.byte	0x5
 325 0036 696E7400 		.ascii	"int\000"
 326 003a 04       		.uleb128 0x4
 327 003b 1F000000 		.4byte	.LASF4
 328 003f 02       		.byte	0x2
 329 0040 76       		.byte	0x76
 330 0041 45000000 		.4byte	0x45
 331 0045 02       		.uleb128 0x2
 332 0046 01       		.byte	0x1
 333 0047 08       		.byte	0x8
 334 0048 73020000 		.4byte	.LASF2
 335 004c 02       		.uleb128 0x2
 336 004d 01       		.byte	0x1
 337 004e 08       		.byte	0x8
 338 004f DF000000 		.4byte	.LASF3
 339 0053 04       		.uleb128 0x4
 340 0054 92010000 		.4byte	.LASF5
 341 0058 02       		.byte	0x2
 342 0059 78       		.byte	0x78
 343 005a 4C000000 		.4byte	0x4c
 344 005e 02       		.uleb128 0x2
 345 005f 01       		.byte	0x1
 346 0060 06       		.byte	0x6
 347 0061 A6020000 		.4byte	.LASF6
 348 0065 02       		.uleb128 0x2
 349 0066 02       		.byte	0x2
 350 0067 07       		.byte	0x7
ARM GAS  C:\Users\filip\AppData\Local\Temp\ccv9IppN.s 			page 10


 351 0068 B9020000 		.4byte	.LASF7
 352 006c 02       		.uleb128 0x2
 353 006d 02       		.byte	0x2
 354 006e 05       		.byte	0x5
 355 006f 87020000 		.4byte	.LASF8
 356 0073 04       		.uleb128 0x4
 357 0074 CE000000 		.4byte	.LASF9
 358 0078 02       		.byte	0x2
 359 0079 7C       		.byte	0x7c
 360 007a 2C000000 		.4byte	0x2c
 361 007e 04       		.uleb128 0x4
 362 007f C3000000 		.4byte	.LASF10
 363 0083 02       		.byte	0x2
 364 0084 7D       		.byte	0x7d
 365 0085 33000000 		.4byte	0x33
 366 0089 02       		.uleb128 0x2
 367 008a 08       		.byte	0x8
 368 008b 05       		.byte	0x5
 369 008c 5A020000 		.4byte	.LASF11
 370 0090 02       		.uleb128 0x2
 371 0091 04       		.byte	0x4
 372 0092 04       		.byte	0x4
 373 0093 D9000000 		.4byte	.LASF12
 374 0097 04       		.uleb128 0x4
 375 0098 D9010000 		.4byte	.LASF13
 376 009c 02       		.byte	0x2
 377 009d 82       		.byte	0x82
 378 009e A2000000 		.4byte	0xa2
 379 00a2 02       		.uleb128 0x2
 380 00a3 08       		.byte	0x8
 381 00a4 04       		.byte	0x4
 382 00a5 B2020000 		.4byte	.LASF14
 383 00a9 02       		.uleb128 0x2
 384 00aa 04       		.byte	0x4
 385 00ab 05       		.byte	0x5
 386 00ac 91020000 		.4byte	.LASF15
 387 00b0 02       		.uleb128 0x2
 388 00b1 04       		.byte	0x4
 389 00b2 07       		.byte	0x7
 390 00b3 7B010000 		.4byte	.LASF16
 391 00b7 02       		.uleb128 0x2
 392 00b8 08       		.byte	0x8
 393 00b9 04       		.byte	0x4
 394 00ba 9A020000 		.4byte	.LASF17
 395 00be 02       		.uleb128 0x2
 396 00bf 04       		.byte	0x4
 397 00c0 07       		.byte	0x7
 398 00c1 3F020000 		.4byte	.LASF18
 399 00c5 05       		.uleb128 0x5
 400 00c6 AD010000 		.4byte	.LASF43
 401 00ca 08       		.byte	0x8
 402 00cb 03       		.byte	0x3
 403 00cc 4F       		.byte	0x4f
 404 00cd EA000000 		.4byte	0xea
 405 00d1 06       		.uleb128 0x6
 406 00d2 8D010000 		.4byte	.LASF19
 407 00d6 03       		.byte	0x3
ARM GAS  C:\Users\filip\AppData\Local\Temp\ccv9IppN.s 			page 11


 408 00d7 50       		.byte	0x50
 409 00d8 7E000000 		.4byte	0x7e
 410 00dc 00       		.byte	0
 411 00dd 06       		.uleb128 0x6
 412 00de 00000000 		.4byte	.LASF20
 413 00e2 03       		.byte	0x3
 414 00e3 51       		.byte	0x51
 415 00e4 73000000 		.4byte	0x73
 416 00e8 04       		.byte	0x4
 417 00e9 00       		.byte	0
 418 00ea 04       		.uleb128 0x4
 419 00eb 48020000 		.4byte	.LASF21
 420 00ef 03       		.byte	0x3
 421 00f0 52       		.byte	0x52
 422 00f1 C5000000 		.4byte	0xc5
 423 00f5 07       		.uleb128 0x7
 424 00f6 A9000000 		.4byte	.LASF22
 425 00fa 01       		.byte	0x1
 426 00fb 1F       		.byte	0x1f
 427 00fc 00000000 		.4byte	.LFB1
 428 0100 08000000 		.4byte	.LFE1-.LFB1
 429 0104 01       		.uleb128 0x1
 430 0105 9C       		.byte	0x9c
 431 0106 14010000 		.4byte	0x114
 432 010a 08       		.uleb128 0x8
 433 010b 06000000 		.4byte	.LVL0
 434 010f 3C030000 		.4byte	0x33c
 435 0113 00       		.byte	0
 436 0114 09       		.uleb128 0x9
 437 0115 E2010000 		.4byte	.LASF44
 438 0119 01       		.byte	0x1
 439 011a 37       		.byte	0x37
 440 011b 53000000 		.4byte	0x53
 441 011f 00000000 		.4byte	.LFB2
 442 0123 08000000 		.4byte	.LFE2-.LFB2
 443 0127 01       		.uleb128 0x1
 444 0128 9C       		.byte	0x9c
 445 0129 37010000 		.4byte	0x137
 446 012d 08       		.uleb128 0x8
 447 012e 06000000 		.4byte	.LVL1
 448 0132 47030000 		.4byte	0x347
 449 0136 00       		.byte	0
 450 0137 07       		.uleb128 0x7
 451 0138 78020000 		.4byte	.LASF23
 452 013c 01       		.byte	0x1
 453 013d 4E       		.byte	0x4e
 454 013e 00000000 		.4byte	.LFB3
 455 0142 08000000 		.4byte	.LFE3-.LFB3
 456 0146 01       		.uleb128 0x1
 457 0147 9C       		.byte	0x9c
 458 0148 65010000 		.4byte	0x165
 459 014c 0A       		.uleb128 0xa
 460 014d A4000000 		.4byte	.LASF25
 461 0151 01       		.byte	0x1
 462 0152 4E       		.byte	0x4e
 463 0153 53000000 		.4byte	0x53
 464 0157 00000000 		.4byte	.LLST0
ARM GAS  C:\Users\filip\AppData\Local\Temp\ccv9IppN.s 			page 12


 465 015b 08       		.uleb128 0x8
 466 015c 06000000 		.4byte	.LVL3
 467 0160 52030000 		.4byte	0x352
 468 0164 00       		.byte	0
 469 0165 07       		.uleb128 0x7
 470 0166 C8010000 		.4byte	.LASF24
 471 016a 01       		.byte	0x1
 472 016b 65       		.byte	0x65
 473 016c 00000000 		.4byte	.LFB4
 474 0170 08000000 		.4byte	.LFE4-.LFB4
 475 0174 01       		.uleb128 0x1
 476 0175 9C       		.byte	0x9c
 477 0176 9B010000 		.4byte	0x19b
 478 017a 0A       		.uleb128 0xa
 479 017b 9D010000 		.4byte	.LASF26
 480 017f 01       		.byte	0x1
 481 0180 65       		.byte	0x65
 482 0181 9B010000 		.4byte	0x19b
 483 0185 21000000 		.4byte	.LLST1
 484 0189 0B       		.uleb128 0xb
 485 018a 06000000 		.4byte	.LVL5
 486 018e 5D030000 		.4byte	0x35d
 487 0192 0C       		.uleb128 0xc
 488 0193 01       		.uleb128 0x1
 489 0194 50       		.byte	0x50
 490 0195 03       		.uleb128 0x3
 491 0196 F3       		.byte	0xf3
 492 0197 01       		.uleb128 0x1
 493 0198 50       		.byte	0x50
 494 0199 00       		.byte	0
 495 019a 00       		.byte	0
 496 019b 0D       		.uleb128 0xd
 497 019c 04       		.byte	0x4
 498 019d 3A000000 		.4byte	0x3a
 499 01a1 07       		.uleb128 0x7
 500 01a2 B3000000 		.4byte	.LASF27
 501 01a6 01       		.byte	0x1
 502 01a7 7D       		.byte	0x7d
 503 01a8 00000000 		.4byte	.LFB5
 504 01ac 08000000 		.4byte	.LFE5-.LFB5
 505 01b0 01       		.uleb128 0x1
 506 01b1 9C       		.byte	0x9c
 507 01b2 E6010000 		.4byte	0x1e6
 508 01b6 0A       		.uleb128 0xa
 509 01b7 9D010000 		.4byte	.LASF26
 510 01bb 01       		.byte	0x1
 511 01bc 7D       		.byte	0x7d
 512 01bd E6010000 		.4byte	0x1e6
 513 01c1 42000000 		.4byte	.LLST2
 514 01c5 0A       		.uleb128 0xa
 515 01c6 A3010000 		.4byte	.LASF28
 516 01ca 01       		.byte	0x1
 517 01cb 7D       		.byte	0x7d
 518 01cc 53000000 		.4byte	0x53
 519 01d0 63000000 		.4byte	.LLST3
 520 01d4 0B       		.uleb128 0xb
 521 01d5 06000000 		.4byte	.LVL7
ARM GAS  C:\Users\filip\AppData\Local\Temp\ccv9IppN.s 			page 13


 522 01d9 68030000 		.4byte	0x368
 523 01dd 0C       		.uleb128 0xc
 524 01de 01       		.uleb128 0x1
 525 01df 50       		.byte	0x50
 526 01e0 03       		.uleb128 0x3
 527 01e1 F3       		.byte	0xf3
 528 01e2 01       		.uleb128 0x1
 529 01e3 50       		.byte	0x50
 530 01e4 00       		.byte	0
 531 01e5 00       		.byte	0
 532 01e6 0D       		.uleb128 0xd
 533 01e7 04       		.byte	0x4
 534 01e8 53000000 		.4byte	0x53
 535 01ec 0E       		.uleb128 0xe
 536 01ed 8F000000 		.4byte	.LASF29
 537 01f1 01       		.byte	0x1
 538 01f2 94       		.byte	0x94
 539 01f3 00000000 		.4byte	.LFB6
 540 01f7 E0000000 		.4byte	.LFE6-.LFB6
 541 01fb 01       		.uleb128 0x1
 542 01fc 9C       		.byte	0x9c
 543 01fd 2C030000 		.4byte	0x32c
 544 0201 0F       		.uleb128 0xf
 545 0202 06000000 		.4byte	.LASF30
 546 0206 01       		.byte	0x1
 547 0207 94       		.byte	0x94
 548 0208 EA000000 		.4byte	0xea
 549 020c 03       		.uleb128 0x3
 550 020d 91       		.byte	0x91
 551 020e D87D     		.sleb128 -296
 552 0210 10       		.uleb128 0x10
 553 0211 F0010000 		.4byte	.LASF31
 554 0215 01       		.byte	0x1
 555 0216 96       		.byte	0x96
 556 0217 2C030000 		.4byte	0x32c
 557 021b 03       		.uleb128 0x3
 558 021c 91       		.byte	0x91
 559 021d E07D     		.sleb128 -288
 560 021f 11       		.uleb128 0x11
 561 0220 68020000 		.4byte	.LASF32
 562 0224 01       		.byte	0x1
 563 0225 97       		.byte	0x97
 564 0226 53000000 		.4byte	0x53
 565 022a 84000000 		.4byte	.LLST4
 566 022e 11       		.uleb128 0x11
 567 022f 8D010000 		.4byte	.LASF19
 568 0233 01       		.byte	0x1
 569 0234 99       		.byte	0x99
 570 0235 97000000 		.4byte	0x97
 571 0239 B9000000 		.4byte	.LLST5
 572 023d 12       		.uleb128 0x12
 573 023e 1E000000 		.4byte	.LVL8
 574 0242 73030000 		.4byte	0x373
 575 0246 5C020000 		.4byte	0x25c
 576 024a 0C       		.uleb128 0xc
 577 024b 01       		.uleb128 0x1
 578 024c 50       		.byte	0x50
ARM GAS  C:\Users\filip\AppData\Local\Temp\ccv9IppN.s 			page 14


 579 024d 02       		.uleb128 0x2
 580 024e 75       		.byte	0x75
 581 024f 00       		.sleb128 0
 582 0250 0C       		.uleb128 0xc
 583 0251 01       		.uleb128 0x1
 584 0252 51       		.byte	0x51
 585 0253 01       		.uleb128 0x1
 586 0254 30       		.byte	0x30
 587 0255 0C       		.uleb128 0xc
 588 0256 01       		.uleb128 0x1
 589 0257 52       		.byte	0x52
 590 0258 02       		.uleb128 0x2
 591 0259 78       		.byte	0x78
 592 025a 00       		.sleb128 0
 593 025b 00       		.byte	0
 594 025c 12       		.uleb128 0x12
 595 025d 44000000 		.4byte	.LVL12
 596 0261 7C030000 		.4byte	0x37c
 597 0265 70020000 		.4byte	0x270
 598 0269 0C       		.uleb128 0xc
 599 026a 01       		.uleb128 0x1
 600 026b 50       		.byte	0x50
 601 026c 02       		.uleb128 0x2
 602 026d 75       		.byte	0x75
 603 026e 00       		.sleb128 0
 604 026f 00       		.byte	0
 605 0270 12       		.uleb128 0x12
 606 0271 54000000 		.4byte	.LVL14
 607 0275 87030000 		.4byte	0x387
 608 0279 9C020000 		.4byte	0x29c
 609 027d 0C       		.uleb128 0xc
 610 027e 01       		.uleb128 0x1
 611 027f 50       		.byte	0x50
 612 0280 05       		.uleb128 0x5
 613 0281 75       		.byte	0x75
 614 0282 00       		.sleb128 0
 615 0283 74       		.byte	0x74
 616 0284 00       		.sleb128 0
 617 0285 22       		.byte	0x22
 618 0286 0C       		.uleb128 0xc
 619 0287 01       		.uleb128 0x1
 620 0288 51       		.byte	0x51
 621 0289 01       		.uleb128 0x1
 622 028a 3F       		.byte	0x3f
 623 028b 0C       		.uleb128 0xc
 624 028c 01       		.uleb128 0x1
 625 028d 52       		.byte	0x52
 626 028e 05       		.uleb128 0x5
 627 028f 03       		.byte	0x3
 628 0290 04000000 		.4byte	.LC1
 629 0294 0C       		.uleb128 0xc
 630 0295 01       		.uleb128 0x1
 631 0296 53       		.byte	0x53
 632 0297 03       		.uleb128 0x3
 633 0298 79       		.byte	0x79
 634 0299 04       		.sleb128 4
 635 029a 06       		.byte	0x6
ARM GAS  C:\Users\filip\AppData\Local\Temp\ccv9IppN.s 			page 15


 636 029b 00       		.byte	0
 637 029c 12       		.uleb128 0x12
 638 029d 68000000 		.4byte	.LVL16
 639 02a1 7C030000 		.4byte	0x37c
 640 02a5 B3020000 		.4byte	0x2b3
 641 02a9 0C       		.uleb128 0xc
 642 02aa 01       		.uleb128 0x1
 643 02ab 50       		.byte	0x50
 644 02ac 05       		.uleb128 0x5
 645 02ad 75       		.byte	0x75
 646 02ae 00       		.sleb128 0
 647 02af 74       		.byte	0x74
 648 02b0 00       		.sleb128 0
 649 02b1 22       		.byte	0x22
 650 02b2 00       		.byte	0
 651 02b3 12       		.uleb128 0x12
 652 02b4 AC000000 		.4byte	.LVL21
 653 02b8 87030000 		.4byte	0x387
 654 02bc FC020000 		.4byte	0x2fc
 655 02c0 0C       		.uleb128 0xc
 656 02c1 01       		.uleb128 0x1
 657 02c2 50       		.byte	0x50
 658 02c3 02       		.uleb128 0x2
 659 02c4 79       		.byte	0x79
 660 02c5 00       		.sleb128 0
 661 02c6 0C       		.uleb128 0xc
 662 02c7 01       		.uleb128 0x1
 663 02c8 51       		.byte	0x51
 664 02c9 01       		.uleb128 0x1
 665 02ca 3F       		.byte	0x3f
 666 02cb 0C       		.uleb128 0xc
 667 02cc 01       		.uleb128 0x1
 668 02cd 52       		.byte	0x52
 669 02ce 05       		.uleb128 0x5
 670 02cf 03       		.byte	0x3
 671 02d0 0C000000 		.4byte	.LC3
 672 02d4 0C       		.uleb128 0xc
 673 02d5 02       		.uleb128 0x2
 674 02d6 7D       		.byte	0x7d
 675 02d7 00       		.sleb128 0
 676 02d8 22       		.uleb128 0x22
 677 02d9 7A       		.byte	0x7a
 678 02da 00       		.sleb128 0
 679 02db 7A       		.byte	0x7a
 680 02dc 00       		.sleb128 0
 681 02dd F7       		.byte	0xf7
 682 02de 33       		.uleb128 0x33
 683 02df F7       		.byte	0xf7
 684 02e0 25       		.uleb128 0x25
 685 02e1 0C       		.byte	0xc
 686 02e2 1F85EB51 		.4byte	0x51eb851f
 687 02e6 F7       		.byte	0xf7
 688 02e7 25       		.uleb128 0x25
 689 02e8 1E       		.byte	0x1e
 690 02e9 08       		.byte	0x8
 691 02ea 20       		.byte	0x20
 692 02eb F7       		.byte	0xf7
ARM GAS  C:\Users\filip\AppData\Local\Temp\ccv9IppN.s 			page 16


 693 02ec 25       		.uleb128 0x25
 694 02ed 25       		.byte	0x25
 695 02ee F7       		.byte	0xf7
 696 02ef 2C       		.uleb128 0x2c
 697 02f0 35       		.byte	0x35
 698 02f1 26       		.byte	0x26
 699 02f2 7A       		.byte	0x7a
 700 02f3 00       		.sleb128 0
 701 02f4 4F       		.byte	0x4f
 702 02f5 26       		.byte	0x26
 703 02f6 1C       		.byte	0x1c
 704 02f7 08       		.byte	0x8
 705 02f8 64       		.byte	0x64
 706 02f9 1E       		.byte	0x1e
 707 02fa 1C       		.byte	0x1c
 708 02fb 00       		.byte	0
 709 02fc 12       		.uleb128 0x12
 710 02fd B6000000 		.4byte	.LVL24
 711 0301 A1010000 		.4byte	0x1a1
 712 0305 10030000 		.4byte	0x310
 713 0309 0C       		.uleb128 0xc
 714 030a 01       		.uleb128 0x1
 715 030b 50       		.byte	0x50
 716 030c 02       		.uleb128 0x2
 717 030d 75       		.byte	0x75
 718 030e 00       		.sleb128 0
 719 030f 00       		.byte	0
 720 0310 0B       		.uleb128 0xb
 721 0311 C0000000 		.4byte	.LVL25
 722 0315 73030000 		.4byte	0x373
 723 0319 0C       		.uleb128 0xc
 724 031a 01       		.uleb128 0x1
 725 031b 50       		.byte	0x50
 726 031c 02       		.uleb128 0x2
 727 031d 75       		.byte	0x75
 728 031e 00       		.sleb128 0
 729 031f 0C       		.uleb128 0xc
 730 0320 01       		.uleb128 0x1
 731 0321 51       		.byte	0x51
 732 0322 01       		.uleb128 0x1
 733 0323 30       		.byte	0x30
 734 0324 0C       		.uleb128 0xc
 735 0325 01       		.uleb128 0x1
 736 0326 52       		.byte	0x52
 737 0327 02       		.uleb128 0x2
 738 0328 78       		.byte	0x78
 739 0329 00       		.sleb128 0
 740 032a 00       		.byte	0
 741 032b 00       		.byte	0
 742 032c 13       		.uleb128 0x13
 743 032d 53000000 		.4byte	0x53
 744 0331 3C030000 		.4byte	0x33c
 745 0335 14       		.uleb128 0x14
 746 0336 BE000000 		.4byte	0xbe
 747 033a FE       		.byte	0xfe
 748 033b 00       		.byte	0
 749 033c 15       		.uleb128 0x15
ARM GAS  C:\Users\filip\AppData\Local\Temp\ccv9IppN.s 			page 17


 750 033d 12000000 		.4byte	.LASF33
 751 0341 12000000 		.4byte	.LASF33
 752 0345 04       		.byte	0x4
 753 0346 54       		.byte	0x54
 754 0347 15       		.uleb128 0x15
 755 0348 DD020000 		.4byte	.LASF34
 756 034c DD020000 		.4byte	.LASF34
 757 0350 04       		.byte	0x4
 758 0351 71       		.byte	0x71
 759 0352 15       		.uleb128 0x15
 760 0353 F7010000 		.4byte	.LASF35
 761 0357 F7010000 		.4byte	.LASF35
 762 035b 04       		.byte	0x4
 763 035c 8A       		.byte	0x8a
 764 035d 15       		.uleb128 0x15
 765 035e CC020000 		.4byte	.LASF36
 766 0362 CC020000 		.4byte	.LASF36
 767 0366 04       		.byte	0x4
 768 0367 8B       		.byte	0x8b
 769 0368 15       		.uleb128 0x15
 770 0369 24020000 		.4byte	.LASF37
 771 036d 24020000 		.4byte	.LASF37
 772 0371 04       		.byte	0x4
 773 0372 8C       		.byte	0x8c
 774 0373 16       		.uleb128 0x16
 775 0374 C1010000 		.4byte	.LASF45
 776 0378 C1010000 		.4byte	.LASF45
 777 037c 15       		.uleb128 0x15
 778 037d 06020000 		.4byte	.LASF38
 779 0381 06020000 		.4byte	.LASF38
 780 0385 05       		.byte	0x5
 781 0386 21       		.byte	0x21
 782 0387 15       		.uleb128 0x15
 783 0388 28000000 		.4byte	.LASF39
 784 038c 28000000 		.4byte	.LASF39
 785 0390 06       		.byte	0x6
 786 0391 FD       		.byte	0xfd
 787 0392 00       		.byte	0
 788              		.section	.debug_abbrev,"",%progbits
 789              	.Ldebug_abbrev0:
 790 0000 01       		.uleb128 0x1
 791 0001 11       		.uleb128 0x11
 792 0002 01       		.byte	0x1
 793 0003 25       		.uleb128 0x25
 794 0004 0E       		.uleb128 0xe
 795 0005 13       		.uleb128 0x13
 796 0006 0B       		.uleb128 0xb
 797 0007 03       		.uleb128 0x3
 798 0008 0E       		.uleb128 0xe
 799 0009 1B       		.uleb128 0x1b
 800 000a 0E       		.uleb128 0xe
 801 000b 55       		.uleb128 0x55
 802 000c 17       		.uleb128 0x17
 803 000d 11       		.uleb128 0x11
 804 000e 01       		.uleb128 0x1
 805 000f 10       		.uleb128 0x10
 806 0010 17       		.uleb128 0x17
ARM GAS  C:\Users\filip\AppData\Local\Temp\ccv9IppN.s 			page 18


 807 0011 00       		.byte	0
 808 0012 00       		.byte	0
 809 0013 02       		.uleb128 0x2
 810 0014 24       		.uleb128 0x24
 811 0015 00       		.byte	0
 812 0016 0B       		.uleb128 0xb
 813 0017 0B       		.uleb128 0xb
 814 0018 3E       		.uleb128 0x3e
 815 0019 0B       		.uleb128 0xb
 816 001a 03       		.uleb128 0x3
 817 001b 0E       		.uleb128 0xe
 818 001c 00       		.byte	0
 819 001d 00       		.byte	0
 820 001e 03       		.uleb128 0x3
 821 001f 24       		.uleb128 0x24
 822 0020 00       		.byte	0
 823 0021 0B       		.uleb128 0xb
 824 0022 0B       		.uleb128 0xb
 825 0023 3E       		.uleb128 0x3e
 826 0024 0B       		.uleb128 0xb
 827 0025 03       		.uleb128 0x3
 828 0026 08       		.uleb128 0x8
 829 0027 00       		.byte	0
 830 0028 00       		.byte	0
 831 0029 04       		.uleb128 0x4
 832 002a 16       		.uleb128 0x16
 833 002b 00       		.byte	0
 834 002c 03       		.uleb128 0x3
 835 002d 0E       		.uleb128 0xe
 836 002e 3A       		.uleb128 0x3a
 837 002f 0B       		.uleb128 0xb
 838 0030 3B       		.uleb128 0x3b
 839 0031 0B       		.uleb128 0xb
 840 0032 49       		.uleb128 0x49
 841 0033 13       		.uleb128 0x13
 842 0034 00       		.byte	0
 843 0035 00       		.byte	0
 844 0036 05       		.uleb128 0x5
 845 0037 13       		.uleb128 0x13
 846 0038 01       		.byte	0x1
 847 0039 03       		.uleb128 0x3
 848 003a 0E       		.uleb128 0xe
 849 003b 0B       		.uleb128 0xb
 850 003c 0B       		.uleb128 0xb
 851 003d 3A       		.uleb128 0x3a
 852 003e 0B       		.uleb128 0xb
 853 003f 3B       		.uleb128 0x3b
 854 0040 0B       		.uleb128 0xb
 855 0041 01       		.uleb128 0x1
 856 0042 13       		.uleb128 0x13
 857 0043 00       		.byte	0
 858 0044 00       		.byte	0
 859 0045 06       		.uleb128 0x6
 860 0046 0D       		.uleb128 0xd
 861 0047 00       		.byte	0
 862 0048 03       		.uleb128 0x3
 863 0049 0E       		.uleb128 0xe
ARM GAS  C:\Users\filip\AppData\Local\Temp\ccv9IppN.s 			page 19


 864 004a 3A       		.uleb128 0x3a
 865 004b 0B       		.uleb128 0xb
 866 004c 3B       		.uleb128 0x3b
 867 004d 0B       		.uleb128 0xb
 868 004e 49       		.uleb128 0x49
 869 004f 13       		.uleb128 0x13
 870 0050 38       		.uleb128 0x38
 871 0051 0B       		.uleb128 0xb
 872 0052 00       		.byte	0
 873 0053 00       		.byte	0
 874 0054 07       		.uleb128 0x7
 875 0055 2E       		.uleb128 0x2e
 876 0056 01       		.byte	0x1
 877 0057 3F       		.uleb128 0x3f
 878 0058 19       		.uleb128 0x19
 879 0059 03       		.uleb128 0x3
 880 005a 0E       		.uleb128 0xe
 881 005b 3A       		.uleb128 0x3a
 882 005c 0B       		.uleb128 0xb
 883 005d 3B       		.uleb128 0x3b
 884 005e 0B       		.uleb128 0xb
 885 005f 27       		.uleb128 0x27
 886 0060 19       		.uleb128 0x19
 887 0061 11       		.uleb128 0x11
 888 0062 01       		.uleb128 0x1
 889 0063 12       		.uleb128 0x12
 890 0064 06       		.uleb128 0x6
 891 0065 40       		.uleb128 0x40
 892 0066 18       		.uleb128 0x18
 893 0067 9742     		.uleb128 0x2117
 894 0069 19       		.uleb128 0x19
 895 006a 01       		.uleb128 0x1
 896 006b 13       		.uleb128 0x13
 897 006c 00       		.byte	0
 898 006d 00       		.byte	0
 899 006e 08       		.uleb128 0x8
 900 006f 898201   		.uleb128 0x4109
 901 0072 00       		.byte	0
 902 0073 11       		.uleb128 0x11
 903 0074 01       		.uleb128 0x1
 904 0075 31       		.uleb128 0x31
 905 0076 13       		.uleb128 0x13
 906 0077 00       		.byte	0
 907 0078 00       		.byte	0
 908 0079 09       		.uleb128 0x9
 909 007a 2E       		.uleb128 0x2e
 910 007b 01       		.byte	0x1
 911 007c 3F       		.uleb128 0x3f
 912 007d 19       		.uleb128 0x19
 913 007e 03       		.uleb128 0x3
 914 007f 0E       		.uleb128 0xe
 915 0080 3A       		.uleb128 0x3a
 916 0081 0B       		.uleb128 0xb
 917 0082 3B       		.uleb128 0x3b
 918 0083 0B       		.uleb128 0xb
 919 0084 27       		.uleb128 0x27
 920 0085 19       		.uleb128 0x19
ARM GAS  C:\Users\filip\AppData\Local\Temp\ccv9IppN.s 			page 20


 921 0086 49       		.uleb128 0x49
 922 0087 13       		.uleb128 0x13
 923 0088 11       		.uleb128 0x11
 924 0089 01       		.uleb128 0x1
 925 008a 12       		.uleb128 0x12
 926 008b 06       		.uleb128 0x6
 927 008c 40       		.uleb128 0x40
 928 008d 18       		.uleb128 0x18
 929 008e 9742     		.uleb128 0x2117
 930 0090 19       		.uleb128 0x19
 931 0091 01       		.uleb128 0x1
 932 0092 13       		.uleb128 0x13
 933 0093 00       		.byte	0
 934 0094 00       		.byte	0
 935 0095 0A       		.uleb128 0xa
 936 0096 05       		.uleb128 0x5
 937 0097 00       		.byte	0
 938 0098 03       		.uleb128 0x3
 939 0099 0E       		.uleb128 0xe
 940 009a 3A       		.uleb128 0x3a
 941 009b 0B       		.uleb128 0xb
 942 009c 3B       		.uleb128 0x3b
 943 009d 0B       		.uleb128 0xb
 944 009e 49       		.uleb128 0x49
 945 009f 13       		.uleb128 0x13
 946 00a0 02       		.uleb128 0x2
 947 00a1 17       		.uleb128 0x17
 948 00a2 00       		.byte	0
 949 00a3 00       		.byte	0
 950 00a4 0B       		.uleb128 0xb
 951 00a5 898201   		.uleb128 0x4109
 952 00a8 01       		.byte	0x1
 953 00a9 11       		.uleb128 0x11
 954 00aa 01       		.uleb128 0x1
 955 00ab 31       		.uleb128 0x31
 956 00ac 13       		.uleb128 0x13
 957 00ad 00       		.byte	0
 958 00ae 00       		.byte	0
 959 00af 0C       		.uleb128 0xc
 960 00b0 8A8201   		.uleb128 0x410a
 961 00b3 00       		.byte	0
 962 00b4 02       		.uleb128 0x2
 963 00b5 18       		.uleb128 0x18
 964 00b6 9142     		.uleb128 0x2111
 965 00b8 18       		.uleb128 0x18
 966 00b9 00       		.byte	0
 967 00ba 00       		.byte	0
 968 00bb 0D       		.uleb128 0xd
 969 00bc 0F       		.uleb128 0xf
 970 00bd 00       		.byte	0
 971 00be 0B       		.uleb128 0xb
 972 00bf 0B       		.uleb128 0xb
 973 00c0 49       		.uleb128 0x49
 974 00c1 13       		.uleb128 0x13
 975 00c2 00       		.byte	0
 976 00c3 00       		.byte	0
 977 00c4 0E       		.uleb128 0xe
ARM GAS  C:\Users\filip\AppData\Local\Temp\ccv9IppN.s 			page 21


 978 00c5 2E       		.uleb128 0x2e
 979 00c6 01       		.byte	0x1
 980 00c7 3F       		.uleb128 0x3f
 981 00c8 19       		.uleb128 0x19
 982 00c9 03       		.uleb128 0x3
 983 00ca 0E       		.uleb128 0xe
 984 00cb 3A       		.uleb128 0x3a
 985 00cc 0B       		.uleb128 0xb
 986 00cd 3B       		.uleb128 0x3b
 987 00ce 0B       		.uleb128 0xb
 988 00cf 27       		.uleb128 0x27
 989 00d0 19       		.uleb128 0x19
 990 00d1 11       		.uleb128 0x11
 991 00d2 01       		.uleb128 0x1
 992 00d3 12       		.uleb128 0x12
 993 00d4 06       		.uleb128 0x6
 994 00d5 40       		.uleb128 0x40
 995 00d6 18       		.uleb128 0x18
 996 00d7 9642     		.uleb128 0x2116
 997 00d9 19       		.uleb128 0x19
 998 00da 01       		.uleb128 0x1
 999 00db 13       		.uleb128 0x13
 1000 00dc 00       		.byte	0
 1001 00dd 00       		.byte	0
 1002 00de 0F       		.uleb128 0xf
 1003 00df 05       		.uleb128 0x5
 1004 00e0 00       		.byte	0
 1005 00e1 03       		.uleb128 0x3
 1006 00e2 0E       		.uleb128 0xe
 1007 00e3 3A       		.uleb128 0x3a
 1008 00e4 0B       		.uleb128 0xb
 1009 00e5 3B       		.uleb128 0x3b
 1010 00e6 0B       		.uleb128 0xb
 1011 00e7 49       		.uleb128 0x49
 1012 00e8 13       		.uleb128 0x13
 1013 00e9 02       		.uleb128 0x2
 1014 00ea 18       		.uleb128 0x18
 1015 00eb 00       		.byte	0
 1016 00ec 00       		.byte	0
 1017 00ed 10       		.uleb128 0x10
 1018 00ee 34       		.uleb128 0x34
 1019 00ef 00       		.byte	0
 1020 00f0 03       		.uleb128 0x3
 1021 00f1 0E       		.uleb128 0xe
 1022 00f2 3A       		.uleb128 0x3a
 1023 00f3 0B       		.uleb128 0xb
 1024 00f4 3B       		.uleb128 0x3b
 1025 00f5 0B       		.uleb128 0xb
 1026 00f6 49       		.uleb128 0x49
 1027 00f7 13       		.uleb128 0x13
 1028 00f8 02       		.uleb128 0x2
 1029 00f9 18       		.uleb128 0x18
 1030 00fa 00       		.byte	0
 1031 00fb 00       		.byte	0
 1032 00fc 11       		.uleb128 0x11
 1033 00fd 34       		.uleb128 0x34
 1034 00fe 00       		.byte	0
ARM GAS  C:\Users\filip\AppData\Local\Temp\ccv9IppN.s 			page 22


 1035 00ff 03       		.uleb128 0x3
 1036 0100 0E       		.uleb128 0xe
 1037 0101 3A       		.uleb128 0x3a
 1038 0102 0B       		.uleb128 0xb
 1039 0103 3B       		.uleb128 0x3b
 1040 0104 0B       		.uleb128 0xb
 1041 0105 49       		.uleb128 0x49
 1042 0106 13       		.uleb128 0x13
 1043 0107 02       		.uleb128 0x2
 1044 0108 17       		.uleb128 0x17
 1045 0109 00       		.byte	0
 1046 010a 00       		.byte	0
 1047 010b 12       		.uleb128 0x12
 1048 010c 898201   		.uleb128 0x4109
 1049 010f 01       		.byte	0x1
 1050 0110 11       		.uleb128 0x11
 1051 0111 01       		.uleb128 0x1
 1052 0112 31       		.uleb128 0x31
 1053 0113 13       		.uleb128 0x13
 1054 0114 01       		.uleb128 0x1
 1055 0115 13       		.uleb128 0x13
 1056 0116 00       		.byte	0
 1057 0117 00       		.byte	0
 1058 0118 13       		.uleb128 0x13
 1059 0119 01       		.uleb128 0x1
 1060 011a 01       		.byte	0x1
 1061 011b 49       		.uleb128 0x49
 1062 011c 13       		.uleb128 0x13
 1063 011d 01       		.uleb128 0x1
 1064 011e 13       		.uleb128 0x13
 1065 011f 00       		.byte	0
 1066 0120 00       		.byte	0
 1067 0121 14       		.uleb128 0x14
 1068 0122 21       		.uleb128 0x21
 1069 0123 00       		.byte	0
 1070 0124 49       		.uleb128 0x49
 1071 0125 13       		.uleb128 0x13
 1072 0126 2F       		.uleb128 0x2f
 1073 0127 0B       		.uleb128 0xb
 1074 0128 00       		.byte	0
 1075 0129 00       		.byte	0
 1076 012a 15       		.uleb128 0x15
 1077 012b 2E       		.uleb128 0x2e
 1078 012c 00       		.byte	0
 1079 012d 3F       		.uleb128 0x3f
 1080 012e 19       		.uleb128 0x19
 1081 012f 3C       		.uleb128 0x3c
 1082 0130 19       		.uleb128 0x19
 1083 0131 6E       		.uleb128 0x6e
 1084 0132 0E       		.uleb128 0xe
 1085 0133 03       		.uleb128 0x3
 1086 0134 0E       		.uleb128 0xe
 1087 0135 3A       		.uleb128 0x3a
 1088 0136 0B       		.uleb128 0xb
 1089 0137 3B       		.uleb128 0x3b
 1090 0138 0B       		.uleb128 0xb
 1091 0139 00       		.byte	0
ARM GAS  C:\Users\filip\AppData\Local\Temp\ccv9IppN.s 			page 23


 1092 013a 00       		.byte	0
 1093 013b 16       		.uleb128 0x16
 1094 013c 2E       		.uleb128 0x2e
 1095 013d 00       		.byte	0
 1096 013e 3F       		.uleb128 0x3f
 1097 013f 19       		.uleb128 0x19
 1098 0140 3C       		.uleb128 0x3c
 1099 0141 19       		.uleb128 0x19
 1100 0142 6E       		.uleb128 0x6e
 1101 0143 0E       		.uleb128 0xe
 1102 0144 03       		.uleb128 0x3
 1103 0145 0E       		.uleb128 0xe
 1104 0146 00       		.byte	0
 1105 0147 00       		.byte	0
 1106 0148 00       		.byte	0
 1107              		.section	.debug_loc,"",%progbits
 1108              	.Ldebug_loc0:
 1109              	.LLST0:
 1110 0000 00000000 		.4byte	.LVL2
 1111 0004 05000000 		.4byte	.LVL3-1
 1112 0008 0100     		.2byte	0x1
 1113 000a 50       		.byte	0x50
 1114 000b 05000000 		.4byte	.LVL3-1
 1115 000f 08000000 		.4byte	.LFE3
 1116 0013 0400     		.2byte	0x4
 1117 0015 F3       		.byte	0xf3
 1118 0016 01       		.uleb128 0x1
 1119 0017 50       		.byte	0x50
 1120 0018 9F       		.byte	0x9f
 1121 0019 00000000 		.4byte	0
 1122 001d 00000000 		.4byte	0
 1123              	.LLST1:
 1124 0021 00000000 		.4byte	.LVL4
 1125 0025 05000000 		.4byte	.LVL5-1
 1126 0029 0100     		.2byte	0x1
 1127 002b 50       		.byte	0x50
 1128 002c 05000000 		.4byte	.LVL5-1
 1129 0030 08000000 		.4byte	.LFE4
 1130 0034 0400     		.2byte	0x4
 1131 0036 F3       		.byte	0xf3
 1132 0037 01       		.uleb128 0x1
 1133 0038 50       		.byte	0x50
 1134 0039 9F       		.byte	0x9f
 1135 003a 00000000 		.4byte	0
 1136 003e 00000000 		.4byte	0
 1137              	.LLST2:
 1138 0042 00000000 		.4byte	.LVL6
 1139 0046 05000000 		.4byte	.LVL7-1
 1140 004a 0100     		.2byte	0x1
 1141 004c 50       		.byte	0x50
 1142 004d 05000000 		.4byte	.LVL7-1
 1143 0051 08000000 		.4byte	.LFE5
 1144 0055 0400     		.2byte	0x4
 1145 0057 F3       		.byte	0xf3
 1146 0058 01       		.uleb128 0x1
 1147 0059 50       		.byte	0x50
 1148 005a 9F       		.byte	0x9f
ARM GAS  C:\Users\filip\AppData\Local\Temp\ccv9IppN.s 			page 24


 1149 005b 00000000 		.4byte	0
 1150 005f 00000000 		.4byte	0
 1151              	.LLST3:
 1152 0063 00000000 		.4byte	.LVL6
 1153 0067 05000000 		.4byte	.LVL7-1
 1154 006b 0100     		.2byte	0x1
 1155 006d 51       		.byte	0x51
 1156 006e 05000000 		.4byte	.LVL7-1
 1157 0072 08000000 		.4byte	.LFE5
 1158 0076 0400     		.2byte	0x4
 1159 0078 F3       		.byte	0xf3
 1160 0079 01       		.uleb128 0x1
 1161 007a 51       		.byte	0x51
 1162 007b 9F       		.byte	0x9f
 1163 007c 00000000 		.4byte	0
 1164 0080 00000000 		.4byte	0
 1165              	.LLST4:
 1166 0084 1E000000 		.4byte	.LVL8
 1167 0088 46000000 		.4byte	.LVL13
 1168 008c 0200     		.2byte	0x2
 1169 008e 30       		.byte	0x30
 1170 008f 9F       		.byte	0x9f
 1171 0090 46000000 		.4byte	.LVL13
 1172 0094 AE000000 		.4byte	.LVL22
 1173 0098 0100     		.2byte	0x1
 1174 009a 54       		.byte	0x54
 1175 009b AE000000 		.4byte	.LVL22
 1176 009f B2000000 		.4byte	.LVL23
 1177 00a3 0100     		.2byte	0x1
 1178 00a5 50       		.byte	0x50
 1179 00a6 B2000000 		.4byte	.LVL23
 1180 00aa B5000000 		.4byte	.LVL24-1
 1181 00ae 0100     		.2byte	0x1
 1182 00b0 51       		.byte	0x51
 1183 00b1 00000000 		.4byte	0
 1184 00b5 00000000 		.4byte	0
 1185              	.LLST5:
 1186 00b9 32000000 		.4byte	.LVL11
 1187 00bd C6000000 		.4byte	.LVL26
 1188 00c1 0600     		.2byte	0x6
 1189 00c3 56       		.byte	0x56
 1190 00c4 93       		.byte	0x93
 1191 00c5 04       		.uleb128 0x4
 1192 00c6 57       		.byte	0x57
 1193 00c7 93       		.byte	0x93
 1194 00c8 04       		.uleb128 0x4
 1195 00c9 00000000 		.4byte	0
 1196 00cd 00000000 		.4byte	0
 1197              		.section	.debug_aranges,"",%progbits
 1198 0000 44000000 		.4byte	0x44
 1199 0004 0200     		.2byte	0x2
 1200 0006 00000000 		.4byte	.Ldebug_info0
 1201 000a 04       		.byte	0x4
 1202 000b 00       		.byte	0
 1203 000c 0000     		.2byte	0
 1204 000e 0000     		.2byte	0
 1205 0010 00000000 		.4byte	.LFB1
ARM GAS  C:\Users\filip\AppData\Local\Temp\ccv9IppN.s 			page 25


 1206 0014 08000000 		.4byte	.LFE1-.LFB1
 1207 0018 00000000 		.4byte	.LFB2
 1208 001c 08000000 		.4byte	.LFE2-.LFB2
 1209 0020 00000000 		.4byte	.LFB3
 1210 0024 08000000 		.4byte	.LFE3-.LFB3
 1211 0028 00000000 		.4byte	.LFB4
 1212 002c 08000000 		.4byte	.LFE4-.LFB4
 1213 0030 00000000 		.4byte	.LFB5
 1214 0034 08000000 		.4byte	.LFE5-.LFB5
 1215 0038 00000000 		.4byte	.LFB6
 1216 003c E0000000 		.4byte	.LFE6-.LFB6
 1217 0040 00000000 		.4byte	0
 1218 0044 00000000 		.4byte	0
 1219              		.section	.debug_ranges,"",%progbits
 1220              	.Ldebug_ranges0:
 1221 0000 00000000 		.4byte	.LFB1
 1222 0004 08000000 		.4byte	.LFE1
 1223 0008 00000000 		.4byte	.LFB2
 1224 000c 08000000 		.4byte	.LFE2
 1225 0010 00000000 		.4byte	.LFB3
 1226 0014 08000000 		.4byte	.LFE3
 1227 0018 00000000 		.4byte	.LFB4
 1228 001c 08000000 		.4byte	.LFE4
 1229 0020 00000000 		.4byte	.LFB5
 1230 0024 08000000 		.4byte	.LFE5
 1231 0028 00000000 		.4byte	.LFB6
 1232 002c E0000000 		.4byte	.LFE6
 1233 0030 00000000 		.4byte	0
 1234 0034 00000000 		.4byte	0
 1235              		.section	.debug_line,"",%progbits
 1236              	.Ldebug_line0:
 1237 0000 69010000 		.section	.debug_str,"MS",%progbits,1
 1237      0200F500 
 1237      00000201 
 1237      FB0E0D00 
 1237      01010101 
 1238              	.LASF20:
 1239 0000 70726573 		.ascii	"press\000"
 1239      7300
 1240              	.LASF30:
 1241 0006 626D7032 		.ascii	"bmp280_data\000"
 1241      38305F64 
 1241      61746100 
 1242              	.LASF33:
 1243 0012 55415254 		.ascii	"UART_1_Start\000"
 1243      5F315F53 
 1243      74617274 
 1243      00
 1244              	.LASF4:
 1245 001f 4350555F 		.ascii	"CPU_CHAR\000"
 1245      43484152 
 1245      00
 1246              	.LASF39:
 1247 0028 736E7072 		.ascii	"snprintf\000"
 1247      696E7466 
 1247      00
 1248              	.LASF42:
ARM GAS  C:\Users\filip\AppData\Local\Temp\ccv9IppN.s 			page 26


 1249 0031 5C5C4D61 		.ascii	"\\\\Mac\\Home\\Documents\\cypress\\esw_bmp280_Petro"
 1249      635C486F 
 1249      6D655C44 
 1249      6F63756D 
 1249      656E7473 
 1250 005e 7669635F 		.ascii	"vic_Wagner\\BMP280_CY8CKIT_059.cydsn\000"
 1250      5761676E 
 1250      65725C42 
 1250      4D503238 
 1250      305F4359 
 1251              	.LASF1:
 1252 0082 756E7369 		.ascii	"unsigned int\000"
 1252      676E6564 
 1252      20696E74 
 1252      00
 1253              	.LASF29:
 1254 008f 75617274 		.ascii	"uart_send_press_temp\000"
 1254      5F73656E 
 1254      645F7072 
 1254      6573735F 
 1254      74656D70 
 1255              	.LASF25:
 1256 00a4 62797465 		.ascii	"byte\000"
 1256      00
 1257              	.LASF22:
 1258 00a9 696E6974 		.ascii	"init_uart\000"
 1258      5F756172 
 1258      7400
 1259              	.LASF27:
 1260 00b3 75617274 		.ascii	"uart_send_array\000"
 1260      5F73656E 
 1260      645F6172 
 1260      72617900 
 1261              	.LASF10:
 1262 00c3 4350555F 		.ascii	"CPU_INT32S\000"
 1262      494E5433 
 1262      325300
 1263              	.LASF9:
 1264 00ce 4350555F 		.ascii	"CPU_INT32U\000"
 1264      494E5433 
 1264      325500
 1265              	.LASF12:
 1266 00d9 666C6F61 		.ascii	"float\000"
 1266      7400
 1267              	.LASF3:
 1268 00df 756E7369 		.ascii	"unsigned char\000"
 1268      676E6564 
 1268      20636861 
 1268      7200
 1269              	.LASF40:
 1270 00ed 474E5520 		.ascii	"GNU C11 5.4.1 20160609 (release) [ARM/embedded-5-br"
 1270      43313120 
 1270      352E342E 
 1270      31203230 
 1270      31363036 
 1271 0120 616E6368 		.ascii	"anch revision 237715] -mcpu=cortex-m3 -mthumb -g -O"
 1271      20726576 
ARM GAS  C:\Users\filip\AppData\Local\Temp\ccv9IppN.s 			page 27


 1271      6973696F 
 1271      6E203233 
 1271      37373135 
 1272 0153 67202D66 		.ascii	"g -ffunction-sections -ffat-lto-objects\000"
 1272      66756E63 
 1272      74696F6E 
 1272      2D736563 
 1272      74696F6E 
 1273              	.LASF16:
 1274 017b 6C6F6E67 		.ascii	"long unsigned int\000"
 1274      20756E73 
 1274      69676E65 
 1274      6420696E 
 1274      7400
 1275              	.LASF19:
 1276 018d 74656D70 		.ascii	"temp\000"
 1276      00
 1277              	.LASF5:
 1278 0192 4350555F 		.ascii	"CPU_INT08U\000"
 1278      494E5430 
 1278      385500
 1279              	.LASF26:
 1280 019d 61727261 		.ascii	"array\000"
 1280      7900
 1281              	.LASF28:
 1282 01a3 62797465 		.ascii	"byteCount\000"
 1282      436F756E 
 1282      7400
 1283              	.LASF43:
 1284 01ad 735F426D 		.ascii	"s_Bmp280_press_temp\000"
 1284      70323830 
 1284      5F707265 
 1284      73735F74 
 1284      656D7000 
 1285              	.LASF45:
 1286 01c1 6D656D73 		.ascii	"memset\000"
 1286      657400
 1287              	.LASF24:
 1288 01c8 75617274 		.ascii	"uart_send_string\000"
 1288      5F73656E 
 1288      645F7374 
 1288      72696E67 
 1288      00
 1289              	.LASF13:
 1290 01d9 4350555F 		.ascii	"CPU_FP64\000"
 1290      46503634 
 1290      00
 1291              	.LASF44:
 1292 01e2 75617274 		.ascii	"uart_get_byte\000"
 1292      5F676574 
 1292      5F627974 
 1292      6500
 1293              	.LASF31:
 1294 01f0 74785F6D 		.ascii	"tx_msg\000"
 1294      736700
 1295              	.LASF35:
 1296 01f7 55415254 		.ascii	"UART_1_PutChar\000"
ARM GAS  C:\Users\filip\AppData\Local\Temp\ccv9IppN.s 			page 28


 1296      5F315F50 
 1296      75744368 
 1296      617200
 1297              	.LASF38:
 1298 0206 7374726C 		.ascii	"strlen\000"
 1298      656E00
 1299              	.LASF0:
 1300 020d 6C6F6E67 		.ascii	"long long unsigned int\000"
 1300      206C6F6E 
 1300      6720756E 
 1300      7369676E 
 1300      65642069 
 1301              	.LASF37:
 1302 0224 55415254 		.ascii	"UART_1_PutArray\000"
 1302      5F315F50 
 1302      75744172 
 1302      72617900 
 1303              	.LASF41:
 1304 0234 6273705F 		.ascii	"bsp_uart.c\000"
 1304      75617274 
 1304      2E6300
 1305              	.LASF18:
 1306 023f 73697A65 		.ascii	"sizetype\000"
 1306      74797065 
 1306      00
 1307              	.LASF21:
 1308 0248 426D7032 		.ascii	"Bmp280_press_temp\000"
 1308      38305F70 
 1308      72657373 
 1308      5F74656D 
 1308      7000
 1309              	.LASF11:
 1310 025a 6C6F6E67 		.ascii	"long long int\000"
 1310      206C6F6E 
 1310      6720696E 
 1310      7400
 1311              	.LASF32:
 1312 0268 74785F6D 		.ascii	"tx_msg_len\000"
 1312      73675F6C 
 1312      656E00
 1313              	.LASF2:
 1314 0273 63686172 		.ascii	"char\000"
 1314      00
 1315              	.LASF23:
 1316 0278 75617274 		.ascii	"uart_send_byte\000"
 1316      5F73656E 
 1316      645F6279 
 1316      746500
 1317              	.LASF8:
 1318 0287 73686F72 		.ascii	"short int\000"
 1318      7420696E 
 1318      7400
 1319              	.LASF15:
 1320 0291 6C6F6E67 		.ascii	"long int\000"
 1320      20696E74 
 1320      00
 1321              	.LASF17:
ARM GAS  C:\Users\filip\AppData\Local\Temp\ccv9IppN.s 			page 29


 1322 029a 6C6F6E67 		.ascii	"long double\000"
 1322      20646F75 
 1322      626C6500 
 1323              	.LASF6:
 1324 02a6 7369676E 		.ascii	"signed char\000"
 1324      65642063 
 1324      68617200 
 1325              	.LASF14:
 1326 02b2 646F7562 		.ascii	"double\000"
 1326      6C6500
 1327              	.LASF7:
 1328 02b9 73686F72 		.ascii	"short unsigned int\000"
 1328      7420756E 
 1328      7369676E 
 1328      65642069 
 1328      6E7400
 1329              	.LASF36:
 1330 02cc 55415254 		.ascii	"UART_1_PutString\000"
 1330      5F315F50 
 1330      75745374 
 1330      72696E67 
 1330      00
 1331              	.LASF34:
 1332 02dd 55415254 		.ascii	"UART_1_GetChar\000"
 1332      5F315F47 
 1332      65744368 
 1332      617200
 1333              		.ident	"GCC: (GNU Tools for ARM Embedded Processors) 5.4.1 20160609 (release) [ARM/embedded-5-bran
