ARM GAS  C:\Users\filip\AppData\Local\Temp\ccrLswxl.s 			page 1


   1              		.syntax unified
   2              		.cpu cortex-m3
   3              		.fpu softvfp
   4              		.eabi_attribute 20, 1
   5              		.eabi_attribute 21, 1
   6              		.eabi_attribute 23, 3
   7              		.eabi_attribute 24, 1
   8              		.eabi_attribute 25, 1
   9              		.eabi_attribute 26, 1
  10              		.eabi_attribute 30, 1
  11              		.eabi_attribute 34, 1
  12              		.eabi_attribute 18, 4
  13              		.thumb
  14              		.syntax unified
  15              		.file	"cymetadata.c"
  16              		.text
  17              	.Ltext0:
  18              		.cfi_sections	.debug_frame
  19              		.global	cy_metadata
  20              		.global	cy_meta_flashprotect
  21              		.global	cy_meta_wonvl
  22              		.global	cy_meta_custnvl
  23              		.global	cy_meta_configecc
  24              		.section	.cyconfigecc,"a",%progbits
  25              		.align	2
  26              		.type	cy_meta_configecc, %object
  27              		.size	cy_meta_configecc, 1432
  28              	cy_meta_configecc:
  29 0000 01       		.byte	1
  30 0001 64       		.byte	100
  31 0002 00       		.byte	0
  32 0003 40       		.byte	64
  33 0004 03       		.byte	3
  34 0005 65       		.byte	101
  35 0006 00       		.byte	0
  36 0007 40       		.byte	64
  37 0008 51       		.byte	81
  38 0009 04       		.byte	4
  39 000a 01       		.byte	1
  40 000b 40       		.byte	64
  41 000c 2B       		.byte	43
  42 000d 05       		.byte	5
  43 000e 01       		.byte	1
  44 000f 40       		.byte	64
  45 0010 67       		.byte	103
  46 0011 06       		.byte	6
  47 0012 01       		.byte	1
  48 0013 40       		.byte	64
  49 0014 44       		.byte	68
  50 0015 07       		.byte	7
  51 0016 01       		.byte	1
  52 0017 40       		.byte	64
  53 0018 42       		.byte	66
  54 0019 14       		.byte	20
  55 001a 01       		.byte	1
  56 001b 40       		.byte	64
  57 001c 3E       		.byte	62
ARM GAS  C:\Users\filip\AppData\Local\Temp\ccrLswxl.s 			page 2


  58 001d 15       		.byte	21
  59 001e 01       		.byte	1
  60 001f 40       		.byte	64
  61 0020 64       		.byte	100
  62 0021 16       		.byte	22
  63 0022 01       		.byte	1
  64 0023 40       		.byte	64
  65 0024 47       		.byte	71
  66 0025 17       		.byte	23
  67 0026 01       		.byte	1
  68 0027 40       		.byte	64
  69 0028 01       		.byte	1
  70 0029 19       		.byte	25
  71 002a 01       		.byte	1
  72 002b 40       		.byte	64
  73 002c 01       		.byte	1
  74 002d 1B       		.byte	27
  75 002e 01       		.byte	1
  76 002f 40       		.byte	64
  77 0030 04       		.byte	4
  78 0031 40       		.byte	64
  79 0032 01       		.byte	1
  80 0033 40       		.byte	64
  81 0034 03       		.byte	3
  82 0035 41       		.byte	65
  83 0036 01       		.byte	1
  84 0037 40       		.byte	64
  85 0038 0A       		.byte	10
  86 0039 42       		.byte	66
  87 003a 01       		.byte	1
  88 003b 40       		.byte	64
  89 003c 07       		.byte	7
  90 003d 43       		.byte	67
  91 003e 01       		.byte	1
  92 003f 40       		.byte	64
  93 0040 09       		.byte	9
  94 0041 48       		.byte	72
  95 0042 01       		.byte	1
  96 0043 40       		.byte	64
  97 0044 06       		.byte	6
  98 0045 49       		.byte	73
  99 0046 01       		.byte	1
 100 0047 40       		.byte	64
 101 0048 03       		.byte	3
 102 0049 4C       		.byte	76
 103 004a 01       		.byte	1
 104 004b 40       		.byte	64
 105 004c 07       		.byte	7
 106 004d 4D       		.byte	77
 107 004e 01       		.byte	1
 108 004f 40       		.byte	64
 109 0050 04       		.byte	4
 110 0051 50       		.byte	80
 111 0052 01       		.byte	1
 112 0053 40       		.byte	64
 113 0054 01       		.byte	1
 114 0055 51       		.byte	81
ARM GAS  C:\Users\filip\AppData\Local\Temp\ccrLswxl.s 			page 3


 115 0056 01       		.byte	1
 116 0057 40       		.byte	64
 117 0058 84       		.byte	-124
 118 0059 0F       		.byte	15
 119 005a 84       		.byte	-124
 120 005b 38       		.byte	56
 121 005c 85       		.byte	-123
 122 005d 72       		.byte	114
 123 005e 87       		.byte	-121
 124 005f 0F       		.byte	15
 125 0060 00       		.byte	0
 126 0061 21       		.byte	33
 127 0062 02       		.byte	2
 128 0063 D8       		.byte	-40
 129 0064 04       		.byte	4
 130 0065 02       		.byte	2
 131 0066 05       		.byte	5
 132 0067 02       		.byte	2
 133 0068 07       		.byte	7
 134 0069 0D       		.byte	13
 135 006a 10       		.byte	16
 136 006b 98       		.byte	-104
 137 006c 12       		.byte	18
 138 006d 02       		.byte	2
 139 006e 14       		.byte	20
 140 006f 38       		.byte	56
 141 0070 16       		.byte	22
 142 0071 C0       		.byte	-64
 143 0072 18       		.byte	24
 144 0073 13       		.byte	19
 145 0074 1A       		.byte	26
 146 0075 64       		.byte	100
 147 0076 1C       		.byte	28
 148 0077 9A       		.byte	-102
 149 0078 20       		.byte	32
 150 0079 9A       		.byte	-102
 151 007a 21       		.byte	33
 152 007b 15       		.byte	21
 153 007c 23       		.byte	35
 154 007d 0A       		.byte	10
 155 007e 24       		.byte	36
 156 007f 98       		.byte	-104
 157 0080 26       		.byte	38
 158 0081 02       		.byte	2
 159 0082 28       		.byte	40
 160 0083 02       		.byte	2
 161 0084 29       		.byte	41
 162 0085 03       		.byte	3
 163 0086 2A       		.byte	42
 164 0087 98       		.byte	-104
 165 0088 2B       		.byte	43
 166 0089 1C       		.byte	28
 167 008a 2C       		.byte	44
 168 008b FC       		.byte	-4
 169 008c 2D       		.byte	45
 170 008d 09       		.byte	9
 171 008e 2E       		.byte	46
ARM GAS  C:\Users\filip\AppData\Local\Temp\ccrLswxl.s 			page 4


 172 008f 03       		.byte	3
 173 0090 2F       		.byte	47
 174 0091 16       		.byte	22
 175 0092 30       		.byte	48
 176 0093 0F       		.byte	15
 177 0094 32       		.byte	50
 178 0095 E0       		.byte	-32
 179 0096 33       		.byte	51
 180 0097 10       		.byte	16
 181 0098 34       		.byte	52
 182 0099 13       		.byte	19
 183 009a 35       		.byte	53
 184 009b 0F       		.byte	15
 185 009c 3A       		.byte	58
 186 009d 0A       		.byte	10
 187 009e 3B       		.byte	59
 188 009f 20       		.byte	32
 189 00a0 3F       		.byte	63
 190 00a1 04       		.byte	4
 191 00a2 56       		.byte	86
 192 00a3 02       		.byte	2
 193 00a4 57       		.byte	87
 194 00a5 24       		.byte	36
 195 00a6 58       		.byte	88
 196 00a7 04       		.byte	4
 197 00a8 59       		.byte	89
 198 00a9 04       		.byte	4
 199 00aa 5B       		.byte	91
 200 00ab 04       		.byte	4
 201 00ac 5F       		.byte	95
 202 00ad 01       		.byte	1
 203 00ae 80       		.byte	-128
 204 00af 02       		.byte	2
 205 00b0 81       		.byte	-127
 206 00b1 84       		.byte	-124
 207 00b2 82       		.byte	-126
 208 00b3 04       		.byte	4
 209 00b4 84       		.byte	-124
 210 00b5 01       		.byte	1
 211 00b6 85       		.byte	-123
 212 00b7 84       		.byte	-124
 213 00b8 86       		.byte	-122
 214 00b9 02       		.byte	2
 215 00ba 89       		.byte	-119
 216 00bb 80       		.byte	-128
 217 00bc 8B       		.byte	-117
 218 00bd 04       		.byte	4
 219 00be 8C       		.byte	-116
 220 00bf 02       		.byte	2
 221 00c0 8D       		.byte	-115
 222 00c1 04       		.byte	4
 223 00c2 8E       		.byte	-114
 224 00c3 08       		.byte	8
 225 00c4 8F       		.byte	-113
 226 00c5 80       		.byte	-128
 227 00c6 90       		.byte	-112
 228 00c7 0D       		.byte	13
ARM GAS  C:\Users\filip\AppData\Local\Temp\ccrLswxl.s 			page 5


 229 00c8 91       		.byte	-111
 230 00c9 0A       		.byte	10
 231 00ca 92       		.byte	-110
 232 00cb 10       		.byte	16
 233 00cc 93       		.byte	-109
 234 00cd 10       		.byte	16
 235 00ce 94       		.byte	-108
 236 00cf 02       		.byte	2
 237 00d0 95       		.byte	-107
 238 00d1 04       		.byte	4
 239 00d2 96       		.byte	-106
 240 00d3 0D       		.byte	13
 241 00d4 99       		.byte	-103
 242 00d5 07       		.byte	7
 243 00d6 9B       		.byte	-101
 244 00d7 38       		.byte	56
 245 00d8 9D       		.byte	-99
 246 00d9 01       		.byte	1
 247 00da 9E       		.byte	-98
 248 00db 10       		.byte	16
 249 00dc A0       		.byte	-96
 250 00dd 1D       		.byte	29
 251 00de A1       		.byte	-95
 252 00df 84       		.byte	-124
 253 00e0 A4       		.byte	-92
 254 00e1 1D       		.byte	29
 255 00e2 A8       		.byte	-88
 256 00e3 1D       		.byte	29
 257 00e4 A9       		.byte	-87
 258 00e5 60       		.byte	96
 259 00e6 AC       		.byte	-84
 260 00e7 1D       		.byte	29
 261 00e8 AD       		.byte	-83
 262 00e9 56       		.byte	86
 263 00ea AF       		.byte	-81
 264 00eb 09       		.byte	9
 265 00ec B1       		.byte	-79
 266 00ed 7F       		.byte	127
 267 00ee B2       		.byte	-78
 268 00ef 0F       		.byte	15
 269 00f0 B4       		.byte	-76
 270 00f1 10       		.byte	16
 271 00f2 B5       		.byte	-75
 272 00f3 80       		.byte	-128
 273 00f4 B9       		.byte	-71
 274 00f5 02       		.byte	2
 275 00f6 BA       		.byte	-70
 276 00f7 08       		.byte	8
 277 00f8 BE       		.byte	-66
 278 00f9 10       		.byte	16
 279 00fa BF       		.byte	-65
 280 00fb 10       		.byte	16
 281 00fc D8       		.byte	-40
 282 00fd 04       		.byte	4
 283 00fe D9       		.byte	-39
 284 00ff 04       		.byte	4
 285 0100 DF       		.byte	-33
ARM GAS  C:\Users\filip\AppData\Local\Temp\ccrLswxl.s 			page 6


 286 0101 01       		.byte	1
 287 0102 01       		.byte	1
 288 0103 02       		.byte	2
 289 0104 02       		.byte	2
 290 0105 10       		.byte	16
 291 0106 04       		.byte	4
 292 0107 08       		.byte	8
 293 0108 05       		.byte	5
 294 0109 42       		.byte	66
 295 010a 09       		.byte	9
 296 010b 80       		.byte	-128
 297 010c 0A       		.byte	10
 298 010d 68       		.byte	104
 299 010e 0E       		.byte	14
 300 010f 60       		.byte	96
 301 0110 0F       		.byte	15
 302 0111 01       		.byte	1
 303 0112 10       		.byte	16
 304 0113 29       		.byte	41
 305 0114 11       		.byte	17
 306 0115 01       		.byte	1
 307 0116 15       		.byte	21
 308 0117 19       		.byte	25
 309 0118 16       		.byte	22
 310 0119 02       		.byte	2
 311 011a 18       		.byte	24
 312 011b 08       		.byte	8
 313 011c 19       		.byte	25
 314 011d 26       		.byte	38
 315 011e 1A       		.byte	26
 316 011f 28       		.byte	40
 317 0120 1E       		.byte	30
 318 0121 20       		.byte	32
 319 0122 1F       		.byte	31
 320 0123 10       		.byte	16
 321 0124 20       		.byte	32
 322 0125 24       		.byte	36
 323 0126 27       		.byte	39
 324 0127 48       		.byte	72
 325 0128 28       		.byte	40
 326 0129 81       		.byte	-127
 327 012a 29       		.byte	41
 328 012b 62       		.byte	98
 329 012c 2C       		.byte	44
 330 012d 01       		.byte	1
 331 012e 2E       		.byte	46
 332 012f 02       		.byte	2
 333 0130 2F       		.byte	47
 334 0131 08       		.byte	8
 335 0132 35       		.byte	53
 336 0133 26       		.byte	38
 337 0134 37       		.byte	55
 338 0135 40       		.byte	64
 339 0136 38       		.byte	56
 340 0137 04       		.byte	4
 341 0138 3D       		.byte	61
 342 0139 01       		.byte	1
ARM GAS  C:\Users\filip\AppData\Local\Temp\ccrLswxl.s 			page 7


 343 013a 3E       		.byte	62
 344 013b 54       		.byte	84
 345 013c 60       		.byte	96
 346 013d 04       		.byte	4
 347 013e 68       		.byte	104
 348 013f 28       		.byte	40
 349 0140 69       		.byte	105
 350 0141 19       		.byte	25
 351 0142 6A       		.byte	106
 352 0143 54       		.byte	84
 353 0144 71       		.byte	113
 354 0145 80       		.byte	-128
 355 0146 72       		.byte	114
 356 0147 02       		.byte	2
 357 0148 83       		.byte	-125
 358 0149 40       		.byte	64
 359 014a C0       		.byte	-64
 360 014b BC       		.byte	-68
 361 014c C2       		.byte	-62
 362 014d BF       		.byte	-65
 363 014e C4       		.byte	-60
 364 014f FF       		.byte	-1
 365 0150 CA       		.byte	-54
 366 0151 BD       		.byte	-67
 367 0152 CC       		.byte	-52
 368 0153 F0       		.byte	-16
 369 0154 CE       		.byte	-50
 370 0155 F2       		.byte	-14
 371 0156 D8       		.byte	-40
 372 0157 04       		.byte	4
 373 0158 08       		.byte	8
 374 0159 06       		.byte	6
 375 015a 0A       		.byte	10
 376 015b 08       		.byte	8
 377 015c 0C       		.byte	12
 378 015d 10       		.byte	16
 379 015e 0E       		.byte	14
 380 015f 03       		.byte	3
 381 0160 11       		.byte	17
 382 0161 0B       		.byte	11
 383 0162 13       		.byte	19
 384 0163 14       		.byte	20
 385 0164 16       		.byte	22
 386 0165 01       		.byte	1
 387 0166 19       		.byte	25
 388 0167 07       		.byte	7
 389 0168 1B       		.byte	27
 390 0169 08       		.byte	8
 391 016a 1D       		.byte	29
 392 016b 1C       		.byte	28
 393 016c 20       		.byte	32
 394 016d 18       		.byte	24
 395 016e 21       		.byte	33
 396 016f 09       		.byte	9
 397 0170 22       		.byte	34
 398 0171 07       		.byte	7
 399 0172 23       		.byte	35
ARM GAS  C:\Users\filip\AppData\Local\Temp\ccrLswxl.s 			page 8


 400 0173 12       		.byte	18
 401 0174 24       		.byte	36
 402 0175 10       		.byte	16
 403 0176 31       		.byte	49
 404 0177 1E       		.byte	30
 405 0178 32       		.byte	50
 406 0179 03       		.byte	3
 407 017a 36       		.byte	54
 408 017b 1C       		.byte	28
 409 017c 37       		.byte	55
 410 017d 01       		.byte	1
 411 017e 39       		.byte	57
 412 017f 02       		.byte	2
 413 0180 3A       		.byte	58
 414 0181 80       		.byte	-128
 415 0182 3F       		.byte	63
 416 0183 40       		.byte	64
 417 0184 40       		.byte	64
 418 0185 41       		.byte	65
 419 0186 41       		.byte	65
 420 0187 06       		.byte	6
 421 0188 42       		.byte	66
 422 0189 30       		.byte	48
 423 018a 44       		.byte	68
 424 018b 05       		.byte	5
 425 018c 45       		.byte	69
 426 018d DE       		.byte	-34
 427 018e 46       		.byte	70
 428 018f C0       		.byte	-64
 429 0190 47       		.byte	71
 430 0191 FB       		.byte	-5
 431 0192 48       		.byte	72
 432 0193 3B       		.byte	59
 433 0194 49       		.byte	73
 434 0195 FF       		.byte	-1
 435 0196 4A       		.byte	74
 436 0197 FF       		.byte	-1
 437 0198 4B       		.byte	75
 438 0199 FF       		.byte	-1
 439 019a 4C       		.byte	76
 440 019b 22       		.byte	34
 441 019c 4E       		.byte	78
 442 019d F0       		.byte	-16
 443 019e 4F       		.byte	79
 444 019f 08       		.byte	8
 445 01a0 50       		.byte	80
 446 01a1 04       		.byte	4
 447 01a2 54       		.byte	84
 448 01a3 09       		.byte	9
 449 01a4 56       		.byte	86
 450 01a5 04       		.byte	4
 451 01a6 58       		.byte	88
 452 01a7 04       		.byte	4
 453 01a8 59       		.byte	89
 454 01a9 04       		.byte	4
 455 01aa 5A       		.byte	90
 456 01ab 04       		.byte	4
ARM GAS  C:\Users\filip\AppData\Local\Temp\ccrLswxl.s 			page 9


 457 01ac 5B       		.byte	91
 458 01ad 04       		.byte	4
 459 01ae 5F       		.byte	95
 460 01af 01       		.byte	1
 461 01b0 62       		.byte	98
 462 01b1 C0       		.byte	-64
 463 01b2 64       		.byte	100
 464 01b3 40       		.byte	64
 465 01b4 65       		.byte	101
 466 01b5 01       		.byte	1
 467 01b6 66       		.byte	102
 468 01b7 10       		.byte	16
 469 01b8 67       		.byte	103
 470 01b9 11       		.byte	17
 471 01ba 68       		.byte	104
 472 01bb C0       		.byte	-64
 473 01bc 69       		.byte	105
 474 01bd 01       		.byte	1
 475 01be 6B       		.byte	107
 476 01bf 11       		.byte	17
 477 01c0 6C       		.byte	108
 478 01c1 40       		.byte	64
 479 01c2 6D       		.byte	109
 480 01c3 01       		.byte	1
 481 01c4 6E       		.byte	110
 482 01c5 40       		.byte	64
 483 01c6 6F       		.byte	111
 484 01c7 01       		.byte	1
 485 01c8 84       		.byte	-124
 486 01c9 01       		.byte	1
 487 01ca 85       		.byte	-123
 488 01cb 0C       		.byte	12
 489 01cc 86       		.byte	-122
 490 01cd 0E       		.byte	14
 491 01ce 87       		.byte	-121
 492 01cf 11       		.byte	17
 493 01d0 8D       		.byte	-115
 494 01d1 20       		.byte	32
 495 01d2 8E       		.byte	-114
 496 01d3 1C       		.byte	28
 497 01d4 8F       		.byte	-113
 498 01d5 03       		.byte	3
 499 01d6 90       		.byte	-112
 500 01d7 1C       		.byte	28
 501 01d8 92       		.byte	-110
 502 01d9 03       		.byte	3
 503 01da 94       		.byte	-108
 504 01db 01       		.byte	1
 505 01dc 95       		.byte	-107
 506 01dd 10       		.byte	16
 507 01de 96       		.byte	-106
 508 01df 16       		.byte	22
 509 01e0 97       		.byte	-105
 510 01e1 0C       		.byte	12
 511 01e2 99       		.byte	-103
 512 01e3 14       		.byte	20
 513 01e4 9D       		.byte	-99
ARM GAS  C:\Users\filip\AppData\Local\Temp\ccrLswxl.s 			page 10


 514 01e5 10       		.byte	16
 515 01e6 A1       		.byte	-95
 516 01e7 1C       		.byte	28
 517 01e8 A2       		.byte	-94
 518 01e9 08       		.byte	8
 519 01ea A3       		.byte	-93
 520 01eb 02       		.byte	2
 521 01ec AA       		.byte	-86
 522 01ed 03       		.byte	3
 523 01ee AD       		.byte	-83
 524 01ef 09       		.byte	9
 525 01f0 AF       		.byte	-81
 526 01f1 10       		.byte	16
 527 01f2 B0       		.byte	-80
 528 01f3 0F       		.byte	15
 529 01f4 B1       		.byte	-79
 530 01f5 1F       		.byte	31
 531 01f6 B4       		.byte	-76
 532 01f7 1A       		.byte	26
 533 01f8 B7       		.byte	-73
 534 01f9 20       		.byte	32
 535 01fa BA       		.byte	-70
 536 01fb 22       		.byte	34
 537 01fc BF       		.byte	-65
 538 01fd 40       		.byte	64
 539 01fe C0       		.byte	-64
 540 01ff 02       		.byte	2
 541 0200 C5       		.byte	-59
 542 0201 40       		.byte	64
 543 0202 C9       		.byte	-55
 544 0203 FF       		.byte	-1
 545 0204 CA       		.byte	-54
 546 0205 07       		.byte	7
 547 0206 CB       		.byte	-53
 548 0207 FF       		.byte	-1
 549 0208 CC       		.byte	-52
 550 0209 40       		.byte	64
 551 020a CD       		.byte	-51
 552 020b 20       		.byte	32
 553 020c CE       		.byte	-50
 554 020d F0       		.byte	-16
 555 020e CF       		.byte	-49
 556 020f 05       		.byte	5
 557 0210 D0       		.byte	-48
 558 0211 08       		.byte	8
 559 0212 D8       		.byte	-40
 560 0213 04       		.byte	4
 561 0214 D9       		.byte	-39
 562 0215 04       		.byte	4
 563 0216 DA       		.byte	-38
 564 0217 04       		.byte	4
 565 0218 DC       		.byte	-36
 566 0219 11       		.byte	17
 567 021a DD       		.byte	-35
 568 021b 01       		.byte	1
 569 021c DF       		.byte	-33
 570 021d 01       		.byte	1
ARM GAS  C:\Users\filip\AppData\Local\Temp\ccrLswxl.s 			page 11


 571 021e E0       		.byte	-32
 572 021f 40       		.byte	64
 573 0220 E1       		.byte	-31
 574 0221 A8       		.byte	-88
 575 0222 E2       		.byte	-30
 576 0223 40       		.byte	64
 577 0224 E3       		.byte	-29
 578 0225 20       		.byte	32
 579 0226 00       		.byte	0
 580 0227 04       		.byte	4
 581 0228 03       		.byte	3
 582 0229 02       		.byte	2
 583 022a 05       		.byte	5
 584 022b 60       		.byte	96
 585 022c 09       		.byte	9
 586 022d 08       		.byte	8
 587 022e 0A       		.byte	10
 588 022f 40       		.byte	64
 589 0230 0E       		.byte	14
 590 0231 10       		.byte	16
 591 0232 10       		.byte	16
 592 0233 88       		.byte	-120
 593 0234 14       		.byte	20
 594 0235 A0       		.byte	-96
 595 0236 16       		.byte	22
 596 0237 10       		.byte	16
 597 0238 18       		.byte	24
 598 0239 04       		.byte	4
 599 023a 19       		.byte	25
 600 023b 02       		.byte	2
 601 023c 1A       		.byte	26
 602 023d 40       		.byte	64
 603 023e 1D       		.byte	29
 604 023f C0       		.byte	-64
 605 0240 1E       		.byte	30
 606 0241 10       		.byte	16
 607 0242 1F       		.byte	31
 608 0243 40       		.byte	64
 609 0244 20       		.byte	32
 610 0245 42       		.byte	66
 611 0246 27       		.byte	39
 612 0247 41       		.byte	65
 613 0248 29       		.byte	41
 614 0249 02       		.byte	2
 615 024a 2B       		.byte	43
 616 024b 02       		.byte	2
 617 024c 2F       		.byte	47
 618 024d 40       		.byte	64
 619 024e 30       		.byte	48
 620 024f A0       		.byte	-96
 621 0250 31       		.byte	49
 622 0251 08       		.byte	8
 623 0252 35       		.byte	53
 624 0253 20       		.byte	32
 625 0254 37       		.byte	55
 626 0255 42       		.byte	66
 627 0256 38       		.byte	56
ARM GAS  C:\Users\filip\AppData\Local\Temp\ccrLswxl.s 			page 12


 628 0257 44       		.byte	68
 629 0258 42       		.byte	66
 630 0259 84       		.byte	-124
 631 025a 43       		.byte	67
 632 025b 01       		.byte	1
 633 025c 44       		.byte	68
 634 025d 90       		.byte	-112
 635 025e 45       		.byte	69
 636 025f 80       		.byte	-128
 637 0260 47       		.byte	71
 638 0261 0A       		.byte	10
 639 0262 48       		.byte	72
 640 0263 80       		.byte	-128
 641 0264 4D       		.byte	77
 642 0265 24       		.byte	36
 643 0266 4E       		.byte	78
 644 0267 01       		.byte	1
 645 0268 4F       		.byte	79
 646 0269 01       		.byte	1
 647 026a 50       		.byte	80
 648 026b 08       		.byte	8
 649 026c 56       		.byte	86
 650 026d 10       		.byte	16
 651 026e 57       		.byte	87
 652 026f 09       		.byte	9
 653 0270 5C       		.byte	92
 654 0271 22       		.byte	34
 655 0272 5D       		.byte	93
 656 0273 84       		.byte	-124
 657 0274 64       		.byte	100
 658 0275 40       		.byte	64
 659 0276 66       		.byte	102
 660 0277 80       		.byte	-128
 661 0278 84       		.byte	-124
 662 0279 10       		.byte	16
 663 027a 85       		.byte	-123
 664 027b 80       		.byte	-128
 665 027c 88       		.byte	-120
 666 027d 08       		.byte	8
 667 027e 8A       		.byte	-118
 668 027f 01       		.byte	1
 669 0280 8B       		.byte	-117
 670 0281 01       		.byte	1
 671 0282 8E       		.byte	-114
 672 0283 10       		.byte	16
 673 0284 93       		.byte	-109
 674 0285 20       		.byte	32
 675 0286 97       		.byte	-105
 676 0287 01       		.byte	1
 677 0288 98       		.byte	-104
 678 0289 80       		.byte	-128
 679 028a 99       		.byte	-103
 680 028b 20       		.byte	32
 681 028c 9B       		.byte	-101
 682 028d 08       		.byte	8
 683 028e 9D       		.byte	-99
 684 028f 40       		.byte	64
ARM GAS  C:\Users\filip\AppData\Local\Temp\ccrLswxl.s 			page 13


 685 0290 9E       		.byte	-98
 686 0291 10       		.byte	16
 687 0292 A0       		.byte	-96
 688 0293 10       		.byte	16
 689 0294 A7       		.byte	-89
 690 0295 08       		.byte	8
 691 0296 C0       		.byte	-64
 692 0297 C5       		.byte	-59
 693 0298 C2       		.byte	-62
 694 0299 2C       		.byte	44
 695 029a C4       		.byte	-60
 696 029b 3A       		.byte	58
 697 029c CA       		.byte	-54
 698 029d 89       		.byte	-119
 699 029e CC       		.byte	-52
 700 029f BE       		.byte	-66
 701 02a0 CE       		.byte	-50
 702 02a1 0A       		.byte	10
 703 02a2 D0       		.byte	-48
 704 02a3 D4       		.byte	-44
 705 02a4 D2       		.byte	-46
 706 02a5 30       		.byte	48
 707 02a6 D6       		.byte	-42
 708 02a7 F0       		.byte	-16
 709 02a8 D8       		.byte	-40
 710 02a9 90       		.byte	-112
 711 02aa E0       		.byte	-32
 712 02ab 20       		.byte	32
 713 02ac E6       		.byte	-26
 714 02ad 10       		.byte	16
 715 02ae 0F       		.byte	15
 716 02af 01       		.byte	1
 717 02b0 15       		.byte	21
 718 02b1 01       		.byte	1
 719 02b2 1A       		.byte	26
 720 02b3 01       		.byte	1
 721 02b4 1B       		.byte	27
 722 02b5 01       		.byte	1
 723 02b6 22       		.byte	34
 724 02b7 01       		.byte	1
 725 02b8 25       		.byte	37
 726 02b9 01       		.byte	1
 727 02ba 34       		.byte	52
 728 02bb 01       		.byte	1
 729 02bc 35       		.byte	53
 730 02bd 01       		.byte	1
 731 02be 39       		.byte	57
 732 02bf 20       		.byte	32
 733 02c0 3E       		.byte	62
 734 02c1 10       		.byte	16
 735 02c2 54       		.byte	84
 736 02c3 18       		.byte	24
 737 02c4 56       		.byte	86
 738 02c5 04       		.byte	4
 739 02c6 58       		.byte	88
 740 02c7 04       		.byte	4
 741 02c8 59       		.byte	89
ARM GAS  C:\Users\filip\AppData\Local\Temp\ccrLswxl.s 			page 14


 742 02c9 04       		.byte	4
 743 02ca 5B       		.byte	91
 744 02cb 04       		.byte	4
 745 02cc 5C       		.byte	92
 746 02cd 10       		.byte	16
 747 02ce 5D       		.byte	93
 748 02cf 10       		.byte	16
 749 02d0 5F       		.byte	95
 750 02d1 01       		.byte	1
 751 02d2 80       		.byte	-128
 752 02d3 01       		.byte	1
 753 02d4 81       		.byte	-127
 754 02d5 10       		.byte	16
 755 02d6 82       		.byte	-126
 756 02d7 40       		.byte	64
 757 02d8 84       		.byte	-124
 758 02d9 1C       		.byte	28
 759 02da 85       		.byte	-123
 760 02db 08       		.byte	8
 761 02dc 86       		.byte	-122
 762 02dd 23       		.byte	35
 763 02de 88       		.byte	-120
 764 02df 3F       		.byte	63
 765 02e0 89       		.byte	-119
 766 02e1 44       		.byte	68
 767 02e2 8C       		.byte	-116
 768 02e3 1F       		.byte	31
 769 02e4 8D       		.byte	-115
 770 02e5 1C       		.byte	28
 771 02e6 8E       		.byte	-114
 772 02e7 20       		.byte	32
 773 02e8 8F       		.byte	-113
 774 02e9 E1       		.byte	-31
 775 02ea 93       		.byte	-109
 776 02eb E3       		.byte	-29
 777 02ec 94       		.byte	-108
 778 02ed 33       		.byte	51
 779 02ee 95       		.byte	-107
 780 02ef FF       		.byte	-1
 781 02f0 96       		.byte	-106
 782 02f1 0C       		.byte	12
 783 02f2 98       		.byte	-104
 784 02f3 02       		.byte	2
 785 02f4 99       		.byte	-103
 786 02f5 18       		.byte	24
 787 02f6 9C       		.byte	-100
 788 02f7 03       		.byte	3
 789 02f8 9D       		.byte	-99
 790 02f9 C0       		.byte	-64
 791 02fa A2       		.byte	-94
 792 02fb 23       		.byte	35
 793 02fc A3       		.byte	-93
 794 02fd 04       		.byte	4
 795 02fe A4       		.byte	-92
 796 02ff 04       		.byte	4
 797 0300 A5       		.byte	-91
 798 0301 3C       		.byte	60
ARM GAS  C:\Users\filip\AppData\Local\Temp\ccrLswxl.s 			page 15


 799 0302 A7       		.byte	-89
 800 0303 C2       		.byte	-62
 801 0304 A8       		.byte	-88
 802 0305 0C       		.byte	12
 803 0306 A9       		.byte	-87
 804 0307 E7       		.byte	-25
 805 0308 AB       		.byte	-85
 806 0309 18       		.byte	24
 807 030a AC       		.byte	-84
 808 030b 08       		.byte	8
 809 030c AD       		.byte	-83
 810 030d 80       		.byte	-128
 811 030e B0       		.byte	-80
 812 030f 2C       		.byte	44
 813 0310 B2       		.byte	-78
 814 0311 0F       		.byte	15
 815 0312 B3       		.byte	-77
 816 0313 1F       		.byte	31
 817 0314 B4       		.byte	-76
 818 0315 10       		.byte	16
 819 0316 B5       		.byte	-75
 820 0317 38       		.byte	56
 821 0318 B6       		.byte	-74
 822 0319 40       		.byte	64
 823 031a B7       		.byte	-73
 824 031b C0       		.byte	-64
 825 031c BA       		.byte	-70
 826 031d 0A       		.byte	10
 827 031e BB       		.byte	-69
 828 031f 08       		.byte	8
 829 0320 BE       		.byte	-66
 830 0321 10       		.byte	16
 831 0322 D6       		.byte	-42
 832 0323 02       		.byte	2
 833 0324 D7       		.byte	-41
 834 0325 12       		.byte	18
 835 0326 D8       		.byte	-40
 836 0327 04       		.byte	4
 837 0328 D9       		.byte	-39
 838 0329 04       		.byte	4
 839 032a DB       		.byte	-37
 840 032b 04       		.byte	4
 841 032c DC       		.byte	-36
 842 032d 11       		.byte	17
 843 032e DD       		.byte	-35
 844 032f 10       		.byte	16
 845 0330 DF       		.byte	-33
 846 0331 01       		.byte	1
 847 0332 04       		.byte	4
 848 0333 40       		.byte	64
 849 0334 05       		.byte	5
 850 0335 0A       		.byte	10
 851 0336 07       		.byte	7
 852 0337 14       		.byte	20
 853 0338 09       		.byte	9
 854 0339 20       		.byte	32
 855 033a 0C       		.byte	12
ARM GAS  C:\Users\filip\AppData\Local\Temp\ccrLswxl.s 			page 16


 856 033b 40       		.byte	64
 857 033c 0E       		.byte	14
 858 033d 28       		.byte	40
 859 033e 0F       		.byte	15
 860 033f 20       		.byte	32
 861 0340 10       		.byte	16
 862 0341 80       		.byte	-128
 863 0342 16       		.byte	22
 864 0343 02       		.byte	2
 865 0344 17       		.byte	23
 866 0345 2A       		.byte	42
 867 0346 18       		.byte	24
 868 0347 04       		.byte	4
 869 0348 1C       		.byte	28
 870 0349 40       		.byte	64
 871 034a 1E       		.byte	30
 872 034b 24       		.byte	36
 873 034c 1F       		.byte	31
 874 034d 44       		.byte	68
 875 034e 21       		.byte	33
 876 034f 20       		.byte	32
 877 0350 26       		.byte	38
 878 0351 20       		.byte	32
 879 0352 27       		.byte	39
 880 0353 11       		.byte	17
 881 0354 2B       		.byte	43
 882 0355 10       		.byte	16
 883 0356 2D       		.byte	45
 884 0357 08       		.byte	8
 885 0358 2F       		.byte	47
 886 0359 45       		.byte	69
 887 035a 33       		.byte	51
 888 035b 14       		.byte	20
 889 035c 34       		.byte	52
 890 035d 40       		.byte	64
 891 035e 35       		.byte	53
 892 035f 40       		.byte	64
 893 0360 37       		.byte	55
 894 0361 26       		.byte	38
 895 0362 38       		.byte	56
 896 0363 40       		.byte	64
 897 0364 3C       		.byte	60
 898 0365 40       		.byte	64
 899 0366 3D       		.byte	61
 900 0367 10       		.byte	16
 901 0368 3E       		.byte	62
 902 0369 0A       		.byte	10
 903 036a 5B       		.byte	91
 904 036b 01       		.byte	1
 905 036c 5E       		.byte	94
 906 036d 04       		.byte	4
 907 036e 60       		.byte	96
 908 036f 04       		.byte	4
 909 0370 62       		.byte	98
 910 0371 80       		.byte	-128
 911 0372 63       		.byte	99
 912 0373 80       		.byte	-128
ARM GAS  C:\Users\filip\AppData\Local\Temp\ccrLswxl.s 			page 17


 913 0374 6C       		.byte	108
 914 0375 14       		.byte	20
 915 0376 6D       		.byte	109
 916 0377 40       		.byte	64
 917 0378 76       		.byte	118
 918 0379 0A       		.byte	10
 919 037a 77       		.byte	119
 920 037b 28       		.byte	40
 921 037c 83       		.byte	-125
 922 037d 40       		.byte	64
 923 037e 89       		.byte	-119
 924 037f 12       		.byte	18
 925 0380 8E       		.byte	-114
 926 0381 04       		.byte	4
 927 0382 8F       		.byte	-113
 928 0383 01       		.byte	1
 929 0384 94       		.byte	-108
 930 0385 28       		.byte	40
 931 0386 95       		.byte	-107
 932 0387 40       		.byte	64
 933 0388 99       		.byte	-103
 934 0389 40       		.byte	64
 935 038a 9B       		.byte	-101
 936 038b 06       		.byte	6
 937 038c 9D       		.byte	-99
 938 038d 02       		.byte	2
 939 038e A0       		.byte	-96
 940 038f 80       		.byte	-128
 941 0390 A2       		.byte	-94
 942 0391 84       		.byte	-124
 943 0392 A6       		.byte	-90
 944 0393 20       		.byte	32
 945 0394 A7       		.byte	-89
 946 0395 10       		.byte	16
 947 0396 A8       		.byte	-88
 948 0397 20       		.byte	32
 949 0398 AB       		.byte	-85
 950 0399 80       		.byte	-128
 951 039a AD       		.byte	-83
 952 039b 40       		.byte	64
 953 039c AE       		.byte	-82
 954 039d 10       		.byte	16
 955 039e C0       		.byte	-64
 956 039f F0       		.byte	-16
 957 03a0 C2       		.byte	-62
 958 03a1 E2       		.byte	-30
 959 03a2 C4       		.byte	-60
 960 03a3 F8       		.byte	-8
 961 03a4 CA       		.byte	-54
 962 03a5 F2       		.byte	-14
 963 03a6 CC       		.byte	-52
 964 03a7 F6       		.byte	-10
 965 03a8 CE       		.byte	-50
 966 03a9 F8       		.byte	-8
 967 03aa D6       		.byte	-42
 968 03ab 41       		.byte	65
 969 03ac D8       		.byte	-40
ARM GAS  C:\Users\filip\AppData\Local\Temp\ccrLswxl.s 			page 18


 970 03ad 0D       		.byte	13
 971 03ae 00       		.byte	0
 972 03af 22       		.byte	34
 973 03b0 02       		.byte	2
 974 03b1 51       		.byte	81
 975 03b2 04       		.byte	4
 976 03b3 E7       		.byte	-25
 977 03b4 08       		.byte	8
 978 03b5 E7       		.byte	-25
 979 03b6 0F       		.byte	15
 980 03b7 01       		.byte	1
 981 03b8 14       		.byte	20
 982 03b9 01       		.byte	1
 983 03ba 16       		.byte	22
 984 03bb 0E       		.byte	14
 985 03bc 18       		.byte	24
 986 03bd 44       		.byte	68
 987 03be 1A       		.byte	26
 988 03bf 31       		.byte	49
 989 03c0 1B       		.byte	27
 990 03c1 01       		.byte	1
 991 03c2 2C       		.byte	44
 992 03c3 80       		.byte	-128
 993 03c4 30       		.byte	48
 994 03c5 80       		.byte	-128
 995 03c6 32       		.byte	50
 996 03c7 07       		.byte	7
 997 03c8 34       		.byte	52
 998 03c9 60       		.byte	96
 999 03ca 36       		.byte	54
 1000 03cb 18       		.byte	24
 1001 03cc 37       		.byte	55
 1002 03cd 01       		.byte	1
 1003 03ce 3B       		.byte	59
 1004 03cf 20       		.byte	32
 1005 03d0 3E       		.byte	62
 1006 03d1 40       		.byte	64
 1007 03d2 3F       		.byte	63
 1008 03d3 40       		.byte	64
 1009 03d4 40       		.byte	64
 1010 03d5 64       		.byte	100
 1011 03d6 41       		.byte	65
 1012 03d7 03       		.byte	3
 1013 03d8 42       		.byte	66
 1014 03d9 02       		.byte	2
 1015 03da 44       		.byte	68
 1016 03db 01       		.byte	1
 1017 03dc 45       		.byte	69
 1018 03dd E0       		.byte	-32
 1019 03de 46       		.byte	70
 1020 03df 0C       		.byte	12
 1021 03e0 48       		.byte	72
 1022 03e1 06       		.byte	6
 1023 03e2 49       		.byte	73
 1024 03e3 FF       		.byte	-1
 1025 03e4 4A       		.byte	74
 1026 03e5 FF       		.byte	-1
ARM GAS  C:\Users\filip\AppData\Local\Temp\ccrLswxl.s 			page 19


 1027 03e6 4B       		.byte	75
 1028 03e7 FF       		.byte	-1
 1029 03e8 4C       		.byte	76
 1030 03e9 62       		.byte	98
 1031 03ea 4D       		.byte	77
 1032 03eb A0       		.byte	-96
 1033 03ec 4E       		.byte	78
 1034 03ed F0       		.byte	-16
 1035 03ee 4F       		.byte	79
 1036 03ef 41       		.byte	65
 1037 03f0 50       		.byte	80
 1038 03f1 0C       		.byte	12
 1039 03f2 54       		.byte	84
 1040 03f3 40       		.byte	64
 1041 03f4 56       		.byte	86
 1042 03f5 04       		.byte	4
 1043 03f6 58       		.byte	88
 1044 03f7 04       		.byte	4
 1045 03f8 59       		.byte	89
 1046 03f9 04       		.byte	4
 1047 03fa 5A       		.byte	90
 1048 03fb 04       		.byte	4
 1049 03fc 5B       		.byte	91
 1050 03fd 04       		.byte	4
 1051 03fe 5C       		.byte	92
 1052 03ff 11       		.byte	17
 1053 0400 5D       		.byte	93
 1054 0401 01       		.byte	1
 1055 0402 5F       		.byte	95
 1056 0403 01       		.byte	1
 1057 0404 66       		.byte	102
 1058 0405 40       		.byte	64
 1059 0406 67       		.byte	103
 1060 0407 02       		.byte	2
 1061 0408 69       		.byte	105
 1062 0409 10       		.byte	16
 1063 040a 6A       		.byte	106
 1064 040b 30       		.byte	48
 1065 040c 6B       		.byte	107
 1066 040d 10       		.byte	16
 1067 040e 6D       		.byte	109
 1068 040f 10       		.byte	16
 1069 0410 6E       		.byte	110
 1070 0411 10       		.byte	16
 1071 0412 6F       		.byte	111
 1072 0413 12       		.byte	18
 1073 0414 84       		.byte	-124
 1074 0415 0E       		.byte	14
 1075 0416 85       		.byte	-123
 1076 0417 07       		.byte	7
 1077 0418 87       		.byte	-121
 1078 0419 08       		.byte	8
 1079 041a 89       		.byte	-119
 1080 041b 07       		.byte	7
 1081 041c 8B       		.byte	-117
 1082 041d 18       		.byte	24
 1083 041e 8D       		.byte	-115
ARM GAS  C:\Users\filip\AppData\Local\Temp\ccrLswxl.s 			page 20


 1084 041f 06       		.byte	6
 1085 0420 8F       		.byte	-113
 1086 0421 09       		.byte	9
 1087 0422 90       		.byte	-112
 1088 0423 04       		.byte	4
 1089 0424 92       		.byte	-110
 1090 0425 08       		.byte	8
 1091 0426 93       		.byte	-109
 1092 0427 10       		.byte	16
 1093 0428 94       		.byte	-108
 1094 0429 0E       		.byte	14
 1095 042a 97       		.byte	-105
 1096 042b 0B       		.byte	11
 1097 042c 98       		.byte	-104
 1098 042d 01       		.byte	1
 1099 042e A8       		.byte	-88
 1100 042f 10       		.byte	16
 1101 0430 AA       		.byte	-86
 1102 0431 02       		.byte	2
 1103 0432 AD       		.byte	-83
 1104 0433 14       		.byte	20
 1105 0434 AF       		.byte	-81
 1106 0435 09       		.byte	9
 1107 0436 B0       		.byte	-80
 1108 0437 18       		.byte	24
 1109 0438 B2       		.byte	-78
 1110 0439 01       		.byte	1
 1111 043a B3       		.byte	-77
 1112 043b 1E       		.byte	30
 1113 043c B4       		.byte	-76
 1114 043d 06       		.byte	6
 1115 043e B7       		.byte	-73
 1116 043f 01       		.byte	1
 1117 0440 B8       		.byte	-72
 1118 0441 22       		.byte	34
 1119 0442 BB       		.byte	-69
 1120 0443 08       		.byte	8
 1121 0444 BE       		.byte	-66
 1122 0445 14       		.byte	20
 1123 0446 BF       		.byte	-65
 1124 0447 40       		.byte	64
 1125 0448 C0       		.byte	-64
 1126 0449 36       		.byte	54
 1127 044a C1       		.byte	-63
 1128 044b 02       		.byte	2
 1129 044c C5       		.byte	-59
 1130 044d EE       		.byte	-18
 1131 044e C6       		.byte	-58
 1132 044f BC       		.byte	-68
 1133 0450 C8       		.byte	-56
 1134 0451 0F       		.byte	15
 1135 0452 C9       		.byte	-55
 1136 0453 FF       		.byte	-1
 1137 0454 CA       		.byte	-54
 1138 0455 FF       		.byte	-1
 1139 0456 CB       		.byte	-53
 1140 0457 FF       		.byte	-1
ARM GAS  C:\Users\filip\AppData\Local\Temp\ccrLswxl.s 			page 21


 1141 0458 CE       		.byte	-50
 1142 0459 F0       		.byte	-16
 1143 045a CF       		.byte	-49
 1144 045b 44       		.byte	68
 1145 045c D0       		.byte	-48
 1146 045d 0C       		.byte	12
 1147 045e D4       		.byte	-44
 1148 045f 01       		.byte	1
 1149 0460 D6       		.byte	-42
 1150 0461 04       		.byte	4
 1151 0462 D8       		.byte	-40
 1152 0463 04       		.byte	4
 1153 0464 D9       		.byte	-39
 1154 0465 04       		.byte	4
 1155 0466 DA       		.byte	-38
 1156 0467 04       		.byte	4
 1157 0468 DB       		.byte	-37
 1158 0469 04       		.byte	4
 1159 046a DC       		.byte	-36
 1160 046b 11       		.byte	17
 1161 046c DD       		.byte	-35
 1162 046d 11       		.byte	17
 1163 046e DF       		.byte	-33
 1164 046f 01       		.byte	1
 1165 0470 E6       		.byte	-26
 1166 0471 C0       		.byte	-64
 1167 0472 EA       		.byte	-22
 1168 0473 40       		.byte	64
 1169 0474 EB       		.byte	-21
 1170 0475 02       		.byte	2
 1171 0476 00       		.byte	0
 1172 0477 04       		.byte	4
 1173 0478 04       		.byte	4
 1174 0479 28       		.byte	40
 1175 047a 05       		.byte	5
 1176 047b 02       		.byte	2
 1177 047c 08       		.byte	8
 1178 047d 01       		.byte	1
 1179 047e 09       		.byte	9
 1180 047f 08       		.byte	8
 1181 0480 0A       		.byte	10
 1182 0481 40       		.byte	64
 1183 0482 0B       		.byte	11
 1184 0483 08       		.byte	8
 1185 0484 0E       		.byte	14
 1186 0485 28       		.byte	40
 1187 0486 10       		.byte	16
 1188 0487 08       		.byte	8
 1189 0488 15       		.byte	21
 1190 0489 40       		.byte	64
 1191 048a 19       		.byte	25
 1192 048b 04       		.byte	4
 1193 048c 1A       		.byte	26
 1194 048d 04       		.byte	4
 1195 048e 1B       		.byte	27
 1196 048f 02       		.byte	2
 1197 0490 1D       		.byte	29
ARM GAS  C:\Users\filip\AppData\Local\Temp\ccrLswxl.s 			page 22


 1198 0491 82       		.byte	-126
 1199 0492 1E       		.byte	30
 1200 0493 28       		.byte	40
 1201 0494 21       		.byte	33
 1202 0495 08       		.byte	8
 1203 0496 22       		.byte	34
 1204 0497 40       		.byte	64
 1205 0498 23       		.byte	35
 1206 0499 10       		.byte	16
 1207 049a 26       		.byte	38
 1208 049b 80       		.byte	-128
 1209 049c 27       		.byte	39
 1210 049d 04       		.byte	4
 1211 049e 28       		.byte	40
 1212 049f 01       		.byte	1
 1213 04a0 30       		.byte	48
 1214 04a1 08       		.byte	8
 1215 04a2 33       		.byte	51
 1216 04a3 02       		.byte	2
 1217 04a4 36       		.byte	54
 1218 04a5 20       		.byte	32
 1219 04a6 37       		.byte	55
 1220 04a7 10       		.byte	16
 1221 04a8 38       		.byte	56
 1222 04a9 84       		.byte	-124
 1223 04aa 3B       		.byte	59
 1224 04ab 10       		.byte	16
 1225 04ac 3F       		.byte	63
 1226 04ad 80       		.byte	-128
 1227 04ae 40       		.byte	64
 1228 04af 04       		.byte	4
 1229 04b0 41       		.byte	65
 1230 04b1 08       		.byte	8
 1231 04b2 45       		.byte	69
 1232 04b3 82       		.byte	-126
 1233 04b4 47       		.byte	71
 1234 04b5 16       		.byte	22
 1235 04b6 48       		.byte	72
 1236 04b7 08       		.byte	8
 1237 04b8 49       		.byte	73
 1238 04b9 01       		.byte	1
 1239 04ba 4B       		.byte	75
 1240 04bb 08       		.byte	8
 1241 04bc 4C       		.byte	76
 1242 04bd 80       		.byte	-128
 1243 04be 4F       		.byte	79
 1244 04bf 20       		.byte	32
 1245 04c0 50       		.byte	80
 1246 04c1 60       		.byte	96
 1247 04c2 53       		.byte	83
 1248 04c3 80       		.byte	-128
 1249 04c4 57       		.byte	87
 1250 04c5 40       		.byte	64
 1251 04c6 58       		.byte	88
 1252 04c7 20       		.byte	32
 1253 04c8 59       		.byte	89
 1254 04c9 05       		.byte	5
ARM GAS  C:\Users\filip\AppData\Local\Temp\ccrLswxl.s 			page 23


 1255 04ca 5A       		.byte	90
 1256 04cb 80       		.byte	-128
 1257 04cc 63       		.byte	99
 1258 04cd 40       		.byte	64
 1259 04ce 64       		.byte	100
 1260 04cf 88       		.byte	-120
 1261 04d0 67       		.byte	103
 1262 04d1 21       		.byte	33
 1263 04d2 87       		.byte	-121
 1264 04d3 40       		.byte	64
 1265 04d4 8C       		.byte	-116
 1266 04d5 80       		.byte	-128
 1267 04d6 90       		.byte	-112
 1268 04d7 04       		.byte	4
 1269 04d8 92       		.byte	-110
 1270 04d9 40       		.byte	64
 1271 04da 93       		.byte	-109
 1272 04db 21       		.byte	33
 1273 04dc 96       		.byte	-106
 1274 04dd 04       		.byte	4
 1275 04de 98       		.byte	-104
 1276 04df 08       		.byte	8
 1277 04e0 A0       		.byte	-96
 1278 04e1 08       		.byte	8
 1279 04e2 A4       		.byte	-92
 1280 04e3 20       		.byte	32
 1281 04e4 A5       		.byte	-91
 1282 04e5 08       		.byte	8
 1283 04e6 A7       		.byte	-89
 1284 04e7 02       		.byte	2
 1285 04e8 AB       		.byte	-85
 1286 04e9 40       		.byte	64
 1287 04ea AC       		.byte	-84
 1288 04eb 52       		.byte	82
 1289 04ec B0       		.byte	-80
 1290 04ed 01       		.byte	1
 1291 04ee C0       		.byte	-64
 1292 04ef 74       		.byte	116
 1293 04f0 C2       		.byte	-62
 1294 04f1 6E       		.byte	110
 1295 04f2 C4       		.byte	-60
 1296 04f3 82       		.byte	-126
 1297 04f4 CA       		.byte	-54
 1298 04f5 08       		.byte	8
 1299 04f6 CC       		.byte	-52
 1300 04f7 23       		.byte	35
 1301 04f8 CE       		.byte	-50
 1302 04f9 1E       		.byte	30
 1303 04fa D0       		.byte	-48
 1304 04fb F6       		.byte	-10
 1305 04fc D2       		.byte	-46
 1306 04fd 24       		.byte	36
 1307 04fe D6       		.byte	-42
 1308 04ff 0F       		.byte	15
 1309 0500 D8       		.byte	-40
 1310 0501 F1       		.byte	-15
 1311 0502 E2       		.byte	-30
ARM GAS  C:\Users\filip\AppData\Local\Temp\ccrLswxl.s 			page 24


 1312 0503 10       		.byte	16
 1313 0504 E8       		.byte	-24
 1314 0505 80       		.byte	-128
 1315 0506 E2       		.byte	-30
 1316 0507 80       		.byte	-128
 1317 0508 33       		.byte	51
 1318 0509 42       		.byte	66
 1319 050a 36       		.byte	54
 1320 050b 10       		.byte	16
 1321 050c 37       		.byte	55
 1322 050d 02       		.byte	2
 1323 050e CC       		.byte	-52
 1324 050f F0       		.byte	-16
 1325 0510 9F       		.byte	-97
 1326 0511 42       		.byte	66
 1327 0512 A6       		.byte	-90
 1328 0513 10       		.byte	16
 1329 0514 A7       		.byte	-89
 1330 0515 02       		.byte	2
 1331 0516 00       		.byte	0
 1332 0517 08       		.byte	8
 1333 0518 50       		.byte	80
 1334 0519 04       		.byte	4
 1335 051a 56       		.byte	86
 1336 051b 08       		.byte	8
 1337 051c 80       		.byte	-128
 1338 051d 04       		.byte	4
 1339 051e 9F       		.byte	-97
 1340 051f 42       		.byte	66
 1341 0520 A6       		.byte	-90
 1342 0521 10       		.byte	16
 1343 0522 A7       		.byte	-89
 1344 0523 02       		.byte	2
 1345 0524 C0       		.byte	-64
 1346 0525 10       		.byte	16
 1347 0526 D4       		.byte	-44
 1348 0527 60       		.byte	96
 1349 0528 E6       		.byte	-26
 1350 0529 80       		.byte	-128
 1351 052a 88       		.byte	-120
 1352 052b 04       		.byte	4
 1353 052c 8C       		.byte	-116
 1354 052d 08       		.byte	8
 1355 052e 9E       		.byte	-98
 1356 052f 08       		.byte	8
 1357 0530 9F       		.byte	-97
 1358 0531 42       		.byte	66
 1359 0532 A0       		.byte	-96
 1360 0533 04       		.byte	4
 1361 0534 A6       		.byte	-90
 1362 0535 10       		.byte	16
 1363 0536 A7       		.byte	-89
 1364 0537 02       		.byte	2
 1365 0538 87       		.byte	-121
 1366 0539 02       		.byte	2
 1367 053a 8F       		.byte	-113
 1368 053b 40       		.byte	64
ARM GAS  C:\Users\filip\AppData\Local\Temp\ccrLswxl.s 			page 25


 1369 053c 9F       		.byte	-97
 1370 053d 42       		.byte	66
 1371 053e A0       		.byte	-96
 1372 053f 08       		.byte	8
 1373 0540 A7       		.byte	-89
 1374 0541 02       		.byte	2
 1375 0542 AA       		.byte	-86
 1376 0543 08       		.byte	8
 1377 0544 AE       		.byte	-82
 1378 0545 10       		.byte	16
 1379 0546 E6       		.byte	-26
 1380 0547 40       		.byte	64
 1381 0548 EE       		.byte	-18
 1382 0549 90       		.byte	-112
 1383 054a 70       		.byte	112
 1384 054b 08       		.byte	8
 1385 054c 83       		.byte	-125
 1386 054d 02       		.byte	2
 1387 054e A0       		.byte	-96
 1388 054f 08       		.byte	8
 1389 0550 A7       		.byte	-89
 1390 0551 02       		.byte	2
 1391 0552 DC       		.byte	-36
 1392 0553 80       		.byte	-128
 1393 0554 E2       		.byte	-30
 1394 0555 20       		.byte	32
 1395 0556 A0       		.byte	-96
 1396 0557 01       		.byte	1
 1397 0558 B0       		.byte	-80
 1398 0559 01       		.byte	1
 1399 055a E8       		.byte	-24
 1400 055b 01       		.byte	1
 1401 055c 10       		.byte	16
 1402 055d 40       		.byte	64
 1403 055e 74       		.byte	116
 1404 055f 01       		.byte	1
 1405 0560 88       		.byte	-120
 1406 0561 40       		.byte	64
 1407 0562 A0       		.byte	-96
 1408 0563 01       		.byte	1
 1409 0564 C4       		.byte	-60
 1410 0565 08       		.byte	8
 1411 0566 DE       		.byte	-34
 1412 0567 04       		.byte	4
 1413 0568 E2       		.byte	-30
 1414 0569 01       		.byte	1
 1415 056a 00       		.byte	0
 1416 056b 03       		.byte	3
 1417 056c 0A       		.byte	10
 1418 056d 03       		.byte	3
 1419 056e 10       		.byte	16
 1420 056f 03       		.byte	3
 1421 0570 1A       		.byte	26
 1422 0571 03       		.byte	3
 1423 0572 00       		.byte	0
 1424 0573 FF       		.byte	-1
 1425 0574 88       		.byte	-120
ARM GAS  C:\Users\filip\AppData\Local\Temp\ccrLswxl.s 			page 26


 1426 0575 8A       		.byte	-118
 1427 0576 00       		.byte	0
 1428 0577 00       		.byte	0
 1429 0578 40       		.byte	64
 1430 0579 00       		.byte	0
 1431 057a 00       		.byte	0
 1432 057b 00       		.byte	0
 1433 057c 80       		.byte	-128
 1434 057d 00       		.byte	0
 1435 057e 44       		.byte	68
 1436 057f 8B       		.byte	-117
 1437 0580 8B       		.byte	-117
 1438 0581 00       		.byte	0
 1439 0582 8B       		.byte	-117
 1440 0583 00       		.byte	0
 1441 0584 00       		.byte	0
 1442 0585 00       		.byte	0
 1443 0586 00       		.byte	0
 1444 0587 00       		.byte	0
 1445 0588 00       		.byte	0
 1446 0589 0B       		.byte	11
 1447 058a 4B       		.byte	75
 1448 058b 00       		.byte	0
 1449 058c 00       		.byte	0
 1450 058d 00       		.byte	0
 1451 058e 00       		.byte	0
 1452 058f 00       		.byte	0
 1453 0590 00       		.byte	0
 1454 0591 00       		.byte	0
 1455 0592 07       		.byte	7
 1456 0593 00       		.byte	0
 1457 0594 00       		.byte	0
 1458 0595 00       		.byte	0
 1459 0596 00       		.byte	0
 1460 0597 00       		.byte	0
 1461              		.section	.cywolatch,"a",%progbits
 1462              		.align	2
 1463              		.type	cy_meta_wonvl, %object
 1464              		.size	cy_meta_wonvl, 4
 1465              	cy_meta_wonvl:
 1466 0000 BC       		.byte	-68
 1467 0001 90       		.byte	-112
 1468 0002 AC       		.byte	-84
 1469 0003 AF       		.byte	-81
 1470              		.section	.cycustnvl,"a",%progbits
 1471              		.align	2
 1472              		.type	cy_meta_custnvl, %object
 1473              		.size	cy_meta_custnvl, 4
 1474              	cy_meta_custnvl:
 1475 0000 00       		.byte	0
 1476 0001 00       		.byte	0
 1477 0002 40       		.byte	64
 1478 0003 05       		.byte	5
 1479              		.section	.cymeta,"a",%progbits
 1480              		.align	2
 1481              		.type	cy_metadata, %object
 1482              		.size	cy_metadata, 12
ARM GAS  C:\Users\filip\AppData\Local\Temp\ccrLswxl.s 			page 27


 1483              	cy_metadata:
 1484 0000 00       		.byte	0
 1485 0001 01       		.byte	1
 1486 0002 2E       		.byte	46
 1487 0003 16       		.byte	22
 1488 0004 10       		.byte	16
 1489 0005 69       		.byte	105
 1490 0006 00       		.byte	0
 1491 0007 01       		.byte	1
 1492 0008 00       		.byte	0
 1493 0009 00       		.byte	0
 1494 000a 00       		.byte	0
 1495 000b 00       		.byte	0
 1496              		.section	.cyflashprotect,"a",%progbits
 1497              		.align	2
 1498              		.type	cy_meta_flashprotect, %object
 1499              		.size	cy_meta_flashprotect, 256
 1500              	cy_meta_flashprotect:
 1501 0000 00000000 		.space	256
 1501      00000000 
 1501      00000000 
 1501      00000000 
 1501      00000000 
 1502              		.text
 1503              	.Letext0:
 1504              		.file 1 "c:\\program files (x86)\\cypress\\psoc creator\\4.2\\psoc creator\\import\\gnu\\arm\\5.4.
 1505              		.file 2 "c:\\program files (x86)\\cypress\\psoc creator\\4.2\\psoc creator\\import\\gnu\\arm\\5.4.
 1506              		.file 3 "Generated_Source\\PSoC5\\cymetadata.c"
 1507              		.section	.debug_info,"",%progbits
 1508              	.Ldebug_info0:
 1509 0000 32010000 		.4byte	0x132
 1510 0004 0400     		.2byte	0x4
 1511 0006 00000000 		.4byte	.Ldebug_abbrev0
 1512 000a 04       		.byte	0x4
 1513 000b 01       		.uleb128 0x1
 1514 000c 75000000 		.4byte	.LASF17
 1515 0010 0C       		.byte	0xc
 1516 0011 CF010000 		.4byte	.LASF18
 1517 0015 0A000000 		.4byte	.LASF19
 1518 0019 00000000 		.4byte	.Ldebug_line0
 1519 001d 02       		.uleb128 0x2
 1520 001e 01       		.byte	0x1
 1521 001f 06       		.byte	0x6
 1522 0020 C3010000 		.4byte	.LASF0
 1523 0024 03       		.uleb128 0x3
 1524 0025 00000000 		.4byte	.LASF9
 1525 0029 01       		.byte	0x1
 1526 002a 1D       		.byte	0x1d
 1527 002b 2F000000 		.4byte	0x2f
 1528 002f 02       		.uleb128 0x2
 1529 0030 01       		.byte	0x1
 1530 0031 08       		.byte	0x8
 1531 0032 67000000 		.4byte	.LASF1
 1532 0036 02       		.uleb128 0x2
 1533 0037 02       		.byte	0x2
 1534 0038 05       		.byte	0x5
 1535 0039 B0010000 		.4byte	.LASF2
ARM GAS  C:\Users\filip\AppData\Local\Temp\ccrLswxl.s 			page 28


 1536 003d 02       		.uleb128 0x2
 1537 003e 02       		.byte	0x2
 1538 003f 07       		.byte	0x7
 1539 0040 15010000 		.4byte	.LASF3
 1540 0044 02       		.uleb128 0x2
 1541 0045 04       		.byte	0x4
 1542 0046 05       		.byte	0x5
 1543 0047 BA010000 		.4byte	.LASF4
 1544 004b 02       		.uleb128 0x2
 1545 004c 04       		.byte	0x4
 1546 004d 07       		.byte	0x7
 1547 004e 03010000 		.4byte	.LASF5
 1548 0052 02       		.uleb128 0x2
 1549 0053 08       		.byte	0x8
 1550 0054 05       		.byte	0x5
 1551 0055 A2010000 		.4byte	.LASF6
 1552 0059 02       		.uleb128 0x2
 1553 005a 08       		.byte	0x8
 1554 005b 07       		.byte	0x7
 1555 005c 57010000 		.4byte	.LASF7
 1556 0060 04       		.uleb128 0x4
 1557 0061 04       		.byte	0x4
 1558 0062 05       		.byte	0x5
 1559 0063 696E7400 		.ascii	"int\000"
 1560 0067 02       		.uleb128 0x2
 1561 0068 04       		.byte	0x4
 1562 0069 07       		.byte	0x7
 1563 006a 4A010000 		.4byte	.LASF8
 1564 006e 03       		.uleb128 0x3
 1565 006f 6E010000 		.4byte	.LASF10
 1566 0073 02       		.byte	0x2
 1567 0074 18       		.byte	0x18
 1568 0075 24000000 		.4byte	0x24
 1569 0079 05       		.uleb128 0x5
 1570 007a 91000000 		.4byte	0x91
 1571 007e 8A000000 		.4byte	0x8a
 1572 0082 06       		.uleb128 0x6
 1573 0083 8A000000 		.4byte	0x8a
 1574 0087 9705     		.2byte	0x597
 1575 0089 00       		.byte	0
 1576 008a 02       		.uleb128 0x2
 1577 008b 04       		.byte	0x4
 1578 008c 07       		.byte	0x7
 1579 008d 99010000 		.4byte	.LASF11
 1580 0091 07       		.uleb128 0x7
 1581 0092 6E000000 		.4byte	0x6e
 1582 0096 08       		.uleb128 0x8
 1583 0097 38010000 		.4byte	.LASF12
 1584 009b 03       		.byte	0x3
 1585 009c 1F       		.byte	0x1f
 1586 009d A7000000 		.4byte	0xa7
 1587 00a1 05       		.uleb128 0x5
 1588 00a2 03       		.byte	0x3
 1589 00a3 00000000 		.4byte	cy_meta_configecc
 1590 00a7 07       		.uleb128 0x7
 1591 00a8 79000000 		.4byte	0x79
 1592 00ac 05       		.uleb128 0x5
ARM GAS  C:\Users\filip\AppData\Local\Temp\ccrLswxl.s 			page 29


 1593 00ad 91000000 		.4byte	0x91
 1594 00b1 BC000000 		.4byte	0xbc
 1595 00b5 09       		.uleb128 0x9
 1596 00b6 8A000000 		.4byte	0x8a
 1597 00ba 03       		.byte	0x3
 1598 00bb 00       		.byte	0
 1599 00bc 08       		.uleb128 0x8
 1600 00bd 28010000 		.4byte	.LASF13
 1601 00c1 03       		.byte	0x3
 1602 00c2 DF       		.byte	0xdf
 1603 00c3 CD000000 		.4byte	0xcd
 1604 00c7 05       		.uleb128 0x5
 1605 00c8 03       		.byte	0x3
 1606 00c9 00000000 		.4byte	cy_meta_custnvl
 1607 00cd 07       		.uleb128 0x7
 1608 00ce AC000000 		.4byte	0xac
 1609 00d2 08       		.uleb128 0x8
 1610 00d3 8B010000 		.4byte	.LASF14
 1611 00d7 03       		.byte	0x3
 1612 00d8 ED       		.byte	0xed
 1613 00d9 E3000000 		.4byte	0xe3
 1614 00dd 05       		.uleb128 0x5
 1615 00de 03       		.byte	0x3
 1616 00df 00000000 		.4byte	cy_meta_wonvl
 1617 00e3 07       		.uleb128 0x7
 1618 00e4 AC000000 		.4byte	0xac
 1619 00e8 05       		.uleb128 0x5
 1620 00e9 91000000 		.4byte	0x91
 1621 00ed F8000000 		.4byte	0xf8
 1622 00f1 09       		.uleb128 0x9
 1623 00f2 8A000000 		.4byte	0x8a
 1624 00f6 FF       		.byte	0xff
 1625 00f7 00       		.byte	0
 1626 00f8 08       		.uleb128 0x8
 1627 00f9 76010000 		.4byte	.LASF15
 1628 00fd 03       		.byte	0x3
 1629 00fe FB       		.byte	0xfb
 1630 00ff 09010000 		.4byte	0x109
 1631 0103 05       		.uleb128 0x5
 1632 0104 03       		.byte	0x3
 1633 0105 00000000 		.4byte	cy_meta_flashprotect
 1634 0109 07       		.uleb128 0x7
 1635 010a E8000000 		.4byte	0xe8
 1636 010e 05       		.uleb128 0x5
 1637 010f 91000000 		.4byte	0x91
 1638 0113 1E010000 		.4byte	0x11e
 1639 0117 09       		.uleb128 0x9
 1640 0118 8A000000 		.4byte	0x8a
 1641 011c 0B       		.byte	0xb
 1642 011d 00       		.byte	0
 1643 011e 0A       		.uleb128 0xa
 1644 011f 5B000000 		.4byte	.LASF16
 1645 0123 03       		.byte	0x3
 1646 0124 2801     		.2byte	0x128
 1647 0126 30010000 		.4byte	0x130
 1648 012a 05       		.uleb128 0x5
 1649 012b 03       		.byte	0x3
ARM GAS  C:\Users\filip\AppData\Local\Temp\ccrLswxl.s 			page 30


 1650 012c 00000000 		.4byte	cy_metadata
 1651 0130 07       		.uleb128 0x7
 1652 0131 0E010000 		.4byte	0x10e
 1653 0135 00       		.byte	0
 1654              		.section	.debug_abbrev,"",%progbits
 1655              	.Ldebug_abbrev0:
 1656 0000 01       		.uleb128 0x1
 1657 0001 11       		.uleb128 0x11
 1658 0002 01       		.byte	0x1
 1659 0003 25       		.uleb128 0x25
 1660 0004 0E       		.uleb128 0xe
 1661 0005 13       		.uleb128 0x13
 1662 0006 0B       		.uleb128 0xb
 1663 0007 03       		.uleb128 0x3
 1664 0008 0E       		.uleb128 0xe
 1665 0009 1B       		.uleb128 0x1b
 1666 000a 0E       		.uleb128 0xe
 1667 000b 10       		.uleb128 0x10
 1668 000c 17       		.uleb128 0x17
 1669 000d 00       		.byte	0
 1670 000e 00       		.byte	0
 1671 000f 02       		.uleb128 0x2
 1672 0010 24       		.uleb128 0x24
 1673 0011 00       		.byte	0
 1674 0012 0B       		.uleb128 0xb
 1675 0013 0B       		.uleb128 0xb
 1676 0014 3E       		.uleb128 0x3e
 1677 0015 0B       		.uleb128 0xb
 1678 0016 03       		.uleb128 0x3
 1679 0017 0E       		.uleb128 0xe
 1680 0018 00       		.byte	0
 1681 0019 00       		.byte	0
 1682 001a 03       		.uleb128 0x3
 1683 001b 16       		.uleb128 0x16
 1684 001c 00       		.byte	0
 1685 001d 03       		.uleb128 0x3
 1686 001e 0E       		.uleb128 0xe
 1687 001f 3A       		.uleb128 0x3a
 1688 0020 0B       		.uleb128 0xb
 1689 0021 3B       		.uleb128 0x3b
 1690 0022 0B       		.uleb128 0xb
 1691 0023 49       		.uleb128 0x49
 1692 0024 13       		.uleb128 0x13
 1693 0025 00       		.byte	0
 1694 0026 00       		.byte	0
 1695 0027 04       		.uleb128 0x4
 1696 0028 24       		.uleb128 0x24
 1697 0029 00       		.byte	0
 1698 002a 0B       		.uleb128 0xb
 1699 002b 0B       		.uleb128 0xb
 1700 002c 3E       		.uleb128 0x3e
 1701 002d 0B       		.uleb128 0xb
 1702 002e 03       		.uleb128 0x3
 1703 002f 08       		.uleb128 0x8
 1704 0030 00       		.byte	0
 1705 0031 00       		.byte	0
 1706 0032 05       		.uleb128 0x5
ARM GAS  C:\Users\filip\AppData\Local\Temp\ccrLswxl.s 			page 31


 1707 0033 01       		.uleb128 0x1
 1708 0034 01       		.byte	0x1
 1709 0035 49       		.uleb128 0x49
 1710 0036 13       		.uleb128 0x13
 1711 0037 01       		.uleb128 0x1
 1712 0038 13       		.uleb128 0x13
 1713 0039 00       		.byte	0
 1714 003a 00       		.byte	0
 1715 003b 06       		.uleb128 0x6
 1716 003c 21       		.uleb128 0x21
 1717 003d 00       		.byte	0
 1718 003e 49       		.uleb128 0x49
 1719 003f 13       		.uleb128 0x13
 1720 0040 2F       		.uleb128 0x2f
 1721 0041 05       		.uleb128 0x5
 1722 0042 00       		.byte	0
 1723 0043 00       		.byte	0
 1724 0044 07       		.uleb128 0x7
 1725 0045 26       		.uleb128 0x26
 1726 0046 00       		.byte	0
 1727 0047 49       		.uleb128 0x49
 1728 0048 13       		.uleb128 0x13
 1729 0049 00       		.byte	0
 1730 004a 00       		.byte	0
 1731 004b 08       		.uleb128 0x8
 1732 004c 34       		.uleb128 0x34
 1733 004d 00       		.byte	0
 1734 004e 03       		.uleb128 0x3
 1735 004f 0E       		.uleb128 0xe
 1736 0050 3A       		.uleb128 0x3a
 1737 0051 0B       		.uleb128 0xb
 1738 0052 3B       		.uleb128 0x3b
 1739 0053 0B       		.uleb128 0xb
 1740 0054 49       		.uleb128 0x49
 1741 0055 13       		.uleb128 0x13
 1742 0056 3F       		.uleb128 0x3f
 1743 0057 19       		.uleb128 0x19
 1744 0058 02       		.uleb128 0x2
 1745 0059 18       		.uleb128 0x18
 1746 005a 00       		.byte	0
 1747 005b 00       		.byte	0
 1748 005c 09       		.uleb128 0x9
 1749 005d 21       		.uleb128 0x21
 1750 005e 00       		.byte	0
 1751 005f 49       		.uleb128 0x49
 1752 0060 13       		.uleb128 0x13
 1753 0061 2F       		.uleb128 0x2f
 1754 0062 0B       		.uleb128 0xb
 1755 0063 00       		.byte	0
 1756 0064 00       		.byte	0
 1757 0065 0A       		.uleb128 0xa
 1758 0066 34       		.uleb128 0x34
 1759 0067 00       		.byte	0
 1760 0068 03       		.uleb128 0x3
 1761 0069 0E       		.uleb128 0xe
 1762 006a 3A       		.uleb128 0x3a
 1763 006b 0B       		.uleb128 0xb
ARM GAS  C:\Users\filip\AppData\Local\Temp\ccrLswxl.s 			page 32


 1764 006c 3B       		.uleb128 0x3b
 1765 006d 05       		.uleb128 0x5
 1766 006e 49       		.uleb128 0x49
 1767 006f 13       		.uleb128 0x13
 1768 0070 3F       		.uleb128 0x3f
 1769 0071 19       		.uleb128 0x19
 1770 0072 02       		.uleb128 0x2
 1771 0073 18       		.uleb128 0x18
 1772 0074 00       		.byte	0
 1773 0075 00       		.byte	0
 1774 0076 00       		.byte	0
 1775              		.section	.debug_aranges,"",%progbits
 1776 0000 14000000 		.4byte	0x14
 1777 0004 0200     		.2byte	0x2
 1778 0006 00000000 		.4byte	.Ldebug_info0
 1779 000a 04       		.byte	0x4
 1780 000b 00       		.byte	0
 1781 000c 0000     		.2byte	0
 1782 000e 0000     		.2byte	0
 1783 0010 00000000 		.4byte	0
 1784 0014 00000000 		.4byte	0
 1785              		.section	.debug_line,"",%progbits
 1786              	.Ldebug_line0:
 1787 0000 3D010000 		.section	.debug_str,"MS",%progbits,1
 1787      02003701 
 1787      00000201 
 1787      FB0E0D00 
 1787      01010101 
 1788              	.LASF9:
 1789 0000 5F5F7569 		.ascii	"__uint8_t\000"
 1789      6E74385F 
 1789      7400
 1790              	.LASF19:
 1791 000a 5C5C4D61 		.ascii	"\\\\Mac\\Home\\Documents\\cypress\\esw_bmp280_Petro"
 1791      635C486F 
 1791      6D655C44 
 1791      6F63756D 
 1791      656E7473 
 1792 0037 7669635F 		.ascii	"vic_Wagner\\BMP280_CY8CKIT_059.cydsn\000"
 1792      5761676E 
 1792      65725C42 
 1792      4D503238 
 1792      305F4359 
 1793              	.LASF16:
 1794 005b 63795F6D 		.ascii	"cy_metadata\000"
 1794      65746164 
 1794      61746100 
 1795              	.LASF1:
 1796 0067 756E7369 		.ascii	"unsigned char\000"
 1796      676E6564 
 1796      20636861 
 1796      7200
 1797              	.LASF17:
 1798 0075 474E5520 		.ascii	"GNU C11 5.4.1 20160609 (release) [ARM/embedded-5-br"
 1798      43313120 
 1798      352E342E 
 1798      31203230 
ARM GAS  C:\Users\filip\AppData\Local\Temp\ccrLswxl.s 			page 33


 1798      31363036 
 1799 00a8 616E6368 		.ascii	"anch revision 237715] -mcpu=cortex-m3 -mthumb -g -O"
 1799      20726576 
 1799      6973696F 
 1799      6E203233 
 1799      37373135 
 1800 00db 67202D66 		.ascii	"g -ffunction-sections -ffat-lto-objects\000"
 1800      66756E63 
 1800      74696F6E 
 1800      2D736563 
 1800      74696F6E 
 1801              	.LASF5:
 1802 0103 6C6F6E67 		.ascii	"long unsigned int\000"
 1802      20756E73 
 1802      69676E65 
 1802      6420696E 
 1802      7400
 1803              	.LASF3:
 1804 0115 73686F72 		.ascii	"short unsigned int\000"
 1804      7420756E 
 1804      7369676E 
 1804      65642069 
 1804      6E7400
 1805              	.LASF13:
 1806 0128 63795F6D 		.ascii	"cy_meta_custnvl\000"
 1806      6574615F 
 1806      63757374 
 1806      6E766C00 
 1807              	.LASF12:
 1808 0138 63795F6D 		.ascii	"cy_meta_configecc\000"
 1808      6574615F 
 1808      636F6E66 
 1808      69676563 
 1808      6300
 1809              	.LASF8:
 1810 014a 756E7369 		.ascii	"unsigned int\000"
 1810      676E6564 
 1810      20696E74 
 1810      00
 1811              	.LASF7:
 1812 0157 6C6F6E67 		.ascii	"long long unsigned int\000"
 1812      206C6F6E 
 1812      6720756E 
 1812      7369676E 
 1812      65642069 
 1813              	.LASF10:
 1814 016e 75696E74 		.ascii	"uint8_t\000"
 1814      385F7400 
 1815              	.LASF15:
 1816 0176 63795F6D 		.ascii	"cy_meta_flashprotect\000"
 1816      6574615F 
 1816      666C6173 
 1816      6870726F 
 1816      74656374 
 1817              	.LASF14:
 1818 018b 63795F6D 		.ascii	"cy_meta_wonvl\000"
 1818      6574615F 
ARM GAS  C:\Users\filip\AppData\Local\Temp\ccrLswxl.s 			page 34


 1818      776F6E76 
 1818      6C00
 1819              	.LASF11:
 1820 0199 73697A65 		.ascii	"sizetype\000"
 1820      74797065 
 1820      00
 1821              	.LASF6:
 1822 01a2 6C6F6E67 		.ascii	"long long int\000"
 1822      206C6F6E 
 1822      6720696E 
 1822      7400
 1823              	.LASF2:
 1824 01b0 73686F72 		.ascii	"short int\000"
 1824      7420696E 
 1824      7400
 1825              	.LASF4:
 1826 01ba 6C6F6E67 		.ascii	"long int\000"
 1826      20696E74 
 1826      00
 1827              	.LASF0:
 1828 01c3 7369676E 		.ascii	"signed char\000"
 1828      65642063 
 1828      68617200 
 1829              	.LASF18:
 1830 01cf 47656E65 		.ascii	"Generated_Source\\PSoC5\\cymetadata.c\000"
 1830      72617465 
 1830      645F536F 
 1830      75726365 
 1830      5C50536F 
 1831              		.ident	"GCC: (GNU Tools for ARM Embedded Processors) 5.4.1 20160609 (release) [ARM/embedded-5-bran
