ARM GAS  C:\Users\filip\AppData\Local\Temp\ccSUMwAb.s 			page 1


   1              		.syntax unified
   2              		.cpu cortex-m3
   3              		.fpu softvfp
   4              		.eabi_attribute 20, 1
   5              		.eabi_attribute 21, 1
   6              		.eabi_attribute 23, 3
   7              		.eabi_attribute 24, 1
   8              		.eabi_attribute 25, 1
   9              		.eabi_attribute 26, 1
  10              		.eabi_attribute 30, 1
  11              		.eabi_attribute 34, 1
  12              		.eabi_attribute 18, 4
  13              		.thumb
  14              		.syntax unified
  15              		.file	"bsp.c"
  16              		.text
  17              	.Ltext0:
  18              		.cfi_sections	.debug_frame
  19              		.section	.text.BSP_PreInit,"ax",%progbits
  20              		.align	2
  21              		.global	BSP_PreInit
  22              		.thumb
  23              		.thumb_func
  24              		.type	BSP_PreInit, %function
  25              	BSP_PreInit:
  26              	.LFB1:
  27              		.file 1 "BSP\\bsp.c"
   1:BSP/bsp.c     **** /*
   2:BSP/bsp.c     **** ***************************************************************************************************
   3:BSP/bsp.c     **** *                                     MICIRUM BOARD SUPPORT PACKAGE
   4:BSP/bsp.c     **** *
   5:BSP/bsp.c     **** *                             (c) Copyright 2012; Micrium, Inc.; Weston, FL
   6:BSP/bsp.c     **** *
   7:BSP/bsp.c     **** *               All rights reserved.  Protected by international copyright laws.
   8:BSP/bsp.c     **** *               Knowledge of the source code may NOT be used to develop a similar product.
   9:BSP/bsp.c     **** *               Please help us continue to provide the Embedded community with the finest
  10:BSP/bsp.c     **** *               software available.  Your honesty is greatly appreciated.
  11:BSP/bsp.c     **** ***************************************************************************************************
  12:BSP/bsp.c     **** */
  13:BSP/bsp.c     **** 
  14:BSP/bsp.c     **** /*
  15:BSP/bsp.c     **** ***************************************************************************************************
  16:BSP/bsp.c     **** *
  17:BSP/bsp.c     **** *                                        BOARD SUPPORT PACKAGE
  18:BSP/bsp.c     **** *
  19:BSP/bsp.c     **** *                                           CYPRESS PSoC5
  20:BSP/bsp.c     **** *                                              with the
  21:BSP/bsp.c     **** *                                     CY8CKIT-050 Development Kit
  22:BSP/bsp.c     **** *
  23:BSP/bsp.c     **** * Filename      : bsp.c
  24:BSP/bsp.c     **** * Version       : V1.01
  25:BSP/bsp.c     **** * Programmer(s) : Filip Wagner
  26:BSP/bsp.c     **** ***************************************************************************************************
  27:BSP/bsp.c     **** */
  28:BSP/bsp.c     **** 
  29:BSP/bsp.c     **** /*
  30:BSP/bsp.c     **** ***************************************************************************************************
ARM GAS  C:\Users\filip\AppData\Local\Temp\ccSUMwAb.s 			page 2


  31:BSP/bsp.c     **** *                                             INCLUDE FILES
  32:BSP/bsp.c     **** ***************************************************************************************************
  33:BSP/bsp.c     **** */
  34:BSP/bsp.c     **** 
  35:BSP/bsp.c     **** #include <cyapicallbacks.h>
  36:BSP/bsp.c     **** 
  37:BSP/bsp.c     **** #define  BSP_MODULE
  38:BSP/bsp.c     **** #include <bsp.h>
  39:BSP/bsp.c     **** #include <bsp_psoc.h>
  40:BSP/bsp.c     **** 
  41:BSP/bsp.c     **** #include <bsp_uart.h>
  42:BSP/bsp.c     **** #include <bsp_gpio.h>
  43:BSP/bsp.c     **** 
  44:BSP/bsp.c     **** 
  45:BSP/bsp.c     **** /*
  46:BSP/bsp.c     **** ***************************************************************************************************
  47:BSP/bsp.c     **** *                                            LOCAL DEFINES
  48:BSP/bsp.c     **** ***************************************************************************************************
  49:BSP/bsp.c     **** */
  50:BSP/bsp.c     **** 
  51:BSP/bsp.c     **** 
  52:BSP/bsp.c     **** /*
  53:BSP/bsp.c     **** ***************************************************************************************************
  54:BSP/bsp.c     **** *                                           LOCAL CONSTANTS
  55:BSP/bsp.c     **** ***************************************************************************************************
  56:BSP/bsp.c     **** */
  57:BSP/bsp.c     ****                                                                   
  58:BSP/bsp.c     **** 
  59:BSP/bsp.c     **** /*
  60:BSP/bsp.c     **** ***************************************************************************************************
  61:BSP/bsp.c     **** *                                          LOCAL DATA TYPES
  62:BSP/bsp.c     **** ***************************************************************************************************
  63:BSP/bsp.c     **** */
  64:BSP/bsp.c     **** 
  65:BSP/bsp.c     **** 
  66:BSP/bsp.c     **** /*
  67:BSP/bsp.c     **** ***************************************************************************************************
  68:BSP/bsp.c     **** *                                            LOCAL TABLES
  69:BSP/bsp.c     **** ***************************************************************************************************
  70:BSP/bsp.c     **** */
  71:BSP/bsp.c     **** 
  72:BSP/bsp.c     **** 
  73:BSP/bsp.c     **** /*
  74:BSP/bsp.c     **** ***************************************************************************************************
  75:BSP/bsp.c     **** *                                       LOCAL GLOBAL VARIABLES
  76:BSP/bsp.c     **** ***************************************************************************************************
  77:BSP/bsp.c     **** */
  78:BSP/bsp.c     **** 
  79:BSP/bsp.c     **** 
  80:BSP/bsp.c     **** /*
  81:BSP/bsp.c     **** ***************************************************************************************************
  82:BSP/bsp.c     **** *                                      LOCAL FUNCTION PROTOTYPES
  83:BSP/bsp.c     **** ***************************************************************************************************
  84:BSP/bsp.c     **** */
  85:BSP/bsp.c     **** 
  86:BSP/bsp.c     **** 
  87:BSP/bsp.c     **** /*
ARM GAS  C:\Users\filip\AppData\Local\Temp\ccSUMwAb.s 			page 3


  88:BSP/bsp.c     **** ***************************************************************************************************
  89:BSP/bsp.c     **** *                                            REGISTER BITS
  90:BSP/bsp.c     **** ***************************************************************************************************
  91:BSP/bsp.c     **** */
  92:BSP/bsp.c     **** 
  93:BSP/bsp.c     **** 
  94:BSP/bsp.c     **** /*
  95:BSP/bsp.c     **** ***************************************************************************************************
  96:BSP/bsp.c     **** *                                     LOCAL CONFIGURATION ERRORS
  97:BSP/bsp.c     **** ***************************************************************************************************
  98:BSP/bsp.c     **** */
  99:BSP/bsp.c     **** 
 100:BSP/bsp.c     **** 
 101:BSP/bsp.c     **** /*
 102:BSP/bsp.c     **** ***************************************************************************************************
 103:BSP/bsp.c     **** *                                             BSP_PreInit()
 104:BSP/bsp.c     **** *
 105:BSP/bsp.c     **** * Description : Board support package pre-initialization funtion.
 106:BSP/bsp.c     **** *
 107:BSP/bsp.c     **** * Argument(s) : none.
 108:BSP/bsp.c     **** *
 109:BSP/bsp.c     **** * Return(s)   : none.
 110:BSP/bsp.c     **** *
 111:BSP/bsp.c     **** * Caller(s)   : Application.
 112:BSP/bsp.c     **** *
 113:BSP/bsp.c     **** * Note(s)     : (1) This funtion initializes peripherals required before the OS is initialized (e.g
 114:BSP/bsp.c     **** *                   external memory.
 115:BSP/bsp.c     **** ***************************************************************************************************
 116:BSP/bsp.c     **** */
 117:BSP/bsp.c     **** 
 118:BSP/bsp.c     **** 
 119:BSP/bsp.c     **** void BSP_PreInit (void)
 120:BSP/bsp.c     **** {
  28              		.loc 1 120 0
  29              		.cfi_startproc
  30              		@ args = 0, pretend = 0, frame = 0
  31              		@ frame_needed = 0, uses_anonymous_args = 0
  32              		@ link register save eliminated.
 121:BSP/bsp.c     ****     CPU_INT32U  reg_val;
 122:BSP/bsp.c     ****     CPU_INT32U *p_vect_tbl;
 123:BSP/bsp.c     ****     
 124:BSP/bsp.c     ****     
 125:BSP/bsp.c     ****     reg_val = CPU_REG_NVIC_VTOR;                                   /* Get the NVIC offset table    
  33              		.loc 1 125 0
  34 0000 044B     		ldr	r3, .L2
  35 0002 1B68     		ldr	r3, [r3]
  36              	.LVL0:
 126:BSP/bsp.c     ****     DEF_BIT_CLR(reg_val, DEF_BIT_29);                              /* Clear the TBLBASE bit        
  37              		.loc 1 126 0
  38 0004 23F00053 		bic	r3, r3, #536870912
  39              	.LVL1:
 127:BSP/bsp.c     ****     
 128:BSP/bsp.c     ****      
 129:BSP/bsp.c     ****     p_vect_tbl                  = (CPU_INT32U *)reg_val;           
 130:BSP/bsp.c     ****                                                                    /* Install the PendSV & Systick 
 131:BSP/bsp.c     ****     p_vect_tbl[CPU_INT_PENDSV]  = (CPU_INT32U  )OS_CPU_PendSVHandler;
  40              		.loc 1 131 0
ARM GAS  C:\Users\filip\AppData\Local\Temp\ccSUMwAb.s 			page 4


  41 0008 034A     		ldr	r2, .L2+4
  42 000a 9A63     		str	r2, [r3, #56]
 132:BSP/bsp.c     ****     p_vect_tbl[CPU_INT_SYSTICK] = (CPU_INT32U  )OS_CPU_SysTickHandler;
  43              		.loc 1 132 0
  44 000c 034A     		ldr	r2, .L2+8
  45 000e DA63     		str	r2, [r3, #60]
  46 0010 7047     		bx	lr
  47              	.L3:
  48 0012 00BF     		.align	2
  49              	.L2:
  50 0014 08ED00E0 		.word	-536810232
  51 0018 00000000 		.word	OS_CPU_PendSVHandler
  52 001c 00000000 		.word	OS_CPU_SysTickHandler
  53              		.cfi_endproc
  54              	.LFE1:
  55              		.size	BSP_PreInit, .-BSP_PreInit
  56              		.section	.text.BSP_PostInit,"ax",%progbits
  57              		.align	2
  58              		.global	BSP_PostInit
  59              		.thumb
  60              		.thumb_func
  61              		.type	BSP_PostInit, %function
  62              	BSP_PostInit:
  63              	.LFB2:
 133:BSP/bsp.c     **** }
 134:BSP/bsp.c     **** 
 135:BSP/bsp.c     **** 
 136:BSP/bsp.c     **** /*
 137:BSP/bsp.c     **** ***************************************************************************************************
 138:BSP/bsp.c     **** *                                               BSP_PostInit()
 139:BSP/bsp.c     **** *
 140:BSP/bsp.c     **** * Description : Board Support Package Post initialization.
 141:BSP/bsp.c     **** *
 142:BSP/bsp.c     **** * Argument(s) : none.
 143:BSP/bsp.c     **** *
 144:BSP/bsp.c     **** * Return(s)   : none.
 145:BSP/bsp.c     **** *
 146:BSP/bsp.c     **** * Caller(s)   : Application.
 147:BSP/bsp.c     **** *
 148:BSP/bsp.c     **** * Note(s)     : (1) This funtion initilize peripherlas that requires the OS to be initialized.
 149:BSP/bsp.c     **** ***************************************************************************************************
 150:BSP/bsp.c     **** */
 151:BSP/bsp.c     **** 
 152:BSP/bsp.c     **** void  BSP_PostInit (void)
 153:BSP/bsp.c     **** {
  64              		.loc 1 153 0
  65              		.cfi_startproc
  66              		@ args = 0, pretend = 0, frame = 0
  67              		@ frame_needed = 0, uses_anonymous_args = 0
  68 0000 08B5     		push	{r3, lr}
  69              		.cfi_def_cfa_offset 8
  70              		.cfi_offset 3, -8
  71              		.cfi_offset 14, -4
 154:BSP/bsp.c     ****     init_gpio();
  72              		.loc 1 154 0
  73 0002 FFF7FEFF 		bl	init_gpio
  74              	.LVL2:
ARM GAS  C:\Users\filip\AppData\Local\Temp\ccSUMwAb.s 			page 5


 155:BSP/bsp.c     ****     init_uart();
  75              		.loc 1 155 0
  76 0006 FFF7FEFF 		bl	init_uart
  77              	.LVL3:
  78 000a 08BD     		pop	{r3, pc}
  79              		.cfi_endproc
  80              	.LFE2:
  81              		.size	BSP_PostInit, .-BSP_PostInit
  82              		.section	.text.BSP_CPU_ClkFreq,"ax",%progbits
  83              		.align	2
  84              		.global	BSP_CPU_ClkFreq
  85              		.thumb
  86              		.thumb_func
  87              		.type	BSP_CPU_ClkFreq, %function
  88              	BSP_CPU_ClkFreq:
  89              	.LFB4:
 156:BSP/bsp.c     **** }
 157:BSP/bsp.c     **** 
 158:BSP/bsp.c     **** 
 159:BSP/bsp.c     **** /*
 160:BSP/bsp.c     **** ***************************************************************************************************
 161:BSP/bsp.c     **** *                                       BSP_CPU_TickInit()
 162:BSP/bsp.c     **** *
 163:BSP/bsp.c     **** * Description : This function reads CPU registers to determine the CPU clock frequency of the chip 
 164:BSP/bsp.c     **** *
 165:BSP/bsp.c     **** * Argument(s) : none.
 166:BSP/bsp.c     **** *
 167:BSP/bsp.c     **** * Return(s)   : none.
 168:BSP/bsp.c     **** *
 169:BSP/bsp.c     **** * Caller(s)   : Application.
 170:BSP/bsp.c     **** *
 171:BSP/bsp.c     **** * Note(s)     : none.
 172:BSP/bsp.c     **** ***************************************************************************************************
 173:BSP/bsp.c     **** */
 174:BSP/bsp.c     **** void  BSP_CPU_TickInit  (void)
 175:BSP/bsp.c     **** {
 176:BSP/bsp.c     ****     CPU_INT32U   cpu_clk_freq;
 177:BSP/bsp.c     ****     CPU_INT32U   cnts;
 178:BSP/bsp.c     ****     
 179:BSP/bsp.c     ****     cpu_clk_freq = BSP_CPU_ClkFreq();                             /* Determine SysTick reference fr
 180:BSP/bsp.c     **** #if (OS_VERSION > 30000u)                                         /* Determine nbr SysTick incremen
 181:BSP/bsp.c     ****     cnts         = (cpu_clk_freq / OSCfg_TickRate_Hz);
 182:BSP/bsp.c     **** #else
 183:BSP/bsp.c     ****     cnts         = (cpu_clk_freq / OS_TICKS_PER_SEC);
 184:BSP/bsp.c     **** #endif
 185:BSP/bsp.c     ****     OS_CPU_SysTickInit(cnts);                                     /* Init uC/OS periodic time src (
 186:BSP/bsp.c     ****     
 187:BSP/bsp.c     **** }
 188:BSP/bsp.c     **** 
 189:BSP/bsp.c     **** /*
 190:BSP/bsp.c     **** ***************************************************************************************************
 191:BSP/bsp.c     **** *                                            BSP_CPU_ClkFreq()
 192:BSP/bsp.c     **** *
 193:BSP/bsp.c     **** * Description : Read CPU registers to determine the CPU clock frequency of the chip.
 194:BSP/bsp.c     **** *
 195:BSP/bsp.c     **** * Argument(s) : none.
 196:BSP/bsp.c     **** *
ARM GAS  C:\Users\filip\AppData\Local\Temp\ccSUMwAb.s 			page 6


 197:BSP/bsp.c     **** * Return(s)   : The CPU clock frequency, in Hz.
 198:BSP/bsp.c     **** *
 199:BSP/bsp.c     **** * Caller(s)   : Application.
 200:BSP/bsp.c     **** *
 201:BSP/bsp.c     **** * Note(s)     : none.
 202:BSP/bsp.c     **** ***************************************************************************************************
 203:BSP/bsp.c     **** */
 204:BSP/bsp.c     **** 
 205:BSP/bsp.c     **** CPU_INT32U  BSP_CPU_ClkFreq (void)
 206:BSP/bsp.c     **** {
  90              		.loc 1 206 0
  91              		.cfi_startproc
  92              		@ args = 0, pretend = 0, frame = 0
  93              		@ frame_needed = 0, uses_anonymous_args = 0
  94              		@ link register save eliminated.
 207:BSP/bsp.c     ****     return ((CPU_INT32U)BSP_PSOC_CPU_FREQ);
 208:BSP/bsp.c     **** }
  95              		.loc 1 208 0
  96 0000 0048     		ldr	r0, .L7
  97 0002 7047     		bx	lr
  98              	.L8:
  99              		.align	2
 100              	.L7:
 101 0004 00366E01 		.word	24000000
 102              		.cfi_endproc
 103              	.LFE4:
 104              		.size	BSP_CPU_ClkFreq, .-BSP_CPU_ClkFreq
 105              		.section	.text.BSP_CPU_TickInit,"ax",%progbits
 106              		.align	2
 107              		.global	BSP_CPU_TickInit
 108              		.thumb
 109              		.thumb_func
 110              		.type	BSP_CPU_TickInit, %function
 111              	BSP_CPU_TickInit:
 112              	.LFB3:
 175:BSP/bsp.c     ****     CPU_INT32U   cpu_clk_freq;
 113              		.loc 1 175 0
 114              		.cfi_startproc
 115              		@ args = 0, pretend = 0, frame = 0
 116              		@ frame_needed = 0, uses_anonymous_args = 0
 117 0000 08B5     		push	{r3, lr}
 118              		.cfi_def_cfa_offset 8
 119              		.cfi_offset 3, -8
 120              		.cfi_offset 14, -4
 179:BSP/bsp.c     **** #if (OS_VERSION > 30000u)                                         /* Determine nbr SysTick incremen
 121              		.loc 1 179 0
 122 0002 FFF7FEFF 		bl	BSP_CPU_ClkFreq
 123              	.LVL4:
 181:BSP/bsp.c     **** #else
 124              		.loc 1 181 0
 125 0006 034B     		ldr	r3, .L11
 126 0008 1B68     		ldr	r3, [r3]
 127              	.LVL5:
 185:BSP/bsp.c     ****     
 128              		.loc 1 185 0
 129 000a B0FBF3F0 		udiv	r0, r0, r3
 130              	.LVL6:
ARM GAS  C:\Users\filip\AppData\Local\Temp\ccSUMwAb.s 			page 7


 131 000e FFF7FEFF 		bl	OS_CPU_SysTickInit
 132              	.LVL7:
 133 0012 08BD     		pop	{r3, pc}
 134              	.L12:
 135              		.align	2
 136              	.L11:
 137 0014 00000000 		.word	OSCfg_TickRate_Hz
 138              		.cfi_endproc
 139              	.LFE3:
 140              		.size	BSP_CPU_TickInit, .-BSP_CPU_TickInit
 141              		.section	.text.BSP_STR_ISBLANC,"ax",%progbits
 142              		.align	2
 143              		.global	BSP_STR_ISBLANC
 144              		.thumb
 145              		.thumb_func
 146              		.type	BSP_STR_ISBLANC, %function
 147              	BSP_STR_ISBLANC:
 148              	.LFB5:
 209:BSP/bsp.c     **** 
 210:BSP/bsp.c     **** 
 211:BSP/bsp.c     **** /*
 212:BSP/bsp.c     **** ***************************************************************************************************
 213:BSP/bsp.c     **** ***************************************************************************************************
 214:BSP/bsp.c     **** *                                             STRING FUNCTIONS
 215:BSP/bsp.c     **** ***************************************************************************************************
 216:BSP/bsp.c     **** ***************************************************************************************************
 217:BSP/bsp.c     **** */
 218:BSP/bsp.c     **** 
 219:BSP/bsp.c     **** 
 220:BSP/bsp.c     **** /*
 221:BSP/bsp.c     **** ***************************************************************************************************
 222:BSP/bsp.c     **** *                                        BSP_STR_ISBLANC()
 223:BSP/bsp.c     **** *
 224:BSP/bsp.c     **** * Description : determinate if given string contains within the first p characters
 225:BSP/bsp.c     **** *               only blanc characters
 226:BSP/bsp.c     **** *
 227:BSP/bsp.c     **** * Argument(s) : s     the string
 228:BSP/bsp.c     **** *               p     number of characters
 229:BSP/bsp.c     **** *
 230:BSP/bsp.c     **** * Return(s)   : DEF_TRUE    If the first p characters contains only blanc character
 231:BSP/bsp.c     **** *               DEF_FALSE   If the first p characters contains a non blanc character
 232:BSP/bsp.c     **** *
 233:BSP/bsp.c     **** * Caller(s)   : application
 234:BSP/bsp.c     **** *
 235:BSP/bsp.c     **** * Note(s)     : none.
 236:BSP/bsp.c     **** ***************************************************************************************************
 237:BSP/bsp.c     **** */
 238:BSP/bsp.c     **** 
 239:BSP/bsp.c     **** CPU_BOOLEAN BSP_STR_ISBLANC(char s[], int p) {
 149              		.loc 1 239 0
 150              		.cfi_startproc
 151              		@ args = 0, pretend = 0, frame = 0
 152              		@ frame_needed = 0, uses_anonymous_args = 0
 153              		@ link register save eliminated.
 154              	.LVL8:
 155 0000 10B4     		push	{r4}
 156              		.cfi_def_cfa_offset 4
ARM GAS  C:\Users\filip\AppData\Local\Temp\ccSUMwAb.s 			page 8


 157              		.cfi_offset 4, -4
 158              	.LVL9:
 240:BSP/bsp.c     ****   int i = 0;
 159              		.loc 1 240 0
 160 0002 0023     		movs	r3, #0
 241:BSP/bsp.c     ****   
 242:BSP/bsp.c     ****   while (i < p) {
 161              		.loc 1 242 0
 162 0004 10E0     		b	.L14
 163              	.LVL10:
 164              	.L17:
 165              	.LBB2:
 243:BSP/bsp.c     ****     if (!isblank(s[i])) {
 166              		.loc 1 243 0
 167 0006 C45C     		ldrb	r4, [r0, r3]	@ zero_extendqisi2
 168              	.LVL11:
 169 0008 0B4A     		ldr	r2, .L22
 170 000a 1268     		ldr	r2, [r2]
 171 000c 2244     		add	r2, r2, r4
 172 000e 92F90120 		ldrsb	r2, [r2, #1]
 173 0012 002A     		cmp	r2, #0
 174 0014 03DB     		blt	.L18
 175              		.loc 1 243 0 is_stmt 0 discriminator 2
 176 0016 092C     		cmp	r4, #9
 177 0018 03D1     		bne	.L19
 178              		.loc 1 243 0
 179 001a 0122     		movs	r2, #1
 180 001c 02E0     		b	.L15
 181              	.L18:
 182 001e 0122     		movs	r2, #1
 183 0020 00E0     		b	.L15
 184              	.L19:
 185 0022 0022     		movs	r2, #0
 186              	.L15:
 187              	.LBE2:
 188              		.loc 1 243 0 discriminator 6
 189 0024 22B1     		cbz	r2, .L20
 244:BSP/bsp.c     ****       return DEF_FALSE;
 245:BSP/bsp.c     ****     }
 246:BSP/bsp.c     ****     i++;
 190              		.loc 1 246 0 is_stmt 1
 191 0026 0133     		adds	r3, r3, #1
 192              	.LVL12:
 193              	.L14:
 242:BSP/bsp.c     ****     if (!isblank(s[i])) {
 194              		.loc 1 242 0
 195 0028 8B42     		cmp	r3, r1
 196 002a ECDB     		blt	.L17
 247:BSP/bsp.c     ****   }
 248:BSP/bsp.c     ****   return DEF_TRUE;
 197              		.loc 1 248 0
 198 002c 0120     		movs	r0, #1
 199              	.LVL13:
 200 002e 00E0     		b	.L16
 201              	.LVL14:
 202              	.L20:
 244:BSP/bsp.c     ****     }
ARM GAS  C:\Users\filip\AppData\Local\Temp\ccSUMwAb.s 			page 9


 203              		.loc 1 244 0
 204 0030 0020     		movs	r0, #0
 205              	.LVL15:
 206              	.L16:
 249:BSP/bsp.c     **** }
 207              		.loc 1 249 0
 208 0032 10BC     		pop	{r4}
 209              		.cfi_restore 4
 210              		.cfi_def_cfa_offset 0
 211 0034 7047     		bx	lr
 212              	.L23:
 213 0036 00BF     		.align	2
 214              	.L22:
 215 0038 00000000 		.word	__ctype_ptr__
 216              		.cfi_endproc
 217              	.LFE5:
 218              		.size	BSP_STR_ISBLANC, .-BSP_STR_ISBLANC
 219              		.section	.text.BSP_STR_ISNUMBER,"ax",%progbits
 220              		.align	2
 221              		.global	BSP_STR_ISNUMBER
 222              		.thumb
 223              		.thumb_func
 224              		.type	BSP_STR_ISNUMBER, %function
 225              	BSP_STR_ISNUMBER:
 226              	.LFB6:
 250:BSP/bsp.c     **** 
 251:BSP/bsp.c     **** /*
 252:BSP/bsp.c     **** ***************************************************************************************************
 253:BSP/bsp.c     **** *                                  BSP_STR_ISNUMBER()
 254:BSP/bsp.c     **** *
 255:BSP/bsp.c     **** * Description : determinate if given string contains within the first p characters
 256:BSP/bsp.c     **** *               only numeric characters
 257:BSP/bsp.c     **** *
 258:BSP/bsp.c     **** * Argument(s) : s     the string
 259:BSP/bsp.c     **** *               p     number of characters
 260:BSP/bsp.c     **** *
 261:BSP/bsp.c     **** * Return(s)   : DEF_TRUE    If the first p characters contains only numeric character
 262:BSP/bsp.c     **** *               DEF_FALSE   If the first p characters contains a non numeric character
 263:BSP/bsp.c     **** *
 264:BSP/bsp.c     **** * Caller(s)   : application
 265:BSP/bsp.c     **** *
 266:BSP/bsp.c     **** * Note(s)     : none.
 267:BSP/bsp.c     **** ***************************************************************************************************
 268:BSP/bsp.c     **** */
 269:BSP/bsp.c     **** 
 270:BSP/bsp.c     **** CPU_BOOLEAN BSP_STR_ISNUMBER(char s[], int p)
 271:BSP/bsp.c     **** {
 227              		.loc 1 271 0
 228              		.cfi_startproc
 229              		@ args = 0, pretend = 0, frame = 0
 230              		@ frame_needed = 0, uses_anonymous_args = 0
 231              		@ link register save eliminated.
 232              	.LVL16:
 233 0000 10B4     		push	{r4}
 234              		.cfi_def_cfa_offset 4
 235              		.cfi_offset 4, -4
 236              	.LVL17:
ARM GAS  C:\Users\filip\AppData\Local\Temp\ccSUMwAb.s 			page 10


 272:BSP/bsp.c     ****   int i = 0;
 237              		.loc 1 272 0
 238 0002 0023     		movs	r3, #0
 273:BSP/bsp.c     ****   
 274:BSP/bsp.c     ****   while (i < p) {
 239              		.loc 1 274 0
 240 0004 08E0     		b	.L25
 241              	.LVL18:
 242              	.L27:
 275:BSP/bsp.c     ****     if (isdigit(s[i]) == 0) {
 243              		.loc 1 275 0
 244 0006 C25C     		ldrb	r2, [r0, r3]	@ zero_extendqisi2
 245 0008 074C     		ldr	r4, .L30
 246 000a 2468     		ldr	r4, [r4]
 247 000c 2244     		add	r2, r2, r4
 248 000e 5278     		ldrb	r2, [r2, #1]	@ zero_extendqisi2
 249 0010 12F0040F 		tst	r2, #4
 250 0014 04D0     		beq	.L28
 276:BSP/bsp.c     ****       return DEF_FALSE;
 277:BSP/bsp.c     ****     }
 278:BSP/bsp.c     ****     i++;
 251              		.loc 1 278 0
 252 0016 0133     		adds	r3, r3, #1
 253              	.LVL19:
 254              	.L25:
 274:BSP/bsp.c     ****     if (isdigit(s[i]) == 0) {
 255              		.loc 1 274 0
 256 0018 8B42     		cmp	r3, r1
 257 001a F4DB     		blt	.L27
 279:BSP/bsp.c     ****   }
 280:BSP/bsp.c     ****   return DEF_TRUE;
 258              		.loc 1 280 0
 259 001c 0120     		movs	r0, #1
 260              	.LVL20:
 261 001e 00E0     		b	.L26
 262              	.LVL21:
 263              	.L28:
 276:BSP/bsp.c     ****     }
 264              		.loc 1 276 0
 265 0020 0020     		movs	r0, #0
 266              	.LVL22:
 267              	.L26:
 281:BSP/bsp.c     **** }
 268              		.loc 1 281 0
 269 0022 10BC     		pop	{r4}
 270              		.cfi_restore 4
 271              		.cfi_def_cfa_offset 0
 272 0024 7047     		bx	lr
 273              	.L31:
 274 0026 00BF     		.align	2
 275              	.L30:
 276 0028 00000000 		.word	__ctype_ptr__
 277              		.cfi_endproc
 278              	.LFE6:
 279              		.size	BSP_STR_ISNUMBER, .-BSP_STR_ISNUMBER
 280              		.text
 281              	.Letext0:
ARM GAS  C:\Users\filip\AppData\Local\Temp\ccSUMwAb.s 			page 11


 282              		.file 2 ".\\uC-CPU\\ARM-Cortex-M3\\GNU/cpu.h"
 283              		.file 3 ".\\uCOS-III\\Source/os_type.h"
 284              		.file 4 "./bsp_uart.h"
 285              		.file 5 ".\\uCOS-III\\Source/os.h"
 286              		.file 6 "c:\\program files (x86)\\cypress\\psoc creator\\4.2\\psoc creator\\import\\gnu\\arm\\5.4.
 287              		.file 7 "./bsp_gpio.h"
 288              		.file 8 ".\\uCOS-III\\Ports\\ARM-Cortex-M3\\Generic\\GNU/os_cpu.h"
 289              		.section	.debug_info,"",%progbits
 290              	.Ldebug_info0:
 291 0000 97020000 		.4byte	0x297
 292 0004 0400     		.2byte	0x4
 293 0006 00000000 		.4byte	.Ldebug_abbrev0
 294 000a 04       		.byte	0x4
 295 000b 01       		.uleb128 0x1
 296 000c AC000000 		.4byte	.LASF37
 297 0010 0C       		.byte	0xc
 298 0011 0C000000 		.4byte	.LASF38
 299 0015 28000000 		.4byte	.LASF39
 300 0019 00000000 		.4byte	.Ldebug_ranges0+0
 301 001d 00000000 		.4byte	0
 302 0021 00000000 		.4byte	.Ldebug_line0
 303 0025 02       		.uleb128 0x2
 304 0026 04       		.byte	0x4
 305 0027 07       		.byte	0x7
 306 0028 B1010000 		.4byte	.LASF0
 307 002c 02       		.uleb128 0x2
 308 002d 01       		.byte	0x1
 309 002e 08       		.byte	0x8
 310 002f 2F020000 		.4byte	.LASF1
 311 0033 03       		.uleb128 0x3
 312 0034 D5010000 		.4byte	.LASF3
 313 0038 02       		.byte	0x2
 314 0039 77       		.byte	0x77
 315 003a 3E000000 		.4byte	0x3e
 316 003e 02       		.uleb128 0x2
 317 003f 01       		.byte	0x1
 318 0040 08       		.byte	0x8
 319 0041 9E000000 		.4byte	.LASF2
 320 0045 03       		.uleb128 0x3
 321 0046 66010000 		.4byte	.LASF4
 322 004a 02       		.byte	0x2
 323 004b 78       		.byte	0x78
 324 004c 3E000000 		.4byte	0x3e
 325 0050 02       		.uleb128 0x2
 326 0051 01       		.byte	0x1
 327 0052 06       		.byte	0x6
 328 0053 EB010000 		.4byte	.LASF5
 329 0057 03       		.uleb128 0x3
 330 0058 F7010000 		.4byte	.LASF6
 331 005c 02       		.byte	0x2
 332 005d 7A       		.byte	0x7a
 333 005e 62000000 		.4byte	0x62
 334 0062 02       		.uleb128 0x2
 335 0063 02       		.byte	0x2
 336 0064 07       		.byte	0x7
 337 0065 A9020000 		.4byte	.LASF7
 338 0069 02       		.uleb128 0x2
ARM GAS  C:\Users\filip\AppData\Local\Temp\ccSUMwAb.s 			page 12


 339 006a 02       		.byte	0x2
 340 006b 05       		.byte	0x5
 341 006c 4B020000 		.4byte	.LASF8
 342 0070 03       		.uleb128 0x3
 343 0071 93000000 		.4byte	.LASF9
 344 0075 02       		.byte	0x2
 345 0076 7C       		.byte	0x7c
 346 0077 25000000 		.4byte	0x25
 347 007b 04       		.uleb128 0x4
 348 007c 04       		.byte	0x4
 349 007d 05       		.byte	0x5
 350 007e 696E7400 		.ascii	"int\000"
 351 0082 03       		.uleb128 0x3
 352 0083 42010000 		.4byte	.LASF10
 353 0087 02       		.byte	0x2
 354 0088 7E       		.byte	0x7e
 355 0089 8D000000 		.4byte	0x8d
 356 008d 02       		.uleb128 0x2
 357 008e 08       		.byte	0x8
 358 008f 07       		.byte	0x7
 359 0090 BE010000 		.4byte	.LASF11
 360 0094 02       		.uleb128 0x2
 361 0095 08       		.byte	0x8
 362 0096 05       		.byte	0x5
 363 0097 21020000 		.4byte	.LASF12
 364 009b 02       		.uleb128 0x2
 365 009c 04       		.byte	0x4
 366 009d 04       		.byte	0x4
 367 009e 8D000000 		.4byte	.LASF13
 368 00a2 02       		.uleb128 0x2
 369 00a3 08       		.byte	0x8
 370 00a4 04       		.byte	0x4
 371 00a5 6F000000 		.4byte	.LASF14
 372 00a9 03       		.uleb128 0x3
 373 00aa 41020000 		.4byte	.LASF15
 374 00ae 02       		.byte	0x2
 375 00af 87       		.byte	0x87
 376 00b0 B4000000 		.4byte	0xb4
 377 00b4 05       		.uleb128 0x5
 378 00b5 70000000 		.4byte	0x70
 379 00b9 02       		.uleb128 0x2
 380 00ba 04       		.byte	0x4
 381 00bb 05       		.byte	0x5
 382 00bc 81020000 		.4byte	.LASF16
 383 00c0 02       		.uleb128 0x2
 384 00c1 04       		.byte	0x4
 385 00c2 07       		.byte	0x7
 386 00c3 8F010000 		.4byte	.LASF17
 387 00c7 02       		.uleb128 0x2
 388 00c8 08       		.byte	0x8
 389 00c9 04       		.byte	0x4
 390 00ca 8A020000 		.4byte	.LASF18
 391 00ce 02       		.uleb128 0x2
 392 00cf 04       		.byte	0x4
 393 00d0 07       		.byte	0x7
 394 00d1 13020000 		.4byte	.LASF19
 395 00d5 06       		.uleb128 0x6
ARM GAS  C:\Users\filip\AppData\Local\Temp\ccSUMwAb.s 			page 13


 396 00d6 04       		.byte	0x4
 397 00d7 2C000000 		.4byte	0x2c
 398 00db 06       		.uleb128 0x6
 399 00dc 04       		.byte	0x4
 400 00dd E1000000 		.4byte	0xe1
 401 00e1 07       		.uleb128 0x7
 402 00e2 2C000000 		.4byte	0x2c
 403 00e6 03       		.uleb128 0x3
 404 00e7 4D010000 		.4byte	.LASF20
 405 00eb 03       		.byte	0x3
 406 00ec 4D       		.byte	0x4d
 407 00ed 70000000 		.4byte	0x70
 408 00f1 08       		.uleb128 0x8
 409 00f2 00000000 		.4byte	.LASF23
 410 00f6 01       		.byte	0x1
 411 00f7 77       		.byte	0x77
 412 00f8 00000000 		.4byte	.LFB1
 413 00fc 20000000 		.4byte	.LFE1-.LFB1
 414 0100 01       		.uleb128 0x1
 415 0101 9C       		.byte	0x9c
 416 0102 21010000 		.4byte	0x121
 417 0106 09       		.uleb128 0x9
 418 0107 3A010000 		.4byte	.LASF21
 419 010b 01       		.byte	0x1
 420 010c 79       		.byte	0x79
 421 010d 70000000 		.4byte	0x70
 422 0111 01       		.uleb128 0x1
 423 0112 53       		.byte	0x53
 424 0113 09       		.uleb128 0x9
 425 0114 76020000 		.4byte	.LASF22
 426 0118 01       		.byte	0x1
 427 0119 7A       		.byte	0x7a
 428 011a 21010000 		.4byte	0x121
 429 011e 01       		.uleb128 0x1
 430 011f 53       		.byte	0x53
 431 0120 00       		.byte	0
 432 0121 06       		.uleb128 0x6
 433 0122 04       		.byte	0x4
 434 0123 70000000 		.4byte	0x70
 435 0127 08       		.uleb128 0x8
 436 0128 34020000 		.4byte	.LASF24
 437 012c 01       		.byte	0x1
 438 012d 98       		.byte	0x98
 439 012e 00000000 		.4byte	.LFB2
 440 0132 0C000000 		.4byte	.LFE2-.LFB2
 441 0136 01       		.uleb128 0x1
 442 0137 9C       		.byte	0x9c
 443 0138 4F010000 		.4byte	0x14f
 444 013c 0A       		.uleb128 0xa
 445 013d 06000000 		.4byte	.LVL2
 446 0141 79020000 		.4byte	0x279
 447 0145 0A       		.uleb128 0xa
 448 0146 0A000000 		.4byte	.LVL3
 449 014a 84020000 		.4byte	0x284
 450 014e 00       		.byte	0
 451 014f 0B       		.uleb128 0xb
 452 0150 A1010000 		.4byte	.LASF40
ARM GAS  C:\Users\filip\AppData\Local\Temp\ccSUMwAb.s 			page 14


 453 0154 01       		.byte	0x1
 454 0155 CD       		.byte	0xcd
 455 0156 70000000 		.4byte	0x70
 456 015a 00000000 		.4byte	.LFB4
 457 015e 08000000 		.4byte	.LFE4-.LFB4
 458 0162 01       		.uleb128 0x1
 459 0163 9C       		.byte	0x9c
 460 0164 08       		.uleb128 0x8
 461 0165 55020000 		.4byte	.LASF25
 462 0169 01       		.byte	0x1
 463 016a AE       		.byte	0xae
 464 016b 00000000 		.4byte	.LFB3
 465 016f 18000000 		.4byte	.LFE3-.LFB3
 466 0173 01       		.uleb128 0x1
 467 0174 9C       		.byte	0x9c
 468 0175 AA010000 		.4byte	0x1aa
 469 0179 0C       		.uleb128 0xc
 470 017a 80000000 		.4byte	.LASF26
 471 017e 01       		.byte	0x1
 472 017f B0       		.byte	0xb0
 473 0180 70000000 		.4byte	0x70
 474 0184 00000000 		.4byte	.LLST0
 475 0188 0C       		.uleb128 0xc
 476 0189 1C020000 		.4byte	.LASF27
 477 018d 01       		.byte	0x1
 478 018e B1       		.byte	0xb1
 479 018f 70000000 		.4byte	0x70
 480 0193 13000000 		.4byte	.LLST1
 481 0197 0A       		.uleb128 0xa
 482 0198 06000000 		.4byte	.LVL4
 483 019c 4F010000 		.4byte	0x14f
 484 01a0 0A       		.uleb128 0xa
 485 01a1 12000000 		.4byte	.LVL7
 486 01a5 8F020000 		.4byte	0x28f
 487 01a9 00       		.byte	0
 488 01aa 0D       		.uleb128 0xd
 489 01ab 71010000 		.4byte	.LASF28
 490 01af 01       		.byte	0x1
 491 01b0 EF       		.byte	0xef
 492 01b1 33000000 		.4byte	0x33
 493 01b5 00000000 		.4byte	.LFB5
 494 01b9 3C000000 		.4byte	.LFE5-.LFB5
 495 01bd 01       		.uleb128 0x1
 496 01be 9C       		.byte	0x9c
 497 01bf 02020000 		.4byte	0x202
 498 01c3 0E       		.uleb128 0xe
 499 01c4 7300     		.ascii	"s\000"
 500 01c6 01       		.byte	0x1
 501 01c7 EF       		.byte	0xef
 502 01c8 D5000000 		.4byte	0xd5
 503 01cc 3C000000 		.4byte	.LLST2
 504 01d0 0F       		.uleb128 0xf
 505 01d1 7000     		.ascii	"p\000"
 506 01d3 01       		.byte	0x1
 507 01d4 EF       		.byte	0xef
 508 01d5 7B000000 		.4byte	0x7b
 509 01d9 01       		.uleb128 0x1
ARM GAS  C:\Users\filip\AppData\Local\Temp\ccSUMwAb.s 			page 15


 510 01da 51       		.byte	0x51
 511 01db 10       		.uleb128 0x10
 512 01dc 6900     		.ascii	"i\000"
 513 01de 01       		.byte	0x1
 514 01df F0       		.byte	0xf0
 515 01e0 7B000000 		.4byte	0x7b
 516 01e4 76000000 		.4byte	.LLST3
 517 01e8 11       		.uleb128 0x11
 518 01e9 06000000 		.4byte	.LBB2
 519 01ed 1E000000 		.4byte	.LBE2-.LBB2
 520 01f1 10       		.uleb128 0x10
 521 01f2 5F5F7800 		.ascii	"__x\000"
 522 01f6 01       		.byte	0x1
 523 01f7 F3       		.byte	0xf3
 524 01f8 2C000000 		.4byte	0x2c
 525 01fc 95000000 		.4byte	.LLST4
 526 0200 00       		.byte	0
 527 0201 00       		.byte	0
 528 0202 12       		.uleb128 0x12
 529 0203 02020000 		.4byte	.LASF29
 530 0207 01       		.byte	0x1
 531 0208 0E01     		.2byte	0x10e
 532 020a 33000000 		.4byte	0x33
 533 020e 00000000 		.4byte	.LFB6
 534 0212 2C000000 		.4byte	.LFE6-.LFB6
 535 0216 01       		.uleb128 0x1
 536 0217 9C       		.byte	0x9c
 537 0218 45020000 		.4byte	0x245
 538 021c 13       		.uleb128 0x13
 539 021d 7300     		.ascii	"s\000"
 540 021f 01       		.byte	0x1
 541 0220 0E01     		.2byte	0x10e
 542 0222 D5000000 		.4byte	0xd5
 543 0226 B3000000 		.4byte	.LLST5
 544 022a 14       		.uleb128 0x14
 545 022b 7000     		.ascii	"p\000"
 546 022d 01       		.byte	0x1
 547 022e 0E01     		.2byte	0x10e
 548 0230 7B000000 		.4byte	0x7b
 549 0234 01       		.uleb128 0x1
 550 0235 51       		.byte	0x51
 551 0236 15       		.uleb128 0x15
 552 0237 6900     		.ascii	"i\000"
 553 0239 01       		.byte	0x1
 554 023a 1001     		.2byte	0x110
 555 023c 7B000000 		.4byte	0x7b
 556 0240 ED000000 		.4byte	.LLST6
 557 0244 00       		.byte	0
 558 0245 16       		.uleb128 0x16
 559 0246 66020000 		.4byte	.LASF30
 560 024a 04       		.byte	0x4
 561 024b 12       		.byte	0x12
 562 024c 45000000 		.4byte	0x45
 563 0250 23       		.byte	0x23
 564 0251 16       		.uleb128 0x16
 565 0252 81010000 		.4byte	.LASF31
 566 0256 04       		.byte	0x4
ARM GAS  C:\Users\filip\AppData\Local\Temp\ccSUMwAb.s 			page 16


 567 0257 13       		.byte	0x13
 568 0258 45000000 		.4byte	0x45
 569 025c 24       		.byte	0x24
 570 025d 17       		.uleb128 0x17
 571 025e 16000000 		.4byte	.LASF32
 572 0262 05       		.byte	0x5
 573 0263 0F05     		.2byte	0x50f
 574 0265 69020000 		.4byte	0x269
 575 0269 07       		.uleb128 0x7
 576 026a E6000000 		.4byte	0xe6
 577 026e 18       		.uleb128 0x18
 578 026f 58010000 		.4byte	.LASF33
 579 0273 06       		.byte	0x6
 580 0274 2E       		.byte	0x2e
 581 0275 DB000000 		.4byte	0xdb
 582 0279 19       		.uleb128 0x19
 583 027a E1010000 		.4byte	.LASF34
 584 027e E1010000 		.4byte	.LASF34
 585 0282 07       		.byte	0x7
 586 0283 1E       		.byte	0x1e
 587 0284 19       		.uleb128 0x19
 588 0285 76000000 		.4byte	.LASF35
 589 0289 76000000 		.4byte	.LASF35
 590 028d 04       		.byte	0x4
 591 028e 15       		.byte	0x15
 592 028f 19       		.uleb128 0x19
 593 0290 96020000 		.4byte	.LASF36
 594 0294 96020000 		.4byte	.LASF36
 595 0298 08       		.byte	0x8
 596 0299 89       		.byte	0x89
 597 029a 00       		.byte	0
 598              		.section	.debug_abbrev,"",%progbits
 599              	.Ldebug_abbrev0:
 600 0000 01       		.uleb128 0x1
 601 0001 11       		.uleb128 0x11
 602 0002 01       		.byte	0x1
 603 0003 25       		.uleb128 0x25
 604 0004 0E       		.uleb128 0xe
 605 0005 13       		.uleb128 0x13
 606 0006 0B       		.uleb128 0xb
 607 0007 03       		.uleb128 0x3
 608 0008 0E       		.uleb128 0xe
 609 0009 1B       		.uleb128 0x1b
 610 000a 0E       		.uleb128 0xe
 611 000b 55       		.uleb128 0x55
 612 000c 17       		.uleb128 0x17
 613 000d 11       		.uleb128 0x11
 614 000e 01       		.uleb128 0x1
 615 000f 10       		.uleb128 0x10
 616 0010 17       		.uleb128 0x17
 617 0011 00       		.byte	0
 618 0012 00       		.byte	0
 619 0013 02       		.uleb128 0x2
 620 0014 24       		.uleb128 0x24
 621 0015 00       		.byte	0
 622 0016 0B       		.uleb128 0xb
 623 0017 0B       		.uleb128 0xb
ARM GAS  C:\Users\filip\AppData\Local\Temp\ccSUMwAb.s 			page 17


 624 0018 3E       		.uleb128 0x3e
 625 0019 0B       		.uleb128 0xb
 626 001a 03       		.uleb128 0x3
 627 001b 0E       		.uleb128 0xe
 628 001c 00       		.byte	0
 629 001d 00       		.byte	0
 630 001e 03       		.uleb128 0x3
 631 001f 16       		.uleb128 0x16
 632 0020 00       		.byte	0
 633 0021 03       		.uleb128 0x3
 634 0022 0E       		.uleb128 0xe
 635 0023 3A       		.uleb128 0x3a
 636 0024 0B       		.uleb128 0xb
 637 0025 3B       		.uleb128 0x3b
 638 0026 0B       		.uleb128 0xb
 639 0027 49       		.uleb128 0x49
 640 0028 13       		.uleb128 0x13
 641 0029 00       		.byte	0
 642 002a 00       		.byte	0
 643 002b 04       		.uleb128 0x4
 644 002c 24       		.uleb128 0x24
 645 002d 00       		.byte	0
 646 002e 0B       		.uleb128 0xb
 647 002f 0B       		.uleb128 0xb
 648 0030 3E       		.uleb128 0x3e
 649 0031 0B       		.uleb128 0xb
 650 0032 03       		.uleb128 0x3
 651 0033 08       		.uleb128 0x8
 652 0034 00       		.byte	0
 653 0035 00       		.byte	0
 654 0036 05       		.uleb128 0x5
 655 0037 35       		.uleb128 0x35
 656 0038 00       		.byte	0
 657 0039 49       		.uleb128 0x49
 658 003a 13       		.uleb128 0x13
 659 003b 00       		.byte	0
 660 003c 00       		.byte	0
 661 003d 06       		.uleb128 0x6
 662 003e 0F       		.uleb128 0xf
 663 003f 00       		.byte	0
 664 0040 0B       		.uleb128 0xb
 665 0041 0B       		.uleb128 0xb
 666 0042 49       		.uleb128 0x49
 667 0043 13       		.uleb128 0x13
 668 0044 00       		.byte	0
 669 0045 00       		.byte	0
 670 0046 07       		.uleb128 0x7
 671 0047 26       		.uleb128 0x26
 672 0048 00       		.byte	0
 673 0049 49       		.uleb128 0x49
 674 004a 13       		.uleb128 0x13
 675 004b 00       		.byte	0
 676 004c 00       		.byte	0
 677 004d 08       		.uleb128 0x8
 678 004e 2E       		.uleb128 0x2e
 679 004f 01       		.byte	0x1
 680 0050 3F       		.uleb128 0x3f
ARM GAS  C:\Users\filip\AppData\Local\Temp\ccSUMwAb.s 			page 18


 681 0051 19       		.uleb128 0x19
 682 0052 03       		.uleb128 0x3
 683 0053 0E       		.uleb128 0xe
 684 0054 3A       		.uleb128 0x3a
 685 0055 0B       		.uleb128 0xb
 686 0056 3B       		.uleb128 0x3b
 687 0057 0B       		.uleb128 0xb
 688 0058 27       		.uleb128 0x27
 689 0059 19       		.uleb128 0x19
 690 005a 11       		.uleb128 0x11
 691 005b 01       		.uleb128 0x1
 692 005c 12       		.uleb128 0x12
 693 005d 06       		.uleb128 0x6
 694 005e 40       		.uleb128 0x40
 695 005f 18       		.uleb128 0x18
 696 0060 9742     		.uleb128 0x2117
 697 0062 19       		.uleb128 0x19
 698 0063 01       		.uleb128 0x1
 699 0064 13       		.uleb128 0x13
 700 0065 00       		.byte	0
 701 0066 00       		.byte	0
 702 0067 09       		.uleb128 0x9
 703 0068 34       		.uleb128 0x34
 704 0069 00       		.byte	0
 705 006a 03       		.uleb128 0x3
 706 006b 0E       		.uleb128 0xe
 707 006c 3A       		.uleb128 0x3a
 708 006d 0B       		.uleb128 0xb
 709 006e 3B       		.uleb128 0x3b
 710 006f 0B       		.uleb128 0xb
 711 0070 49       		.uleb128 0x49
 712 0071 13       		.uleb128 0x13
 713 0072 02       		.uleb128 0x2
 714 0073 18       		.uleb128 0x18
 715 0074 00       		.byte	0
 716 0075 00       		.byte	0
 717 0076 0A       		.uleb128 0xa
 718 0077 898201   		.uleb128 0x4109
 719 007a 00       		.byte	0
 720 007b 11       		.uleb128 0x11
 721 007c 01       		.uleb128 0x1
 722 007d 31       		.uleb128 0x31
 723 007e 13       		.uleb128 0x13
 724 007f 00       		.byte	0
 725 0080 00       		.byte	0
 726 0081 0B       		.uleb128 0xb
 727 0082 2E       		.uleb128 0x2e
 728 0083 00       		.byte	0
 729 0084 3F       		.uleb128 0x3f
 730 0085 19       		.uleb128 0x19
 731 0086 03       		.uleb128 0x3
 732 0087 0E       		.uleb128 0xe
 733 0088 3A       		.uleb128 0x3a
 734 0089 0B       		.uleb128 0xb
 735 008a 3B       		.uleb128 0x3b
 736 008b 0B       		.uleb128 0xb
 737 008c 27       		.uleb128 0x27
ARM GAS  C:\Users\filip\AppData\Local\Temp\ccSUMwAb.s 			page 19


 738 008d 19       		.uleb128 0x19
 739 008e 49       		.uleb128 0x49
 740 008f 13       		.uleb128 0x13
 741 0090 11       		.uleb128 0x11
 742 0091 01       		.uleb128 0x1
 743 0092 12       		.uleb128 0x12
 744 0093 06       		.uleb128 0x6
 745 0094 40       		.uleb128 0x40
 746 0095 18       		.uleb128 0x18
 747 0096 9742     		.uleb128 0x2117
 748 0098 19       		.uleb128 0x19
 749 0099 00       		.byte	0
 750 009a 00       		.byte	0
 751 009b 0C       		.uleb128 0xc
 752 009c 34       		.uleb128 0x34
 753 009d 00       		.byte	0
 754 009e 03       		.uleb128 0x3
 755 009f 0E       		.uleb128 0xe
 756 00a0 3A       		.uleb128 0x3a
 757 00a1 0B       		.uleb128 0xb
 758 00a2 3B       		.uleb128 0x3b
 759 00a3 0B       		.uleb128 0xb
 760 00a4 49       		.uleb128 0x49
 761 00a5 13       		.uleb128 0x13
 762 00a6 02       		.uleb128 0x2
 763 00a7 17       		.uleb128 0x17
 764 00a8 00       		.byte	0
 765 00a9 00       		.byte	0
 766 00aa 0D       		.uleb128 0xd
 767 00ab 2E       		.uleb128 0x2e
 768 00ac 01       		.byte	0x1
 769 00ad 3F       		.uleb128 0x3f
 770 00ae 19       		.uleb128 0x19
 771 00af 03       		.uleb128 0x3
 772 00b0 0E       		.uleb128 0xe
 773 00b1 3A       		.uleb128 0x3a
 774 00b2 0B       		.uleb128 0xb
 775 00b3 3B       		.uleb128 0x3b
 776 00b4 0B       		.uleb128 0xb
 777 00b5 27       		.uleb128 0x27
 778 00b6 19       		.uleb128 0x19
 779 00b7 49       		.uleb128 0x49
 780 00b8 13       		.uleb128 0x13
 781 00b9 11       		.uleb128 0x11
 782 00ba 01       		.uleb128 0x1
 783 00bb 12       		.uleb128 0x12
 784 00bc 06       		.uleb128 0x6
 785 00bd 40       		.uleb128 0x40
 786 00be 18       		.uleb128 0x18
 787 00bf 9742     		.uleb128 0x2117
 788 00c1 19       		.uleb128 0x19
 789 00c2 01       		.uleb128 0x1
 790 00c3 13       		.uleb128 0x13
 791 00c4 00       		.byte	0
 792 00c5 00       		.byte	0
 793 00c6 0E       		.uleb128 0xe
 794 00c7 05       		.uleb128 0x5
ARM GAS  C:\Users\filip\AppData\Local\Temp\ccSUMwAb.s 			page 20


 795 00c8 00       		.byte	0
 796 00c9 03       		.uleb128 0x3
 797 00ca 08       		.uleb128 0x8
 798 00cb 3A       		.uleb128 0x3a
 799 00cc 0B       		.uleb128 0xb
 800 00cd 3B       		.uleb128 0x3b
 801 00ce 0B       		.uleb128 0xb
 802 00cf 49       		.uleb128 0x49
 803 00d0 13       		.uleb128 0x13
 804 00d1 02       		.uleb128 0x2
 805 00d2 17       		.uleb128 0x17
 806 00d3 00       		.byte	0
 807 00d4 00       		.byte	0
 808 00d5 0F       		.uleb128 0xf
 809 00d6 05       		.uleb128 0x5
 810 00d7 00       		.byte	0
 811 00d8 03       		.uleb128 0x3
 812 00d9 08       		.uleb128 0x8
 813 00da 3A       		.uleb128 0x3a
 814 00db 0B       		.uleb128 0xb
 815 00dc 3B       		.uleb128 0x3b
 816 00dd 0B       		.uleb128 0xb
 817 00de 49       		.uleb128 0x49
 818 00df 13       		.uleb128 0x13
 819 00e0 02       		.uleb128 0x2
 820 00e1 18       		.uleb128 0x18
 821 00e2 00       		.byte	0
 822 00e3 00       		.byte	0
 823 00e4 10       		.uleb128 0x10
 824 00e5 34       		.uleb128 0x34
 825 00e6 00       		.byte	0
 826 00e7 03       		.uleb128 0x3
 827 00e8 08       		.uleb128 0x8
 828 00e9 3A       		.uleb128 0x3a
 829 00ea 0B       		.uleb128 0xb
 830 00eb 3B       		.uleb128 0x3b
 831 00ec 0B       		.uleb128 0xb
 832 00ed 49       		.uleb128 0x49
 833 00ee 13       		.uleb128 0x13
 834 00ef 02       		.uleb128 0x2
 835 00f0 17       		.uleb128 0x17
 836 00f1 00       		.byte	0
 837 00f2 00       		.byte	0
 838 00f3 11       		.uleb128 0x11
 839 00f4 0B       		.uleb128 0xb
 840 00f5 01       		.byte	0x1
 841 00f6 11       		.uleb128 0x11
 842 00f7 01       		.uleb128 0x1
 843 00f8 12       		.uleb128 0x12
 844 00f9 06       		.uleb128 0x6
 845 00fa 00       		.byte	0
 846 00fb 00       		.byte	0
 847 00fc 12       		.uleb128 0x12
 848 00fd 2E       		.uleb128 0x2e
 849 00fe 01       		.byte	0x1
 850 00ff 3F       		.uleb128 0x3f
 851 0100 19       		.uleb128 0x19
ARM GAS  C:\Users\filip\AppData\Local\Temp\ccSUMwAb.s 			page 21


 852 0101 03       		.uleb128 0x3
 853 0102 0E       		.uleb128 0xe
 854 0103 3A       		.uleb128 0x3a
 855 0104 0B       		.uleb128 0xb
 856 0105 3B       		.uleb128 0x3b
 857 0106 05       		.uleb128 0x5
 858 0107 27       		.uleb128 0x27
 859 0108 19       		.uleb128 0x19
 860 0109 49       		.uleb128 0x49
 861 010a 13       		.uleb128 0x13
 862 010b 11       		.uleb128 0x11
 863 010c 01       		.uleb128 0x1
 864 010d 12       		.uleb128 0x12
 865 010e 06       		.uleb128 0x6
 866 010f 40       		.uleb128 0x40
 867 0110 18       		.uleb128 0x18
 868 0111 9742     		.uleb128 0x2117
 869 0113 19       		.uleb128 0x19
 870 0114 01       		.uleb128 0x1
 871 0115 13       		.uleb128 0x13
 872 0116 00       		.byte	0
 873 0117 00       		.byte	0
 874 0118 13       		.uleb128 0x13
 875 0119 05       		.uleb128 0x5
 876 011a 00       		.byte	0
 877 011b 03       		.uleb128 0x3
 878 011c 08       		.uleb128 0x8
 879 011d 3A       		.uleb128 0x3a
 880 011e 0B       		.uleb128 0xb
 881 011f 3B       		.uleb128 0x3b
 882 0120 05       		.uleb128 0x5
 883 0121 49       		.uleb128 0x49
 884 0122 13       		.uleb128 0x13
 885 0123 02       		.uleb128 0x2
 886 0124 17       		.uleb128 0x17
 887 0125 00       		.byte	0
 888 0126 00       		.byte	0
 889 0127 14       		.uleb128 0x14
 890 0128 05       		.uleb128 0x5
 891 0129 00       		.byte	0
 892 012a 03       		.uleb128 0x3
 893 012b 08       		.uleb128 0x8
 894 012c 3A       		.uleb128 0x3a
 895 012d 0B       		.uleb128 0xb
 896 012e 3B       		.uleb128 0x3b
 897 012f 05       		.uleb128 0x5
 898 0130 49       		.uleb128 0x49
 899 0131 13       		.uleb128 0x13
 900 0132 02       		.uleb128 0x2
 901 0133 18       		.uleb128 0x18
 902 0134 00       		.byte	0
 903 0135 00       		.byte	0
 904 0136 15       		.uleb128 0x15
 905 0137 34       		.uleb128 0x34
 906 0138 00       		.byte	0
 907 0139 03       		.uleb128 0x3
 908 013a 08       		.uleb128 0x8
ARM GAS  C:\Users\filip\AppData\Local\Temp\ccSUMwAb.s 			page 22


 909 013b 3A       		.uleb128 0x3a
 910 013c 0B       		.uleb128 0xb
 911 013d 3B       		.uleb128 0x3b
 912 013e 05       		.uleb128 0x5
 913 013f 49       		.uleb128 0x49
 914 0140 13       		.uleb128 0x13
 915 0141 02       		.uleb128 0x2
 916 0142 17       		.uleb128 0x17
 917 0143 00       		.byte	0
 918 0144 00       		.byte	0
 919 0145 16       		.uleb128 0x16
 920 0146 34       		.uleb128 0x34
 921 0147 00       		.byte	0
 922 0148 03       		.uleb128 0x3
 923 0149 0E       		.uleb128 0xe
 924 014a 3A       		.uleb128 0x3a
 925 014b 0B       		.uleb128 0xb
 926 014c 3B       		.uleb128 0x3b
 927 014d 0B       		.uleb128 0xb
 928 014e 49       		.uleb128 0x49
 929 014f 13       		.uleb128 0x13
 930 0150 1C       		.uleb128 0x1c
 931 0151 0B       		.uleb128 0xb
 932 0152 00       		.byte	0
 933 0153 00       		.byte	0
 934 0154 17       		.uleb128 0x17
 935 0155 34       		.uleb128 0x34
 936 0156 00       		.byte	0
 937 0157 03       		.uleb128 0x3
 938 0158 0E       		.uleb128 0xe
 939 0159 3A       		.uleb128 0x3a
 940 015a 0B       		.uleb128 0xb
 941 015b 3B       		.uleb128 0x3b
 942 015c 05       		.uleb128 0x5
 943 015d 49       		.uleb128 0x49
 944 015e 13       		.uleb128 0x13
 945 015f 3F       		.uleb128 0x3f
 946 0160 19       		.uleb128 0x19
 947 0161 3C       		.uleb128 0x3c
 948 0162 19       		.uleb128 0x19
 949 0163 00       		.byte	0
 950 0164 00       		.byte	0
 951 0165 18       		.uleb128 0x18
 952 0166 34       		.uleb128 0x34
 953 0167 00       		.byte	0
 954 0168 03       		.uleb128 0x3
 955 0169 0E       		.uleb128 0xe
 956 016a 3A       		.uleb128 0x3a
 957 016b 0B       		.uleb128 0xb
 958 016c 3B       		.uleb128 0x3b
 959 016d 0B       		.uleb128 0xb
 960 016e 49       		.uleb128 0x49
 961 016f 13       		.uleb128 0x13
 962 0170 3F       		.uleb128 0x3f
 963 0171 19       		.uleb128 0x19
 964 0172 3C       		.uleb128 0x3c
 965 0173 19       		.uleb128 0x19
ARM GAS  C:\Users\filip\AppData\Local\Temp\ccSUMwAb.s 			page 23


 966 0174 00       		.byte	0
 967 0175 00       		.byte	0
 968 0176 19       		.uleb128 0x19
 969 0177 2E       		.uleb128 0x2e
 970 0178 00       		.byte	0
 971 0179 3F       		.uleb128 0x3f
 972 017a 19       		.uleb128 0x19
 973 017b 3C       		.uleb128 0x3c
 974 017c 19       		.uleb128 0x19
 975 017d 6E       		.uleb128 0x6e
 976 017e 0E       		.uleb128 0xe
 977 017f 03       		.uleb128 0x3
 978 0180 0E       		.uleb128 0xe
 979 0181 3A       		.uleb128 0x3a
 980 0182 0B       		.uleb128 0xb
 981 0183 3B       		.uleb128 0x3b
 982 0184 0B       		.uleb128 0xb
 983 0185 00       		.byte	0
 984 0186 00       		.byte	0
 985 0187 00       		.byte	0
 986              		.section	.debug_loc,"",%progbits
 987              	.Ldebug_loc0:
 988              	.LLST0:
 989 0000 06000000 		.4byte	.LVL4
 990 0004 0E000000 		.4byte	.LVL6
 991 0008 0100     		.2byte	0x1
 992 000a 50       		.byte	0x50
 993 000b 00000000 		.4byte	0
 994 000f 00000000 		.4byte	0
 995              	.LLST1:
 996 0013 0A000000 		.4byte	.LVL5
 997 0017 0E000000 		.4byte	.LVL6
 998 001b 0C00     		.2byte	0xc
 999 001d 70       		.byte	0x70
 1000 001e 00       		.sleb128 0
 1001 001f F7       		.byte	0xf7
 1002 0020 25       		.uleb128 0x25
 1003 0021 73       		.byte	0x73
 1004 0022 00       		.sleb128 0
 1005 0023 F7       		.byte	0xf7
 1006 0024 25       		.uleb128 0x25
 1007 0025 1B       		.byte	0x1b
 1008 0026 F7       		.byte	0xf7
 1009 0027 00       		.uleb128 0
 1010 0028 9F       		.byte	0x9f
 1011 0029 0E000000 		.4byte	.LVL6
 1012 002d 11000000 		.4byte	.LVL7-1
 1013 0031 0100     		.2byte	0x1
 1014 0033 50       		.byte	0x50
 1015 0034 00000000 		.4byte	0
 1016 0038 00000000 		.4byte	0
 1017              	.LLST2:
 1018 003c 00000000 		.4byte	.LVL8
 1019 0040 2E000000 		.4byte	.LVL13
 1020 0044 0100     		.2byte	0x1
 1021 0046 50       		.byte	0x50
 1022 0047 2E000000 		.4byte	.LVL13
ARM GAS  C:\Users\filip\AppData\Local\Temp\ccSUMwAb.s 			page 24


 1023 004b 30000000 		.4byte	.LVL14
 1024 004f 0400     		.2byte	0x4
 1025 0051 F3       		.byte	0xf3
 1026 0052 01       		.uleb128 0x1
 1027 0053 50       		.byte	0x50
 1028 0054 9F       		.byte	0x9f
 1029 0055 30000000 		.4byte	.LVL14
 1030 0059 32000000 		.4byte	.LVL15
 1031 005d 0100     		.2byte	0x1
 1032 005f 50       		.byte	0x50
 1033 0060 32000000 		.4byte	.LVL15
 1034 0064 3C000000 		.4byte	.LFE5
 1035 0068 0400     		.2byte	0x4
 1036 006a F3       		.byte	0xf3
 1037 006b 01       		.uleb128 0x1
 1038 006c 50       		.byte	0x50
 1039 006d 9F       		.byte	0x9f
 1040 006e 00000000 		.4byte	0
 1041 0072 00000000 		.4byte	0
 1042              	.LLST3:
 1043 0076 02000000 		.4byte	.LVL9
 1044 007a 06000000 		.4byte	.LVL10
 1045 007e 0200     		.2byte	0x2
 1046 0080 30       		.byte	0x30
 1047 0081 9F       		.byte	0x9f
 1048 0082 06000000 		.4byte	.LVL10
 1049 0086 3C000000 		.4byte	.LFE5
 1050 008a 0100     		.2byte	0x1
 1051 008c 53       		.byte	0x53
 1052 008d 00000000 		.4byte	0
 1053 0091 00000000 		.4byte	0
 1054              	.LLST4:
 1055 0095 08000000 		.4byte	.LVL11
 1056 0099 28000000 		.4byte	.LVL12
 1057 009d 0100     		.2byte	0x1
 1058 009f 54       		.byte	0x54
 1059 00a0 30000000 		.4byte	.LVL14
 1060 00a4 32000000 		.4byte	.LVL15
 1061 00a8 0100     		.2byte	0x1
 1062 00aa 54       		.byte	0x54
 1063 00ab 00000000 		.4byte	0
 1064 00af 00000000 		.4byte	0
 1065              	.LLST5:
 1066 00b3 00000000 		.4byte	.LVL16
 1067 00b7 1E000000 		.4byte	.LVL20
 1068 00bb 0100     		.2byte	0x1
 1069 00bd 50       		.byte	0x50
 1070 00be 1E000000 		.4byte	.LVL20
 1071 00c2 20000000 		.4byte	.LVL21
 1072 00c6 0400     		.2byte	0x4
 1073 00c8 F3       		.byte	0xf3
 1074 00c9 01       		.uleb128 0x1
 1075 00ca 50       		.byte	0x50
 1076 00cb 9F       		.byte	0x9f
 1077 00cc 20000000 		.4byte	.LVL21
 1078 00d0 22000000 		.4byte	.LVL22
 1079 00d4 0100     		.2byte	0x1
ARM GAS  C:\Users\filip\AppData\Local\Temp\ccSUMwAb.s 			page 25


 1080 00d6 50       		.byte	0x50
 1081 00d7 22000000 		.4byte	.LVL22
 1082 00db 2C000000 		.4byte	.LFE6
 1083 00df 0400     		.2byte	0x4
 1084 00e1 F3       		.byte	0xf3
 1085 00e2 01       		.uleb128 0x1
 1086 00e3 50       		.byte	0x50
 1087 00e4 9F       		.byte	0x9f
 1088 00e5 00000000 		.4byte	0
 1089 00e9 00000000 		.4byte	0
 1090              	.LLST6:
 1091 00ed 02000000 		.4byte	.LVL17
 1092 00f1 06000000 		.4byte	.LVL18
 1093 00f5 0200     		.2byte	0x2
 1094 00f7 30       		.byte	0x30
 1095 00f8 9F       		.byte	0x9f
 1096 00f9 06000000 		.4byte	.LVL18
 1097 00fd 2C000000 		.4byte	.LFE6
 1098 0101 0100     		.2byte	0x1
 1099 0103 53       		.byte	0x53
 1100 0104 00000000 		.4byte	0
 1101 0108 00000000 		.4byte	0
 1102              		.section	.debug_aranges,"",%progbits
 1103 0000 44000000 		.4byte	0x44
 1104 0004 0200     		.2byte	0x2
 1105 0006 00000000 		.4byte	.Ldebug_info0
 1106 000a 04       		.byte	0x4
 1107 000b 00       		.byte	0
 1108 000c 0000     		.2byte	0
 1109 000e 0000     		.2byte	0
 1110 0010 00000000 		.4byte	.LFB1
 1111 0014 20000000 		.4byte	.LFE1-.LFB1
 1112 0018 00000000 		.4byte	.LFB2
 1113 001c 0C000000 		.4byte	.LFE2-.LFB2
 1114 0020 00000000 		.4byte	.LFB4
 1115 0024 08000000 		.4byte	.LFE4-.LFB4
 1116 0028 00000000 		.4byte	.LFB3
 1117 002c 18000000 		.4byte	.LFE3-.LFB3
 1118 0030 00000000 		.4byte	.LFB5
 1119 0034 3C000000 		.4byte	.LFE5-.LFB5
 1120 0038 00000000 		.4byte	.LFB6
 1121 003c 2C000000 		.4byte	.LFE6-.LFB6
 1122 0040 00000000 		.4byte	0
 1123 0044 00000000 		.4byte	0
 1124              		.section	.debug_ranges,"",%progbits
 1125              	.Ldebug_ranges0:
 1126 0000 00000000 		.4byte	.LFB1
 1127 0004 20000000 		.4byte	.LFE1
 1128 0008 00000000 		.4byte	.LFB2
 1129 000c 0C000000 		.4byte	.LFE2
 1130 0010 00000000 		.4byte	.LFB4
 1131 0014 08000000 		.4byte	.LFE4
 1132 0018 00000000 		.4byte	.LFB3
 1133 001c 18000000 		.4byte	.LFE3
 1134 0020 00000000 		.4byte	.LFB5
 1135 0024 3C000000 		.4byte	.LFE5
 1136 0028 00000000 		.4byte	.LFB6
ARM GAS  C:\Users\filip\AppData\Local\Temp\ccSUMwAb.s 			page 26


 1137 002c 2C000000 		.4byte	.LFE6
 1138 0030 00000000 		.4byte	0
 1139 0034 00000000 		.4byte	0
 1140              		.section	.debug_line,"",%progbits
 1141              	.Ldebug_line0:
 1142 0000 C2010000 		.section	.debug_str,"MS",%progbits,1
 1142      02003501 
 1142      00000201 
 1142      FB0E0D00 
 1142      01010101 
 1143              	.LASF23:
 1144 0000 4253505F 		.ascii	"BSP_PreInit\000"
 1144      50726549 
 1144      6E697400 
 1145              	.LASF38:
 1146 000c 4253505C 		.ascii	"BSP\\bsp.c\000"
 1146      6273702E 
 1146      6300
 1147              	.LASF32:
 1148 0016 4F534366 		.ascii	"OSCfg_TickRate_Hz\000"
 1148      675F5469 
 1148      636B5261 
 1148      74655F48 
 1148      7A00
 1149              	.LASF39:
 1150 0028 433A5C63 		.ascii	"C:\\cypress\\esw_bmp280_Petrovic_Wagner\\esw_bmp280"
 1150      79707265 
 1150      73735C65 
 1150      73775F62 
 1150      6D703238 
 1151 0058 5F506574 		.ascii	"_Petrovic_Wagner.cydsn\000"
 1151      726F7669 
 1151      635F5761 
 1151      676E6572 
 1151      2E637964 
 1152              	.LASF14:
 1153 006f 646F7562 		.ascii	"double\000"
 1153      6C6500
 1154              	.LASF35:
 1155 0076 696E6974 		.ascii	"init_uart\000"
 1155      5F756172 
 1155      7400
 1156              	.LASF26:
 1157 0080 6370755F 		.ascii	"cpu_clk_freq\000"
 1157      636C6B5F 
 1157      66726571 
 1157      00
 1158              	.LASF13:
 1159 008d 666C6F61 		.ascii	"float\000"
 1159      7400
 1160              	.LASF9:
 1161 0093 4350555F 		.ascii	"CPU_INT32U\000"
 1161      494E5433 
 1161      325500
 1162              	.LASF2:
 1163 009e 756E7369 		.ascii	"unsigned char\000"
 1163      676E6564 
ARM GAS  C:\Users\filip\AppData\Local\Temp\ccSUMwAb.s 			page 27


 1163      20636861 
 1163      7200
 1164              	.LASF37:
 1165 00ac 474E5520 		.ascii	"GNU C11 5.4.1 20160609 (release) [ARM/embedded-5-br"
 1165      43313120 
 1165      352E342E 
 1165      31203230 
 1165      31363036 
 1166 00df 616E6368 		.ascii	"anch revision 237715] -mcpu=cortex-m3 -mthumb -g -O"
 1166      20726576 
 1166      6973696F 
 1166      6E203233 
 1166      37373135 
 1167 0112 67202D66 		.ascii	"g -ffunction-sections -ffat-lto-objects\000"
 1167      66756E63 
 1167      74696F6E 
 1167      2D736563 
 1167      74696F6E 
 1168              	.LASF21:
 1169 013a 7265675F 		.ascii	"reg_val\000"
 1169      76616C00 
 1170              	.LASF10:
 1171 0142 4350555F 		.ascii	"CPU_INT64U\000"
 1171      494E5436 
 1171      345500
 1172              	.LASF20:
 1173 014d 4F535F52 		.ascii	"OS_RATE_HZ\000"
 1173      4154455F 
 1173      485A00
 1174              	.LASF33:
 1175 0158 5F5F6374 		.ascii	"__ctype_ptr__\000"
 1175      7970655F 
 1175      7074725F 
 1175      5F00
 1176              	.LASF4:
 1177 0166 4350555F 		.ascii	"CPU_INT08U\000"
 1177      494E5430 
 1177      385500
 1178              	.LASF28:
 1179 0171 4253505F 		.ascii	"BSP_STR_ISBLANC\000"
 1179      5354525F 
 1179      4953424C 
 1179      414E4300 
 1180              	.LASF31:
 1181 0181 456E645F 		.ascii	"End_of_Packet\000"
 1181      6F665F50 
 1181      61636B65 
 1181      7400
 1182              	.LASF17:
 1183 018f 6C6F6E67 		.ascii	"long unsigned int\000"
 1183      20756E73 
 1183      69676E65 
 1183      6420696E 
 1183      7400
 1184              	.LASF40:
 1185 01a1 4253505F 		.ascii	"BSP_CPU_ClkFreq\000"
 1185      4350555F 
ARM GAS  C:\Users\filip\AppData\Local\Temp\ccSUMwAb.s 			page 28


 1185      436C6B46 
 1185      72657100 
 1186              	.LASF0:
 1187 01b1 756E7369 		.ascii	"unsigned int\000"
 1187      676E6564 
 1187      20696E74 
 1187      00
 1188              	.LASF11:
 1189 01be 6C6F6E67 		.ascii	"long long unsigned int\000"
 1189      206C6F6E 
 1189      6720756E 
 1189      7369676E 
 1189      65642069 
 1190              	.LASF3:
 1191 01d5 4350555F 		.ascii	"CPU_BOOLEAN\000"
 1191      424F4F4C 
 1191      45414E00 
 1192              	.LASF34:
 1193 01e1 696E6974 		.ascii	"init_gpio\000"
 1193      5F677069 
 1193      6F00
 1194              	.LASF5:
 1195 01eb 7369676E 		.ascii	"signed char\000"
 1195      65642063 
 1195      68617200 
 1196              	.LASF6:
 1197 01f7 4350555F 		.ascii	"CPU_INT16U\000"
 1197      494E5431 
 1197      365500
 1198              	.LASF29:
 1199 0202 4253505F 		.ascii	"BSP_STR_ISNUMBER\000"
 1199      5354525F 
 1199      49534E55 
 1199      4D424552 
 1199      00
 1200              	.LASF19:
 1201 0213 73697A65 		.ascii	"sizetype\000"
 1201      74797065 
 1201      00
 1202              	.LASF27:
 1203 021c 636E7473 		.ascii	"cnts\000"
 1203      00
 1204              	.LASF12:
 1205 0221 6C6F6E67 		.ascii	"long long int\000"
 1205      206C6F6E 
 1205      6720696E 
 1205      7400
 1206              	.LASF1:
 1207 022f 63686172 		.ascii	"char\000"
 1207      00
 1208              	.LASF24:
 1209 0234 4253505F 		.ascii	"BSP_PostInit\000"
 1209      506F7374 
 1209      496E6974 
 1209      00
 1210              	.LASF15:
 1211 0241 4350555F 		.ascii	"CPU_REG32\000"
ARM GAS  C:\Users\filip\AppData\Local\Temp\ccSUMwAb.s 			page 29


 1211      52454733 
 1211      3200
 1212              	.LASF8:
 1213 024b 73686F72 		.ascii	"short int\000"
 1213      7420696E 
 1213      7400
 1214              	.LASF25:
 1215 0255 4253505F 		.ascii	"BSP_CPU_TickInit\000"
 1215      4350555F 
 1215      5469636B 
 1215      496E6974 
 1215      00
 1216              	.LASF30:
 1217 0266 53746172 		.ascii	"Start_of_Packet\000"
 1217      745F6F66 
 1217      5F506163 
 1217      6B657400 
 1218              	.LASF22:
 1219 0276 705F7665 		.ascii	"p_vect_tbl\000"
 1219      63745F74 
 1219      626C00
 1220              	.LASF16:
 1221 0281 6C6F6E67 		.ascii	"long int\000"
 1221      20696E74 
 1221      00
 1222              	.LASF18:
 1223 028a 6C6F6E67 		.ascii	"long double\000"
 1223      20646F75 
 1223      626C6500 
 1224              	.LASF36:
 1225 0296 4F535F43 		.ascii	"OS_CPU_SysTickInit\000"
 1225      50555F53 
 1225      79735469 
 1225      636B496E 
 1225      697400
 1226              	.LASF7:
 1227 02a9 73686F72 		.ascii	"short unsigned int\000"
 1227      7420756E 
 1227      7369676E 
 1227      65642069 
 1227      6E7400
 1228              		.ident	"GCC: (GNU Tools for ARM Embedded Processors) 5.4.1 20160609 (release) [ARM/embedded-5-bran
