ARM GAS  C:\Users\filip\AppData\Local\Temp\cczs8R9l.s 			page 1


   1              		.syntax unified
   2              		.cpu cortex-m3
   3              		.fpu softvfp
   4              		.eabi_attribute 20, 1
   5              		.eabi_attribute 21, 1
   6              		.eabi_attribute 23, 3
   7              		.eabi_attribute 24, 1
   8              		.eabi_attribute 25, 1
   9              		.eabi_attribute 26, 1
  10              		.eabi_attribute 30, 1
  11              		.eabi_attribute 34, 1
  12              		.eabi_attribute 18, 4
  13              		.thumb
  14              		.syntax unified
  15              		.file	"bsp_uart.c"
  16              		.text
  17              	.Ltext0:
  18              		.cfi_sections	.debug_frame
  19              		.section	.text.init_uart,"ax",%progbits
  20              		.align	2
  21              		.global	init_uart
  22              		.thumb
  23              		.thumb_func
  24              		.type	init_uart, %function
  25              	init_uart:
  26              	.LFB1:
  27              		.file 1 "bsp_uart.c"
   1:bsp_uart.c    **** /* ========================================
   2:bsp_uart.c    ****  *
   3:bsp_uart.c    ****  * Copyright YOUR COMPANY, THE YEAR
   4:bsp_uart.c    ****  * All Rights Reserved
   5:bsp_uart.c    ****  * UNPUBLISHED, LICENSED SOFTWARE.
   6:bsp_uart.c    ****  *
   7:bsp_uart.c    ****  * CONFIDENTIAL AND PROPRIETARY INFORMATION
   8:bsp_uart.c    ****  * WHICH IS THE PROPERTY OF your company.
   9:bsp_uart.c    ****  *
  10:bsp_uart.c    ****  * ========================================
  11:bsp_uart.c    **** */
  12:bsp_uart.c    **** 
  13:bsp_uart.c    **** #include <bsp_uart.h>
  14:bsp_uart.c    **** 
  15:bsp_uart.c    **** /*
  16:bsp_uart.c    **** ***************************************************************************************************
  17:bsp_uart.c    **** *                                       init_uart()
  18:bsp_uart.c    **** *
  19:bsp_uart.c    **** * Description : This function initializes the UART_1 communication module. Configuration: 115200,8N
  20:bsp_uart.c    **** *
  21:bsp_uart.c    **** * Argument(s) : none.
  22:bsp_uart.c    **** *
  23:bsp_uart.c    **** * Return(s)   : none.
  24:bsp_uart.c    **** *
  25:bsp_uart.c    **** * Caller(s)   : Application.
  26:bsp_uart.c    **** *
  27:bsp_uart.c    **** * Note(s)     : Not re-entrant.
  28:bsp_uart.c    **** ***************************************************************************************************
  29:bsp_uart.c    **** */
  30:bsp_uart.c    **** 
ARM GAS  C:\Users\filip\AppData\Local\Temp\cczs8R9l.s 			page 2


  31:bsp_uart.c    **** CPU_VOID init_uart(CPU_VOID)
  32:bsp_uart.c    **** {
  28              		.loc 1 32 0
  29              		.cfi_startproc
  30              		@ args = 0, pretend = 0, frame = 0
  31              		@ frame_needed = 0, uses_anonymous_args = 0
  32 0000 08B5     		push	{r3, lr}
  33              		.cfi_def_cfa_offset 8
  34              		.cfi_offset 3, -8
  35              		.cfi_offset 14, -4
  33:bsp_uart.c    ****     UART_1_Start();
  36              		.loc 1 33 0
  37 0002 FFF7FEFF 		bl	UART_1_Start
  38              	.LVL0:
  39 0006 08BD     		pop	{r3, pc}
  40              		.cfi_endproc
  41              	.LFE1:
  42              		.size	init_uart, .-init_uart
  43              		.section	.text.uart_get_byte,"ax",%progbits
  44              		.align	2
  45              		.global	uart_get_byte
  46              		.thumb
  47              		.thumb_func
  48              		.type	uart_get_byte, %function
  49              	uart_get_byte:
  50              	.LFB2:
  34:bsp_uart.c    **** }
  35:bsp_uart.c    **** 
  36:bsp_uart.c    **** /*
  37:bsp_uart.c    **** ***************************************************************************************************
  38:bsp_uart.c    **** *                                       uart_get_byte()
  39:bsp_uart.c    **** *
  40:bsp_uart.c    **** * Description : Returns the last received byte of data. UART_1_GetChar() is
  41:bsp_uart.c    **** *               designed for ASCII characters and returns a uint8 where 1 to 255 are values
  42:bsp_uart.c    **** *               for valid characters and 0 indicates an error occurred or no data is present 
  43:bsp_uart.c    **** *
  44:bsp_uart.c    **** * Argument(s) : none.
  45:bsp_uart.c    **** *
  46:bsp_uart.c    **** * Return(s)   : Character read from UART RX buffer. ASCII characters from 1 to 255 are valid.
  47:bsp_uart.c    **** *               A returned zero signifies an error condition or no data available.
  48:bsp_uart.c    **** *
  49:bsp_uart.c    **** * Caller(s)   : Application.
  50:bsp_uart.c    **** *
  51:bsp_uart.c    **** * Note(s)     : Not re-entrant, non-blocking.
  52:bsp_uart.c    **** ***************************************************************************************************
  53:bsp_uart.c    **** */
  54:bsp_uart.c    **** 
  55:bsp_uart.c    **** CPU_INT08U uart_get_byte(CPU_VOID)
  56:bsp_uart.c    **** {
  51              		.loc 1 56 0
  52              		.cfi_startproc
  53              		@ args = 0, pretend = 0, frame = 0
  54              		@ frame_needed = 0, uses_anonymous_args = 0
  55 0000 08B5     		push	{r3, lr}
  56              		.cfi_def_cfa_offset 8
  57              		.cfi_offset 3, -8
  58              		.cfi_offset 14, -4
ARM GAS  C:\Users\filip\AppData\Local\Temp\cczs8R9l.s 			page 3


  57:bsp_uart.c    ****     return UART_1_GetChar();
  59              		.loc 1 57 0
  60 0002 FFF7FEFF 		bl	UART_1_GetChar
  61              	.LVL1:
  58:bsp_uart.c    **** }
  62              		.loc 1 58 0
  63 0006 08BD     		pop	{r3, pc}
  64              		.cfi_endproc
  65              	.LFE2:
  66              		.size	uart_get_byte, .-uart_get_byte
  67              		.section	.text.uart_send_byte,"ax",%progbits
  68              		.align	2
  69              		.global	uart_send_byte
  70              		.thumb
  71              		.thumb_func
  72              		.type	uart_send_byte, %function
  73              	uart_send_byte:
  74              	.LFB3:
  59:bsp_uart.c    **** 
  60:bsp_uart.c    **** /*
  61:bsp_uart.c    **** ***************************************************************************************************
  62:bsp_uart.c    **** *                                       uart_send_byte()
  63:bsp_uart.c    **** *
  64:bsp_uart.c    **** * Description : Puts a byte of data into the transmit buffer to be sent when the bus is
  65:bsp_uart.c    **** *               available. This is a blocking API that waits until the TX buffer has room to
  66:bsp_uart.c    **** *               hold the data. 
  67:bsp_uart.c    **** *
  68:bsp_uart.c    **** * Argument(s) : byte ... containing the data to transmit
  69:bsp_uart.c    **** *
  70:bsp_uart.c    **** * Return(s)   : None.
  71:bsp_uart.c    **** *
  72:bsp_uart.c    **** * Caller(s)   : Application.
  73:bsp_uart.c    **** *
  74:bsp_uart.c    **** * Note(s)     : Not re-entrant.
  75:bsp_uart.c    **** ***************************************************************************************************
  76:bsp_uart.c    **** */
  77:bsp_uart.c    **** 
  78:bsp_uart.c    **** CPU_VOID uart_send_byte(CPU_INT08U byte)
  79:bsp_uart.c    **** {
  75              		.loc 1 79 0
  76              		.cfi_startproc
  77              		@ args = 0, pretend = 0, frame = 0
  78              		@ frame_needed = 0, uses_anonymous_args = 0
  79              	.LVL2:
  80 0000 08B5     		push	{r3, lr}
  81              		.cfi_def_cfa_offset 8
  82              		.cfi_offset 3, -8
  83              		.cfi_offset 14, -4
  80:bsp_uart.c    ****     UART_1_PutChar(byte);
  84              		.loc 1 80 0
  85 0002 FFF7FEFF 		bl	UART_1_PutChar
  86              	.LVL3:
  87 0006 08BD     		pop	{r3, pc}
  88              		.cfi_endproc
  89              	.LFE3:
  90              		.size	uart_send_byte, .-uart_send_byte
  91              		.section	.text.uart_send_string,"ax",%progbits
ARM GAS  C:\Users\filip\AppData\Local\Temp\cczs8R9l.s 			page 4


  92              		.align	2
  93              		.global	uart_send_string
  94              		.thumb
  95              		.thumb_func
  96              		.type	uart_send_string, %function
  97              	uart_send_string:
  98              	.LFB4:
  81:bsp_uart.c    **** }
  82:bsp_uart.c    **** 
  83:bsp_uart.c    **** /*
  84:bsp_uart.c    **** ***************************************************************************************************
  85:bsp_uart.c    **** *                                      uart_send_string()
  86:bsp_uart.c    **** *
  87:bsp_uart.c    **** * Description : Puts a string into the transmit buffer to be sent when the bus is
  88:bsp_uart.c    **** *               available. This is a blocking API that waits until the TX buffer has room to
  89:bsp_uart.c    **** *               hold the data. 
  90:bsp_uart.c    **** *
  91:bsp_uart.c    **** * Argument(s) : array ... containing the data to transmit
  92:bsp_uart.c    **** *
  93:bsp_uart.c    **** * Return(s)   : None.
  94:bsp_uart.c    **** *
  95:bsp_uart.c    **** * Caller(s)   : Application.
  96:bsp_uart.c    **** *
  97:bsp_uart.c    **** * Note(s)     : Not re-entrant.
  98:bsp_uart.c    **** ***************************************************************************************************
  99:bsp_uart.c    **** */
 100:bsp_uart.c    **** 
 101:bsp_uart.c    **** CPU_VOID uart_send_string(CPU_CHAR array[])
 102:bsp_uart.c    **** {
  99              		.loc 1 102 0
 100              		.cfi_startproc
 101              		@ args = 0, pretend = 0, frame = 0
 102              		@ frame_needed = 0, uses_anonymous_args = 0
 103              	.LVL4:
 104 0000 08B5     		push	{r3, lr}
 105              		.cfi_def_cfa_offset 8
 106              		.cfi_offset 3, -8
 107              		.cfi_offset 14, -4
 103:bsp_uart.c    ****     UART_1_PutString(array);
 108              		.loc 1 103 0
 109 0002 FFF7FEFF 		bl	UART_1_PutString
 110              	.LVL5:
 111 0006 08BD     		pop	{r3, pc}
 112              		.cfi_endproc
 113              	.LFE4:
 114              		.size	uart_send_string, .-uart_send_string
 115              		.section	.text.uart_send_array,"ax",%progbits
 116              		.align	2
 117              		.global	uart_send_array
 118              		.thumb
 119              		.thumb_func
 120              		.type	uart_send_array, %function
 121              	uart_send_array:
 122              	.LFB5:
 104:bsp_uart.c    **** }
 105:bsp_uart.c    **** 
 106:bsp_uart.c    **** /*
ARM GAS  C:\Users\filip\AppData\Local\Temp\cczs8R9l.s 			page 5


 107:bsp_uart.c    **** ***************************************************************************************************
 108:bsp_uart.c    **** *                                   uart_send_array()
 109:bsp_uart.c    **** *
 110:bsp_uart.c    **** * Description : Puts an array of size N into the transmit buffer to be sent when the bus is
 111:bsp_uart.c    **** *               available. This is a blocking API that waits until the TX buffer has room to
 112:bsp_uart.c    **** *               hold the data. 
 113:bsp_uart.c    **** *
 114:bsp_uart.c    **** * Argument(s) : array     ... containing the data to transmit
 115:bsp_uart.c    **** *               byteCount ... number of bytes to be transmitted
 116:bsp_uart.c    **** *
 117:bsp_uart.c    **** * Return(s)   : None.
 118:bsp_uart.c    **** *
 119:bsp_uart.c    **** * Caller(s)   : Application.
 120:bsp_uart.c    **** *
 121:bsp_uart.c    **** * Note(s)     : Not re-entrant.
 122:bsp_uart.c    **** ***************************************************************************************************
 123:bsp_uart.c    **** */
 124:bsp_uart.c    **** 
 125:bsp_uart.c    **** CPU_VOID uart_send_array(CPU_INT08U array[], CPU_INT08U byteCount) 
 126:bsp_uart.c    **** {
 123              		.loc 1 126 0
 124              		.cfi_startproc
 125              		@ args = 0, pretend = 0, frame = 0
 126              		@ frame_needed = 0, uses_anonymous_args = 0
 127              	.LVL6:
 128 0000 08B5     		push	{r3, lr}
 129              		.cfi_def_cfa_offset 8
 130              		.cfi_offset 3, -8
 131              		.cfi_offset 14, -4
 127:bsp_uart.c    ****     UART_1_PutArray(array, byteCount);
 132              		.loc 1 127 0
 133 0002 FFF7FEFF 		bl	UART_1_PutArray
 134              	.LVL7:
 135 0006 08BD     		pop	{r3, pc}
 136              		.cfi_endproc
 137              	.LFE5:
 138              		.size	uart_send_array, .-uart_send_array
 139              		.global	__aeabi_dcmplt
 140              		.global	__aeabi_dmul
 141              		.global	__aeabi_d2iz
 142              		.section	.text.uart_send_double,"ax",%progbits
 143              		.align	2
 144              		.global	uart_send_double
 145              		.thumb
 146              		.thumb_func
 147              		.type	uart_send_double, %function
 148              	uart_send_double:
 149              	.LFB6:
 128:bsp_uart.c    **** }
 129:bsp_uart.c    **** 
 130:bsp_uart.c    **** /*
 131:bsp_uart.c    **** ***************************************************************************************************
 132:bsp_uart.c    **** *                                  uart_send_double()
 133:bsp_uart.c    **** *
 134:bsp_uart.c    **** * Description : Puts a string with a double value into the transmit 
 135:bsp_uart.c    **** *               buffer to be sent when the bus is available. This is a blocking 
 136:bsp_uart.c    **** *               API that waits until the TX buffer has room to hold the data. 
ARM GAS  C:\Users\filip\AppData\Local\Temp\cczs8R9l.s 			page 6


 137:bsp_uart.c    **** *
 138:bsp_uart.c    **** * Argument(s) : array         ... containing the data to transmit
 139:bsp_uart.c    **** *               double_value  ... double value to be transmitted as (X.XX)
 140:bsp_uart.c    **** *
 141:bsp_uart.c    **** * Return(s)   : None.
 142:bsp_uart.c    **** *
 143:bsp_uart.c    **** * Caller(s)   : Application.
 144:bsp_uart.c    **** *
 145:bsp_uart.c    **** * Note(s)     : Not re-entrant.
 146:bsp_uart.c    **** ***************************************************************************************************
 147:bsp_uart.c    **** */
 148:bsp_uart.c    **** 
 149:bsp_uart.c    **** CPU_VOID uart_send_double(CPU_CHAR array[], CPU_FP64 double_value)
 150:bsp_uart.c    **** {
 150              		.loc 1 150 0
 151              		.cfi_startproc
 152              		@ args = 0, pretend = 0, frame = 256
 153              		@ frame_needed = 0, uses_anonymous_args = 0
 154              	.LVL8:
 155 0000 2DE9F041 		push	{r4, r5, r6, r7, r8, lr}
 156              		.cfi_def_cfa_offset 24
 157              		.cfi_offset 4, -24
 158              		.cfi_offset 5, -20
 159              		.cfi_offset 6, -16
 160              		.cfi_offset 7, -12
 161              		.cfi_offset 8, -8
 162              		.cfi_offset 14, -4
 163 0004 C2B0     		sub	sp, sp, #264
 164              		.cfi_def_cfa_offset 288
 165 0006 0446     		mov	r4, r0
 166 0008 1746     		mov	r7, r2
 167 000a 1D46     		mov	r5, r3
 151:bsp_uart.c    ****     CPU_INT08U   tx_msg[UART_1_TX_BUFFER_SIZE] = {0};
 168              		.loc 1 151 0
 169 000c FF22     		movs	r2, #255
 170              	.LVL9:
 171 000e 0021     		movs	r1, #0
 172 0010 02A8     		add	r0, sp, #8
 173              	.LVL10:
 174 0012 FFF7FEFF 		bl	memset
 175              	.LVL11:
 152:bsp_uart.c    ****     int tx_msg_len = 0;
 153:bsp_uart.c    ****     
 154:bsp_uart.c    ****     if (double_value < 0.0) {
 176              		.loc 1 154 0
 177 0016 0022     		movs	r2, #0
 178 0018 0023     		movs	r3, #0
 179 001a 3846     		mov	r0, r7
 180 001c 2946     		mov	r1, r5
 181 001e FFF7FEFF 		bl	__aeabi_dcmplt
 182              	.LVL12:
 183 0022 58B3     		cbz	r0, .L16
 155:bsp_uart.c    ****       double_value *= -1.0;
 184              		.loc 1 155 0
 185 0024 05F10045 		add	r5, r5, #-2147483648
 186              	.LVL13:
 156:bsp_uart.c    ****       tx_msg_len = strlen(strncpy((CPU_CHAR *)tx_msg, array, UART_1_TX_BUFFER_SIZE-7));
ARM GAS  C:\Users\filip\AppData\Local\Temp\cczs8R9l.s 			page 7


 187              		.loc 1 156 0
 188 0028 F822     		movs	r2, #248
 189 002a 2146     		mov	r1, r4
 190 002c 02A8     		add	r0, sp, #8
 191 002e FFF7FEFF 		bl	strncpy
 192              	.LVL14:
 193 0032 FFF7FEFF 		bl	strlen
 194              	.LVL15:
 195 0036 0446     		mov	r4, r0
 196              	.LVL16:
 157:bsp_uart.c    ****       tx_msg_len += snprintf((CPU_CHAR *)(tx_msg+tx_msg_len), 7, "-%d.%02d\n", 
 197              		.loc 1 157 0
 198 0038 02AB     		add	r3, sp, #8
 199 003a 1E18     		adds	r6, r3, r0
 158:bsp_uart.c    ****                            (int)double_value, (int)(100*double_value)%100);
 200              		.loc 1 158 0
 201 003c 0022     		movs	r2, #0
 202 003e 2A4B     		ldr	r3, .L18
 203 0040 3846     		mov	r0, r7
 204              	.LVL17:
 205 0042 2946     		mov	r1, r5
 206 0044 FFF7FEFF 		bl	__aeabi_dmul
 207              	.LVL18:
 208 0048 FFF7FEFF 		bl	__aeabi_d2iz
 209              	.LVL19:
 210 004c 8046     		mov	r8, r0
 157:bsp_uart.c    ****       tx_msg_len += snprintf((CPU_CHAR *)(tx_msg+tx_msg_len), 7, "-%d.%02d\n", 
 211              		.loc 1 157 0
 212 004e 3846     		mov	r0, r7
 213 0050 2946     		mov	r1, r5
 214 0052 FFF7FEFF 		bl	__aeabi_d2iz
 215              	.LVL20:
 216 0056 254B     		ldr	r3, .L18+4
 217 0058 83FB0832 		smull	r3, r2, r3, r8
 218 005c 4FEAE873 		asr	r3, r8, #31
 219 0060 C3EB6213 		rsb	r3, r3, r2, asr #5
 220 0064 6422     		movs	r2, #100
 221 0066 02FB1383 		mls	r3, r2, r3, r8
 222 006a 0093     		str	r3, [sp]
 223 006c 0346     		mov	r3, r0
 224 006e 204A     		ldr	r2, .L18+8
 225 0070 0721     		movs	r1, #7
 226 0072 3046     		mov	r0, r6
 227 0074 FFF7FEFF 		bl	snprintf
 228              	.LVL21:
 229 0078 2118     		adds	r1, r4, r0
 230              	.LVL22:
 231 007a 28E0     		b	.L14
 232              	.LVL23:
 233              	.L16:
 159:bsp_uart.c    ****     } 
 160:bsp_uart.c    ****     else {
 161:bsp_uart.c    ****       tx_msg_len = strlen(strncpy((CPU_CHAR *)tx_msg, array, UART_1_TX_BUFFER_SIZE-6));
 234              		.loc 1 161 0
 235 007c F922     		movs	r2, #249
 236 007e 2146     		mov	r1, r4
 237 0080 02A8     		add	r0, sp, #8
ARM GAS  C:\Users\filip\AppData\Local\Temp\cczs8R9l.s 			page 8


 238 0082 FFF7FEFF 		bl	strncpy
 239              	.LVL24:
 240 0086 FFF7FEFF 		bl	strlen
 241              	.LVL25:
 242 008a 0446     		mov	r4, r0
 243              	.LVL26:
 162:bsp_uart.c    ****       tx_msg_len += snprintf((CPU_CHAR *)(tx_msg+tx_msg_len), 6, "%d.%02d\n", 
 244              		.loc 1 162 0
 245 008c 02AB     		add	r3, sp, #8
 246 008e 1E18     		adds	r6, r3, r0
 163:bsp_uart.c    ****                            (int)double_value, (int)(100*double_value)%100);
 247              		.loc 1 163 0
 248 0090 0022     		movs	r2, #0
 249 0092 154B     		ldr	r3, .L18
 250 0094 3846     		mov	r0, r7
 251              	.LVL27:
 252 0096 2946     		mov	r1, r5
 253 0098 FFF7FEFF 		bl	__aeabi_dmul
 254              	.LVL28:
 255 009c FFF7FEFF 		bl	__aeabi_d2iz
 256              	.LVL29:
 257 00a0 8046     		mov	r8, r0
 162:bsp_uart.c    ****       tx_msg_len += snprintf((CPU_CHAR *)(tx_msg+tx_msg_len), 6, "%d.%02d\n", 
 258              		.loc 1 162 0
 259 00a2 3846     		mov	r0, r7
 260 00a4 2946     		mov	r1, r5
 261 00a6 FFF7FEFF 		bl	__aeabi_d2iz
 262              	.LVL30:
 263 00aa 104B     		ldr	r3, .L18+4
 264 00ac 83FB0823 		smull	r2, r3, r3, r8
 265 00b0 4FEAE872 		asr	r2, r8, #31
 266 00b4 C2EB6313 		rsb	r3, r2, r3, asr #5
 267 00b8 6422     		movs	r2, #100
 268 00ba 02FB1383 		mls	r3, r2, r3, r8
 269 00be 0093     		str	r3, [sp]
 270 00c0 0346     		mov	r3, r0
 271 00c2 0C4A     		ldr	r2, .L18+12
 272 00c4 0621     		movs	r1, #6
 273 00c6 3046     		mov	r0, r6
 274 00c8 FFF7FEFF 		bl	snprintf
 275              	.LVL31:
 276 00cc 2118     		adds	r1, r4, r0
 277              	.LVL32:
 278              	.L14:
 164:bsp_uart.c    ****     }
 165:bsp_uart.c    ****     uart_send_array(tx_msg, tx_msg_len);
 279              		.loc 1 165 0
 280 00ce C9B2     		uxtb	r1, r1
 281              	.LVL33:
 282 00d0 02A8     		add	r0, sp, #8
 283 00d2 FFF7FEFF 		bl	uart_send_array
 284              	.LVL34:
 166:bsp_uart.c    ****     memset(&tx_msg[0],0,sizeof(tx_msg));
 285              		.loc 1 166 0
 286 00d6 FF22     		movs	r2, #255
 287 00d8 0021     		movs	r1, #0
 288 00da 02A8     		add	r0, sp, #8
ARM GAS  C:\Users\filip\AppData\Local\Temp\cczs8R9l.s 			page 9


 289 00dc FFF7FEFF 		bl	memset
 290              	.LVL35:
 167:bsp_uart.c    **** }
 291              		.loc 1 167 0
 292 00e0 42B0     		add	sp, sp, #264
 293              		.cfi_def_cfa_offset 24
 294              		@ sp needed
 295 00e2 BDE8F081 		pop	{r4, r5, r6, r7, r8, pc}
 296              	.L19:
 297 00e6 00BF     		.align	2
 298              	.L18:
 299 00e8 00005940 		.word	1079574528
 300 00ec 1F85EB51 		.word	1374389535
 301 00f0 00000000 		.word	.LC0
 302 00f4 0C000000 		.word	.LC1
 303              		.cfi_endproc
 304              	.LFE6:
 305              		.size	uart_send_double, .-uart_send_double
 306              		.section	.rodata.str1.4,"aMS",%progbits,1
 307              		.align	2
 308              	.LC0:
 309 0000 2D25642E 		.ascii	"-%d.%02d\012\000"
 309      25303264 
 309      0A00
 310 000a 0000     		.space	2
 311              	.LC1:
 312 000c 25642E25 		.ascii	"%d.%02d\012\000"
 312      3032640A 
 312      00
 313              		.text
 314              	.Letext0:
 315              		.file 2 ".\\uC-CPU\\ARM-Cortex-M3\\GNU/cpu.h"
 316              		.file 3 "./bsp_uart.h"
 317              		.file 4 "Generated_Source\\PSoC5/UART_1.h"
 318              		.file 5 "c:\\program files (x86)\\cypress\\psoc creator\\4.2\\psoc creator\\import\\gnu\\arm\\5.4.
 319              		.file 6 "c:\\program files (x86)\\cypress\\psoc creator\\4.2\\psoc creator\\import\\gnu\\arm\\5.4.
 320              		.section	.debug_info,"",%progbits
 321              	.Ldebug_info0:
 322 0000 B5030000 		.4byte	0x3b5
 323 0004 0400     		.2byte	0x4
 324 0006 00000000 		.4byte	.Ldebug_abbrev0
 325 000a 04       		.byte	0x4
 326 000b 01       		.uleb128 0x1
 327 000c AD000000 		.4byte	.LASF38
 328 0010 0C       		.byte	0xc
 329 0011 FE010000 		.4byte	.LASF39
 330 0015 1F000000 		.4byte	.LASF40
 331 0019 00000000 		.4byte	.Ldebug_ranges0+0
 332 001d 00000000 		.4byte	0
 333 0021 00000000 		.4byte	.Ldebug_line0
 334 0025 02       		.uleb128 0x2
 335 0026 08       		.byte	0x8
 336 0027 07       		.byte	0x7
 337 0028 D7010000 		.4byte	.LASF0
 338 002c 02       		.uleb128 0x2
 339 002d 08       		.byte	0x8
 340 002e 04       		.byte	0x4
ARM GAS  C:\Users\filip\AppData\Local\Temp\cczs8R9l.s 			page 10


 341 002f 73000000 		.4byte	.LASF1
 342 0033 02       		.uleb128 0x2
 343 0034 04       		.byte	0x4
 344 0035 07       		.byte	0x7
 345 0036 66000000 		.4byte	.LASF2
 346 003a 03       		.uleb128 0x3
 347 003b 04       		.byte	0x4
 348 003c 05       		.byte	0x5
 349 003d 696E7400 		.ascii	"int\000"
 350 0041 04       		.uleb128 0x4
 351 0042 0D000000 		.4byte	.LASF5
 352 0046 02       		.byte	0x2
 353 0047 76       		.byte	0x76
 354 0048 4C000000 		.4byte	0x4c
 355 004c 02       		.uleb128 0x2
 356 004d 01       		.byte	0x1
 357 004e 08       		.byte	0x8
 358 004f 3C020000 		.4byte	.LASF3
 359 0053 02       		.uleb128 0x2
 360 0054 01       		.byte	0x1
 361 0055 08       		.byte	0x8
 362 0056 9F000000 		.4byte	.LASF4
 363 005a 04       		.uleb128 0x4
 364 005b 5A010000 		.4byte	.LASF6
 365 005f 02       		.byte	0x2
 366 0060 78       		.byte	0x78
 367 0061 53000000 		.4byte	0x53
 368 0065 02       		.uleb128 0x2
 369 0066 01       		.byte	0x1
 370 0067 06       		.byte	0x6
 371 0068 7F020000 		.4byte	.LASF7
 372 006c 02       		.uleb128 0x2
 373 006d 02       		.byte	0x2
 374 006e 07       		.byte	0x7
 375 006f 8B020000 		.4byte	.LASF8
 376 0073 02       		.uleb128 0x2
 377 0074 02       		.byte	0x2
 378 0075 05       		.byte	0x5
 379 0076 50020000 		.4byte	.LASF9
 380 007a 02       		.uleb128 0x2
 381 007b 08       		.byte	0x8
 382 007c 05       		.byte	0x5
 383 007d 23020000 		.4byte	.LASF10
 384 0081 02       		.uleb128 0x2
 385 0082 04       		.byte	0x4
 386 0083 04       		.byte	0x4
 387 0084 99000000 		.4byte	.LASF11
 388 0088 04       		.uleb128 0x4
 389 0089 A3010000 		.4byte	.LASF12
 390 008d 02       		.byte	0x2
 391 008e 82       		.byte	0x82
 392 008f 2C000000 		.4byte	0x2c
 393 0093 02       		.uleb128 0x2
 394 0094 04       		.byte	0x4
 395 0095 05       		.byte	0x5
 396 0096 6A020000 		.4byte	.LASF13
 397 009a 02       		.uleb128 0x2
ARM GAS  C:\Users\filip\AppData\Local\Temp\cczs8R9l.s 			page 11


 398 009b 04       		.byte	0x4
 399 009c 07       		.byte	0x7
 400 009d 48010000 		.4byte	.LASF14
 401 00a1 02       		.uleb128 0x2
 402 00a2 08       		.byte	0x8
 403 00a3 04       		.byte	0x4
 404 00a4 73020000 		.4byte	.LASF15
 405 00a8 02       		.uleb128 0x2
 406 00a9 04       		.byte	0x4
 407 00aa 07       		.byte	0x7
 408 00ab 1A020000 		.4byte	.LASF16
 409 00af 05       		.uleb128 0x5
 410 00b0 7F000000 		.4byte	.LASF17
 411 00b4 01       		.byte	0x1
 412 00b5 1F       		.byte	0x1f
 413 00b6 00000000 		.4byte	.LFB1
 414 00ba 08000000 		.4byte	.LFE1-.LFB1
 415 00be 01       		.uleb128 0x1
 416 00bf 9C       		.byte	0x9c
 417 00c0 CE000000 		.4byte	0xce
 418 00c4 06       		.uleb128 0x6
 419 00c5 06000000 		.4byte	.LVL0
 420 00c9 57030000 		.4byte	0x357
 421 00cd 00       		.byte	0
 422 00ce 07       		.uleb128 0x7
 423 00cf AC010000 		.4byte	.LASF41
 424 00d3 01       		.byte	0x1
 425 00d4 37       		.byte	0x37
 426 00d5 5A000000 		.4byte	0x5a
 427 00d9 00000000 		.4byte	.LFB2
 428 00dd 08000000 		.4byte	.LFE2-.LFB2
 429 00e1 01       		.uleb128 0x1
 430 00e2 9C       		.byte	0x9c
 431 00e3 F1000000 		.4byte	0xf1
 432 00e7 06       		.uleb128 0x6
 433 00e8 06000000 		.4byte	.LVL1
 434 00ec 62030000 		.4byte	0x362
 435 00f0 00       		.byte	0
 436 00f1 05       		.uleb128 0x5
 437 00f2 41020000 		.4byte	.LASF18
 438 00f6 01       		.byte	0x1
 439 00f7 4E       		.byte	0x4e
 440 00f8 00000000 		.4byte	.LFB3
 441 00fc 08000000 		.4byte	.LFE3-.LFB3
 442 0100 01       		.uleb128 0x1
 443 0101 9C       		.byte	0x9c
 444 0102 1F010000 		.4byte	0x11f
 445 0106 08       		.uleb128 0x8
 446 0107 7A000000 		.4byte	.LASF20
 447 010b 01       		.byte	0x1
 448 010c 4E       		.byte	0x4e
 449 010d 5A000000 		.4byte	0x5a
 450 0111 00000000 		.4byte	.LLST0
 451 0115 06       		.uleb128 0x6
 452 0116 06000000 		.4byte	.LVL3
 453 011a 6D030000 		.4byte	0x36d
 454 011e 00       		.byte	0
ARM GAS  C:\Users\filip\AppData\Local\Temp\cczs8R9l.s 			page 12


 455 011f 05       		.uleb128 0x5
 456 0120 92010000 		.4byte	.LASF19
 457 0124 01       		.byte	0x1
 458 0125 65       		.byte	0x65
 459 0126 00000000 		.4byte	.LFB4
 460 012a 08000000 		.4byte	.LFE4-.LFB4
 461 012e 01       		.uleb128 0x1
 462 012f 9C       		.byte	0x9c
 463 0130 55010000 		.4byte	0x155
 464 0134 08       		.uleb128 0x8
 465 0135 65010000 		.4byte	.LASF21
 466 0139 01       		.byte	0x1
 467 013a 65       		.byte	0x65
 468 013b 55010000 		.4byte	0x155
 469 013f 21000000 		.4byte	.LLST1
 470 0143 09       		.uleb128 0x9
 471 0144 06000000 		.4byte	.LVL5
 472 0148 78030000 		.4byte	0x378
 473 014c 0A       		.uleb128 0xa
 474 014d 01       		.uleb128 0x1
 475 014e 50       		.byte	0x50
 476 014f 03       		.uleb128 0x3
 477 0150 F3       		.byte	0xf3
 478 0151 01       		.uleb128 0x1
 479 0152 50       		.byte	0x50
 480 0153 00       		.byte	0
 481 0154 00       		.byte	0
 482 0155 0B       		.uleb128 0xb
 483 0156 04       		.byte	0x4
 484 0157 41000000 		.4byte	0x41
 485 015b 05       		.uleb128 0x5
 486 015c 89000000 		.4byte	.LASF22
 487 0160 01       		.byte	0x1
 488 0161 7D       		.byte	0x7d
 489 0162 00000000 		.4byte	.LFB5
 490 0166 08000000 		.4byte	.LFE5-.LFB5
 491 016a 01       		.uleb128 0x1
 492 016b 9C       		.byte	0x9c
 493 016c A0010000 		.4byte	0x1a0
 494 0170 08       		.uleb128 0x8
 495 0171 65010000 		.4byte	.LASF21
 496 0175 01       		.byte	0x1
 497 0176 7D       		.byte	0x7d
 498 0177 A0010000 		.4byte	0x1a0
 499 017b 42000000 		.4byte	.LLST2
 500 017f 08       		.uleb128 0x8
 501 0180 6B010000 		.4byte	.LASF23
 502 0184 01       		.byte	0x1
 503 0185 7D       		.byte	0x7d
 504 0186 5A000000 		.4byte	0x5a
 505 018a 63000000 		.4byte	.LLST3
 506 018e 09       		.uleb128 0x9
 507 018f 06000000 		.4byte	.LVL7
 508 0193 83030000 		.4byte	0x383
 509 0197 0A       		.uleb128 0xa
 510 0198 01       		.uleb128 0x1
 511 0199 50       		.byte	0x50
ARM GAS  C:\Users\filip\AppData\Local\Temp\cczs8R9l.s 			page 13


 512 019a 03       		.uleb128 0x3
 513 019b F3       		.byte	0xf3
 514 019c 01       		.uleb128 0x1
 515 019d 50       		.byte	0x50
 516 019e 00       		.byte	0
 517 019f 00       		.byte	0
 518 01a0 0B       		.uleb128 0xb
 519 01a1 04       		.byte	0x4
 520 01a2 5A000000 		.4byte	0x5a
 521 01a6 0C       		.uleb128 0xc
 522 01a7 09020000 		.4byte	.LASF24
 523 01ab 01       		.byte	0x1
 524 01ac 95       		.byte	0x95
 525 01ad 00000000 		.4byte	.LFB6
 526 01b1 F8000000 		.4byte	.LFE6-.LFB6
 527 01b5 01       		.uleb128 0x1
 528 01b6 9C       		.byte	0x9c
 529 01b7 2F030000 		.4byte	0x32f
 530 01bb 08       		.uleb128 0x8
 531 01bc 65010000 		.4byte	.LASF21
 532 01c0 01       		.byte	0x1
 533 01c1 95       		.byte	0x95
 534 01c2 55010000 		.4byte	0x155
 535 01c6 84000000 		.4byte	.LLST4
 536 01ca 08       		.uleb128 0x8
 537 01cb 3B010000 		.4byte	.LASF25
 538 01cf 01       		.byte	0x1
 539 01d0 95       		.byte	0x95
 540 01d1 88000000 		.4byte	0x88
 541 01d5 C9000000 		.4byte	.LLST5
 542 01d9 0D       		.uleb128 0xd
 543 01da BA010000 		.4byte	.LASF26
 544 01de 01       		.byte	0x1
 545 01df 97       		.byte	0x97
 546 01e0 2F030000 		.4byte	0x32f
 547 01e4 03       		.uleb128 0x3
 548 01e5 91       		.byte	0x91
 549 01e6 E87D     		.sleb128 -280
 550 01e8 0E       		.uleb128 0xe
 551 01e9 31020000 		.4byte	.LASF27
 552 01ed 01       		.byte	0x1
 553 01ee 98       		.byte	0x98
 554 01ef 3A000000 		.4byte	0x3a
 555 01f3 11010000 		.4byte	.LLST6
 556 01f7 0F       		.uleb128 0xf
 557 01f8 16000000 		.4byte	.LVL11
 558 01fc 8E030000 		.4byte	0x38e
 559 0200 17020000 		.4byte	0x217
 560 0204 0A       		.uleb128 0xa
 561 0205 01       		.uleb128 0x1
 562 0206 50       		.byte	0x50
 563 0207 03       		.uleb128 0x3
 564 0208 91       		.byte	0x91
 565 0209 E87D     		.sleb128 -280
 566 020b 0A       		.uleb128 0xa
 567 020c 01       		.uleb128 0x1
 568 020d 51       		.byte	0x51
ARM GAS  C:\Users\filip\AppData\Local\Temp\cczs8R9l.s 			page 14


 569 020e 01       		.uleb128 0x1
 570 020f 30       		.byte	0x30
 571 0210 0A       		.uleb128 0xa
 572 0211 01       		.uleb128 0x1
 573 0212 52       		.byte	0x52
 574 0213 02       		.uleb128 0x2
 575 0214 08       		.byte	0x8
 576 0215 FF       		.byte	0xff
 577 0216 00       		.byte	0
 578 0217 0F       		.uleb128 0xf
 579 0218 32000000 		.4byte	.LVL14
 580 021c 97030000 		.4byte	0x397
 581 0220 38020000 		.4byte	0x238
 582 0224 0A       		.uleb128 0xa
 583 0225 01       		.uleb128 0x1
 584 0226 50       		.byte	0x50
 585 0227 03       		.uleb128 0x3
 586 0228 91       		.byte	0x91
 587 0229 E87D     		.sleb128 -280
 588 022b 0A       		.uleb128 0xa
 589 022c 01       		.uleb128 0x1
 590 022d 51       		.byte	0x51
 591 022e 02       		.uleb128 0x2
 592 022f 74       		.byte	0x74
 593 0230 00       		.sleb128 0
 594 0231 0A       		.uleb128 0xa
 595 0232 01       		.uleb128 0x1
 596 0233 52       		.byte	0x52
 597 0234 02       		.uleb128 0x2
 598 0235 08       		.byte	0x8
 599 0236 F8       		.byte	0xf8
 600 0237 00       		.byte	0
 601 0238 06       		.uleb128 0x6
 602 0239 36000000 		.4byte	.LVL15
 603 023d A2030000 		.4byte	0x3a2
 604 0241 0F       		.uleb128 0xf
 605 0242 78000000 		.4byte	.LVL21
 606 0246 AD030000 		.4byte	0x3ad
 607 024a 8A020000 		.4byte	0x28a
 608 024e 0A       		.uleb128 0xa
 609 024f 01       		.uleb128 0x1
 610 0250 50       		.byte	0x50
 611 0251 02       		.uleb128 0x2
 612 0252 76       		.byte	0x76
 613 0253 00       		.sleb128 0
 614 0254 0A       		.uleb128 0xa
 615 0255 01       		.uleb128 0x1
 616 0256 51       		.byte	0x51
 617 0257 01       		.uleb128 0x1
 618 0258 37       		.byte	0x37
 619 0259 0A       		.uleb128 0xa
 620 025a 01       		.uleb128 0x1
 621 025b 52       		.byte	0x52
 622 025c 05       		.uleb128 0x5
 623 025d 03       		.byte	0x3
 624 025e 00000000 		.4byte	.LC0
 625 0262 0A       		.uleb128 0xa
ARM GAS  C:\Users\filip\AppData\Local\Temp\cczs8R9l.s 			page 15


 626 0263 02       		.uleb128 0x2
 627 0264 7D       		.byte	0x7d
 628 0265 00       		.sleb128 0
 629 0266 22       		.uleb128 0x22
 630 0267 78       		.byte	0x78
 631 0268 00       		.sleb128 0
 632 0269 78       		.byte	0x78
 633 026a 00       		.sleb128 0
 634 026b F7       		.byte	0xf7
 635 026c 3A       		.uleb128 0x3a
 636 026d F7       		.byte	0xf7
 637 026e 25       		.uleb128 0x25
 638 026f 0C       		.byte	0xc
 639 0270 1F85EB51 		.4byte	0x51eb851f
 640 0274 F7       		.byte	0xf7
 641 0275 25       		.uleb128 0x25
 642 0276 1E       		.byte	0x1e
 643 0277 08       		.byte	0x8
 644 0278 20       		.byte	0x20
 645 0279 F7       		.byte	0xf7
 646 027a 25       		.uleb128 0x25
 647 027b 25       		.byte	0x25
 648 027c F7       		.byte	0xf7
 649 027d 33       		.uleb128 0x33
 650 027e 35       		.byte	0x35
 651 027f 26       		.byte	0x26
 652 0280 78       		.byte	0x78
 653 0281 00       		.sleb128 0
 654 0282 4F       		.byte	0x4f
 655 0283 26       		.byte	0x26
 656 0284 1C       		.byte	0x1c
 657 0285 08       		.byte	0x8
 658 0286 64       		.byte	0x64
 659 0287 1E       		.byte	0x1e
 660 0288 1C       		.byte	0x1c
 661 0289 00       		.byte	0
 662 028a 0F       		.uleb128 0xf
 663 028b 86000000 		.4byte	.LVL24
 664 028f 97030000 		.4byte	0x397
 665 0293 AB020000 		.4byte	0x2ab
 666 0297 0A       		.uleb128 0xa
 667 0298 01       		.uleb128 0x1
 668 0299 50       		.byte	0x50
 669 029a 03       		.uleb128 0x3
 670 029b 91       		.byte	0x91
 671 029c E87D     		.sleb128 -280
 672 029e 0A       		.uleb128 0xa
 673 029f 01       		.uleb128 0x1
 674 02a0 51       		.byte	0x51
 675 02a1 02       		.uleb128 0x2
 676 02a2 74       		.byte	0x74
 677 02a3 00       		.sleb128 0
 678 02a4 0A       		.uleb128 0xa
 679 02a5 01       		.uleb128 0x1
 680 02a6 52       		.byte	0x52
 681 02a7 02       		.uleb128 0x2
 682 02a8 08       		.byte	0x8
ARM GAS  C:\Users\filip\AppData\Local\Temp\cczs8R9l.s 			page 16


 683 02a9 F9       		.byte	0xf9
 684 02aa 00       		.byte	0
 685 02ab 06       		.uleb128 0x6
 686 02ac 8A000000 		.4byte	.LVL25
 687 02b0 A2030000 		.4byte	0x3a2
 688 02b4 0F       		.uleb128 0xf
 689 02b5 CC000000 		.4byte	.LVL31
 690 02b9 AD030000 		.4byte	0x3ad
 691 02bd FD020000 		.4byte	0x2fd
 692 02c1 0A       		.uleb128 0xa
 693 02c2 01       		.uleb128 0x1
 694 02c3 50       		.byte	0x50
 695 02c4 02       		.uleb128 0x2
 696 02c5 76       		.byte	0x76
 697 02c6 00       		.sleb128 0
 698 02c7 0A       		.uleb128 0xa
 699 02c8 01       		.uleb128 0x1
 700 02c9 51       		.byte	0x51
 701 02ca 01       		.uleb128 0x1
 702 02cb 36       		.byte	0x36
 703 02cc 0A       		.uleb128 0xa
 704 02cd 01       		.uleb128 0x1
 705 02ce 52       		.byte	0x52
 706 02cf 05       		.uleb128 0x5
 707 02d0 03       		.byte	0x3
 708 02d1 0C000000 		.4byte	.LC1
 709 02d5 0A       		.uleb128 0xa
 710 02d6 02       		.uleb128 0x2
 711 02d7 7D       		.byte	0x7d
 712 02d8 00       		.sleb128 0
 713 02d9 22       		.uleb128 0x22
 714 02da 78       		.byte	0x78
 715 02db 00       		.sleb128 0
 716 02dc 78       		.byte	0x78
 717 02dd 00       		.sleb128 0
 718 02de F7       		.byte	0xf7
 719 02df 3A       		.uleb128 0x3a
 720 02e0 F7       		.byte	0xf7
 721 02e1 25       		.uleb128 0x25
 722 02e2 0C       		.byte	0xc
 723 02e3 1F85EB51 		.4byte	0x51eb851f
 724 02e7 F7       		.byte	0xf7
 725 02e8 25       		.uleb128 0x25
 726 02e9 1E       		.byte	0x1e
 727 02ea 08       		.byte	0x8
 728 02eb 20       		.byte	0x20
 729 02ec F7       		.byte	0xf7
 730 02ed 25       		.uleb128 0x25
 731 02ee 25       		.byte	0x25
 732 02ef F7       		.byte	0xf7
 733 02f0 33       		.uleb128 0x33
 734 02f1 35       		.byte	0x35
 735 02f2 26       		.byte	0x26
 736 02f3 78       		.byte	0x78
 737 02f4 00       		.sleb128 0
 738 02f5 4F       		.byte	0x4f
 739 02f6 26       		.byte	0x26
ARM GAS  C:\Users\filip\AppData\Local\Temp\cczs8R9l.s 			page 17


 740 02f7 1C       		.byte	0x1c
 741 02f8 08       		.byte	0x8
 742 02f9 64       		.byte	0x64
 743 02fa 1E       		.byte	0x1e
 744 02fb 1C       		.byte	0x1c
 745 02fc 00       		.byte	0
 746 02fd 0F       		.uleb128 0xf
 747 02fe D6000000 		.4byte	.LVL34
 748 0302 5B010000 		.4byte	0x15b
 749 0306 12030000 		.4byte	0x312
 750 030a 0A       		.uleb128 0xa
 751 030b 01       		.uleb128 0x1
 752 030c 50       		.byte	0x50
 753 030d 03       		.uleb128 0x3
 754 030e 91       		.byte	0x91
 755 030f E87D     		.sleb128 -280
 756 0311 00       		.byte	0
 757 0312 09       		.uleb128 0x9
 758 0313 E0000000 		.4byte	.LVL35
 759 0317 8E030000 		.4byte	0x38e
 760 031b 0A       		.uleb128 0xa
 761 031c 01       		.uleb128 0x1
 762 031d 50       		.byte	0x50
 763 031e 03       		.uleb128 0x3
 764 031f 91       		.byte	0x91
 765 0320 E87D     		.sleb128 -280
 766 0322 0A       		.uleb128 0xa
 767 0323 01       		.uleb128 0x1
 768 0324 51       		.byte	0x51
 769 0325 01       		.uleb128 0x1
 770 0326 30       		.byte	0x30
 771 0327 0A       		.uleb128 0xa
 772 0328 01       		.uleb128 0x1
 773 0329 52       		.byte	0x52
 774 032a 02       		.uleb128 0x2
 775 032b 08       		.byte	0x8
 776 032c FF       		.byte	0xff
 777 032d 00       		.byte	0
 778 032e 00       		.byte	0
 779 032f 10       		.uleb128 0x10
 780 0330 5A000000 		.4byte	0x5a
 781 0334 3F030000 		.4byte	0x33f
 782 0338 11       		.uleb128 0x11
 783 0339 A8000000 		.4byte	0xa8
 784 033d FE       		.byte	0xfe
 785 033e 00       		.byte	0
 786 033f 12       		.uleb128 0x12
 787 0340 5A020000 		.4byte	.LASF28
 788 0344 03       		.byte	0x3
 789 0345 12       		.byte	0x12
 790 0346 5A000000 		.4byte	0x5a
 791 034a 23       		.byte	0x23
 792 034b 12       		.uleb128 0x12
 793 034c 7D010000 		.4byte	.LASF29
 794 0350 03       		.byte	0x3
 795 0351 13       		.byte	0x13
 796 0352 5A000000 		.4byte	0x5a
ARM GAS  C:\Users\filip\AppData\Local\Temp\cczs8R9l.s 			page 18


 797 0356 24       		.byte	0x24
 798 0357 13       		.uleb128 0x13
 799 0358 00000000 		.4byte	.LASF30
 800 035c 00000000 		.4byte	.LASF30
 801 0360 04       		.byte	0x4
 802 0361 54       		.byte	0x54
 803 0362 13       		.uleb128 0x13
 804 0363 AF020000 		.4byte	.LASF31
 805 0367 AF020000 		.4byte	.LASF31
 806 036b 04       		.byte	0x4
 807 036c 71       		.byte	0x71
 808 036d 13       		.uleb128 0x13
 809 036e C1010000 		.4byte	.LASF32
 810 0372 C1010000 		.4byte	.LASF32
 811 0376 04       		.byte	0x4
 812 0377 8A       		.byte	0x8a
 813 0378 13       		.uleb128 0x13
 814 0379 9E020000 		.4byte	.LASF33
 815 037d 9E020000 		.4byte	.LASF33
 816 0381 04       		.byte	0x4
 817 0382 8B       		.byte	0x8b
 818 0383 13       		.uleb128 0x13
 819 0384 EE010000 		.4byte	.LASF34
 820 0388 EE010000 		.4byte	.LASF34
 821 038c 04       		.byte	0x4
 822 038d 8C       		.byte	0x8c
 823 038e 14       		.uleb128 0x14
 824 038f 8B010000 		.4byte	.LASF42
 825 0393 8B010000 		.4byte	.LASF42
 826 0397 13       		.uleb128 0x13
 827 0398 75010000 		.4byte	.LASF35
 828 039c 75010000 		.4byte	.LASF35
 829 03a0 05       		.byte	0x5
 830 03a1 24       		.byte	0x24
 831 03a2 13       		.uleb128 0x13
 832 03a3 D0010000 		.4byte	.LASF36
 833 03a7 D0010000 		.4byte	.LASF36
 834 03ab 05       		.byte	0x5
 835 03ac 21       		.byte	0x21
 836 03ad 13       		.uleb128 0x13
 837 03ae 16000000 		.4byte	.LASF37
 838 03b2 16000000 		.4byte	.LASF37
 839 03b6 06       		.byte	0x6
 840 03b7 FD       		.byte	0xfd
 841 03b8 00       		.byte	0
 842              		.section	.debug_abbrev,"",%progbits
 843              	.Ldebug_abbrev0:
 844 0000 01       		.uleb128 0x1
 845 0001 11       		.uleb128 0x11
 846 0002 01       		.byte	0x1
 847 0003 25       		.uleb128 0x25
 848 0004 0E       		.uleb128 0xe
 849 0005 13       		.uleb128 0x13
 850 0006 0B       		.uleb128 0xb
 851 0007 03       		.uleb128 0x3
 852 0008 0E       		.uleb128 0xe
 853 0009 1B       		.uleb128 0x1b
ARM GAS  C:\Users\filip\AppData\Local\Temp\cczs8R9l.s 			page 19


 854 000a 0E       		.uleb128 0xe
 855 000b 55       		.uleb128 0x55
 856 000c 17       		.uleb128 0x17
 857 000d 11       		.uleb128 0x11
 858 000e 01       		.uleb128 0x1
 859 000f 10       		.uleb128 0x10
 860 0010 17       		.uleb128 0x17
 861 0011 00       		.byte	0
 862 0012 00       		.byte	0
 863 0013 02       		.uleb128 0x2
 864 0014 24       		.uleb128 0x24
 865 0015 00       		.byte	0
 866 0016 0B       		.uleb128 0xb
 867 0017 0B       		.uleb128 0xb
 868 0018 3E       		.uleb128 0x3e
 869 0019 0B       		.uleb128 0xb
 870 001a 03       		.uleb128 0x3
 871 001b 0E       		.uleb128 0xe
 872 001c 00       		.byte	0
 873 001d 00       		.byte	0
 874 001e 03       		.uleb128 0x3
 875 001f 24       		.uleb128 0x24
 876 0020 00       		.byte	0
 877 0021 0B       		.uleb128 0xb
 878 0022 0B       		.uleb128 0xb
 879 0023 3E       		.uleb128 0x3e
 880 0024 0B       		.uleb128 0xb
 881 0025 03       		.uleb128 0x3
 882 0026 08       		.uleb128 0x8
 883 0027 00       		.byte	0
 884 0028 00       		.byte	0
 885 0029 04       		.uleb128 0x4
 886 002a 16       		.uleb128 0x16
 887 002b 00       		.byte	0
 888 002c 03       		.uleb128 0x3
 889 002d 0E       		.uleb128 0xe
 890 002e 3A       		.uleb128 0x3a
 891 002f 0B       		.uleb128 0xb
 892 0030 3B       		.uleb128 0x3b
 893 0031 0B       		.uleb128 0xb
 894 0032 49       		.uleb128 0x49
 895 0033 13       		.uleb128 0x13
 896 0034 00       		.byte	0
 897 0035 00       		.byte	0
 898 0036 05       		.uleb128 0x5
 899 0037 2E       		.uleb128 0x2e
 900 0038 01       		.byte	0x1
 901 0039 3F       		.uleb128 0x3f
 902 003a 19       		.uleb128 0x19
 903 003b 03       		.uleb128 0x3
 904 003c 0E       		.uleb128 0xe
 905 003d 3A       		.uleb128 0x3a
 906 003e 0B       		.uleb128 0xb
 907 003f 3B       		.uleb128 0x3b
 908 0040 0B       		.uleb128 0xb
 909 0041 27       		.uleb128 0x27
 910 0042 19       		.uleb128 0x19
ARM GAS  C:\Users\filip\AppData\Local\Temp\cczs8R9l.s 			page 20


 911 0043 11       		.uleb128 0x11
 912 0044 01       		.uleb128 0x1
 913 0045 12       		.uleb128 0x12
 914 0046 06       		.uleb128 0x6
 915 0047 40       		.uleb128 0x40
 916 0048 18       		.uleb128 0x18
 917 0049 9742     		.uleb128 0x2117
 918 004b 19       		.uleb128 0x19
 919 004c 01       		.uleb128 0x1
 920 004d 13       		.uleb128 0x13
 921 004e 00       		.byte	0
 922 004f 00       		.byte	0
 923 0050 06       		.uleb128 0x6
 924 0051 898201   		.uleb128 0x4109
 925 0054 00       		.byte	0
 926 0055 11       		.uleb128 0x11
 927 0056 01       		.uleb128 0x1
 928 0057 31       		.uleb128 0x31
 929 0058 13       		.uleb128 0x13
 930 0059 00       		.byte	0
 931 005a 00       		.byte	0
 932 005b 07       		.uleb128 0x7
 933 005c 2E       		.uleb128 0x2e
 934 005d 01       		.byte	0x1
 935 005e 3F       		.uleb128 0x3f
 936 005f 19       		.uleb128 0x19
 937 0060 03       		.uleb128 0x3
 938 0061 0E       		.uleb128 0xe
 939 0062 3A       		.uleb128 0x3a
 940 0063 0B       		.uleb128 0xb
 941 0064 3B       		.uleb128 0x3b
 942 0065 0B       		.uleb128 0xb
 943 0066 27       		.uleb128 0x27
 944 0067 19       		.uleb128 0x19
 945 0068 49       		.uleb128 0x49
 946 0069 13       		.uleb128 0x13
 947 006a 11       		.uleb128 0x11
 948 006b 01       		.uleb128 0x1
 949 006c 12       		.uleb128 0x12
 950 006d 06       		.uleb128 0x6
 951 006e 40       		.uleb128 0x40
 952 006f 18       		.uleb128 0x18
 953 0070 9742     		.uleb128 0x2117
 954 0072 19       		.uleb128 0x19
 955 0073 01       		.uleb128 0x1
 956 0074 13       		.uleb128 0x13
 957 0075 00       		.byte	0
 958 0076 00       		.byte	0
 959 0077 08       		.uleb128 0x8
 960 0078 05       		.uleb128 0x5
 961 0079 00       		.byte	0
 962 007a 03       		.uleb128 0x3
 963 007b 0E       		.uleb128 0xe
 964 007c 3A       		.uleb128 0x3a
 965 007d 0B       		.uleb128 0xb
 966 007e 3B       		.uleb128 0x3b
 967 007f 0B       		.uleb128 0xb
ARM GAS  C:\Users\filip\AppData\Local\Temp\cczs8R9l.s 			page 21


 968 0080 49       		.uleb128 0x49
 969 0081 13       		.uleb128 0x13
 970 0082 02       		.uleb128 0x2
 971 0083 17       		.uleb128 0x17
 972 0084 00       		.byte	0
 973 0085 00       		.byte	0
 974 0086 09       		.uleb128 0x9
 975 0087 898201   		.uleb128 0x4109
 976 008a 01       		.byte	0x1
 977 008b 11       		.uleb128 0x11
 978 008c 01       		.uleb128 0x1
 979 008d 31       		.uleb128 0x31
 980 008e 13       		.uleb128 0x13
 981 008f 00       		.byte	0
 982 0090 00       		.byte	0
 983 0091 0A       		.uleb128 0xa
 984 0092 8A8201   		.uleb128 0x410a
 985 0095 00       		.byte	0
 986 0096 02       		.uleb128 0x2
 987 0097 18       		.uleb128 0x18
 988 0098 9142     		.uleb128 0x2111
 989 009a 18       		.uleb128 0x18
 990 009b 00       		.byte	0
 991 009c 00       		.byte	0
 992 009d 0B       		.uleb128 0xb
 993 009e 0F       		.uleb128 0xf
 994 009f 00       		.byte	0
 995 00a0 0B       		.uleb128 0xb
 996 00a1 0B       		.uleb128 0xb
 997 00a2 49       		.uleb128 0x49
 998 00a3 13       		.uleb128 0x13
 999 00a4 00       		.byte	0
 1000 00a5 00       		.byte	0
 1001 00a6 0C       		.uleb128 0xc
 1002 00a7 2E       		.uleb128 0x2e
 1003 00a8 01       		.byte	0x1
 1004 00a9 3F       		.uleb128 0x3f
 1005 00aa 19       		.uleb128 0x19
 1006 00ab 03       		.uleb128 0x3
 1007 00ac 0E       		.uleb128 0xe
 1008 00ad 3A       		.uleb128 0x3a
 1009 00ae 0B       		.uleb128 0xb
 1010 00af 3B       		.uleb128 0x3b
 1011 00b0 0B       		.uleb128 0xb
 1012 00b1 27       		.uleb128 0x27
 1013 00b2 19       		.uleb128 0x19
 1014 00b3 11       		.uleb128 0x11
 1015 00b4 01       		.uleb128 0x1
 1016 00b5 12       		.uleb128 0x12
 1017 00b6 06       		.uleb128 0x6
 1018 00b7 40       		.uleb128 0x40
 1019 00b8 18       		.uleb128 0x18
 1020 00b9 9642     		.uleb128 0x2116
 1021 00bb 19       		.uleb128 0x19
 1022 00bc 01       		.uleb128 0x1
 1023 00bd 13       		.uleb128 0x13
 1024 00be 00       		.byte	0
ARM GAS  C:\Users\filip\AppData\Local\Temp\cczs8R9l.s 			page 22


 1025 00bf 00       		.byte	0
 1026 00c0 0D       		.uleb128 0xd
 1027 00c1 34       		.uleb128 0x34
 1028 00c2 00       		.byte	0
 1029 00c3 03       		.uleb128 0x3
 1030 00c4 0E       		.uleb128 0xe
 1031 00c5 3A       		.uleb128 0x3a
 1032 00c6 0B       		.uleb128 0xb
 1033 00c7 3B       		.uleb128 0x3b
 1034 00c8 0B       		.uleb128 0xb
 1035 00c9 49       		.uleb128 0x49
 1036 00ca 13       		.uleb128 0x13
 1037 00cb 02       		.uleb128 0x2
 1038 00cc 18       		.uleb128 0x18
 1039 00cd 00       		.byte	0
 1040 00ce 00       		.byte	0
 1041 00cf 0E       		.uleb128 0xe
 1042 00d0 34       		.uleb128 0x34
 1043 00d1 00       		.byte	0
 1044 00d2 03       		.uleb128 0x3
 1045 00d3 0E       		.uleb128 0xe
 1046 00d4 3A       		.uleb128 0x3a
 1047 00d5 0B       		.uleb128 0xb
 1048 00d6 3B       		.uleb128 0x3b
 1049 00d7 0B       		.uleb128 0xb
 1050 00d8 49       		.uleb128 0x49
 1051 00d9 13       		.uleb128 0x13
 1052 00da 02       		.uleb128 0x2
 1053 00db 17       		.uleb128 0x17
 1054 00dc 00       		.byte	0
 1055 00dd 00       		.byte	0
 1056 00de 0F       		.uleb128 0xf
 1057 00df 898201   		.uleb128 0x4109
 1058 00e2 01       		.byte	0x1
 1059 00e3 11       		.uleb128 0x11
 1060 00e4 01       		.uleb128 0x1
 1061 00e5 31       		.uleb128 0x31
 1062 00e6 13       		.uleb128 0x13
 1063 00e7 01       		.uleb128 0x1
 1064 00e8 13       		.uleb128 0x13
 1065 00e9 00       		.byte	0
 1066 00ea 00       		.byte	0
 1067 00eb 10       		.uleb128 0x10
 1068 00ec 01       		.uleb128 0x1
 1069 00ed 01       		.byte	0x1
 1070 00ee 49       		.uleb128 0x49
 1071 00ef 13       		.uleb128 0x13
 1072 00f0 01       		.uleb128 0x1
 1073 00f1 13       		.uleb128 0x13
 1074 00f2 00       		.byte	0
 1075 00f3 00       		.byte	0
 1076 00f4 11       		.uleb128 0x11
 1077 00f5 21       		.uleb128 0x21
 1078 00f6 00       		.byte	0
 1079 00f7 49       		.uleb128 0x49
 1080 00f8 13       		.uleb128 0x13
 1081 00f9 2F       		.uleb128 0x2f
ARM GAS  C:\Users\filip\AppData\Local\Temp\cczs8R9l.s 			page 23


 1082 00fa 0B       		.uleb128 0xb
 1083 00fb 00       		.byte	0
 1084 00fc 00       		.byte	0
 1085 00fd 12       		.uleb128 0x12
 1086 00fe 34       		.uleb128 0x34
 1087 00ff 00       		.byte	0
 1088 0100 03       		.uleb128 0x3
 1089 0101 0E       		.uleb128 0xe
 1090 0102 3A       		.uleb128 0x3a
 1091 0103 0B       		.uleb128 0xb
 1092 0104 3B       		.uleb128 0x3b
 1093 0105 0B       		.uleb128 0xb
 1094 0106 49       		.uleb128 0x49
 1095 0107 13       		.uleb128 0x13
 1096 0108 1C       		.uleb128 0x1c
 1097 0109 0B       		.uleb128 0xb
 1098 010a 00       		.byte	0
 1099 010b 00       		.byte	0
 1100 010c 13       		.uleb128 0x13
 1101 010d 2E       		.uleb128 0x2e
 1102 010e 00       		.byte	0
 1103 010f 3F       		.uleb128 0x3f
 1104 0110 19       		.uleb128 0x19
 1105 0111 3C       		.uleb128 0x3c
 1106 0112 19       		.uleb128 0x19
 1107 0113 6E       		.uleb128 0x6e
 1108 0114 0E       		.uleb128 0xe
 1109 0115 03       		.uleb128 0x3
 1110 0116 0E       		.uleb128 0xe
 1111 0117 3A       		.uleb128 0x3a
 1112 0118 0B       		.uleb128 0xb
 1113 0119 3B       		.uleb128 0x3b
 1114 011a 0B       		.uleb128 0xb
 1115 011b 00       		.byte	0
 1116 011c 00       		.byte	0
 1117 011d 14       		.uleb128 0x14
 1118 011e 2E       		.uleb128 0x2e
 1119 011f 00       		.byte	0
 1120 0120 3F       		.uleb128 0x3f
 1121 0121 19       		.uleb128 0x19
 1122 0122 3C       		.uleb128 0x3c
 1123 0123 19       		.uleb128 0x19
 1124 0124 6E       		.uleb128 0x6e
 1125 0125 0E       		.uleb128 0xe
 1126 0126 03       		.uleb128 0x3
 1127 0127 0E       		.uleb128 0xe
 1128 0128 00       		.byte	0
 1129 0129 00       		.byte	0
 1130 012a 00       		.byte	0
 1131              		.section	.debug_loc,"",%progbits
 1132              	.Ldebug_loc0:
 1133              	.LLST0:
 1134 0000 00000000 		.4byte	.LVL2
 1135 0004 05000000 		.4byte	.LVL3-1
 1136 0008 0100     		.2byte	0x1
 1137 000a 50       		.byte	0x50
 1138 000b 05000000 		.4byte	.LVL3-1
ARM GAS  C:\Users\filip\AppData\Local\Temp\cczs8R9l.s 			page 24


 1139 000f 08000000 		.4byte	.LFE3
 1140 0013 0400     		.2byte	0x4
 1141 0015 F3       		.byte	0xf3
 1142 0016 01       		.uleb128 0x1
 1143 0017 50       		.byte	0x50
 1144 0018 9F       		.byte	0x9f
 1145 0019 00000000 		.4byte	0
 1146 001d 00000000 		.4byte	0
 1147              	.LLST1:
 1148 0021 00000000 		.4byte	.LVL4
 1149 0025 05000000 		.4byte	.LVL5-1
 1150 0029 0100     		.2byte	0x1
 1151 002b 50       		.byte	0x50
 1152 002c 05000000 		.4byte	.LVL5-1
 1153 0030 08000000 		.4byte	.LFE4
 1154 0034 0400     		.2byte	0x4
 1155 0036 F3       		.byte	0xf3
 1156 0037 01       		.uleb128 0x1
 1157 0038 50       		.byte	0x50
 1158 0039 9F       		.byte	0x9f
 1159 003a 00000000 		.4byte	0
 1160 003e 00000000 		.4byte	0
 1161              	.LLST2:
 1162 0042 00000000 		.4byte	.LVL6
 1163 0046 05000000 		.4byte	.LVL7-1
 1164 004a 0100     		.2byte	0x1
 1165 004c 50       		.byte	0x50
 1166 004d 05000000 		.4byte	.LVL7-1
 1167 0051 08000000 		.4byte	.LFE5
 1168 0055 0400     		.2byte	0x4
 1169 0057 F3       		.byte	0xf3
 1170 0058 01       		.uleb128 0x1
 1171 0059 50       		.byte	0x50
 1172 005a 9F       		.byte	0x9f
 1173 005b 00000000 		.4byte	0
 1174 005f 00000000 		.4byte	0
 1175              	.LLST3:
 1176 0063 00000000 		.4byte	.LVL6
 1177 0067 05000000 		.4byte	.LVL7-1
 1178 006b 0100     		.2byte	0x1
 1179 006d 51       		.byte	0x51
 1180 006e 05000000 		.4byte	.LVL7-1
 1181 0072 08000000 		.4byte	.LFE5
 1182 0076 0400     		.2byte	0x4
 1183 0078 F3       		.byte	0xf3
 1184 0079 01       		.uleb128 0x1
 1185 007a 51       		.byte	0x51
 1186 007b 9F       		.byte	0x9f
 1187 007c 00000000 		.4byte	0
 1188 0080 00000000 		.4byte	0
 1189              	.LLST4:
 1190 0084 00000000 		.4byte	.LVL8
 1191 0088 12000000 		.4byte	.LVL10
 1192 008c 0100     		.2byte	0x1
 1193 008e 50       		.byte	0x50
 1194 008f 12000000 		.4byte	.LVL10
 1195 0093 38000000 		.4byte	.LVL16
ARM GAS  C:\Users\filip\AppData\Local\Temp\cczs8R9l.s 			page 25


 1196 0097 0100     		.2byte	0x1
 1197 0099 54       		.byte	0x54
 1198 009a 38000000 		.4byte	.LVL16
 1199 009e 7C000000 		.4byte	.LVL23
 1200 00a2 0400     		.2byte	0x4
 1201 00a4 F3       		.byte	0xf3
 1202 00a5 01       		.uleb128 0x1
 1203 00a6 50       		.byte	0x50
 1204 00a7 9F       		.byte	0x9f
 1205 00a8 7C000000 		.4byte	.LVL23
 1206 00ac 8C000000 		.4byte	.LVL26
 1207 00b0 0100     		.2byte	0x1
 1208 00b2 54       		.byte	0x54
 1209 00b3 8C000000 		.4byte	.LVL26
 1210 00b7 F8000000 		.4byte	.LFE6
 1211 00bb 0400     		.2byte	0x4
 1212 00bd F3       		.byte	0xf3
 1213 00be 01       		.uleb128 0x1
 1214 00bf 50       		.byte	0x50
 1215 00c0 9F       		.byte	0x9f
 1216 00c1 00000000 		.4byte	0
 1217 00c5 00000000 		.4byte	0
 1218              	.LLST5:
 1219 00c9 00000000 		.4byte	.LVL8
 1220 00cd 0E000000 		.4byte	.LVL9
 1221 00d1 0600     		.2byte	0x6
 1222 00d3 52       		.byte	0x52
 1223 00d4 93       		.byte	0x93
 1224 00d5 04       		.uleb128 0x4
 1225 00d6 53       		.byte	0x53
 1226 00d7 93       		.byte	0x93
 1227 00d8 04       		.uleb128 0x4
 1228 00d9 0E000000 		.4byte	.LVL9
 1229 00dd 28000000 		.4byte	.LVL13
 1230 00e1 0600     		.2byte	0x6
 1231 00e3 F3       		.byte	0xf3
 1232 00e4 03       		.uleb128 0x3
 1233 00e5 F5       		.byte	0xf5
 1234 00e6 02       		.uleb128 0x2
 1235 00e7 2C       		.uleb128 0x2c
 1236 00e8 9F       		.byte	0x9f
 1237 00e9 28000000 		.4byte	.LVL13
 1238 00ed 7C000000 		.4byte	.LVL23
 1239 00f1 0600     		.2byte	0x6
 1240 00f3 57       		.byte	0x57
 1241 00f4 93       		.byte	0x93
 1242 00f5 04       		.uleb128 0x4
 1243 00f6 55       		.byte	0x55
 1244 00f7 93       		.byte	0x93
 1245 00f8 04       		.uleb128 0x4
 1246 00f9 7C000000 		.4byte	.LVL23
 1247 00fd CE000000 		.4byte	.LVL32
 1248 0101 0600     		.2byte	0x6
 1249 0103 F3       		.byte	0xf3
 1250 0104 03       		.uleb128 0x3
 1251 0105 F5       		.byte	0xf5
 1252 0106 02       		.uleb128 0x2
ARM GAS  C:\Users\filip\AppData\Local\Temp\cczs8R9l.s 			page 26


 1253 0107 2C       		.uleb128 0x2c
 1254 0108 9F       		.byte	0x9f
 1255 0109 00000000 		.4byte	0
 1256 010d 00000000 		.4byte	0
 1257              	.LLST6:
 1258 0111 16000000 		.4byte	.LVL11
 1259 0115 38000000 		.4byte	.LVL16
 1260 0119 0200     		.2byte	0x2
 1261 011b 30       		.byte	0x30
 1262 011c 9F       		.byte	0x9f
 1263 011d 38000000 		.4byte	.LVL16
 1264 0121 42000000 		.4byte	.LVL17
 1265 0125 0100     		.2byte	0x1
 1266 0127 50       		.byte	0x50
 1267 0128 42000000 		.4byte	.LVL17
 1268 012c 7A000000 		.4byte	.LVL22
 1269 0130 0100     		.2byte	0x1
 1270 0132 54       		.byte	0x54
 1271 0133 7A000000 		.4byte	.LVL22
 1272 0137 7C000000 		.4byte	.LVL23
 1273 013b 0100     		.2byte	0x1
 1274 013d 51       		.byte	0x51
 1275 013e 7C000000 		.4byte	.LVL23
 1276 0142 8C000000 		.4byte	.LVL26
 1277 0146 0200     		.2byte	0x2
 1278 0148 30       		.byte	0x30
 1279 0149 9F       		.byte	0x9f
 1280 014a 8C000000 		.4byte	.LVL26
 1281 014e 96000000 		.4byte	.LVL27
 1282 0152 0100     		.2byte	0x1
 1283 0154 50       		.byte	0x50
 1284 0155 96000000 		.4byte	.LVL27
 1285 0159 CE000000 		.4byte	.LVL32
 1286 015d 0100     		.2byte	0x1
 1287 015f 54       		.byte	0x54
 1288 0160 CE000000 		.4byte	.LVL32
 1289 0164 D0000000 		.4byte	.LVL33
 1290 0168 0100     		.2byte	0x1
 1291 016a 51       		.byte	0x51
 1292 016b 00000000 		.4byte	0
 1293 016f 00000000 		.4byte	0
 1294              		.section	.debug_aranges,"",%progbits
 1295 0000 44000000 		.4byte	0x44
 1296 0004 0200     		.2byte	0x2
 1297 0006 00000000 		.4byte	.Ldebug_info0
 1298 000a 04       		.byte	0x4
 1299 000b 00       		.byte	0
 1300 000c 0000     		.2byte	0
 1301 000e 0000     		.2byte	0
 1302 0010 00000000 		.4byte	.LFB1
 1303 0014 08000000 		.4byte	.LFE1-.LFB1
 1304 0018 00000000 		.4byte	.LFB2
 1305 001c 08000000 		.4byte	.LFE2-.LFB2
 1306 0020 00000000 		.4byte	.LFB3
 1307 0024 08000000 		.4byte	.LFE3-.LFB3
 1308 0028 00000000 		.4byte	.LFB4
 1309 002c 08000000 		.4byte	.LFE4-.LFB4
ARM GAS  C:\Users\filip\AppData\Local\Temp\cczs8R9l.s 			page 27


 1310 0030 00000000 		.4byte	.LFB5
 1311 0034 08000000 		.4byte	.LFE5-.LFB5
 1312 0038 00000000 		.4byte	.LFB6
 1313 003c F8000000 		.4byte	.LFE6-.LFB6
 1314 0040 00000000 		.4byte	0
 1315 0044 00000000 		.4byte	0
 1316              		.section	.debug_ranges,"",%progbits
 1317              	.Ldebug_ranges0:
 1318 0000 00000000 		.4byte	.LFB1
 1319 0004 08000000 		.4byte	.LFE1
 1320 0008 00000000 		.4byte	.LFB2
 1321 000c 08000000 		.4byte	.LFE2
 1322 0010 00000000 		.4byte	.LFB3
 1323 0014 08000000 		.4byte	.LFE3
 1324 0018 00000000 		.4byte	.LFB4
 1325 001c 08000000 		.4byte	.LFE4
 1326 0020 00000000 		.4byte	.LFB5
 1327 0024 08000000 		.4byte	.LFE5
 1328 0028 00000000 		.4byte	.LFB6
 1329 002c F8000000 		.4byte	.LFE6
 1330 0030 00000000 		.4byte	0
 1331 0034 00000000 		.4byte	0
 1332              		.section	.debug_line,"",%progbits
 1333              	.Ldebug_line0:
 1334 0000 71010000 		.section	.debug_str,"MS",%progbits,1
 1334      0200F700 
 1334      00000201 
 1334      FB0E0D00 
 1334      01010101 
 1335              	.LASF30:
 1336 0000 55415254 		.ascii	"UART_1_Start\000"
 1336      5F315F53 
 1336      74617274 
 1336      00
 1337              	.LASF5:
 1338 000d 4350555F 		.ascii	"CPU_CHAR\000"
 1338      43484152 
 1338      00
 1339              	.LASF37:
 1340 0016 736E7072 		.ascii	"snprintf\000"
 1340      696E7466 
 1340      00
 1341              	.LASF40:
 1342 001f 433A5C63 		.ascii	"C:\\cypress\\esw_bmp280_Petrovic_Wagner\\esw_bmp280"
 1342      79707265 
 1342      73735C65 
 1342      73775F62 
 1342      6D703238 
 1343 004f 5F506574 		.ascii	"_Petrovic_Wagner.cydsn\000"
 1343      726F7669 
 1343      635F5761 
 1343      676E6572 
 1343      2E637964 
 1344              	.LASF2:
 1345 0066 756E7369 		.ascii	"unsigned int\000"
 1345      676E6564 
 1345      20696E74 
ARM GAS  C:\Users\filip\AppData\Local\Temp\cczs8R9l.s 			page 28


 1345      00
 1346              	.LASF1:
 1347 0073 646F7562 		.ascii	"double\000"
 1347      6C6500
 1348              	.LASF20:
 1349 007a 62797465 		.ascii	"byte\000"
 1349      00
 1350              	.LASF17:
 1351 007f 696E6974 		.ascii	"init_uart\000"
 1351      5F756172 
 1351      7400
 1352              	.LASF22:
 1353 0089 75617274 		.ascii	"uart_send_array\000"
 1353      5F73656E 
 1353      645F6172 
 1353      72617900 
 1354              	.LASF11:
 1355 0099 666C6F61 		.ascii	"float\000"
 1355      7400
 1356              	.LASF4:
 1357 009f 756E7369 		.ascii	"unsigned char\000"
 1357      676E6564 
 1357      20636861 
 1357      7200
 1358              	.LASF38:
 1359 00ad 474E5520 		.ascii	"GNU C11 5.4.1 20160609 (release) [ARM/embedded-5-br"
 1359      43313120 
 1359      352E342E 
 1359      31203230 
 1359      31363036 
 1360 00e0 616E6368 		.ascii	"anch revision 237715] -mcpu=cortex-m3 -mthumb -g -O"
 1360      20726576 
 1360      6973696F 
 1360      6E203233 
 1360      37373135 
 1361 0113 67202D66 		.ascii	"g -ffunction-sections -ffat-lto-objects\000"
 1361      66756E63 
 1361      74696F6E 
 1361      2D736563 
 1361      74696F6E 
 1362              	.LASF25:
 1363 013b 646F7562 		.ascii	"double_value\000"
 1363      6C655F76 
 1363      616C7565 
 1363      00
 1364              	.LASF14:
 1365 0148 6C6F6E67 		.ascii	"long unsigned int\000"
 1365      20756E73 
 1365      69676E65 
 1365      6420696E 
 1365      7400
 1366              	.LASF6:
 1367 015a 4350555F 		.ascii	"CPU_INT08U\000"
 1367      494E5430 
 1367      385500
 1368              	.LASF21:
 1369 0165 61727261 		.ascii	"array\000"
ARM GAS  C:\Users\filip\AppData\Local\Temp\cczs8R9l.s 			page 29


 1369      7900
 1370              	.LASF23:
 1371 016b 62797465 		.ascii	"byteCount\000"
 1371      436F756E 
 1371      7400
 1372              	.LASF35:
 1373 0175 7374726E 		.ascii	"strncpy\000"
 1373      63707900 
 1374              	.LASF29:
 1375 017d 456E645F 		.ascii	"End_of_Packet\000"
 1375      6F665F50 
 1375      61636B65 
 1375      7400
 1376              	.LASF42:
 1377 018b 6D656D73 		.ascii	"memset\000"
 1377      657400
 1378              	.LASF19:
 1379 0192 75617274 		.ascii	"uart_send_string\000"
 1379      5F73656E 
 1379      645F7374 
 1379      72696E67 
 1379      00
 1380              	.LASF12:
 1381 01a3 4350555F 		.ascii	"CPU_FP64\000"
 1381      46503634 
 1381      00
 1382              	.LASF41:
 1383 01ac 75617274 		.ascii	"uart_get_byte\000"
 1383      5F676574 
 1383      5F627974 
 1383      6500
 1384              	.LASF26:
 1385 01ba 74785F6D 		.ascii	"tx_msg\000"
 1385      736700
 1386              	.LASF32:
 1387 01c1 55415254 		.ascii	"UART_1_PutChar\000"
 1387      5F315F50 
 1387      75744368 
 1387      617200
 1388              	.LASF36:
 1389 01d0 7374726C 		.ascii	"strlen\000"
 1389      656E00
 1390              	.LASF0:
 1391 01d7 6C6F6E67 		.ascii	"long long unsigned int\000"
 1391      206C6F6E 
 1391      6720756E 
 1391      7369676E 
 1391      65642069 
 1392              	.LASF34:
 1393 01ee 55415254 		.ascii	"UART_1_PutArray\000"
 1393      5F315F50 
 1393      75744172 
 1393      72617900 
 1394              	.LASF39:
 1395 01fe 6273705F 		.ascii	"bsp_uart.c\000"
 1395      75617274 
 1395      2E6300
ARM GAS  C:\Users\filip\AppData\Local\Temp\cczs8R9l.s 			page 30


 1396              	.LASF24:
 1397 0209 75617274 		.ascii	"uart_send_double\000"
 1397      5F73656E 
 1397      645F646F 
 1397      75626C65 
 1397      00
 1398              	.LASF16:
 1399 021a 73697A65 		.ascii	"sizetype\000"
 1399      74797065 
 1399      00
 1400              	.LASF10:
 1401 0223 6C6F6E67 		.ascii	"long long int\000"
 1401      206C6F6E 
 1401      6720696E 
 1401      7400
 1402              	.LASF27:
 1403 0231 74785F6D 		.ascii	"tx_msg_len\000"
 1403      73675F6C 
 1403      656E00
 1404              	.LASF3:
 1405 023c 63686172 		.ascii	"char\000"
 1405      00
 1406              	.LASF18:
 1407 0241 75617274 		.ascii	"uart_send_byte\000"
 1407      5F73656E 
 1407      645F6279 
 1407      746500
 1408              	.LASF9:
 1409 0250 73686F72 		.ascii	"short int\000"
 1409      7420696E 
 1409      7400
 1410              	.LASF28:
 1411 025a 53746172 		.ascii	"Start_of_Packet\000"
 1411      745F6F66 
 1411      5F506163 
 1411      6B657400 
 1412              	.LASF13:
 1413 026a 6C6F6E67 		.ascii	"long int\000"
 1413      20696E74 
 1413      00
 1414              	.LASF15:
 1415 0273 6C6F6E67 		.ascii	"long double\000"
 1415      20646F75 
 1415      626C6500 
 1416              	.LASF7:
 1417 027f 7369676E 		.ascii	"signed char\000"
 1417      65642063 
 1417      68617200 
 1418              	.LASF8:
 1419 028b 73686F72 		.ascii	"short unsigned int\000"
 1419      7420756E 
 1419      7369676E 
 1419      65642069 
 1419      6E7400
 1420              	.LASF33:
 1421 029e 55415254 		.ascii	"UART_1_PutString\000"
 1421      5F315F50 
ARM GAS  C:\Users\filip\AppData\Local\Temp\cczs8R9l.s 			page 31


 1421      75745374 
 1421      72696E67 
 1421      00
 1422              	.LASF31:
 1423 02af 55415254 		.ascii	"UART_1_GetChar\000"
 1423      5F315F47 
 1423      65744368 
 1423      617200
 1424              		.ident	"GCC: (GNU Tools for ARM Embedded Processors) 5.4.1 20160609 (release) [ARM/embedded-5-bran
