ARM GAS  C:\Users\filip\AppData\Local\Temp\ccltlJHz.s 			page 1


   1              		.syntax unified
   2              		.cpu cortex-m3
   3              		.fpu softvfp
   4              		.eabi_attribute 20, 1
   5              		.eabi_attribute 21, 1
   6              		.eabi_attribute 23, 3
   7              		.eabi_attribute 24, 1
   8              		.eabi_attribute 25, 1
   9              		.eabi_attribute 26, 1
  10              		.eabi_attribute 30, 1
  11              		.eabi_attribute 34, 1
  12              		.eabi_attribute 18, 4
  13              		.thumb
  14              		.syntax unified
  15              		.file	"bsp_gpio.c"
  16              		.text
  17              	.Ltext0:
  18              		.cfi_sections	.debug_frame
  19              		.section	.text.init_gpio,"ax",%progbits
  20              		.align	2
  21              		.global	init_gpio
  22              		.thumb
  23              		.thumb_func
  24              		.type	init_gpio, %function
  25              	init_gpio:
  26              	.LFB0:
  27              		.file 1 "bsp_gpio.c"
   1:bsp_gpio.c    **** /* ========================================
   2:bsp_gpio.c    ****  *
   3:bsp_gpio.c    ****  * Copyright YOUR COMPANY, THE YEAR
   4:bsp_gpio.c    ****  * All Rights Reserved
   5:bsp_gpio.c    ****  * UNPUBLISHED, LICENSED SOFTWARE.
   6:bsp_gpio.c    ****  *
   7:bsp_gpio.c    ****  * CONFIDENTIAL AND PROPRIETARY INFORMATION
   8:bsp_gpio.c    ****  * WHICH IS THE PROPERTY OF your company.
   9:bsp_gpio.c    ****  *
  10:bsp_gpio.c    ****  * ========================================
  11:bsp_gpio.c    **** */
  12:bsp_gpio.c    **** 
  13:bsp_gpio.c    **** #include <bsp_gpio.h>
  14:bsp_gpio.c    **** 
  15:bsp_gpio.c    **** /*
  16:bsp_gpio.c    **** ***************************************************************************************************
  17:bsp_gpio.c    **** *                                       init_gpio()
  18:bsp_gpio.c    **** *
  19:bsp_gpio.c    **** * Description : This function initializes the Pin_1 GPIO module (P1_6, J1 Pin 23), the
  20:bsp_gpio.c    **** *               Pin_2 GPIO module (P2_0, J1 Pin 1 and P2_1, J1 Pin 2) and the push button
  21:bsp_gpio.c    **** *               GPIO module (P2_2, J1 Pin 3). On P2_1 a blue on-board LED is connected. On
  22:bsp_gpio.c    **** *               P2_2 on side of a GND-connected button is connected.
  23:bsp_gpio.c    **** *
  24:bsp_gpio.c    **** * Argument(s) : none.
  25:bsp_gpio.c    **** *
  26:bsp_gpio.c    **** * Return(s)   : none.
  27:bsp_gpio.c    **** *
  28:bsp_gpio.c    **** * Caller(s)   : Application.
  29:bsp_gpio.c    **** *
  30:bsp_gpio.c    **** * Note(s)     : Not re-entrant.
ARM GAS  C:\Users\filip\AppData\Local\Temp\ccltlJHz.s 			page 2


  31:bsp_gpio.c    **** ***************************************************************************************************
  32:bsp_gpio.c    **** */
  33:bsp_gpio.c    **** 
  34:bsp_gpio.c    **** CPU_VOID init_gpio(CPU_VOID)
  35:bsp_gpio.c    **** {
  28              		.loc 1 35 0
  29              		.cfi_startproc
  30              		@ args = 0, pretend = 0, frame = 0
  31              		@ frame_needed = 0, uses_anonymous_args = 0
  32 0000 08B5     		push	{r3, lr}
  33              		.cfi_def_cfa_offset 8
  34              		.cfi_offset 3, -8
  35              		.cfi_offset 14, -4
  36:bsp_gpio.c    ****   Pin_1_SetDriveMode(Pin_1_DM_STRONG);
  36              		.loc 1 36 0
  37 0002 0C20     		movs	r0, #12
  38 0004 FFF7FEFF 		bl	Pin_1_SetDriveMode
  39              	.LVL0:
  37:bsp_gpio.c    ****   Pin_2_SetDriveMode(Pin_2_DM_STRONG);
  40              		.loc 1 37 0
  41 0008 0C20     		movs	r0, #12
  42 000a FFF7FEFF 		bl	Pin_2_SetDriveMode
  43              	.LVL1:
  38:bsp_gpio.c    ****   push_button_SetDriveMode(push_button_DM_STRONG);
  44              		.loc 1 38 0
  45 000e 0C20     		movs	r0, #12
  46 0010 FFF7FEFF 		bl	push_button_SetDriveMode
  47              	.LVL2:
  39:bsp_gpio.c    ****   push_button_Write(1);
  48              		.loc 1 39 0
  49 0014 0120     		movs	r0, #1
  50 0016 FFF7FEFF 		bl	push_button_Write
  51              	.LVL3:
  52 001a 08BD     		pop	{r3, pc}
  53              		.cfi_endproc
  54              	.LFE0:
  55              		.size	init_gpio, .-init_gpio
  56              		.section	.text.gpio_high,"ax",%progbits
  57              		.align	2
  58              		.global	gpio_high
  59              		.thumb
  60              		.thumb_func
  61              		.type	gpio_high, %function
  62              	gpio_high:
  63              	.LFB1:
  40:bsp_gpio.c    **** }
  41:bsp_gpio.c    **** 
  42:bsp_gpio.c    **** /*
  43:bsp_gpio.c    **** ***************************************************************************************************
  44:bsp_gpio.c    **** *                                       gpio_high()
  45:bsp_gpio.c    **** *
  46:bsp_gpio.c    **** * Description : This function set based on a chosen port (PORT1, PORT2) the digital level
  47:bsp_gpio.c    **** *               of a chosen pin (P1_6, P2_0, P2_1) on digital high (~ 5V).
  48:bsp_gpio.c    **** *
  49:bsp_gpio.c    **** * Argument(s) : port ... indicates which port should be addressed (PORT1, PORT2)
  50:bsp_gpio.c    **** *               pin  ... indicates which pin of the chosen port is addressed (P1_6, P2_0, P2_1)
  51:bsp_gpio.c    **** *
ARM GAS  C:\Users\filip\AppData\Local\Temp\ccltlJHz.s 			page 3


  52:bsp_gpio.c    **** * Return(s)   : 0 ... if no error occurred
  53:bsp_gpio.c    **** *               >1... if an error occurred
  54:bsp_gpio.c    **** *
  55:bsp_gpio.c    **** * Caller(s)   : Application.
  56:bsp_gpio.c    **** *
  57:bsp_gpio.c    **** * Note(s)     : Not re-entrant.
  58:bsp_gpio.c    **** ***************************************************************************************************
  59:bsp_gpio.c    **** */
  60:bsp_gpio.c    **** 
  61:bsp_gpio.c    **** CPU_INT08U gpio_high(CPU_INT08U port, CPU_INT08U pin)
  62:bsp_gpio.c    **** {
  64              		.loc 1 62 0
  65              		.cfi_startproc
  66              		@ args = 0, pretend = 0, frame = 0
  67              		@ frame_needed = 0, uses_anonymous_args = 0
  68              	.LVL4:
  69 0000 08B5     		push	{r3, lr}
  70              		.cfi_def_cfa_offset 8
  71              		.cfi_offset 3, -8
  72              		.cfi_offset 14, -4
  73              	.LVL5:
  63:bsp_gpio.c    ****   CPU_INT08U err = 0;
  64:bsp_gpio.c    ****   
  65:bsp_gpio.c    ****   if(port == PORT1){
  74              		.loc 1 65 0
  75 0002 0128     		cmp	r0, #1
  76 0004 05D1     		bne	.L4
  66:bsp_gpio.c    ****     if(pin == P1_6){
  77              		.loc 1 66 0
  78 0006 4029     		cmp	r1, #64
  79 0008 13D1     		bne	.L7
  67:bsp_gpio.c    ****       Pin_1_Write(HIGH);
  80              		.loc 1 67 0
  81 000a FFF7FEFF 		bl	Pin_1_Write
  82              	.LVL6:
  63:bsp_gpio.c    ****   CPU_INT08U err = 0;
  83              		.loc 1 63 0
  84 000e 0020     		movs	r0, #0
  85 0010 08BD     		pop	{r3, pc}
  86              	.LVL7:
  87              	.L4:
  68:bsp_gpio.c    ****     }
  69:bsp_gpio.c    ****     else{
  70:bsp_gpio.c    ****       err++;
  71:bsp_gpio.c    ****     }
  72:bsp_gpio.c    ****   }
  73:bsp_gpio.c    ****   else if(port == PORT2){
  88              		.loc 1 73 0
  89 0012 0228     		cmp	r0, #2
  90 0014 0FD1     		bne	.L8
  74:bsp_gpio.c    ****     if(pin == P2_0){
  91              		.loc 1 74 0
  92 0016 0129     		cmp	r1, #1
  93 0018 04D1     		bne	.L6
  75:bsp_gpio.c    ****       Pin_2_Write(P2_0); 
  94              		.loc 1 75 0
  95 001a 0120     		movs	r0, #1
ARM GAS  C:\Users\filip\AppData\Local\Temp\ccltlJHz.s 			page 4


  96              	.LVL8:
  97 001c FFF7FEFF 		bl	Pin_2_Write
  98              	.LVL9:
  63:bsp_gpio.c    ****   
  99              		.loc 1 63 0
 100 0020 0020     		movs	r0, #0
 101 0022 08BD     		pop	{r3, pc}
 102              	.LVL10:
 103              	.L6:
  76:bsp_gpio.c    ****     }
  77:bsp_gpio.c    ****     else if(pin == P2_1){
 104              		.loc 1 77 0
 105 0024 0229     		cmp	r1, #2
 106 0026 08D1     		bne	.L9
  78:bsp_gpio.c    ****       Pin_2_Write(P2_1);
 107              		.loc 1 78 0
 108 0028 0220     		movs	r0, #2
 109              	.LVL11:
 110 002a FFF7FEFF 		bl	Pin_2_Write
 111              	.LVL12:
  63:bsp_gpio.c    ****   
 112              		.loc 1 63 0
 113 002e 0020     		movs	r0, #0
 114 0030 08BD     		pop	{r3, pc}
 115              	.LVL13:
 116              	.L7:
  70:bsp_gpio.c    ****     }
 117              		.loc 1 70 0
 118 0032 0120     		movs	r0, #1
 119              	.LVL14:
 120 0034 08BD     		pop	{r3, pc}
 121              	.LVL15:
 122              	.L8:
  79:bsp_gpio.c    ****     }
  80:bsp_gpio.c    ****     else{
  81:bsp_gpio.c    ****       err++;
  82:bsp_gpio.c    ****     }
  83:bsp_gpio.c    ****   }
  84:bsp_gpio.c    ****   else{
  85:bsp_gpio.c    ****     err++;
 123              		.loc 1 85 0
 124 0036 0120     		movs	r0, #1
 125              	.LVL16:
 126 0038 08BD     		pop	{r3, pc}
 127              	.LVL17:
 128              	.L9:
  81:bsp_gpio.c    ****     }
 129              		.loc 1 81 0
 130 003a 0120     		movs	r0, #1
 131              	.LVL18:
  86:bsp_gpio.c    ****   }
  87:bsp_gpio.c    ****   return err;    
  88:bsp_gpio.c    **** }
 132              		.loc 1 88 0
 133 003c 08BD     		pop	{r3, pc}
 134              		.cfi_endproc
 135              	.LFE1:
ARM GAS  C:\Users\filip\AppData\Local\Temp\ccltlJHz.s 			page 5


 136              		.size	gpio_high, .-gpio_high
 137 003e 00BF     		.section	.text.gpio_low,"ax",%progbits
 138              		.align	2
 139              		.global	gpio_low
 140              		.thumb
 141              		.thumb_func
 142              		.type	gpio_low, %function
 143              	gpio_low:
 144              	.LFB2:
  89:bsp_gpio.c    **** 
  90:bsp_gpio.c    **** /*
  91:bsp_gpio.c    **** ***************************************************************************************************
  92:bsp_gpio.c    **** *                                       gpio_low()
  93:bsp_gpio.c    **** *
  94:bsp_gpio.c    **** * Description : This function resets based on a chosen port (PORT1, PORT2) the digital level
  95:bsp_gpio.c    **** *               of a chosen pin (P1_6, P2_0, P2_1) on digital low (0V).
  96:bsp_gpio.c    **** *
  97:bsp_gpio.c    **** * Argument(s) : port ... indicates which port should be addressed (PORT1, PORT2)
  98:bsp_gpio.c    **** *               pin  ... indicates which pin of the chosen port is addressed (P1_6, P2_0, P2_1)
  99:bsp_gpio.c    **** *
 100:bsp_gpio.c    **** * Return(s)   : 0 ... if no error occurred
 101:bsp_gpio.c    **** *               >1... if an error occurred
 102:bsp_gpio.c    **** *
 103:bsp_gpio.c    **** * Caller(s)   : Application.
 104:bsp_gpio.c    **** *
 105:bsp_gpio.c    **** * Note(s)     : Not re-entrant.
 106:bsp_gpio.c    **** ***************************************************************************************************
 107:bsp_gpio.c    **** */
 108:bsp_gpio.c    **** 
 109:bsp_gpio.c    **** CPU_INT08U gpio_low(CPU_INT08U port, CPU_INT08U pin)
 110:bsp_gpio.c    **** {
 145              		.loc 1 110 0
 146              		.cfi_startproc
 147              		@ args = 0, pretend = 0, frame = 0
 148              		@ frame_needed = 0, uses_anonymous_args = 0
 149              	.LVL19:
 150 0000 08B5     		push	{r3, lr}
 151              		.cfi_def_cfa_offset 8
 152              		.cfi_offset 3, -8
 153              		.cfi_offset 14, -4
 154              	.LVL20:
 111:bsp_gpio.c    ****   CPU_INT08U err = 0;
 112:bsp_gpio.c    ****   
 113:bsp_gpio.c    ****   if(port == PORT1){
 155              		.loc 1 113 0
 156 0002 0128     		cmp	r0, #1
 157 0004 06D1     		bne	.L12
 114:bsp_gpio.c    ****     if(pin == P1_6){
 158              		.loc 1 114 0
 159 0006 4029     		cmp	r1, #64
 160 0008 14D1     		bne	.L15
 115:bsp_gpio.c    ****       Pin_1_Write(LOW);
 161              		.loc 1 115 0
 162 000a 0020     		movs	r0, #0
 163              	.LVL21:
 164 000c FFF7FEFF 		bl	Pin_1_Write
 165              	.LVL22:
ARM GAS  C:\Users\filip\AppData\Local\Temp\ccltlJHz.s 			page 6


 111:bsp_gpio.c    ****   CPU_INT08U err = 0;
 166              		.loc 1 111 0
 167 0010 0020     		movs	r0, #0
 168 0012 08BD     		pop	{r3, pc}
 169              	.LVL23:
 170              	.L12:
 116:bsp_gpio.c    ****     }
 117:bsp_gpio.c    ****     else{
 118:bsp_gpio.c    ****       err++;
 119:bsp_gpio.c    ****     }
 120:bsp_gpio.c    ****   }
 121:bsp_gpio.c    ****   else if(port == PORT2){
 171              		.loc 1 121 0
 172 0014 0228     		cmp	r0, #2
 173 0016 0FD1     		bne	.L16
 122:bsp_gpio.c    ****     if(pin == P2_0){
 174              		.loc 1 122 0
 175 0018 0129     		cmp	r1, #1
 176 001a 04D1     		bne	.L14
 123:bsp_gpio.c    ****       Pin_2_Write(!(P2_0)); 
 177              		.loc 1 123 0
 178 001c 0020     		movs	r0, #0
 179              	.LVL24:
 180 001e FFF7FEFF 		bl	Pin_2_Write
 181              	.LVL25:
 111:bsp_gpio.c    ****   
 182              		.loc 1 111 0
 183 0022 0020     		movs	r0, #0
 184 0024 08BD     		pop	{r3, pc}
 185              	.LVL26:
 186              	.L14:
 124:bsp_gpio.c    ****     }
 125:bsp_gpio.c    ****     else if(pin == P2_1){
 187              		.loc 1 125 0
 188 0026 0229     		cmp	r1, #2
 189 0028 08D1     		bne	.L17
 126:bsp_gpio.c    ****       Pin_2_Write(!(P2_1));
 190              		.loc 1 126 0
 191 002a 0020     		movs	r0, #0
 192              	.LVL27:
 193 002c FFF7FEFF 		bl	Pin_2_Write
 194              	.LVL28:
 111:bsp_gpio.c    ****   
 195              		.loc 1 111 0
 196 0030 0020     		movs	r0, #0
 197 0032 08BD     		pop	{r3, pc}
 198              	.LVL29:
 199              	.L15:
 118:bsp_gpio.c    ****     }
 200              		.loc 1 118 0
 201 0034 0120     		movs	r0, #1
 202              	.LVL30:
 203 0036 08BD     		pop	{r3, pc}
 204              	.LVL31:
 205              	.L16:
 127:bsp_gpio.c    ****     }
 128:bsp_gpio.c    ****     else{
ARM GAS  C:\Users\filip\AppData\Local\Temp\ccltlJHz.s 			page 7


 129:bsp_gpio.c    ****       err++;
 130:bsp_gpio.c    ****     }
 131:bsp_gpio.c    ****   }
 132:bsp_gpio.c    ****   else{
 133:bsp_gpio.c    ****     err++;
 206              		.loc 1 133 0
 207 0038 0120     		movs	r0, #1
 208              	.LVL32:
 209 003a 08BD     		pop	{r3, pc}
 210              	.LVL33:
 211              	.L17:
 129:bsp_gpio.c    ****     }
 212              		.loc 1 129 0
 213 003c 0120     		movs	r0, #1
 214              	.LVL34:
 134:bsp_gpio.c    ****   }
 135:bsp_gpio.c    ****   return err;   
 136:bsp_gpio.c    **** }
 215              		.loc 1 136 0
 216 003e 08BD     		pop	{r3, pc}
 217              		.cfi_endproc
 218              	.LFE2:
 219              		.size	gpio_low, .-gpio_low
 220              		.section	.text.gpio_read,"ax",%progbits
 221              		.align	2
 222              		.global	gpio_read
 223              		.thumb
 224              		.thumb_func
 225              		.type	gpio_read, %function
 226              	gpio_read:
 227              	.LFB3:
 137:bsp_gpio.c    **** 
 138:bsp_gpio.c    **** /*
 139:bsp_gpio.c    **** ***************************************************************************************************
 140:bsp_gpio.c    **** *                                       gpio_read()
 141:bsp_gpio.c    **** *
 142:bsp_gpio.c    **** * Description : This function reads the digital level of a chosen port (PORT2) and pin (P2_2).
 143:bsp_gpio.c    **** *
 144:bsp_gpio.c    **** * Argument(s) : port ... indicates which port should be addressed (PORT2)
 145:bsp_gpio.c    **** *               pin  ... indicates which pin of the chosen port is addressed (P2_2)
 146:bsp_gpio.c    **** *
 147:bsp_gpio.c    **** * Return(s)   : 0 ... if no error occurred
 148:bsp_gpio.c    **** *               -1... if an error occurred
 149:bsp_gpio.c    **** *
 150:bsp_gpio.c    **** * Caller(s)   : Application.
 151:bsp_gpio.c    **** *
 152:bsp_gpio.c    **** * Note(s)     : Not re-entrant.
 153:bsp_gpio.c    **** ***************************************************************************************************
 154:bsp_gpio.c    **** */
 155:bsp_gpio.c    **** 
 156:bsp_gpio.c    **** CPU_INT08S gpio_read(CPU_INT08U port, CPU_INT08U pin)
 157:bsp_gpio.c    **** {
 228              		.loc 1 157 0
 229              		.cfi_startproc
 230              		@ args = 0, pretend = 0, frame = 0
 231              		@ frame_needed = 0, uses_anonymous_args = 0
 232              	.LVL35:
ARM GAS  C:\Users\filip\AppData\Local\Temp\ccltlJHz.s 			page 8


 158:bsp_gpio.c    ****   CPU_INT08S err = 0;
 159:bsp_gpio.c    ****   
 160:bsp_gpio.c    ****   if(port == PORT2){
 233              		.loc 1 160 0
 234 0000 0228     		cmp	r0, #2
 235 0002 06D1     		bne	.L21
 161:bsp_gpio.c    ****     if(pin == P2_2){
 236              		.loc 1 161 0
 237 0004 0429     		cmp	r1, #4
 238 0006 07D1     		bne	.L22
 157:bsp_gpio.c    ****   CPU_INT08S err = 0;
 239              		.loc 1 157 0
 240 0008 08B5     		push	{r3, lr}
 241              		.cfi_def_cfa_offset 8
 242              		.cfi_offset 3, -8
 243              		.cfi_offset 14, -4
 162:bsp_gpio.c    ****       err = push_button_Read();    
 244              		.loc 1 162 0
 245 000a FFF7FEFF 		bl	push_button_Read
 246              	.LVL36:
 247 000e 40B2     		sxtb	r0, r0
 248              	.LVL37:
 249 0010 08BD     		pop	{r3, pc}
 250              	.LVL38:
 251              	.L21:
 252              		.cfi_def_cfa_offset 0
 253              		.cfi_restore 3
 254              		.cfi_restore 14
 163:bsp_gpio.c    ****     }
 164:bsp_gpio.c    ****     else{
 165:bsp_gpio.c    ****       err = -1;
 166:bsp_gpio.c    ****     }
 167:bsp_gpio.c    ****   }
 168:bsp_gpio.c    ****   else{
 169:bsp_gpio.c    ****     err = -1;
 255              		.loc 1 169 0
 256 0012 4FF0FF30 		mov	r0, #-1
 257              	.LVL39:
 258 0016 7047     		bx	lr
 259              	.LVL40:
 260              	.L22:
 165:bsp_gpio.c    ****     }
 261              		.loc 1 165 0
 262 0018 4FF0FF30 		mov	r0, #-1
 263              	.LVL41:
 264 001c 7047     		bx	lr
 265              		.cfi_endproc
 266              	.LFE3:
 267              		.size	gpio_read, .-gpio_read
 268 001e 00BF     		.text
 269              	.Letext0:
 270              		.file 2 ".\\uC-CPU\\ARM-Cortex-M3\\GNU/cpu.h"
 271              		.file 3 "Generated_Source\\PSoC5/cytypes.h"
 272              		.file 4 "Generated_Source\\PSoC5/Pin_1.h"
 273              		.file 5 "Generated_Source\\PSoC5/Pin_2.h"
 274              		.file 6 "Generated_Source\\PSoC5/push_button.h"
 275              		.section	.debug_info,"",%progbits
ARM GAS  C:\Users\filip\AppData\Local\Temp\ccltlJHz.s 			page 9


 276              	.Ldebug_info0:
 277 0000 88020000 		.4byte	0x288
 278 0004 0400     		.2byte	0x4
 279 0006 00000000 		.4byte	.Ldebug_abbrev0
 280 000a 04       		.byte	0x4
 281 000b 01       		.uleb128 0x1
 282 000c 8F010000 		.4byte	.LASF26
 283 0010 0C       		.byte	0xc
 284 0011 6E010000 		.4byte	.LASF27
 285 0015 00000000 		.4byte	.LASF28
 286 0019 00000000 		.4byte	.Ldebug_ranges0+0
 287 001d 00000000 		.4byte	0
 288 0021 00000000 		.4byte	.Ldebug_line0
 289 0025 02       		.uleb128 0x2
 290 0026 01       		.byte	0x1
 291 0027 08       		.byte	0x8
 292 0028 16010000 		.4byte	.LASF0
 293 002c 02       		.uleb128 0x2
 294 002d 01       		.byte	0x1
 295 002e 08       		.byte	0x8
 296 002f A5000000 		.4byte	.LASF1
 297 0033 03       		.uleb128 0x3
 298 0034 0B010000 		.4byte	.LASF2
 299 0038 02       		.byte	0x2
 300 0039 78       		.byte	0x78
 301 003a 2C000000 		.4byte	0x2c
 302 003e 03       		.uleb128 0x3
 303 003f 00010000 		.4byte	.LASF3
 304 0043 02       		.byte	0x2
 305 0044 79       		.byte	0x79
 306 0045 49000000 		.4byte	0x49
 307 0049 02       		.uleb128 0x2
 308 004a 01       		.byte	0x1
 309 004b 06       		.byte	0x6
 310 004c B3000000 		.4byte	.LASF4
 311 0050 02       		.uleb128 0x2
 312 0051 02       		.byte	0x2
 313 0052 07       		.byte	0x7
 314 0053 ED000000 		.4byte	.LASF5
 315 0057 02       		.uleb128 0x2
 316 0058 02       		.byte	0x2
 317 0059 05       		.byte	0x5
 318 005a 47000000 		.4byte	.LASF6
 319 005e 02       		.uleb128 0x2
 320 005f 04       		.byte	0x4
 321 0060 07       		.byte	0x7
 322 0061 E0000000 		.4byte	.LASF7
 323 0065 04       		.uleb128 0x4
 324 0066 04       		.byte	0x4
 325 0067 05       		.byte	0x5
 326 0068 696E7400 		.ascii	"int\000"
 327 006c 02       		.uleb128 0x2
 328 006d 08       		.byte	0x8
 329 006e 07       		.byte	0x7
 330 006f BF000000 		.4byte	.LASF8
 331 0073 02       		.uleb128 0x2
 332 0074 08       		.byte	0x8
ARM GAS  C:\Users\filip\AppData\Local\Temp\ccltlJHz.s 			page 10


 333 0075 05       		.byte	0x5
 334 0076 5D000000 		.4byte	.LASF9
 335 007a 02       		.uleb128 0x2
 336 007b 04       		.byte	0x4
 337 007c 04       		.byte	0x4
 338 007d 57000000 		.4byte	.LASF10
 339 0081 02       		.uleb128 0x2
 340 0082 08       		.byte	0x8
 341 0083 04       		.byte	0x4
 342 0084 5E010000 		.4byte	.LASF11
 343 0088 02       		.uleb128 0x2
 344 0089 04       		.byte	0x4
 345 008a 05       		.byte	0x5
 346 008b 7E000000 		.4byte	.LASF12
 347 008f 02       		.uleb128 0x2
 348 0090 04       		.byte	0x4
 349 0091 07       		.byte	0x7
 350 0092 4C010000 		.4byte	.LASF13
 351 0096 05       		.uleb128 0x5
 352 0097 51000000 		.4byte	.LASF14
 353 009b 03       		.byte	0x3
 354 009c E701     		.2byte	0x1e7
 355 009e 2C000000 		.4byte	0x2c
 356 00a2 06       		.uleb128 0x6
 357 00a3 79010000 		.4byte	.LASF29
 358 00a7 01       		.byte	0x1
 359 00a8 22       		.byte	0x22
 360 00a9 00000000 		.4byte	.LFB0
 361 00ad 1C000000 		.4byte	.LFE0-.LFB0
 362 00b1 01       		.uleb128 0x1
 363 00b2 9C       		.byte	0x9c
 364 00b3 00010000 		.4byte	0x100
 365 00b7 07       		.uleb128 0x7
 366 00b8 08000000 		.4byte	.LVL0
 367 00bc 3E020000 		.4byte	0x23e
 368 00c0 CA000000 		.4byte	0xca
 369 00c4 08       		.uleb128 0x8
 370 00c5 01       		.uleb128 0x1
 371 00c6 50       		.byte	0x50
 372 00c7 01       		.uleb128 0x1
 373 00c8 3C       		.byte	0x3c
 374 00c9 00       		.byte	0
 375 00ca 07       		.uleb128 0x7
 376 00cb 0E000000 		.4byte	.LVL1
 377 00cf 49020000 		.4byte	0x249
 378 00d3 DD000000 		.4byte	0xdd
 379 00d7 08       		.uleb128 0x8
 380 00d8 01       		.uleb128 0x1
 381 00d9 50       		.byte	0x50
 382 00da 01       		.uleb128 0x1
 383 00db 3C       		.byte	0x3c
 384 00dc 00       		.byte	0
 385 00dd 07       		.uleb128 0x7
 386 00de 14000000 		.4byte	.LVL2
 387 00e2 54020000 		.4byte	0x254
 388 00e6 F0000000 		.4byte	0xf0
 389 00ea 08       		.uleb128 0x8
ARM GAS  C:\Users\filip\AppData\Local\Temp\ccltlJHz.s 			page 11


 390 00eb 01       		.uleb128 0x1
 391 00ec 50       		.byte	0x50
 392 00ed 01       		.uleb128 0x1
 393 00ee 3C       		.byte	0x3c
 394 00ef 00       		.byte	0
 395 00f0 09       		.uleb128 0x9
 396 00f1 1A000000 		.4byte	.LVL3
 397 00f5 5F020000 		.4byte	0x25f
 398 00f9 08       		.uleb128 0x8
 399 00fa 01       		.uleb128 0x1
 400 00fb 50       		.byte	0x50
 401 00fc 01       		.uleb128 0x1
 402 00fd 31       		.byte	0x31
 403 00fe 00       		.byte	0
 404 00ff 00       		.byte	0
 405 0100 0A       		.uleb128 0xa
 406 0101 D6000000 		.4byte	.LASF16
 407 0105 01       		.byte	0x1
 408 0106 3D       		.byte	0x3d
 409 0107 33000000 		.4byte	0x33
 410 010b 00000000 		.4byte	.LFB1
 411 010f 3E000000 		.4byte	.LFE1-.LFB1
 412 0113 01       		.uleb128 0x1
 413 0114 9C       		.byte	0x9c
 414 0115 72010000 		.4byte	0x172
 415 0119 0B       		.uleb128 0xb
 416 011a 47010000 		.4byte	.LASF15
 417 011e 01       		.byte	0x1
 418 011f 3D       		.byte	0x3d
 419 0120 33000000 		.4byte	0x33
 420 0124 00000000 		.4byte	.LLST0
 421 0128 0C       		.uleb128 0xc
 422 0129 70696E00 		.ascii	"pin\000"
 423 012d 01       		.byte	0x1
 424 012e 3D       		.byte	0x3d
 425 012f 33000000 		.4byte	0x33
 426 0133 9E000000 		.4byte	.LLST1
 427 0137 0D       		.uleb128 0xd
 428 0138 65727200 		.ascii	"err\000"
 429 013c 01       		.byte	0x1
 430 013d 3F       		.byte	0x3f
 431 013e 33000000 		.4byte	0x33
 432 0142 FC000000 		.4byte	.LLST2
 433 0146 0E       		.uleb128 0xe
 434 0147 0E000000 		.4byte	.LVL6
 435 014b 6A020000 		.4byte	0x26a
 436 014f 07       		.uleb128 0x7
 437 0150 20000000 		.4byte	.LVL9
 438 0154 75020000 		.4byte	0x275
 439 0158 62010000 		.4byte	0x162
 440 015c 08       		.uleb128 0x8
 441 015d 01       		.uleb128 0x1
 442 015e 50       		.byte	0x50
 443 015f 01       		.uleb128 0x1
 444 0160 31       		.byte	0x31
 445 0161 00       		.byte	0
 446 0162 09       		.uleb128 0x9
ARM GAS  C:\Users\filip\AppData\Local\Temp\ccltlJHz.s 			page 12


 447 0163 2E000000 		.4byte	.LVL12
 448 0167 75020000 		.4byte	0x275
 449 016b 08       		.uleb128 0x8
 450 016c 01       		.uleb128 0x1
 451 016d 50       		.byte	0x50
 452 016e 01       		.uleb128 0x1
 453 016f 32       		.byte	0x32
 454 0170 00       		.byte	0
 455 0171 00       		.byte	0
 456 0172 0A       		.uleb128 0xa
 457 0173 65010000 		.4byte	.LASF17
 458 0177 01       		.byte	0x1
 459 0178 6D       		.byte	0x6d
 460 0179 33000000 		.4byte	0x33
 461 017d 00000000 		.4byte	.LFB2
 462 0181 40000000 		.4byte	.LFE2-.LFB2
 463 0185 01       		.uleb128 0x1
 464 0186 9C       		.byte	0x9c
 465 0187 EE010000 		.4byte	0x1ee
 466 018b 0B       		.uleb128 0xb
 467 018c 47010000 		.4byte	.LASF15
 468 0190 01       		.byte	0x1
 469 0191 6D       		.byte	0x6d
 470 0192 33000000 		.4byte	0x33
 471 0196 1B010000 		.4byte	.LLST3
 472 019a 0C       		.uleb128 0xc
 473 019b 70696E00 		.ascii	"pin\000"
 474 019f 01       		.byte	0x1
 475 01a0 6D       		.byte	0x6d
 476 01a1 33000000 		.4byte	0x33
 477 01a5 B9010000 		.4byte	.LLST4
 478 01a9 0D       		.uleb128 0xd
 479 01aa 65727200 		.ascii	"err\000"
 480 01ae 01       		.byte	0x1
 481 01af 6F       		.byte	0x6f
 482 01b0 33000000 		.4byte	0x33
 483 01b4 17020000 		.4byte	.LLST5
 484 01b8 07       		.uleb128 0x7
 485 01b9 10000000 		.4byte	.LVL22
 486 01bd 6A020000 		.4byte	0x26a
 487 01c1 CB010000 		.4byte	0x1cb
 488 01c5 08       		.uleb128 0x8
 489 01c6 01       		.uleb128 0x1
 490 01c7 50       		.byte	0x50
 491 01c8 01       		.uleb128 0x1
 492 01c9 30       		.byte	0x30
 493 01ca 00       		.byte	0
 494 01cb 07       		.uleb128 0x7
 495 01cc 22000000 		.4byte	.LVL25
 496 01d0 75020000 		.4byte	0x275
 497 01d4 DE010000 		.4byte	0x1de
 498 01d8 08       		.uleb128 0x8
 499 01d9 01       		.uleb128 0x1
 500 01da 50       		.byte	0x50
 501 01db 01       		.uleb128 0x1
 502 01dc 30       		.byte	0x30
 503 01dd 00       		.byte	0
ARM GAS  C:\Users\filip\AppData\Local\Temp\ccltlJHz.s 			page 13


 504 01de 09       		.uleb128 0x9
 505 01df 30000000 		.4byte	.LVL28
 506 01e3 75020000 		.4byte	0x275
 507 01e7 08       		.uleb128 0x8
 508 01e8 01       		.uleb128 0x1
 509 01e9 50       		.byte	0x50
 510 01ea 01       		.uleb128 0x1
 511 01eb 30       		.byte	0x30
 512 01ec 00       		.byte	0
 513 01ed 00       		.byte	0
 514 01ee 0A       		.uleb128 0xa
 515 01ef 1D020000 		.4byte	.LASF18
 516 01f3 01       		.byte	0x1
 517 01f4 9C       		.byte	0x9c
 518 01f5 3E000000 		.4byte	0x3e
 519 01f9 00000000 		.4byte	.LFB3
 520 01fd 1E000000 		.4byte	.LFE3-.LFB3
 521 0201 01       		.uleb128 0x1
 522 0202 9C       		.byte	0x9c
 523 0203 3E020000 		.4byte	0x23e
 524 0207 0B       		.uleb128 0xb
 525 0208 47010000 		.4byte	.LASF15
 526 020c 01       		.byte	0x1
 527 020d 9C       		.byte	0x9c
 528 020e 33000000 		.4byte	0x33
 529 0212 36020000 		.4byte	.LLST6
 530 0216 0C       		.uleb128 0xc
 531 0217 70696E00 		.ascii	"pin\000"
 532 021b 01       		.byte	0x1
 533 021c 9C       		.byte	0x9c
 534 021d 33000000 		.4byte	0x33
 535 0221 89020000 		.4byte	.LLST7
 536 0225 0D       		.uleb128 0xd
 537 0226 65727200 		.ascii	"err\000"
 538 022a 01       		.byte	0x1
 539 022b 9E       		.byte	0x9e
 540 022c 3E000000 		.4byte	0x3e
 541 0230 B5020000 		.4byte	.LLST8
 542 0234 0E       		.uleb128 0xe
 543 0235 0E000000 		.4byte	.LVL36
 544 0239 80020000 		.4byte	0x280
 545 023d 00       		.byte	0
 546 023e 0F       		.uleb128 0xf
 547 023f 6B000000 		.4byte	.LASF19
 548 0243 6B000000 		.4byte	.LASF19
 549 0247 04       		.byte	0x4
 550 0248 27       		.byte	0x27
 551 0249 0F       		.uleb128 0xf
 552 024a 1B010000 		.4byte	.LASF20
 553 024e 1B010000 		.4byte	.LASF20
 554 0252 05       		.byte	0x5
 555 0253 27       		.byte	0x27
 556 0254 0F       		.uleb128 0xf
 557 0255 2E010000 		.4byte	.LASF21
 558 0259 2E010000 		.4byte	.LASF21
 559 025d 06       		.byte	0x6
 560 025e 27       		.byte	0x27
ARM GAS  C:\Users\filip\AppData\Local\Temp\ccltlJHz.s 			page 14


 561 025f 0F       		.uleb128 0xf
 562 0260 87000000 		.4byte	.LASF22
 563 0264 87000000 		.4byte	.LASF22
 564 0268 06       		.byte	0x6
 565 0269 26       		.byte	0x26
 566 026a 0F       		.uleb128 0xf
 567 026b 83010000 		.4byte	.LASF23
 568 026f 83010000 		.4byte	.LASF23
 569 0273 04       		.byte	0x4
 570 0274 26       		.byte	0x26
 571 0275 0F       		.uleb128 0xf
 572 0276 99000000 		.4byte	.LASF24
 573 027a 99000000 		.4byte	.LASF24
 574 027e 05       		.byte	0x5
 575 027f 26       		.byte	0x26
 576 0280 0F       		.uleb128 0xf
 577 0281 27020000 		.4byte	.LASF25
 578 0285 27020000 		.4byte	.LASF25
 579 0289 06       		.byte	0x6
 580 028a 29       		.byte	0x29
 581 028b 00       		.byte	0
 582              		.section	.debug_abbrev,"",%progbits
 583              	.Ldebug_abbrev0:
 584 0000 01       		.uleb128 0x1
 585 0001 11       		.uleb128 0x11
 586 0002 01       		.byte	0x1
 587 0003 25       		.uleb128 0x25
 588 0004 0E       		.uleb128 0xe
 589 0005 13       		.uleb128 0x13
 590 0006 0B       		.uleb128 0xb
 591 0007 03       		.uleb128 0x3
 592 0008 0E       		.uleb128 0xe
 593 0009 1B       		.uleb128 0x1b
 594 000a 0E       		.uleb128 0xe
 595 000b 55       		.uleb128 0x55
 596 000c 17       		.uleb128 0x17
 597 000d 11       		.uleb128 0x11
 598 000e 01       		.uleb128 0x1
 599 000f 10       		.uleb128 0x10
 600 0010 17       		.uleb128 0x17
 601 0011 00       		.byte	0
 602 0012 00       		.byte	0
 603 0013 02       		.uleb128 0x2
 604 0014 24       		.uleb128 0x24
 605 0015 00       		.byte	0
 606 0016 0B       		.uleb128 0xb
 607 0017 0B       		.uleb128 0xb
 608 0018 3E       		.uleb128 0x3e
 609 0019 0B       		.uleb128 0xb
 610 001a 03       		.uleb128 0x3
 611 001b 0E       		.uleb128 0xe
 612 001c 00       		.byte	0
 613 001d 00       		.byte	0
 614 001e 03       		.uleb128 0x3
 615 001f 16       		.uleb128 0x16
 616 0020 00       		.byte	0
 617 0021 03       		.uleb128 0x3
ARM GAS  C:\Users\filip\AppData\Local\Temp\ccltlJHz.s 			page 15


 618 0022 0E       		.uleb128 0xe
 619 0023 3A       		.uleb128 0x3a
 620 0024 0B       		.uleb128 0xb
 621 0025 3B       		.uleb128 0x3b
 622 0026 0B       		.uleb128 0xb
 623 0027 49       		.uleb128 0x49
 624 0028 13       		.uleb128 0x13
 625 0029 00       		.byte	0
 626 002a 00       		.byte	0
 627 002b 04       		.uleb128 0x4
 628 002c 24       		.uleb128 0x24
 629 002d 00       		.byte	0
 630 002e 0B       		.uleb128 0xb
 631 002f 0B       		.uleb128 0xb
 632 0030 3E       		.uleb128 0x3e
 633 0031 0B       		.uleb128 0xb
 634 0032 03       		.uleb128 0x3
 635 0033 08       		.uleb128 0x8
 636 0034 00       		.byte	0
 637 0035 00       		.byte	0
 638 0036 05       		.uleb128 0x5
 639 0037 16       		.uleb128 0x16
 640 0038 00       		.byte	0
 641 0039 03       		.uleb128 0x3
 642 003a 0E       		.uleb128 0xe
 643 003b 3A       		.uleb128 0x3a
 644 003c 0B       		.uleb128 0xb
 645 003d 3B       		.uleb128 0x3b
 646 003e 05       		.uleb128 0x5
 647 003f 49       		.uleb128 0x49
 648 0040 13       		.uleb128 0x13
 649 0041 00       		.byte	0
 650 0042 00       		.byte	0
 651 0043 06       		.uleb128 0x6
 652 0044 2E       		.uleb128 0x2e
 653 0045 01       		.byte	0x1
 654 0046 3F       		.uleb128 0x3f
 655 0047 19       		.uleb128 0x19
 656 0048 03       		.uleb128 0x3
 657 0049 0E       		.uleb128 0xe
 658 004a 3A       		.uleb128 0x3a
 659 004b 0B       		.uleb128 0xb
 660 004c 3B       		.uleb128 0x3b
 661 004d 0B       		.uleb128 0xb
 662 004e 27       		.uleb128 0x27
 663 004f 19       		.uleb128 0x19
 664 0050 11       		.uleb128 0x11
 665 0051 01       		.uleb128 0x1
 666 0052 12       		.uleb128 0x12
 667 0053 06       		.uleb128 0x6
 668 0054 40       		.uleb128 0x40
 669 0055 18       		.uleb128 0x18
 670 0056 9742     		.uleb128 0x2117
 671 0058 19       		.uleb128 0x19
 672 0059 01       		.uleb128 0x1
 673 005a 13       		.uleb128 0x13
 674 005b 00       		.byte	0
ARM GAS  C:\Users\filip\AppData\Local\Temp\ccltlJHz.s 			page 16


 675 005c 00       		.byte	0
 676 005d 07       		.uleb128 0x7
 677 005e 898201   		.uleb128 0x4109
 678 0061 01       		.byte	0x1
 679 0062 11       		.uleb128 0x11
 680 0063 01       		.uleb128 0x1
 681 0064 31       		.uleb128 0x31
 682 0065 13       		.uleb128 0x13
 683 0066 01       		.uleb128 0x1
 684 0067 13       		.uleb128 0x13
 685 0068 00       		.byte	0
 686 0069 00       		.byte	0
 687 006a 08       		.uleb128 0x8
 688 006b 8A8201   		.uleb128 0x410a
 689 006e 00       		.byte	0
 690 006f 02       		.uleb128 0x2
 691 0070 18       		.uleb128 0x18
 692 0071 9142     		.uleb128 0x2111
 693 0073 18       		.uleb128 0x18
 694 0074 00       		.byte	0
 695 0075 00       		.byte	0
 696 0076 09       		.uleb128 0x9
 697 0077 898201   		.uleb128 0x4109
 698 007a 01       		.byte	0x1
 699 007b 11       		.uleb128 0x11
 700 007c 01       		.uleb128 0x1
 701 007d 31       		.uleb128 0x31
 702 007e 13       		.uleb128 0x13
 703 007f 00       		.byte	0
 704 0080 00       		.byte	0
 705 0081 0A       		.uleb128 0xa
 706 0082 2E       		.uleb128 0x2e
 707 0083 01       		.byte	0x1
 708 0084 3F       		.uleb128 0x3f
 709 0085 19       		.uleb128 0x19
 710 0086 03       		.uleb128 0x3
 711 0087 0E       		.uleb128 0xe
 712 0088 3A       		.uleb128 0x3a
 713 0089 0B       		.uleb128 0xb
 714 008a 3B       		.uleb128 0x3b
 715 008b 0B       		.uleb128 0xb
 716 008c 27       		.uleb128 0x27
 717 008d 19       		.uleb128 0x19
 718 008e 49       		.uleb128 0x49
 719 008f 13       		.uleb128 0x13
 720 0090 11       		.uleb128 0x11
 721 0091 01       		.uleb128 0x1
 722 0092 12       		.uleb128 0x12
 723 0093 06       		.uleb128 0x6
 724 0094 40       		.uleb128 0x40
 725 0095 18       		.uleb128 0x18
 726 0096 9742     		.uleb128 0x2117
 727 0098 19       		.uleb128 0x19
 728 0099 01       		.uleb128 0x1
 729 009a 13       		.uleb128 0x13
 730 009b 00       		.byte	0
 731 009c 00       		.byte	0
ARM GAS  C:\Users\filip\AppData\Local\Temp\ccltlJHz.s 			page 17


 732 009d 0B       		.uleb128 0xb
 733 009e 05       		.uleb128 0x5
 734 009f 00       		.byte	0
 735 00a0 03       		.uleb128 0x3
 736 00a1 0E       		.uleb128 0xe
 737 00a2 3A       		.uleb128 0x3a
 738 00a3 0B       		.uleb128 0xb
 739 00a4 3B       		.uleb128 0x3b
 740 00a5 0B       		.uleb128 0xb
 741 00a6 49       		.uleb128 0x49
 742 00a7 13       		.uleb128 0x13
 743 00a8 02       		.uleb128 0x2
 744 00a9 17       		.uleb128 0x17
 745 00aa 00       		.byte	0
 746 00ab 00       		.byte	0
 747 00ac 0C       		.uleb128 0xc
 748 00ad 05       		.uleb128 0x5
 749 00ae 00       		.byte	0
 750 00af 03       		.uleb128 0x3
 751 00b0 08       		.uleb128 0x8
 752 00b1 3A       		.uleb128 0x3a
 753 00b2 0B       		.uleb128 0xb
 754 00b3 3B       		.uleb128 0x3b
 755 00b4 0B       		.uleb128 0xb
 756 00b5 49       		.uleb128 0x49
 757 00b6 13       		.uleb128 0x13
 758 00b7 02       		.uleb128 0x2
 759 00b8 17       		.uleb128 0x17
 760 00b9 00       		.byte	0
 761 00ba 00       		.byte	0
 762 00bb 0D       		.uleb128 0xd
 763 00bc 34       		.uleb128 0x34
 764 00bd 00       		.byte	0
 765 00be 03       		.uleb128 0x3
 766 00bf 08       		.uleb128 0x8
 767 00c0 3A       		.uleb128 0x3a
 768 00c1 0B       		.uleb128 0xb
 769 00c2 3B       		.uleb128 0x3b
 770 00c3 0B       		.uleb128 0xb
 771 00c4 49       		.uleb128 0x49
 772 00c5 13       		.uleb128 0x13
 773 00c6 02       		.uleb128 0x2
 774 00c7 17       		.uleb128 0x17
 775 00c8 00       		.byte	0
 776 00c9 00       		.byte	0
 777 00ca 0E       		.uleb128 0xe
 778 00cb 898201   		.uleb128 0x4109
 779 00ce 00       		.byte	0
 780 00cf 11       		.uleb128 0x11
 781 00d0 01       		.uleb128 0x1
 782 00d1 31       		.uleb128 0x31
 783 00d2 13       		.uleb128 0x13
 784 00d3 00       		.byte	0
 785 00d4 00       		.byte	0
 786 00d5 0F       		.uleb128 0xf
 787 00d6 2E       		.uleb128 0x2e
 788 00d7 00       		.byte	0
ARM GAS  C:\Users\filip\AppData\Local\Temp\ccltlJHz.s 			page 18


 789 00d8 3F       		.uleb128 0x3f
 790 00d9 19       		.uleb128 0x19
 791 00da 3C       		.uleb128 0x3c
 792 00db 19       		.uleb128 0x19
 793 00dc 6E       		.uleb128 0x6e
 794 00dd 0E       		.uleb128 0xe
 795 00de 03       		.uleb128 0x3
 796 00df 0E       		.uleb128 0xe
 797 00e0 3A       		.uleb128 0x3a
 798 00e1 0B       		.uleb128 0xb
 799 00e2 3B       		.uleb128 0x3b
 800 00e3 0B       		.uleb128 0xb
 801 00e4 00       		.byte	0
 802 00e5 00       		.byte	0
 803 00e6 00       		.byte	0
 804              		.section	.debug_loc,"",%progbits
 805              	.Ldebug_loc0:
 806              	.LLST0:
 807 0000 00000000 		.4byte	.LVL4
 808 0004 0D000000 		.4byte	.LVL6-1
 809 0008 0100     		.2byte	0x1
 810 000a 50       		.byte	0x50
 811 000b 0D000000 		.4byte	.LVL6-1
 812 000f 12000000 		.4byte	.LVL7
 813 0013 0400     		.2byte	0x4
 814 0015 F3       		.byte	0xf3
 815 0016 01       		.uleb128 0x1
 816 0017 50       		.byte	0x50
 817 0018 9F       		.byte	0x9f
 818 0019 12000000 		.4byte	.LVL7
 819 001d 1C000000 		.4byte	.LVL8
 820 0021 0100     		.2byte	0x1
 821 0023 50       		.byte	0x50
 822 0024 1C000000 		.4byte	.LVL8
 823 0028 24000000 		.4byte	.LVL10
 824 002c 0400     		.2byte	0x4
 825 002e F3       		.byte	0xf3
 826 002f 01       		.uleb128 0x1
 827 0030 50       		.byte	0x50
 828 0031 9F       		.byte	0x9f
 829 0032 24000000 		.4byte	.LVL10
 830 0036 2A000000 		.4byte	.LVL11
 831 003a 0100     		.2byte	0x1
 832 003c 50       		.byte	0x50
 833 003d 2A000000 		.4byte	.LVL11
 834 0041 32000000 		.4byte	.LVL13
 835 0045 0400     		.2byte	0x4
 836 0047 F3       		.byte	0xf3
 837 0048 01       		.uleb128 0x1
 838 0049 50       		.byte	0x50
 839 004a 9F       		.byte	0x9f
 840 004b 32000000 		.4byte	.LVL13
 841 004f 34000000 		.4byte	.LVL14
 842 0053 0100     		.2byte	0x1
 843 0055 50       		.byte	0x50
 844 0056 34000000 		.4byte	.LVL14
 845 005a 36000000 		.4byte	.LVL15
ARM GAS  C:\Users\filip\AppData\Local\Temp\ccltlJHz.s 			page 19


 846 005e 0400     		.2byte	0x4
 847 0060 F3       		.byte	0xf3
 848 0061 01       		.uleb128 0x1
 849 0062 50       		.byte	0x50
 850 0063 9F       		.byte	0x9f
 851 0064 36000000 		.4byte	.LVL15
 852 0068 38000000 		.4byte	.LVL16
 853 006c 0100     		.2byte	0x1
 854 006e 50       		.byte	0x50
 855 006f 38000000 		.4byte	.LVL16
 856 0073 3A000000 		.4byte	.LVL17
 857 0077 0400     		.2byte	0x4
 858 0079 F3       		.byte	0xf3
 859 007a 01       		.uleb128 0x1
 860 007b 50       		.byte	0x50
 861 007c 9F       		.byte	0x9f
 862 007d 3A000000 		.4byte	.LVL17
 863 0081 3C000000 		.4byte	.LVL18
 864 0085 0100     		.2byte	0x1
 865 0087 50       		.byte	0x50
 866 0088 3C000000 		.4byte	.LVL18
 867 008c 3E000000 		.4byte	.LFE1
 868 0090 0400     		.2byte	0x4
 869 0092 F3       		.byte	0xf3
 870 0093 01       		.uleb128 0x1
 871 0094 50       		.byte	0x50
 872 0095 9F       		.byte	0x9f
 873 0096 00000000 		.4byte	0
 874 009a 00000000 		.4byte	0
 875              	.LLST1:
 876 009e 00000000 		.4byte	.LVL4
 877 00a2 0D000000 		.4byte	.LVL6-1
 878 00a6 0100     		.2byte	0x1
 879 00a8 51       		.byte	0x51
 880 00a9 0D000000 		.4byte	.LVL6-1
 881 00ad 12000000 		.4byte	.LVL7
 882 00b1 0400     		.2byte	0x4
 883 00b3 F3       		.byte	0xf3
 884 00b4 01       		.uleb128 0x1
 885 00b5 51       		.byte	0x51
 886 00b6 9F       		.byte	0x9f
 887 00b7 12000000 		.4byte	.LVL7
 888 00bb 1F000000 		.4byte	.LVL9-1
 889 00bf 0100     		.2byte	0x1
 890 00c1 51       		.byte	0x51
 891 00c2 1F000000 		.4byte	.LVL9-1
 892 00c6 24000000 		.4byte	.LVL10
 893 00ca 0400     		.2byte	0x4
 894 00cc F3       		.byte	0xf3
 895 00cd 01       		.uleb128 0x1
 896 00ce 51       		.byte	0x51
 897 00cf 9F       		.byte	0x9f
 898 00d0 24000000 		.4byte	.LVL10
 899 00d4 2D000000 		.4byte	.LVL12-1
 900 00d8 0100     		.2byte	0x1
 901 00da 51       		.byte	0x51
 902 00db 2D000000 		.4byte	.LVL12-1
ARM GAS  C:\Users\filip\AppData\Local\Temp\ccltlJHz.s 			page 20


 903 00df 32000000 		.4byte	.LVL13
 904 00e3 0400     		.2byte	0x4
 905 00e5 F3       		.byte	0xf3
 906 00e6 01       		.uleb128 0x1
 907 00e7 51       		.byte	0x51
 908 00e8 9F       		.byte	0x9f
 909 00e9 32000000 		.4byte	.LVL13
 910 00ed 3E000000 		.4byte	.LFE1
 911 00f1 0100     		.2byte	0x1
 912 00f3 51       		.byte	0x51
 913 00f4 00000000 		.4byte	0
 914 00f8 00000000 		.4byte	0
 915              	.LLST2:
 916 00fc 02000000 		.4byte	.LVL5
 917 0100 3C000000 		.4byte	.LVL18
 918 0104 0200     		.2byte	0x2
 919 0106 30       		.byte	0x30
 920 0107 9F       		.byte	0x9f
 921 0108 3C000000 		.4byte	.LVL18
 922 010c 3E000000 		.4byte	.LFE1
 923 0110 0100     		.2byte	0x1
 924 0112 50       		.byte	0x50
 925 0113 00000000 		.4byte	0
 926 0117 00000000 		.4byte	0
 927              	.LLST3:
 928 011b 00000000 		.4byte	.LVL19
 929 011f 0C000000 		.4byte	.LVL21
 930 0123 0100     		.2byte	0x1
 931 0125 50       		.byte	0x50
 932 0126 0C000000 		.4byte	.LVL21
 933 012a 14000000 		.4byte	.LVL23
 934 012e 0400     		.2byte	0x4
 935 0130 F3       		.byte	0xf3
 936 0131 01       		.uleb128 0x1
 937 0132 50       		.byte	0x50
 938 0133 9F       		.byte	0x9f
 939 0134 14000000 		.4byte	.LVL23
 940 0138 1E000000 		.4byte	.LVL24
 941 013c 0100     		.2byte	0x1
 942 013e 50       		.byte	0x50
 943 013f 1E000000 		.4byte	.LVL24
 944 0143 26000000 		.4byte	.LVL26
 945 0147 0400     		.2byte	0x4
 946 0149 F3       		.byte	0xf3
 947 014a 01       		.uleb128 0x1
 948 014b 50       		.byte	0x50
 949 014c 9F       		.byte	0x9f
 950 014d 26000000 		.4byte	.LVL26
 951 0151 2C000000 		.4byte	.LVL27
 952 0155 0100     		.2byte	0x1
 953 0157 50       		.byte	0x50
 954 0158 2C000000 		.4byte	.LVL27
 955 015c 34000000 		.4byte	.LVL29
 956 0160 0400     		.2byte	0x4
 957 0162 F3       		.byte	0xf3
 958 0163 01       		.uleb128 0x1
 959 0164 50       		.byte	0x50
ARM GAS  C:\Users\filip\AppData\Local\Temp\ccltlJHz.s 			page 21


 960 0165 9F       		.byte	0x9f
 961 0166 34000000 		.4byte	.LVL29
 962 016a 36000000 		.4byte	.LVL30
 963 016e 0100     		.2byte	0x1
 964 0170 50       		.byte	0x50
 965 0171 36000000 		.4byte	.LVL30
 966 0175 38000000 		.4byte	.LVL31
 967 0179 0400     		.2byte	0x4
 968 017b F3       		.byte	0xf3
 969 017c 01       		.uleb128 0x1
 970 017d 50       		.byte	0x50
 971 017e 9F       		.byte	0x9f
 972 017f 38000000 		.4byte	.LVL31
 973 0183 3A000000 		.4byte	.LVL32
 974 0187 0100     		.2byte	0x1
 975 0189 50       		.byte	0x50
 976 018a 3A000000 		.4byte	.LVL32
 977 018e 3C000000 		.4byte	.LVL33
 978 0192 0400     		.2byte	0x4
 979 0194 F3       		.byte	0xf3
 980 0195 01       		.uleb128 0x1
 981 0196 50       		.byte	0x50
 982 0197 9F       		.byte	0x9f
 983 0198 3C000000 		.4byte	.LVL33
 984 019c 3E000000 		.4byte	.LVL34
 985 01a0 0100     		.2byte	0x1
 986 01a2 50       		.byte	0x50
 987 01a3 3E000000 		.4byte	.LVL34
 988 01a7 40000000 		.4byte	.LFE2
 989 01ab 0400     		.2byte	0x4
 990 01ad F3       		.byte	0xf3
 991 01ae 01       		.uleb128 0x1
 992 01af 50       		.byte	0x50
 993 01b0 9F       		.byte	0x9f
 994 01b1 00000000 		.4byte	0
 995 01b5 00000000 		.4byte	0
 996              	.LLST4:
 997 01b9 00000000 		.4byte	.LVL19
 998 01bd 0F000000 		.4byte	.LVL22-1
 999 01c1 0100     		.2byte	0x1
 1000 01c3 51       		.byte	0x51
 1001 01c4 0F000000 		.4byte	.LVL22-1
 1002 01c8 14000000 		.4byte	.LVL23
 1003 01cc 0400     		.2byte	0x4
 1004 01ce F3       		.byte	0xf3
 1005 01cf 01       		.uleb128 0x1
 1006 01d0 51       		.byte	0x51
 1007 01d1 9F       		.byte	0x9f
 1008 01d2 14000000 		.4byte	.LVL23
 1009 01d6 21000000 		.4byte	.LVL25-1
 1010 01da 0100     		.2byte	0x1
 1011 01dc 51       		.byte	0x51
 1012 01dd 21000000 		.4byte	.LVL25-1
 1013 01e1 26000000 		.4byte	.LVL26
 1014 01e5 0400     		.2byte	0x4
 1015 01e7 F3       		.byte	0xf3
 1016 01e8 01       		.uleb128 0x1
ARM GAS  C:\Users\filip\AppData\Local\Temp\ccltlJHz.s 			page 22


 1017 01e9 51       		.byte	0x51
 1018 01ea 9F       		.byte	0x9f
 1019 01eb 26000000 		.4byte	.LVL26
 1020 01ef 2F000000 		.4byte	.LVL28-1
 1021 01f3 0100     		.2byte	0x1
 1022 01f5 51       		.byte	0x51
 1023 01f6 2F000000 		.4byte	.LVL28-1
 1024 01fa 34000000 		.4byte	.LVL29
 1025 01fe 0400     		.2byte	0x4
 1026 0200 F3       		.byte	0xf3
 1027 0201 01       		.uleb128 0x1
 1028 0202 51       		.byte	0x51
 1029 0203 9F       		.byte	0x9f
 1030 0204 34000000 		.4byte	.LVL29
 1031 0208 40000000 		.4byte	.LFE2
 1032 020c 0100     		.2byte	0x1
 1033 020e 51       		.byte	0x51
 1034 020f 00000000 		.4byte	0
 1035 0213 00000000 		.4byte	0
 1036              	.LLST5:
 1037 0217 02000000 		.4byte	.LVL20
 1038 021b 3E000000 		.4byte	.LVL34
 1039 021f 0200     		.2byte	0x2
 1040 0221 30       		.byte	0x30
 1041 0222 9F       		.byte	0x9f
 1042 0223 3E000000 		.4byte	.LVL34
 1043 0227 40000000 		.4byte	.LFE2
 1044 022b 0100     		.2byte	0x1
 1045 022d 50       		.byte	0x50
 1046 022e 00000000 		.4byte	0
 1047 0232 00000000 		.4byte	0
 1048              	.LLST6:
 1049 0236 00000000 		.4byte	.LVL35
 1050 023a 0D000000 		.4byte	.LVL36-1
 1051 023e 0100     		.2byte	0x1
 1052 0240 50       		.byte	0x50
 1053 0241 0D000000 		.4byte	.LVL36-1
 1054 0245 12000000 		.4byte	.LVL38
 1055 0249 0400     		.2byte	0x4
 1056 024b F3       		.byte	0xf3
 1057 024c 01       		.uleb128 0x1
 1058 024d 50       		.byte	0x50
 1059 024e 9F       		.byte	0x9f
 1060 024f 12000000 		.4byte	.LVL38
 1061 0253 16000000 		.4byte	.LVL39
 1062 0257 0100     		.2byte	0x1
 1063 0259 50       		.byte	0x50
 1064 025a 16000000 		.4byte	.LVL39
 1065 025e 18000000 		.4byte	.LVL40
 1066 0262 0400     		.2byte	0x4
 1067 0264 F3       		.byte	0xf3
 1068 0265 01       		.uleb128 0x1
 1069 0266 50       		.byte	0x50
 1070 0267 9F       		.byte	0x9f
 1071 0268 18000000 		.4byte	.LVL40
 1072 026c 1C000000 		.4byte	.LVL41
 1073 0270 0100     		.2byte	0x1
ARM GAS  C:\Users\filip\AppData\Local\Temp\ccltlJHz.s 			page 23


 1074 0272 50       		.byte	0x50
 1075 0273 1C000000 		.4byte	.LVL41
 1076 0277 1E000000 		.4byte	.LFE3
 1077 027b 0400     		.2byte	0x4
 1078 027d F3       		.byte	0xf3
 1079 027e 01       		.uleb128 0x1
 1080 027f 50       		.byte	0x50
 1081 0280 9F       		.byte	0x9f
 1082 0281 00000000 		.4byte	0
 1083 0285 00000000 		.4byte	0
 1084              	.LLST7:
 1085 0289 00000000 		.4byte	.LVL35
 1086 028d 0D000000 		.4byte	.LVL36-1
 1087 0291 0100     		.2byte	0x1
 1088 0293 51       		.byte	0x51
 1089 0294 0D000000 		.4byte	.LVL36-1
 1090 0298 12000000 		.4byte	.LVL38
 1091 029c 0400     		.2byte	0x4
 1092 029e F3       		.byte	0xf3
 1093 029f 01       		.uleb128 0x1
 1094 02a0 51       		.byte	0x51
 1095 02a1 9F       		.byte	0x9f
 1096 02a2 12000000 		.4byte	.LVL38
 1097 02a6 1E000000 		.4byte	.LFE3
 1098 02aa 0100     		.2byte	0x1
 1099 02ac 51       		.byte	0x51
 1100 02ad 00000000 		.4byte	0
 1101 02b1 00000000 		.4byte	0
 1102              	.LLST8:
 1103 02b5 00000000 		.4byte	.LVL35
 1104 02b9 10000000 		.4byte	.LVL37
 1105 02bd 0200     		.2byte	0x2
 1106 02bf 30       		.byte	0x30
 1107 02c0 9F       		.byte	0x9f
 1108 02c1 10000000 		.4byte	.LVL37
 1109 02c5 12000000 		.4byte	.LVL38
 1110 02c9 0100     		.2byte	0x1
 1111 02cb 50       		.byte	0x50
 1112 02cc 12000000 		.4byte	.LVL38
 1113 02d0 1E000000 		.4byte	.LFE3
 1114 02d4 0200     		.2byte	0x2
 1115 02d6 30       		.byte	0x30
 1116 02d7 9F       		.byte	0x9f
 1117 02d8 00000000 		.4byte	0
 1118 02dc 00000000 		.4byte	0
 1119              		.section	.debug_aranges,"",%progbits
 1120 0000 34000000 		.4byte	0x34
 1121 0004 0200     		.2byte	0x2
 1122 0006 00000000 		.4byte	.Ldebug_info0
 1123 000a 04       		.byte	0x4
 1124 000b 00       		.byte	0
 1125 000c 0000     		.2byte	0
 1126 000e 0000     		.2byte	0
 1127 0010 00000000 		.4byte	.LFB0
 1128 0014 1C000000 		.4byte	.LFE0-.LFB0
 1129 0018 00000000 		.4byte	.LFB1
 1130 001c 3E000000 		.4byte	.LFE1-.LFB1
ARM GAS  C:\Users\filip\AppData\Local\Temp\ccltlJHz.s 			page 24


 1131 0020 00000000 		.4byte	.LFB2
 1132 0024 40000000 		.4byte	.LFE2-.LFB2
 1133 0028 00000000 		.4byte	.LFB3
 1134 002c 1E000000 		.4byte	.LFE3-.LFB3
 1135 0030 00000000 		.4byte	0
 1136 0034 00000000 		.4byte	0
 1137              		.section	.debug_ranges,"",%progbits
 1138              	.Ldebug_ranges0:
 1139 0000 00000000 		.4byte	.LFB0
 1140 0004 1C000000 		.4byte	.LFE0
 1141 0008 00000000 		.4byte	.LFB1
 1142 000c 3E000000 		.4byte	.LFE1
 1143 0010 00000000 		.4byte	.LFB2
 1144 0014 40000000 		.4byte	.LFE2
 1145 0018 00000000 		.4byte	.LFB3
 1146 001c 1E000000 		.4byte	.LFE3
 1147 0020 00000000 		.4byte	0
 1148 0024 00000000 		.4byte	0
 1149              		.section	.debug_line,"",%progbits
 1150              	.Ldebug_line0:
 1151 0000 10010000 		.section	.debug_str,"MS",%progbits,1
 1151      02009000 
 1151      00000201 
 1151      FB0E0D00 
 1151      01010101 
 1152              	.LASF28:
 1153 0000 433A5C63 		.ascii	"C:\\cypress\\esw_bmp280_Petrovic_Wagner\\esw_bmp280"
 1153      79707265 
 1153      73735C65 
 1153      73775F62 
 1153      6D703238 
 1154 0030 5F506574 		.ascii	"_Petrovic_Wagner.cydsn\000"
 1154      726F7669 
 1154      635F5761 
 1154      676E6572 
 1154      2E637964 
 1155              	.LASF6:
 1156 0047 73686F72 		.ascii	"short int\000"
 1156      7420696E 
 1156      7400
 1157              	.LASF14:
 1158 0051 75696E74 		.ascii	"uint8\000"
 1158      3800
 1159              	.LASF10:
 1160 0057 666C6F61 		.ascii	"float\000"
 1160      7400
 1161              	.LASF9:
 1162 005d 6C6F6E67 		.ascii	"long long int\000"
 1162      206C6F6E 
 1162      6720696E 
 1162      7400
 1163              	.LASF19:
 1164 006b 50696E5F 		.ascii	"Pin_1_SetDriveMode\000"
 1164      315F5365 
 1164      74447269 
 1164      76654D6F 
 1164      646500
ARM GAS  C:\Users\filip\AppData\Local\Temp\ccltlJHz.s 			page 25


 1165              	.LASF12:
 1166 007e 6C6F6E67 		.ascii	"long int\000"
 1166      20696E74 
 1166      00
 1167              	.LASF22:
 1168 0087 70757368 		.ascii	"push_button_Write\000"
 1168      5F627574 
 1168      746F6E5F 
 1168      57726974 
 1168      6500
 1169              	.LASF24:
 1170 0099 50696E5F 		.ascii	"Pin_2_Write\000"
 1170      325F5772 
 1170      69746500 
 1171              	.LASF1:
 1172 00a5 756E7369 		.ascii	"unsigned char\000"
 1172      676E6564 
 1172      20636861 
 1172      7200
 1173              	.LASF4:
 1174 00b3 7369676E 		.ascii	"signed char\000"
 1174      65642063 
 1174      68617200 
 1175              	.LASF8:
 1176 00bf 6C6F6E67 		.ascii	"long long unsigned int\000"
 1176      206C6F6E 
 1176      6720756E 
 1176      7369676E 
 1176      65642069 
 1177              	.LASF16:
 1178 00d6 6770696F 		.ascii	"gpio_high\000"
 1178      5F686967 
 1178      6800
 1179              	.LASF7:
 1180 00e0 756E7369 		.ascii	"unsigned int\000"
 1180      676E6564 
 1180      20696E74 
 1180      00
 1181              	.LASF5:
 1182 00ed 73686F72 		.ascii	"short unsigned int\000"
 1182      7420756E 
 1182      7369676E 
 1182      65642069 
 1182      6E7400
 1183              	.LASF3:
 1184 0100 4350555F 		.ascii	"CPU_INT08S\000"
 1184      494E5430 
 1184      385300
 1185              	.LASF2:
 1186 010b 4350555F 		.ascii	"CPU_INT08U\000"
 1186      494E5430 
 1186      385500
 1187              	.LASF0:
 1188 0116 63686172 		.ascii	"char\000"
 1188      00
 1189              	.LASF20:
 1190 011b 50696E5F 		.ascii	"Pin_2_SetDriveMode\000"
ARM GAS  C:\Users\filip\AppData\Local\Temp\ccltlJHz.s 			page 26


 1190      325F5365 
 1190      74447269 
 1190      76654D6F 
 1190      646500
 1191              	.LASF21:
 1192 012e 70757368 		.ascii	"push_button_SetDriveMode\000"
 1192      5F627574 
 1192      746F6E5F 
 1192      53657444 
 1192      72697665 
 1193              	.LASF15:
 1194 0147 706F7274 		.ascii	"port\000"
 1194      00
 1195              	.LASF13:
 1196 014c 6C6F6E67 		.ascii	"long unsigned int\000"
 1196      20756E73 
 1196      69676E65 
 1196      6420696E 
 1196      7400
 1197              	.LASF11:
 1198 015e 646F7562 		.ascii	"double\000"
 1198      6C6500
 1199              	.LASF17:
 1200 0165 6770696F 		.ascii	"gpio_low\000"
 1200      5F6C6F77 
 1200      00
 1201              	.LASF27:
 1202 016e 6273705F 		.ascii	"bsp_gpio.c\000"
 1202      6770696F 
 1202      2E6300
 1203              	.LASF29:
 1204 0179 696E6974 		.ascii	"init_gpio\000"
 1204      5F677069 
 1204      6F00
 1205              	.LASF23:
 1206 0183 50696E5F 		.ascii	"Pin_1_Write\000"
 1206      315F5772 
 1206      69746500 
 1207              	.LASF26:
 1208 018f 474E5520 		.ascii	"GNU C11 5.4.1 20160609 (release) [ARM/embedded-5-br"
 1208      43313120 
 1208      352E342E 
 1208      31203230 
 1208      31363036 
 1209 01c2 616E6368 		.ascii	"anch revision 237715] -mcpu=cortex-m3 -mthumb -g -O"
 1209      20726576 
 1209      6973696F 
 1209      6E203233 
 1209      37373135 
 1210 01f5 67202D66 		.ascii	"g -ffunction-sections -ffat-lto-objects\000"
 1210      66756E63 
 1210      74696F6E 
 1210      2D736563 
 1210      74696F6E 
 1211              	.LASF18:
 1212 021d 6770696F 		.ascii	"gpio_read\000"
 1212      5F726561 
ARM GAS  C:\Users\filip\AppData\Local\Temp\ccltlJHz.s 			page 27


 1212      6400
 1213              	.LASF25:
 1214 0227 70757368 		.ascii	"push_button_Read\000"
 1214      5F627574 
 1214      746F6E5F 
 1214      52656164 
 1214      00
 1215              		.ident	"GCC: (GNU Tools for ARM Embedded Processors) 5.4.1 20160609 (release) [ARM/embedded-5-bran
